[2023-09-03T09:56:58.565+0000] {logging_mixin.py:151} INFO - Changing /opt/***/logs/dag_id=Autotrader_ETL_DAG/run_id=manual__2023-09-03T09:56:36.308453+00:00/task_id=remove_nulls permission to 509
[2023-09-03T09:56:58.566+0000] {logging_mixin.py:151} INFO - Failed to change /opt/***/logs/dag_id=Autotrader_ETL_DAG/run_id=manual__2023-09-03T09:56:36.308453+00:00/task_id=remove_nulls permission to 509: [Errno 1] Operation not permitted: '/opt/***/logs/dag_id=Autotrader_ETL_DAG/run_id=manual__2023-09-03T09:56:36.308453+00:00/task_id=remove_nulls'
[2023-09-03T09:56:58.606+0000] {logging_mixin.py:151} INFO - Changing /opt/***/logs/dag_id=Autotrader_ETL_DAG/run_id=manual__2023-09-03T09:56:36.308453+00:00/task_id=remove_nulls permission to 509
[2023-09-03T09:56:58.607+0000] {logging_mixin.py:151} INFO - Failed to change /opt/***/logs/dag_id=Autotrader_ETL_DAG/run_id=manual__2023-09-03T09:56:36.308453+00:00/task_id=remove_nulls permission to 509: [Errno 1] Operation not permitted: '/opt/***/logs/dag_id=Autotrader_ETL_DAG/run_id=manual__2023-09-03T09:56:36.308453+00:00/task_id=remove_nulls'
[2023-09-03T09:56:58.632+0000] {taskinstance.py:1159} INFO - Dependencies all met for dep_context=non-requeueable deps ti=<TaskInstance: Autotrader_ETL_DAG.remove_nulls manual__2023-09-03T09:56:36.308453+00:00 [queued]>
[2023-09-03T09:56:58.640+0000] {taskinstance.py:1159} INFO - Dependencies all met for dep_context=requeueable deps ti=<TaskInstance: Autotrader_ETL_DAG.remove_nulls manual__2023-09-03T09:56:36.308453+00:00 [queued]>
[2023-09-03T09:56:58.641+0000] {taskinstance.py:1361} INFO - Starting attempt 1 of 2
[2023-09-03T09:56:58.654+0000] {taskinstance.py:1382} INFO - Executing <Task(BigQueryExecuteQueryOperator): remove_nulls> on 2023-09-03 09:56:36.308453+00:00
[2023-09-03T09:56:58.662+0000] {standard_task_runner.py:57} INFO - Started process 4657 to run task
[2023-09-03T09:56:58.664+0000] {standard_task_runner.py:84} INFO - Running: ['***', 'tasks', 'run', 'Autotrader_ETL_DAG', 'remove_nulls', 'manual__2023-09-03T09:56:36.308453+00:00', '--job-id', '322', '--raw', '--subdir', 'DAGS_FOLDER/autotrader_etl.py', '--cfg-path', '/tmp/tmpzegxebcf']
[2023-09-03T09:56:58.666+0000] {standard_task_runner.py:85} INFO - Job 322: Subtask remove_nulls
[2023-09-03T09:56:58.711+0000] {logging_mixin.py:151} INFO - Changing /opt/***/logs/dag_id=Autotrader_ETL_DAG/run_id=manual__2023-09-03T09:56:36.308453+00:00/task_id=remove_nulls permission to 509
[2023-09-03T09:56:58.711+0000] {logging_mixin.py:151} INFO - Failed to change /opt/***/logs/dag_id=Autotrader_ETL_DAG/run_id=manual__2023-09-03T09:56:36.308453+00:00/task_id=remove_nulls permission to 509: [Errno 1] Operation not permitted: '/opt/***/logs/dag_id=Autotrader_ETL_DAG/run_id=manual__2023-09-03T09:56:36.308453+00:00/task_id=remove_nulls'
[2023-09-03T09:56:58.714+0000] {task_command.py:415} INFO - Running <TaskInstance: Autotrader_ETL_DAG.remove_nulls manual__2023-09-03T09:56:36.308453+00:00 [running]> on host 1a0e8b05e04d
[2023-09-03T09:56:58.802+0000] {taskinstance.py:1660} INFO - Exporting env vars: AIRFLOW_CTX_DAG_OWNER='***' AIRFLOW_CTX_DAG_ID='Autotrader_ETL_DAG' AIRFLOW_CTX_TASK_ID='remove_nulls' AIRFLOW_CTX_EXECUTION_DATE='2023-09-03T09:56:36.308453+00:00' AIRFLOW_CTX_TRY_NUMBER='1' AIRFLOW_CTX_DAG_RUN_ID='manual__2023-09-03T09:56:36.308453+00:00'
[2023-09-03T09:56:58.805+0000] {bigquery.py:1234} INFO - Executing: DELETE autotrader-toyota-dashboard.autotrader_staging.listings_raw
        WHERE
        NOT EXISTS (
        SELECT
        *
        FROM
        autotrader-toyota-dashboard.autotrader_staging.listings_raw
        WHERE
        NOT ( price IS NULL
        OR odometer IS NULL
        OR year IS NULL
        OR MODEL IS NULL
        OR type IS NULL
        OR suburb IS NULL
        OR state IS NULL 
        ));
[2023-09-03T09:56:58.814+0000] {connection.py:232} WARNING - Connection schemes (type: google_cloud_platform) shall not contain '_' according to RFC3986.
[2023-09-03T09:56:58.818+0000] {base.py:73} INFO - Using connection ID 'google_cloud' for task execution.
[2023-09-03T09:56:58.824+0000] {logging_mixin.py:151} WARNING - /home/***/.local/lib/python3.8/site-packages/***/providers/google/cloud/hooks/bigquery.py:2109 AirflowProviderDeprecationWarning: This method is deprecated. Please use `BigQueryHook.insert_job` method.
[2023-09-03T09:56:58.870+0000] {bigquery.py:1596} INFO - Inserting job ***_1693735018869904_78046212012d4e42d3127076105cbcb5
[2023-09-03T09:57:01.923+0000] {taskinstance.py:1400} INFO - Marking task as SUCCESS. dag_id=Autotrader_ETL_DAG, task_id=remove_nulls, execution_date=20230903T095636, start_date=20230903T095658, end_date=20230903T095701
[2023-09-03T09:57:01.974+0000] {local_task_job_runner.py:228} INFO - Task exited with return code 0
[2023-09-03T09:57:02.014+0000] {taskinstance.py:2784} INFO - 1 downstream tasks scheduled from follow-on schedule check
