[2023-08-29T03:27:34.571+0000] {logging_mixin.py:151} INFO - Changing /opt/***/logs/dag_id=Autotrader_ETL_DAG/run_id=manual__2023-08-29T03:27:33.248557+00:00/task_id=extract_listings permission to 509
[2023-08-29T03:27:34.572+0000] {logging_mixin.py:151} INFO - Failed to change /opt/***/logs/dag_id=Autotrader_ETL_DAG/run_id=manual__2023-08-29T03:27:33.248557+00:00/task_id=extract_listings permission to 509: [Errno 1] Operation not permitted: '/opt/***/logs/dag_id=Autotrader_ETL_DAG/run_id=manual__2023-08-29T03:27:33.248557+00:00/task_id=extract_listings'
[2023-08-29T03:27:34.605+0000] {logging_mixin.py:151} INFO - Changing /opt/***/logs/dag_id=Autotrader_ETL_DAG/run_id=manual__2023-08-29T03:27:33.248557+00:00/task_id=extract_listings permission to 509
[2023-08-29T03:27:34.606+0000] {logging_mixin.py:151} INFO - Failed to change /opt/***/logs/dag_id=Autotrader_ETL_DAG/run_id=manual__2023-08-29T03:27:33.248557+00:00/task_id=extract_listings permission to 509: [Errno 1] Operation not permitted: '/opt/***/logs/dag_id=Autotrader_ETL_DAG/run_id=manual__2023-08-29T03:27:33.248557+00:00/task_id=extract_listings'
[2023-08-29T03:27:34.659+0000] {taskinstance.py:1159} INFO - Dependencies all met for dep_context=non-requeueable deps ti=<TaskInstance: Autotrader_ETL_DAG.extract_listings manual__2023-08-29T03:27:33.248557+00:00 [queued]>
[2023-08-29T03:27:34.670+0000] {taskinstance.py:1159} INFO - Dependencies all met for dep_context=requeueable deps ti=<TaskInstance: Autotrader_ETL_DAG.extract_listings manual__2023-08-29T03:27:33.248557+00:00 [queued]>
[2023-08-29T03:27:34.671+0000] {taskinstance.py:1361} INFO - Starting attempt 1 of 2
[2023-08-29T03:27:34.692+0000] {taskinstance.py:1382} INFO - Executing <Task(PythonOperator): extract_listings> on 2023-08-29 03:27:33.248557+00:00
[2023-08-29T03:27:34.699+0000] {standard_task_runner.py:57} INFO - Started process 671 to run task
[2023-08-29T03:27:34.704+0000] {standard_task_runner.py:84} INFO - Running: ['***', 'tasks', 'run', 'Autotrader_ETL_DAG', 'extract_listings', 'manual__2023-08-29T03:27:33.248557+00:00', '--job-id', '29', '--raw', '--subdir', 'DAGS_FOLDER/autotrader_etl.py', '--cfg-path', '/tmp/tmp11qj3s6u']
[2023-08-29T03:27:34.708+0000] {standard_task_runner.py:85} INFO - Job 29: Subtask extract_listings
[2023-08-29T03:27:34.776+0000] {logging_mixin.py:151} INFO - Changing /opt/***/logs/dag_id=Autotrader_ETL_DAG/run_id=manual__2023-08-29T03:27:33.248557+00:00/task_id=extract_listings permission to 509
[2023-08-29T03:27:34.777+0000] {logging_mixin.py:151} INFO - Failed to change /opt/***/logs/dag_id=Autotrader_ETL_DAG/run_id=manual__2023-08-29T03:27:33.248557+00:00/task_id=extract_listings permission to 509: [Errno 1] Operation not permitted: '/opt/***/logs/dag_id=Autotrader_ETL_DAG/run_id=manual__2023-08-29T03:27:33.248557+00:00/task_id=extract_listings'
[2023-08-29T03:27:34.780+0000] {task_command.py:415} INFO - Running <TaskInstance: Autotrader_ETL_DAG.extract_listings manual__2023-08-29T03:27:33.248557+00:00 [running]> on host 716b876f3aa6
[2023-08-29T03:27:34.891+0000] {taskinstance.py:1660} INFO - Exporting env vars: AIRFLOW_CTX_DAG_OWNER='***' AIRFLOW_CTX_DAG_ID='Autotrader_ETL_DAG' AIRFLOW_CTX_TASK_ID='extract_listings' AIRFLOW_CTX_EXECUTION_DATE='2023-08-29T03:27:33.248557+00:00' AIRFLOW_CTX_TRY_NUMBER='1' AIRFLOW_CTX_DAG_RUN_ID='manual__2023-08-29T03:27:33.248557+00:00'
[2023-08-29T03:27:36.484+0000] {logging_mixin.py:151} INFO - page 1 succesfully scraped
[2023-08-29T03:27:37.423+0000] {logging_mixin.py:151} INFO - page 2 succesfully scraped
[2023-08-29T03:27:38.486+0000] {logging_mixin.py:151} INFO - page 3 succesfully scraped
[2023-08-29T03:27:39.504+0000] {logging_mixin.py:151} INFO - page 4 succesfully scraped
[2023-08-29T03:27:41.265+0000] {logging_mixin.py:151} INFO - page 5 succesfully scraped
[2023-08-29T03:27:42.033+0000] {logging_mixin.py:151} INFO - page 6 succesfully scraped
[2023-08-29T03:27:42.883+0000] {logging_mixin.py:151} INFO - page 7 succesfully scraped
[2023-08-29T03:27:43.762+0000] {logging_mixin.py:151} INFO - page 8 succesfully scraped
[2023-08-29T03:27:44.727+0000] {logging_mixin.py:151} INFO - page 9 succesfully scraped
[2023-08-29T03:27:45.809+0000] {logging_mixin.py:151} INFO - page 10 succesfully scraped
[2023-08-29T03:27:46.441+0000] {logging_mixin.py:151} INFO - page 11 succesfully scraped
[2023-08-29T03:27:47.246+0000] {logging_mixin.py:151} INFO - page 12 succesfully scraped
[2023-08-29T03:27:48.615+0000] {logging_mixin.py:151} INFO - page 13 succesfully scraped
[2023-08-29T03:27:49.302+0000] {logging_mixin.py:151} INFO - page 14 succesfully scraped
[2023-08-29T03:27:50.227+0000] {logging_mixin.py:151} INFO - page 15 succesfully scraped
[2023-08-29T03:27:51.467+0000] {logging_mixin.py:151} INFO - page 16 succesfully scraped
[2023-08-29T03:27:52.077+0000] {logging_mixin.py:151} INFO - page 17 succesfully scraped
[2023-08-29T03:27:52.875+0000] {logging_mixin.py:151} INFO - page 18 succesfully scraped
[2023-08-29T03:27:53.667+0000] {logging_mixin.py:151} INFO - page 19 succesfully scraped
[2023-08-29T03:27:54.440+0000] {logging_mixin.py:151} INFO - page 20 succesfully scraped
[2023-08-29T03:27:55.047+0000] {logging_mixin.py:151} INFO - page 21 succesfully scraped
[2023-08-29T03:27:55.957+0000] {logging_mixin.py:151} INFO - page 22 succesfully scraped
[2023-08-29T03:27:56.854+0000] {logging_mixin.py:151} INFO - page 23 succesfully scraped
[2023-08-29T03:27:57.915+0000] {logging_mixin.py:151} INFO - page 24 succesfully scraped
[2023-08-29T03:27:58.675+0000] {logging_mixin.py:151} INFO - page 25 succesfully scraped
[2023-08-29T03:27:59.744+0000] {logging_mixin.py:151} INFO - page 26 succesfully scraped
[2023-08-29T03:28:01.339+0000] {logging_mixin.py:151} INFO - page 27 succesfully scraped
[2023-08-29T03:28:02.095+0000] {logging_mixin.py:151} INFO - page 28 succesfully scraped
[2023-08-29T03:28:03.460+0000] {logging_mixin.py:151} INFO - page 29 succesfully scraped
[2023-08-29T03:28:04.919+0000] {logging_mixin.py:151} INFO - page 30 succesfully scraped
[2023-08-29T03:28:05.803+0000] {logging_mixin.py:151} INFO - page 31 succesfully scraped
[2023-08-29T03:28:06.840+0000] {logging_mixin.py:151} INFO - page 32 succesfully scraped
[2023-08-29T03:28:07.847+0000] {logging_mixin.py:151} INFO - page 33 succesfully scraped
[2023-08-29T03:28:09.088+0000] {logging_mixin.py:151} INFO - page 34 succesfully scraped
[2023-08-29T03:28:09.861+0000] {logging_mixin.py:151} INFO - page 35 succesfully scraped
[2023-08-29T03:28:11.256+0000] {logging_mixin.py:151} INFO - page 36 succesfully scraped
[2023-08-29T03:28:11.931+0000] {logging_mixin.py:151} INFO - page 37 succesfully scraped
[2023-08-29T03:28:13.131+0000] {logging_mixin.py:151} INFO - page 38 succesfully scraped
[2023-08-29T03:28:14.102+0000] {logging_mixin.py:151} INFO - page 39 succesfully scraped
[2023-08-29T03:28:14.671+0000] {logging_mixin.py:151} INFO - page 40 succesfully scraped
[2023-08-29T03:28:15.482+0000] {logging_mixin.py:151} INFO - page 41 succesfully scraped
[2023-08-29T03:28:16.403+0000] {logging_mixin.py:151} INFO - page 42 succesfully scraped
[2023-08-29T03:28:17.182+0000] {logging_mixin.py:151} INFO - page 43 succesfully scraped
[2023-08-29T03:28:17.825+0000] {logging_mixin.py:151} INFO - page 44 succesfully scraped
[2023-08-29T03:28:18.593+0000] {logging_mixin.py:151} INFO - page 45 succesfully scraped
[2023-08-29T03:28:19.478+0000] {logging_mixin.py:151} INFO - page 46 succesfully scraped
[2023-08-29T03:28:20.325+0000] {logging_mixin.py:151} INFO - page 47 succesfully scraped
[2023-08-29T03:28:21.328+0000] {logging_mixin.py:151} INFO - page 48 succesfully scraped
[2023-08-29T03:28:22.305+0000] {logging_mixin.py:151} INFO - page 49 succesfully scraped
[2023-08-29T03:28:23.010+0000] {logging_mixin.py:151} INFO - page 50 succesfully scraped
[2023-08-29T03:28:23.845+0000] {logging_mixin.py:151} INFO - page 51 succesfully scraped
[2023-08-29T03:28:24.632+0000] {logging_mixin.py:151} INFO - page 52 succesfully scraped
[2023-08-29T03:28:25.787+0000] {logging_mixin.py:151} INFO - page 53 succesfully scraped
[2023-08-29T03:28:26.657+0000] {logging_mixin.py:151} INFO - page 54 succesfully scraped
[2023-08-29T03:28:27.442+0000] {logging_mixin.py:151} INFO - page 55 succesfully scraped
[2023-08-29T03:28:28.120+0000] {logging_mixin.py:151} INFO - page 56 succesfully scraped
[2023-08-29T03:28:29.131+0000] {logging_mixin.py:151} INFO - page 57 succesfully scraped
[2023-08-29T03:28:29.767+0000] {logging_mixin.py:151} INFO - page 58 succesfully scraped
[2023-08-29T03:28:30.361+0000] {logging_mixin.py:151} INFO - page 59 succesfully scraped
[2023-08-29T03:28:31.257+0000] {logging_mixin.py:151} INFO - page 60 succesfully scraped
[2023-08-29T03:28:32.249+0000] {logging_mixin.py:151} INFO - page 61 succesfully scraped
[2023-08-29T03:28:33.020+0000] {logging_mixin.py:151} INFO - page 62 succesfully scraped
[2023-08-29T03:28:33.953+0000] {logging_mixin.py:151} INFO - page 63 succesfully scraped
[2023-08-29T03:28:34.683+0000] {logging_mixin.py:151} INFO - page 64 succesfully scraped
[2023-08-29T03:28:35.999+0000] {logging_mixin.py:151} INFO - page 65 succesfully scraped
[2023-08-29T03:28:36.920+0000] {logging_mixin.py:151} INFO - page 66 succesfully scraped
[2023-08-29T03:28:38.038+0000] {logging_mixin.py:151} INFO - page 67 succesfully scraped
[2023-08-29T03:28:39.004+0000] {logging_mixin.py:151} INFO - page 68 succesfully scraped
[2023-08-29T03:28:39.834+0000] {logging_mixin.py:151} INFO - page 69 succesfully scraped
[2023-08-29T03:28:40.467+0000] {logging_mixin.py:151} INFO - page 70 succesfully scraped
[2023-08-29T03:28:41.406+0000] {logging_mixin.py:151} INFO - page 71 succesfully scraped
[2023-08-29T03:28:42.110+0000] {logging_mixin.py:151} INFO - page 72 succesfully scraped
[2023-08-29T03:28:42.760+0000] {logging_mixin.py:151} INFO - page 73 succesfully scraped
[2023-08-29T03:28:43.605+0000] {logging_mixin.py:151} INFO - page 74 succesfully scraped
[2023-08-29T03:28:44.552+0000] {logging_mixin.py:151} INFO - page 75 succesfully scraped
[2023-08-29T03:28:45.251+0000] {logging_mixin.py:151} INFO - page 76 succesfully scraped
[2023-08-29T03:28:46.074+0000] {logging_mixin.py:151} INFO - page 77 succesfully scraped
[2023-08-29T03:28:46.741+0000] {logging_mixin.py:151} INFO - page 78 succesfully scraped
[2023-08-29T03:28:47.577+0000] {logging_mixin.py:151} INFO - page 79 succesfully scraped
[2023-08-29T03:28:48.305+0000] {logging_mixin.py:151} INFO - page 80 succesfully scraped
[2023-08-29T03:28:49.139+0000] {logging_mixin.py:151} INFO - page 81 succesfully scraped
[2023-08-29T03:28:50.092+0000] {logging_mixin.py:151} INFO - page 82 succesfully scraped
[2023-08-29T03:28:50.898+0000] {logging_mixin.py:151} INFO - page 83 succesfully scraped
[2023-08-29T03:28:51.961+0000] {logging_mixin.py:151} INFO - page 84 succesfully scraped
[2023-08-29T03:28:52.768+0000] {logging_mixin.py:151} INFO - page 85 succesfully scraped
[2023-08-29T03:28:53.620+0000] {logging_mixin.py:151} INFO - page 86 succesfully scraped
[2023-08-29T03:28:54.417+0000] {logging_mixin.py:151} INFO - page 87 succesfully scraped
[2023-08-29T03:28:55.135+0000] {logging_mixin.py:151} INFO - page 88 succesfully scraped
[2023-08-29T03:28:55.902+0000] {logging_mixin.py:151} INFO - page 89 succesfully scraped
[2023-08-29T03:28:57.073+0000] {logging_mixin.py:151} INFO - page 90 succesfully scraped
[2023-08-29T03:28:57.905+0000] {logging_mixin.py:151} INFO - page 91 succesfully scraped
[2023-08-29T03:28:58.823+0000] {logging_mixin.py:151} INFO - page 92 succesfully scraped
[2023-08-29T03:28:59.651+0000] {logging_mixin.py:151} INFO - page 93 succesfully scraped
[2023-08-29T03:29:00.798+0000] {logging_mixin.py:151} INFO - page 94 succesfully scraped
[2023-08-29T03:29:01.532+0000] {logging_mixin.py:151} INFO - page 95 succesfully scraped
[2023-08-29T03:29:02.546+0000] {logging_mixin.py:151} INFO - page 96 succesfully scraped
[2023-08-29T03:29:03.691+0000] {logging_mixin.py:151} INFO - page 97 succesfully scraped
[2023-08-29T03:29:05.525+0000] {logging_mixin.py:151} INFO - page 98 succesfully scraped
[2023-08-29T03:29:06.267+0000] {logging_mixin.py:151} INFO - page 99 succesfully scraped
[2023-08-29T03:29:06.874+0000] {logging_mixin.py:151} INFO - page 100 succesfully scraped
[2023-08-29T03:29:07.661+0000] {logging_mixin.py:151} INFO - page 101 succesfully scraped
[2023-08-29T03:29:08.502+0000] {logging_mixin.py:151} INFO - page 102 succesfully scraped
[2023-08-29T03:29:09.244+0000] {logging_mixin.py:151} INFO - page 103 succesfully scraped
[2023-08-29T03:29:09.985+0000] {logging_mixin.py:151} INFO - page 104 succesfully scraped
[2023-08-29T03:29:10.766+0000] {logging_mixin.py:151} INFO - page 105 succesfully scraped
[2023-08-29T03:29:11.780+0000] {logging_mixin.py:151} INFO - page 106 succesfully scraped
[2023-08-29T03:29:12.636+0000] {logging_mixin.py:151} INFO - page 107 succesfully scraped
[2023-08-29T03:29:13.336+0000] {logging_mixin.py:151} INFO - page 108 succesfully scraped
[2023-08-29T03:29:14.158+0000] {logging_mixin.py:151} INFO - page 109 succesfully scraped
[2023-08-29T03:29:15.310+0000] {logging_mixin.py:151} INFO - page 110 succesfully scraped
[2023-08-29T03:29:16.231+0000] {logging_mixin.py:151} INFO - page 111 succesfully scraped
[2023-08-29T03:29:17.004+0000] {logging_mixin.py:151} INFO - page 112 succesfully scraped
[2023-08-29T03:29:18.065+0000] {logging_mixin.py:151} INFO - page 113 succesfully scraped
[2023-08-29T03:29:19.012+0000] {logging_mixin.py:151} INFO - page 114 succesfully scraped
[2023-08-29T03:29:20.263+0000] {logging_mixin.py:151} INFO - page 115 succesfully scraped
[2023-08-29T03:29:20.962+0000] {logging_mixin.py:151} INFO - page 116 succesfully scraped
[2023-08-29T03:29:22.044+0000] {logging_mixin.py:151} INFO - page 117 succesfully scraped
[2023-08-29T03:29:22.985+0000] {logging_mixin.py:151} INFO - page 118 succesfully scraped
[2023-08-29T03:29:23.882+0000] {logging_mixin.py:151} INFO - page 119 succesfully scraped
[2023-08-29T03:29:24.871+0000] {logging_mixin.py:151} INFO - page 120 succesfully scraped
[2023-08-29T03:29:25.677+0000] {logging_mixin.py:151} INFO - page 121 succesfully scraped
[2023-08-29T03:29:26.685+0000] {logging_mixin.py:151} INFO - page 122 succesfully scraped
[2023-08-29T03:29:27.553+0000] {logging_mixin.py:151} INFO - page 123 succesfully scraped
[2023-08-29T03:29:28.326+0000] {logging_mixin.py:151} INFO - page 124 succesfully scraped
[2023-08-29T03:29:29.214+0000] {logging_mixin.py:151} INFO - page 125 succesfully scraped
[2023-08-29T03:29:30.638+0000] {logging_mixin.py:151} INFO - page 126 succesfully scraped
[2023-08-29T03:29:31.479+0000] {logging_mixin.py:151} INFO - page 127 succesfully scraped
[2023-08-29T03:29:32.228+0000] {logging_mixin.py:151} INFO - page 128 succesfully scraped
[2023-08-29T03:29:33.060+0000] {logging_mixin.py:151} INFO - page 129 succesfully scraped
[2023-08-29T03:29:33.787+0000] {logging_mixin.py:151} INFO - page 130 succesfully scraped
[2023-08-29T03:29:34.664+0000] {logging_mixin.py:151} INFO - page 131 succesfully scraped
[2023-08-29T03:29:35.303+0000] {logging_mixin.py:151} INFO - page 132 succesfully scraped
[2023-08-29T03:29:35.890+0000] {logging_mixin.py:151} INFO - page 133 succesfully scraped
[2023-08-29T03:29:36.748+0000] {logging_mixin.py:151} INFO - page 134 succesfully scraped
[2023-08-29T03:29:37.441+0000] {logging_mixin.py:151} INFO - page 135 succesfully scraped
[2023-08-29T03:29:38.160+0000] {logging_mixin.py:151} INFO - page 136 succesfully scraped
[2023-08-29T03:29:38.912+0000] {logging_mixin.py:151} INFO - page 137 succesfully scraped
[2023-08-29T03:29:40.182+0000] {logging_mixin.py:151} INFO - page 138 succesfully scraped
[2023-08-29T03:29:41.398+0000] {logging_mixin.py:151} INFO - page 139 succesfully scraped
[2023-08-29T03:29:42.485+0000] {logging_mixin.py:151} INFO - page 140 succesfully scraped
[2023-08-29T03:29:44.311+0000] {logging_mixin.py:151} INFO - page 141 succesfully scraped
[2023-08-29T03:29:45.259+0000] {logging_mixin.py:151} INFO - page 142 succesfully scraped
[2023-08-29T03:29:46.039+0000] {logging_mixin.py:151} INFO - page 143 succesfully scraped
[2023-08-29T03:29:46.639+0000] {logging_mixin.py:151} INFO - page 144 succesfully scraped
[2023-08-29T03:29:47.468+0000] {logging_mixin.py:151} INFO - page 145 succesfully scraped
[2023-08-29T03:29:48.923+0000] {logging_mixin.py:151} INFO - page 146 succesfully scraped
[2023-08-29T03:29:49.828+0000] {logging_mixin.py:151} INFO - page 147 succesfully scraped
[2023-08-29T03:29:50.997+0000] {logging_mixin.py:151} INFO - page 148 succesfully scraped
[2023-08-29T03:29:52.020+0000] {logging_mixin.py:151} INFO - page 149 succesfully scraped
[2023-08-29T03:29:52.600+0000] {logging_mixin.py:151} INFO - page 150 succesfully scraped
[2023-08-29T03:29:53.605+0000] {logging_mixin.py:151} INFO - page 151 succesfully scraped
[2023-08-29T03:29:54.540+0000] {logging_mixin.py:151} INFO - page 152 succesfully scraped
[2023-08-29T03:29:55.304+0000] {logging_mixin.py:151} INFO - page 153 succesfully scraped
[2023-08-29T03:29:56.236+0000] {logging_mixin.py:151} INFO - page 154 succesfully scraped
[2023-08-29T03:29:57.003+0000] {logging_mixin.py:151} INFO - page 155 succesfully scraped
[2023-08-29T03:29:57.726+0000] {logging_mixin.py:151} INFO - page 156 succesfully scraped
[2023-08-29T03:29:58.373+0000] {logging_mixin.py:151} INFO - page 157 succesfully scraped
[2023-08-29T03:29:59.279+0000] {logging_mixin.py:151} INFO - page 158 succesfully scraped
[2023-08-29T03:30:00.856+0000] {logging_mixin.py:151} INFO - page 159 succesfully scraped
[2023-08-29T03:30:02.690+0000] {logging_mixin.py:151} INFO - page 160 succesfully scraped
[2023-08-29T03:30:03.556+0000] {logging_mixin.py:151} INFO - page 161 succesfully scraped
[2023-08-29T03:30:04.161+0000] {logging_mixin.py:151} INFO - page 162 succesfully scraped
[2023-08-29T03:30:05.737+0000] {logging_mixin.py:151} INFO - page 163 succesfully scraped
[2023-08-29T03:30:06.522+0000] {logging_mixin.py:151} INFO - page 164 succesfully scraped
[2023-08-29T03:30:07.144+0000] {logging_mixin.py:151} INFO - page 165 succesfully scraped
[2023-08-29T03:30:08.053+0000] {logging_mixin.py:151} INFO - page 166 succesfully scraped
[2023-08-29T03:30:08.908+0000] {logging_mixin.py:151} INFO - page 167 succesfully scraped
[2023-08-29T03:30:10.094+0000] {logging_mixin.py:151} INFO - page 168 succesfully scraped
[2023-08-29T03:30:10.766+0000] {logging_mixin.py:151} INFO - page 169 succesfully scraped
[2023-08-29T03:30:11.555+0000] {logging_mixin.py:151} INFO - page 170 succesfully scraped
[2023-08-29T03:30:12.610+0000] {logging_mixin.py:151} INFO - page 171 succesfully scraped
[2023-08-29T03:30:13.537+0000] {logging_mixin.py:151} INFO - page 172 succesfully scraped
[2023-08-29T03:30:14.232+0000] {logging_mixin.py:151} INFO - page 173 succesfully scraped
[2023-08-29T03:30:15.163+0000] {logging_mixin.py:151} INFO - page 174 succesfully scraped
[2023-08-29T03:30:16.099+0000] {logging_mixin.py:151} INFO - page 175 succesfully scraped
[2023-08-29T03:30:16.752+0000] {logging_mixin.py:151} INFO - page 176 succesfully scraped
[2023-08-29T03:30:17.673+0000] {logging_mixin.py:151} INFO - page 177 succesfully scraped
[2023-08-29T03:30:18.671+0000] {logging_mixin.py:151} INFO - page 178 succesfully scraped
[2023-08-29T03:30:19.516+0000] {logging_mixin.py:151} INFO - page 179 succesfully scraped
[2023-08-29T03:30:20.480+0000] {logging_mixin.py:151} INFO - page 180 succesfully scraped
[2023-08-29T03:30:21.195+0000] {logging_mixin.py:151} INFO - page 181 succesfully scraped
[2023-08-29T03:30:22.631+0000] {logging_mixin.py:151} INFO - page 182 succesfully scraped
[2023-08-29T03:30:23.530+0000] {logging_mixin.py:151} INFO - page 183 succesfully scraped
[2023-08-29T03:30:24.660+0000] {logging_mixin.py:151} INFO - page 184 succesfully scraped
[2023-08-29T03:30:25.384+0000] {logging_mixin.py:151} INFO - page 185 succesfully scraped
[2023-08-29T03:30:26.289+0000] {logging_mixin.py:151} INFO - page 186 succesfully scraped
[2023-08-29T03:30:26.850+0000] {logging_mixin.py:151} INFO - page 187 succesfully scraped
[2023-08-29T03:30:27.462+0000] {logging_mixin.py:151} INFO - page 188 succesfully scraped
[2023-08-29T03:30:28.280+0000] {logging_mixin.py:151} INFO - page 189 succesfully scraped
[2023-08-29T03:30:29.352+0000] {logging_mixin.py:151} INFO - page 190 succesfully scraped
[2023-08-29T03:30:29.934+0000] {logging_mixin.py:151} INFO - page 191 succesfully scraped
[2023-08-29T03:30:30.883+0000] {logging_mixin.py:151} INFO - page 192 succesfully scraped
[2023-08-29T03:30:31.702+0000] {logging_mixin.py:151} INFO - page 193 succesfully scraped
[2023-08-29T03:30:32.413+0000] {logging_mixin.py:151} INFO - page 194 succesfully scraped
[2023-08-29T03:30:33.141+0000] {logging_mixin.py:151} INFO - page 195 succesfully scraped
[2023-08-29T03:30:34.022+0000] {logging_mixin.py:151} INFO - page 196 succesfully scraped
[2023-08-29T03:30:34.939+0000] {logging_mixin.py:151} INFO - page 197 succesfully scraped
[2023-08-29T03:30:35.610+0000] {logging_mixin.py:151} INFO - page 198 succesfully scraped
[2023-08-29T03:30:36.523+0000] {logging_mixin.py:151} INFO - page 199 succesfully scraped
[2023-08-29T03:30:37.426+0000] {logging_mixin.py:151} INFO - page 200 succesfully scraped
[2023-08-29T03:30:38.247+0000] {logging_mixin.py:151} INFO - page 201 succesfully scraped
[2023-08-29T03:30:38.981+0000] {logging_mixin.py:151} INFO - page 202 succesfully scraped
[2023-08-29T03:30:40.010+0000] {logging_mixin.py:151} INFO - page 203 succesfully scraped
[2023-08-29T03:30:40.805+0000] {logging_mixin.py:151} INFO - page 204 succesfully scraped
[2023-08-29T03:30:41.539+0000] {logging_mixin.py:151} INFO - page 205 succesfully scraped
[2023-08-29T03:30:43.042+0000] {logging_mixin.py:151} INFO - page 206 succesfully scraped
[2023-08-29T03:30:43.887+0000] {logging_mixin.py:151} INFO - page 207 succesfully scraped
[2023-08-29T03:30:44.582+0000] {logging_mixin.py:151} INFO - page 208 succesfully scraped
[2023-08-29T03:30:45.628+0000] {logging_mixin.py:151} INFO - page 209 succesfully scraped
[2023-08-29T03:30:46.343+0000] {logging_mixin.py:151} INFO - page 210 succesfully scraped
[2023-08-29T03:30:48.033+0000] {logging_mixin.py:151} INFO - page 211 succesfully scraped
[2023-08-29T03:30:48.656+0000] {logging_mixin.py:151} INFO - page 212 succesfully scraped
[2023-08-29T03:30:49.374+0000] {logging_mixin.py:151} INFO - page 213 succesfully scraped
[2023-08-29T03:30:50.088+0000] {logging_mixin.py:151} INFO - page 214 succesfully scraped
[2023-08-29T03:30:51.087+0000] {logging_mixin.py:151} INFO - page 215 succesfully scraped
[2023-08-29T03:30:51.842+0000] {logging_mixin.py:151} INFO - page 216 succesfully scraped
[2023-08-29T03:30:52.607+0000] {logging_mixin.py:151} INFO - page 217 succesfully scraped
[2023-08-29T03:30:53.412+0000] {logging_mixin.py:151} INFO - page 218 succesfully scraped
[2023-08-29T03:30:54.577+0000] {logging_mixin.py:151} INFO - page 219 succesfully scraped
[2023-08-29T03:30:55.327+0000] {logging_mixin.py:151} INFO - page 220 succesfully scraped
[2023-08-29T03:30:56.175+0000] {logging_mixin.py:151} INFO - page 221 succesfully scraped
[2023-08-29T03:30:57.127+0000] {logging_mixin.py:151} INFO - page 222 succesfully scraped
[2023-08-29T03:30:58.529+0000] {logging_mixin.py:151} INFO - page 223 succesfully scraped
[2023-08-29T03:31:00.446+0000] {logging_mixin.py:151} INFO - page 224 succesfully scraped
[2023-08-29T03:31:01.272+0000] {logging_mixin.py:151} INFO - page 225 succesfully scraped
[2023-08-29T03:31:02.625+0000] {logging_mixin.py:151} INFO - page 226 succesfully scraped
[2023-08-29T03:31:03.298+0000] {logging_mixin.py:151} INFO - page 227 succesfully scraped
[2023-08-29T03:31:04.317+0000] {logging_mixin.py:151} INFO - page 228 succesfully scraped
[2023-08-29T03:31:05.755+0000] {logging_mixin.py:151} INFO - page 229 succesfully scraped
[2023-08-29T03:31:06.767+0000] {logging_mixin.py:151} INFO - page 230 succesfully scraped
[2023-08-29T03:31:07.587+0000] {logging_mixin.py:151} INFO - page 231 succesfully scraped
[2023-08-29T03:31:08.518+0000] {logging_mixin.py:151} INFO - page 232 succesfully scraped
[2023-08-29T03:31:09.614+0000] {logging_mixin.py:151} INFO - page 233 succesfully scraped
[2023-08-29T03:31:10.609+0000] {logging_mixin.py:151} INFO - page 234 succesfully scraped
[2023-08-29T03:31:11.763+0000] {logging_mixin.py:151} INFO - page 235 succesfully scraped
[2023-08-29T03:31:12.640+0000] {logging_mixin.py:151} INFO - page 236 succesfully scraped
[2023-08-29T03:31:13.538+0000] {logging_mixin.py:151} INFO - page 237 succesfully scraped
[2023-08-29T03:31:15.365+0000] {logging_mixin.py:151} INFO - page 238 succesfully scraped
[2023-08-29T03:31:16.051+0000] {logging_mixin.py:151} INFO - page 239 succesfully scraped
[2023-08-29T03:31:16.658+0000] {logging_mixin.py:151} INFO - page 240 succesfully scraped
[2023-08-29T03:31:17.814+0000] {logging_mixin.py:151} INFO - page 241 succesfully scraped
[2023-08-29T03:31:18.740+0000] {logging_mixin.py:151} INFO - page 242 succesfully scraped
[2023-08-29T03:31:20.018+0000] {logging_mixin.py:151} INFO - page 243 succesfully scraped
[2023-08-29T03:31:20.863+0000] {logging_mixin.py:151} INFO - page 244 succesfully scraped
[2023-08-29T03:31:21.723+0000] {logging_mixin.py:151} INFO - page 245 succesfully scraped
[2023-08-29T03:31:22.697+0000] {logging_mixin.py:151} INFO - page 246 succesfully scraped
[2023-08-29T03:31:23.403+0000] {logging_mixin.py:151} INFO - page 247 succesfully scraped
[2023-08-29T03:31:24.913+0000] {logging_mixin.py:151} INFO - page 248 succesfully scraped
[2023-08-29T03:31:25.650+0000] {logging_mixin.py:151} INFO - page 249 succesfully scraped
[2023-08-29T03:31:26.444+0000] {logging_mixin.py:151} INFO - page 250 succesfully scraped
[2023-08-29T03:31:27.256+0000] {logging_mixin.py:151} INFO - page 251 succesfully scraped
[2023-08-29T03:31:28.288+0000] {logging_mixin.py:151} INFO - page 252 succesfully scraped
[2023-08-29T03:31:29.140+0000] {logging_mixin.py:151} INFO - page 253 succesfully scraped
[2023-08-29T03:31:30.042+0000] {logging_mixin.py:151} INFO - page 254 succesfully scraped
[2023-08-29T03:31:30.719+0000] {logging_mixin.py:151} INFO - page 255 succesfully scraped
[2023-08-29T03:31:31.470+0000] {logging_mixin.py:151} INFO - page 256 succesfully scraped
[2023-08-29T03:31:32.653+0000] {logging_mixin.py:151} INFO - page 257 succesfully scraped
[2023-08-29T03:31:33.932+0000] {logging_mixin.py:151} INFO - page 258 succesfully scraped
[2023-08-29T03:31:34.985+0000] {logging_mixin.py:151} INFO - page 259 succesfully scraped
[2023-08-29T03:31:35.636+0000] {logging_mixin.py:151} INFO - page 260 succesfully scraped
[2023-08-29T03:31:36.338+0000] {logging_mixin.py:151} INFO - page 261 succesfully scraped
[2023-08-29T03:31:37.130+0000] {logging_mixin.py:151} INFO - page 262 succesfully scraped
[2023-08-29T03:31:37.988+0000] {logging_mixin.py:151} INFO - page 263 succesfully scraped
[2023-08-29T03:31:38.712+0000] {logging_mixin.py:151} INFO - page 264 succesfully scraped
[2023-08-29T03:31:41.014+0000] {logging_mixin.py:151} INFO - page 265 succesfully scraped
[2023-08-29T03:31:41.786+0000] {logging_mixin.py:151} INFO - page 266 succesfully scraped
[2023-08-29T03:31:42.923+0000] {logging_mixin.py:151} INFO - page 267 succesfully scraped
[2023-08-29T03:31:43.816+0000] {logging_mixin.py:151} INFO - page 268 succesfully scraped
[2023-08-29T03:31:44.973+0000] {logging_mixin.py:151} INFO - page 269 succesfully scraped
[2023-08-29T03:31:45.744+0000] {logging_mixin.py:151} INFO - page 270 succesfully scraped
[2023-08-29T03:31:46.804+0000] {logging_mixin.py:151} INFO - page 271 succesfully scraped
[2023-08-29T03:31:47.861+0000] {logging_mixin.py:151} INFO - page 272 succesfully scraped
[2023-08-29T03:31:49.788+0000] {logging_mixin.py:151} INFO - page 273 succesfully scraped
[2023-08-29T03:31:50.523+0000] {logging_mixin.py:151} INFO - page 274 succesfully scraped
[2023-08-29T03:31:51.893+0000] {logging_mixin.py:151} INFO - page 275 succesfully scraped
[2023-08-29T03:31:53.088+0000] {logging_mixin.py:151} INFO - page 276 succesfully scraped
[2023-08-29T03:31:54.022+0000] {logging_mixin.py:151} INFO - page 277 succesfully scraped
[2023-08-29T03:31:54.890+0000] {logging_mixin.py:151} INFO - page 278 succesfully scraped
[2023-08-29T03:31:55.709+0000] {logging_mixin.py:151} INFO - page 279 succesfully scraped
[2023-08-29T03:31:56.592+0000] {logging_mixin.py:151} INFO - page 280 succesfully scraped
[2023-08-29T03:31:57.803+0000] {logging_mixin.py:151} INFO - page 281 succesfully scraped
[2023-08-29T03:31:58.632+0000] {logging_mixin.py:151} INFO - page 282 succesfully scraped
[2023-08-29T03:31:59.577+0000] {logging_mixin.py:151} INFO - page 283 succesfully scraped
[2023-08-29T03:32:00.241+0000] {logging_mixin.py:151} INFO - page 284 succesfully scraped
[2023-08-29T03:32:01.042+0000] {logging_mixin.py:151} INFO - page 285 succesfully scraped
[2023-08-29T03:32:02.087+0000] {logging_mixin.py:151} INFO - page 286 succesfully scraped
[2023-08-29T03:32:02.801+0000] {logging_mixin.py:151} INFO - page 287 succesfully scraped
[2023-08-29T03:32:04.447+0000] {logging_mixin.py:151} INFO - page 288 succesfully scraped
[2023-08-29T03:32:05.669+0000] {logging_mixin.py:151} INFO - page 289 succesfully scraped
[2023-08-29T03:32:07.356+0000] {logging_mixin.py:151} INFO - page 290 succesfully scraped
[2023-08-29T03:32:08.286+0000] {logging_mixin.py:151} INFO - page 291 succesfully scraped
[2023-08-29T03:32:09.419+0000] {logging_mixin.py:151} INFO - page 292 succesfully scraped
[2023-08-29T03:32:10.142+0000] {logging_mixin.py:151} INFO - page 293 succesfully scraped
[2023-08-29T03:32:11.329+0000] {logging_mixin.py:151} INFO - page 294 succesfully scraped
[2023-08-29T03:32:12.381+0000] {logging_mixin.py:151} INFO - page 295 succesfully scraped
[2023-08-29T03:32:13.221+0000] {logging_mixin.py:151} INFO - page 296 succesfully scraped
[2023-08-29T03:32:14.011+0000] {logging_mixin.py:151} INFO - page 297 succesfully scraped
[2023-08-29T03:32:14.831+0000] {logging_mixin.py:151} INFO - page 298 succesfully scraped
[2023-08-29T03:32:15.797+0000] {logging_mixin.py:151} INFO - page 299 succesfully scraped
[2023-08-29T03:32:16.572+0000] {logging_mixin.py:151} INFO - page 300 succesfully scraped
[2023-08-29T03:32:17.893+0000] {logging_mixin.py:151} INFO - page 301 succesfully scraped
[2023-08-29T03:32:18.946+0000] {logging_mixin.py:151} INFO - page 302 succesfully scraped
[2023-08-29T03:32:19.679+0000] {logging_mixin.py:151} INFO - page 303 succesfully scraped
[2023-08-29T03:32:20.940+0000] {logging_mixin.py:151} INFO - page 304 succesfully scraped
[2023-08-29T03:32:21.707+0000] {logging_mixin.py:151} INFO - page 305 succesfully scraped
[2023-08-29T03:32:22.414+0000] {logging_mixin.py:151} INFO - page 306 succesfully scraped
[2023-08-29T03:32:23.279+0000] {logging_mixin.py:151} INFO - page 307 succesfully scraped
[2023-08-29T03:32:23.894+0000] {logging_mixin.py:151} INFO - page 308 succesfully scraped
[2023-08-29T03:32:24.888+0000] {logging_mixin.py:151} INFO - page 309 succesfully scraped
[2023-08-29T03:32:26.019+0000] {logging_mixin.py:151} INFO - page 310 succesfully scraped
[2023-08-29T03:32:27.256+0000] {logging_mixin.py:151} INFO - page 311 succesfully scraped
[2023-08-29T03:32:28.766+0000] {logging_mixin.py:151} INFO - page 312 succesfully scraped
[2023-08-29T03:32:29.566+0000] {logging_mixin.py:151} INFO - page 313 succesfully scraped
[2023-08-29T03:32:30.186+0000] {logging_mixin.py:151} INFO - page 314 succesfully scraped
[2023-08-29T03:32:31.180+0000] {logging_mixin.py:151} INFO - page 315 succesfully scraped
[2023-08-29T03:32:31.934+0000] {logging_mixin.py:151} INFO - page 316 succesfully scraped
[2023-08-29T03:32:32.842+0000] {logging_mixin.py:151} INFO - page 317 succesfully scraped
[2023-08-29T03:32:34.424+0000] {logging_mixin.py:151} INFO - page 318 succesfully scraped
[2023-08-29T03:32:35.818+0000] {logging_mixin.py:151} INFO - page 319 succesfully scraped
[2023-08-29T03:32:36.792+0000] {logging_mixin.py:151} INFO - page 320 succesfully scraped
[2023-08-29T03:32:37.851+0000] {logging_mixin.py:151} INFO - page 321 succesfully scraped
[2023-08-29T03:32:38.952+0000] {logging_mixin.py:151} INFO - page 322 succesfully scraped
[2023-08-29T03:32:39.943+0000] {logging_mixin.py:151} INFO - page 323 succesfully scraped
[2023-08-29T03:32:40.654+0000] {logging_mixin.py:151} INFO - page 324 succesfully scraped
[2023-08-29T03:32:41.466+0000] {logging_mixin.py:151} INFO - page 325 succesfully scraped
[2023-08-29T03:32:42.264+0000] {logging_mixin.py:151} INFO - page 326 succesfully scraped
[2023-08-29T03:32:43.038+0000] {logging_mixin.py:151} INFO - page 327 succesfully scraped
[2023-08-29T03:32:43.862+0000] {logging_mixin.py:151} INFO - page 328 succesfully scraped
[2023-08-29T03:32:45.087+0000] {logging_mixin.py:151} INFO - page 329 succesfully scraped
[2023-08-29T03:32:45.751+0000] {logging_mixin.py:151} INFO - page 330 succesfully scraped
[2023-08-29T03:32:46.727+0000] {logging_mixin.py:151} INFO - page 331 succesfully scraped
[2023-08-29T03:32:47.468+0000] {logging_mixin.py:151} INFO - page 332 succesfully scraped
[2023-08-29T03:32:48.541+0000] {logging_mixin.py:151} INFO - page 333 succesfully scraped
[2023-08-29T03:32:49.153+0000] {logging_mixin.py:151} INFO - page 334 succesfully scraped
[2023-08-29T03:32:49.840+0000] {logging_mixin.py:151} INFO - page 335 succesfully scraped
[2023-08-29T03:32:50.564+0000] {logging_mixin.py:151} INFO - page 336 succesfully scraped
[2023-08-29T03:32:51.586+0000] {logging_mixin.py:151} INFO - page 337 succesfully scraped
[2023-08-29T03:32:52.262+0000] {logging_mixin.py:151} INFO - page 338 succesfully scraped
[2023-08-29T03:32:52.938+0000] {logging_mixin.py:151} INFO - page 339 succesfully scraped
[2023-08-29T03:32:53.743+0000] {logging_mixin.py:151} INFO - page 340 succesfully scraped
[2023-08-29T03:32:54.441+0000] {logging_mixin.py:151} INFO - page 341 succesfully scraped
[2023-08-29T03:32:55.239+0000] {logging_mixin.py:151} INFO - page 342 succesfully scraped
[2023-08-29T03:32:56.279+0000] {logging_mixin.py:151} INFO - page 343 succesfully scraped
[2023-08-29T03:32:57.086+0000] {logging_mixin.py:151} INFO - page 344 succesfully scraped
[2023-08-29T03:32:57.776+0000] {logging_mixin.py:151} INFO - page 345 succesfully scraped
[2023-08-29T03:32:58.448+0000] {logging_mixin.py:151} INFO - page 346 succesfully scraped
[2023-08-29T03:32:59.150+0000] {logging_mixin.py:151} INFO - page 347 succesfully scraped
[2023-08-29T03:33:00.158+0000] {logging_mixin.py:151} INFO - page 348 succesfully scraped
[2023-08-29T03:33:01.123+0000] {logging_mixin.py:151} INFO - page 349 succesfully scraped
[2023-08-29T03:33:01.718+0000] {logging_mixin.py:151} INFO - page 350 succesfully scraped
[2023-08-29T03:33:02.540+0000] {logging_mixin.py:151} INFO - page 351 succesfully scraped
[2023-08-29T03:33:03.435+0000] {logging_mixin.py:151} INFO - page 352 succesfully scraped
[2023-08-29T03:33:04.135+0000] {logging_mixin.py:151} INFO - page 353 succesfully scraped
[2023-08-29T03:33:04.998+0000] {logging_mixin.py:151} INFO - page 354 succesfully scraped
[2023-08-29T03:33:05.944+0000] {logging_mixin.py:151} INFO - page 355 succesfully scraped
[2023-08-29T03:33:06.898+0000] {logging_mixin.py:151} INFO - page 356 succesfully scraped
[2023-08-29T03:33:07.627+0000] {logging_mixin.py:151} INFO - page 357 succesfully scraped
[2023-08-29T03:33:08.349+0000] {logging_mixin.py:151} INFO - page 358 succesfully scraped
[2023-08-29T03:33:09.406+0000] {logging_mixin.py:151} INFO - page 359 succesfully scraped
[2023-08-29T03:33:10.064+0000] {logging_mixin.py:151} INFO - page 360 succesfully scraped
[2023-08-29T03:33:10.790+0000] {logging_mixin.py:151} INFO - page 361 succesfully scraped
[2023-08-29T03:33:11.705+0000] {logging_mixin.py:151} INFO - page 362 succesfully scraped
[2023-08-29T03:33:12.826+0000] {logging_mixin.py:151} INFO - page 363 succesfully scraped
[2023-08-29T03:33:13.524+0000] {logging_mixin.py:151} INFO - page 364 succesfully scraped
[2023-08-29T03:33:14.159+0000] {logging_mixin.py:151} INFO - page 365 succesfully scraped
[2023-08-29T03:33:15.304+0000] {logging_mixin.py:151} INFO - page 366 succesfully scraped
[2023-08-29T03:33:16.020+0000] {logging_mixin.py:151} INFO - page 367 succesfully scraped
[2023-08-29T03:33:16.642+0000] {logging_mixin.py:151} INFO - page 368 succesfully scraped
[2023-08-29T03:33:17.407+0000] {logging_mixin.py:151} INFO - page 369 succesfully scraped
[2023-08-29T03:33:18.258+0000] {logging_mixin.py:151} INFO - page 370 succesfully scraped
[2023-08-29T03:33:19.159+0000] {logging_mixin.py:151} INFO - page 371 succesfully scraped
[2023-08-29T03:33:19.854+0000] {logging_mixin.py:151} INFO - page 372 succesfully scraped
[2023-08-29T03:33:20.866+0000] {logging_mixin.py:151} INFO - page 373 succesfully scraped
[2023-08-29T03:33:21.896+0000] {logging_mixin.py:151} INFO - page 374 succesfully scraped
[2023-08-29T03:33:22.586+0000] {logging_mixin.py:151} INFO - page 375 succesfully scraped
[2023-08-29T03:33:23.236+0000] {logging_mixin.py:151} INFO - page 376 succesfully scraped
[2023-08-29T03:33:24.101+0000] {logging_mixin.py:151} INFO - page 377 succesfully scraped
[2023-08-29T03:33:24.855+0000] {logging_mixin.py:151} INFO - page 378 succesfully scraped
[2023-08-29T03:33:25.452+0000] {logging_mixin.py:151} INFO - page 379 succesfully scraped
[2023-08-29T03:33:26.106+0000] {logging_mixin.py:151} INFO - page 380 succesfully scraped
[2023-08-29T03:33:27.024+0000] {logging_mixin.py:151} INFO - page 381 succesfully scraped
[2023-08-29T03:33:27.729+0000] {logging_mixin.py:151} INFO - page 382 succesfully scraped
[2023-08-29T03:33:28.665+0000] {logging_mixin.py:151} INFO - page 383 succesfully scraped
[2023-08-29T03:33:29.579+0000] {logging_mixin.py:151} INFO - page 384 succesfully scraped
[2023-08-29T03:33:30.631+0000] {logging_mixin.py:151} INFO - page 385 succesfully scraped
[2023-08-29T03:33:31.723+0000] {logging_mixin.py:151} INFO - page 386 succesfully scraped
[2023-08-29T03:33:32.768+0000] {logging_mixin.py:151} INFO - page 387 succesfully scraped
[2023-08-29T03:33:33.663+0000] {logging_mixin.py:151} INFO - page 388 succesfully scraped
[2023-08-29T03:33:34.652+0000] {logging_mixin.py:151} INFO - page 389 succesfully scraped
[2023-08-29T03:33:36.045+0000] {logging_mixin.py:151} INFO - page 390 succesfully scraped
[2023-08-29T03:33:36.648+0000] {logging_mixin.py:151} INFO - page 391 succesfully scraped
[2023-08-29T03:33:37.451+0000] {logging_mixin.py:151} INFO - page 392 succesfully scraped
[2023-08-29T03:33:38.081+0000] {logging_mixin.py:151} INFO - page 393 succesfully scraped
[2023-08-29T03:33:38.867+0000] {logging_mixin.py:151} INFO - page 394 succesfully scraped
[2023-08-29T03:33:39.718+0000] {logging_mixin.py:151} INFO - page 395 succesfully scraped
[2023-08-29T03:33:40.523+0000] {logging_mixin.py:151} INFO - page 396 succesfully scraped
[2023-08-29T03:33:41.758+0000] {logging_mixin.py:151} INFO - page 397 succesfully scraped
[2023-08-29T03:33:42.760+0000] {logging_mixin.py:151} INFO - page 398 succesfully scraped
[2023-08-29T03:33:43.799+0000] {logging_mixin.py:151} INFO - page 399 succesfully scraped
[2023-08-29T03:33:44.555+0000] {logging_mixin.py:151} INFO - page 400 succesfully scraped
[2023-08-29T03:33:45.428+0000] {logging_mixin.py:151} INFO - page 401 succesfully scraped
[2023-08-29T03:33:46.063+0000] {logging_mixin.py:151} INFO - page 402 succesfully scraped
[2023-08-29T03:33:46.903+0000] {logging_mixin.py:151} INFO - page 403 succesfully scraped
[2023-08-29T03:33:47.665+0000] {logging_mixin.py:151} INFO - page 404 succesfully scraped
[2023-08-29T03:33:48.414+0000] {logging_mixin.py:151} INFO - page 405 succesfully scraped
[2023-08-29T03:33:49.274+0000] {logging_mixin.py:151} INFO - page 406 succesfully scraped
[2023-08-29T03:33:49.986+0000] {logging_mixin.py:151} INFO - page 407 succesfully scraped
[2023-08-29T03:33:51.238+0000] {logging_mixin.py:151} INFO - page 408 succesfully scraped
[2023-08-29T03:33:52.104+0000] {logging_mixin.py:151} INFO - page 409 succesfully scraped
[2023-08-29T03:33:53.675+0000] {logging_mixin.py:151} INFO - page 410 succesfully scraped
[2023-08-29T03:33:54.647+0000] {logging_mixin.py:151} INFO - page 411 succesfully scraped
[2023-08-29T03:33:55.276+0000] {logging_mixin.py:151} INFO - page 412 succesfully scraped
[2023-08-29T03:33:55.947+0000] {logging_mixin.py:151} INFO - page 413 succesfully scraped
[2023-08-29T03:33:56.737+0000] {logging_mixin.py:151} INFO - page 414 succesfully scraped
[2023-08-29T03:33:57.341+0000] {logging_mixin.py:151} INFO - page 415 succesfully scraped
[2023-08-29T03:33:58.492+0000] {logging_mixin.py:151} INFO - page 416 succesfully scraped
[2023-08-29T03:33:59.731+0000] {logging_mixin.py:151} INFO - page 417 succesfully scraped
[2023-08-29T03:34:00.509+0000] {logging_mixin.py:151} INFO - page 418 succesfully scraped
[2023-08-29T03:34:02.265+0000] {logging_mixin.py:151} INFO - page 419 succesfully scraped
[2023-08-29T03:34:03.152+0000] {logging_mixin.py:151} INFO - page 420 succesfully scraped
[2023-08-29T03:34:04.108+0000] {logging_mixin.py:151} INFO - page 421 succesfully scraped
[2023-08-29T03:34:04.898+0000] {logging_mixin.py:151} INFO - page 422 succesfully scraped
[2023-08-29T03:34:05.910+0000] {logging_mixin.py:151} INFO - page 423 succesfully scraped
[2023-08-29T03:34:07.424+0000] {logging_mixin.py:151} INFO - page 424 succesfully scraped
[2023-08-29T03:34:08.398+0000] {logging_mixin.py:151} INFO - page 425 succesfully scraped
[2023-08-29T03:34:09.774+0000] {logging_mixin.py:151} INFO - page 426 succesfully scraped
[2023-08-29T03:34:10.459+0000] {logging_mixin.py:151} INFO - page 427 succesfully scraped
[2023-08-29T03:34:11.299+0000] {logging_mixin.py:151} INFO - page 428 succesfully scraped
[2023-08-29T03:34:12.243+0000] {logging_mixin.py:151} INFO - page 429 succesfully scraped
[2023-08-29T03:34:13.074+0000] {logging_mixin.py:151} INFO - page 430 succesfully scraped
[2023-08-29T03:34:13.759+0000] {logging_mixin.py:151} INFO - page 431 succesfully scraped
[2023-08-29T03:34:15.053+0000] {logging_mixin.py:151} INFO - page 432 succesfully scraped
[2023-08-29T03:34:15.788+0000] {logging_mixin.py:151} INFO - page 433 succesfully scraped
[2023-08-29T03:34:16.994+0000] {logging_mixin.py:151} INFO - page 434 succesfully scraped
[2023-08-29T03:34:17.596+0000] {logging_mixin.py:151} INFO - page 435 succesfully scraped
[2023-08-29T03:34:18.705+0000] {logging_mixin.py:151} INFO - page 436 succesfully scraped
[2023-08-29T03:34:20.083+0000] {logging_mixin.py:151} INFO - page 437 succesfully scraped
[2023-08-29T03:34:20.879+0000] {logging_mixin.py:151} INFO - page 438 succesfully scraped
[2023-08-29T03:34:21.841+0000] {logging_mixin.py:151} INFO - page 439 succesfully scraped
[2023-08-29T03:34:22.871+0000] {logging_mixin.py:151} INFO - page 440 succesfully scraped
[2023-08-29T03:34:23.540+0000] {logging_mixin.py:151} INFO - page 441 succesfully scraped
[2023-08-29T03:34:24.935+0000] {logging_mixin.py:151} INFO - page 442 succesfully scraped
[2023-08-29T03:34:26.027+0000] {logging_mixin.py:151} INFO - page 443 succesfully scraped
[2023-08-29T03:34:27.838+0000] {logging_mixin.py:151} INFO - page 444 succesfully scraped
[2023-08-29T03:34:28.555+0000] {logging_mixin.py:151} INFO - page 445 succesfully scraped
[2023-08-29T03:34:29.831+0000] {logging_mixin.py:151} INFO - page 446 succesfully scraped
[2023-08-29T03:34:30.730+0000] {logging_mixin.py:151} INFO - page 447 succesfully scraped
[2023-08-29T03:34:31.937+0000] {logging_mixin.py:151} INFO - page 448 succesfully scraped
[2023-08-29T03:34:32.592+0000] {logging_mixin.py:151} INFO - page 449 succesfully scraped
[2023-08-29T03:34:33.435+0000] {logging_mixin.py:151} INFO - page 450 succesfully scraped
[2023-08-29T03:34:34.908+0000] {logging_mixin.py:151} INFO - page 451 succesfully scraped
[2023-08-29T03:34:36.533+0000] {logging_mixin.py:151} INFO - page 452 succesfully scraped
[2023-08-29T03:34:37.266+0000] {logging_mixin.py:151} INFO - page 453 succesfully scraped
[2023-08-29T03:34:38.108+0000] {logging_mixin.py:151} INFO - page 454 succesfully scraped
[2023-08-29T03:34:39.195+0000] {logging_mixin.py:151} INFO - page 455 succesfully scraped
[2023-08-29T03:34:39.824+0000] {logging_mixin.py:151} INFO - page 456 succesfully scraped
[2023-08-29T03:34:40.397+0000] {logging_mixin.py:151} INFO - page 457 succesfully scraped
[2023-08-29T03:34:41.041+0000] {logging_mixin.py:151} INFO - page 458 succesfully scraped
[2023-08-29T03:34:42.240+0000] {logging_mixin.py:151} INFO - page 459 succesfully scraped
[2023-08-29T03:34:43.124+0000] {logging_mixin.py:151} INFO - page 460 succesfully scraped
[2023-08-29T03:34:43.891+0000] {logging_mixin.py:151} INFO - page 461 succesfully scraped
[2023-08-29T03:34:44.636+0000] {logging_mixin.py:151} INFO - page 462 succesfully scraped
[2023-08-29T03:34:45.558+0000] {logging_mixin.py:151} INFO - page 463 succesfully scraped
[2023-08-29T03:34:46.479+0000] {logging_mixin.py:151} INFO - page 464 succesfully scraped
[2023-08-29T03:34:47.186+0000] {logging_mixin.py:151} INFO - page 465 succesfully scraped
[2023-08-29T03:34:48.003+0000] {logging_mixin.py:151} INFO - page 466 succesfully scraped
[2023-08-29T03:34:48.911+0000] {logging_mixin.py:151} INFO - page 467 succesfully scraped
[2023-08-29T03:34:49.594+0000] {logging_mixin.py:151} INFO - page 468 succesfully scraped
[2023-08-29T03:34:50.182+0000] {logging_mixin.py:151} INFO - page 469 succesfully scraped
[2023-08-29T03:34:50.745+0000] {logging_mixin.py:151} INFO - page 470 succesfully scraped
[2023-08-29T03:34:51.568+0000] {logging_mixin.py:151} INFO - page 471 succesfully scraped
[2023-08-29T03:34:52.534+0000] {logging_mixin.py:151} INFO - page 472 succesfully scraped
[2023-08-29T03:34:53.268+0000] {logging_mixin.py:151} INFO - page 473 succesfully scraped
[2023-08-29T03:34:53.915+0000] {logging_mixin.py:151} INFO - page 474 succesfully scraped
[2023-08-29T03:34:54.798+0000] {logging_mixin.py:151} INFO - page 475 succesfully scraped
[2023-08-29T03:34:55.509+0000] {logging_mixin.py:151} INFO - page 476 succesfully scraped
[2023-08-29T03:34:56.432+0000] {logging_mixin.py:151} INFO - page 477 succesfully scraped
[2023-08-29T03:34:57.260+0000] {logging_mixin.py:151} INFO - page 478 succesfully scraped
[2023-08-29T03:34:58.200+0000] {logging_mixin.py:151} INFO - page 479 succesfully scraped
[2023-08-29T03:34:58.831+0000] {logging_mixin.py:151} INFO - page 480 succesfully scraped
[2023-08-29T03:34:59.961+0000] {logging_mixin.py:151} INFO - page 481 succesfully scraped
[2023-08-29T03:35:00.628+0000] {logging_mixin.py:151} INFO - page 482 succesfully scraped
[2023-08-29T03:35:01.654+0000] {logging_mixin.py:151} INFO - page 483 succesfully scraped
[2023-08-29T03:35:02.520+0000] {logging_mixin.py:151} INFO - page 484 succesfully scraped
[2023-08-29T03:35:03.283+0000] {logging_mixin.py:151} INFO - page 485 succesfully scraped
[2023-08-29T03:35:03.944+0000] {logging_mixin.py:151} INFO - page 486 succesfully scraped
[2023-08-29T03:35:04.803+0000] {logging_mixin.py:151} INFO - page 487 succesfully scraped
[2023-08-29T03:35:05.529+0000] {logging_mixin.py:151} INFO - page 488 succesfully scraped
[2023-08-29T03:35:06.547+0000] {logging_mixin.py:151} INFO - page 489 succesfully scraped
[2023-08-29T03:35:08.387+0000] {logging_mixin.py:151} INFO - page 490 succesfully scraped
[2023-08-29T03:35:09.397+0000] {logging_mixin.py:151} INFO - page 491 succesfully scraped
[2023-08-29T03:35:10.400+0000] {logging_mixin.py:151} INFO - page 492 succesfully scraped
[2023-08-29T03:35:11.149+0000] {logging_mixin.py:151} INFO - page 493 succesfully scraped
[2023-08-29T03:35:11.975+0000] {logging_mixin.py:151} INFO - page 494 succesfully scraped
[2023-08-29T03:35:13.170+0000] {logging_mixin.py:151} INFO - page 495 succesfully scraped
[2023-08-29T03:35:13.844+0000] {logging_mixin.py:151} INFO - page 496 succesfully scraped
[2023-08-29T03:35:14.456+0000] {logging_mixin.py:151} INFO - page 497 succesfully scraped
[2023-08-29T03:35:15.047+0000] {logging_mixin.py:151} INFO - page 498 succesfully scraped
[2023-08-29T03:35:15.957+0000] {logging_mixin.py:151} INFO - page 499 succesfully scraped
[2023-08-29T03:35:17.101+0000] {logging_mixin.py:151} INFO - page 500 succesfully scraped
[2023-08-29T03:35:17.917+0000] {logging_mixin.py:151} INFO - page 501 succesfully scraped
[2023-08-29T03:35:19.543+0000] {logging_mixin.py:151} INFO - page 502 succesfully scraped
[2023-08-29T03:35:20.458+0000] {logging_mixin.py:151} INFO - page 503 succesfully scraped
[2023-08-29T03:35:21.092+0000] {logging_mixin.py:151} INFO - page 504 succesfully scraped
[2023-08-29T03:35:21.987+0000] {logging_mixin.py:151} INFO - page 505 succesfully scraped
[2023-08-29T03:35:22.731+0000] {logging_mixin.py:151} INFO - page 506 succesfully scraped
[2023-08-29T03:35:23.977+0000] {logging_mixin.py:151} INFO - page 507 succesfully scraped
[2023-08-29T03:35:24.695+0000] {logging_mixin.py:151} INFO - page 508 succesfully scraped
[2023-08-29T03:35:25.353+0000] {logging_mixin.py:151} INFO - page 509 succesfully scraped
[2023-08-29T03:35:25.981+0000] {logging_mixin.py:151} INFO - page 510 succesfully scraped
[2023-08-29T03:35:26.992+0000] {logging_mixin.py:151} INFO - page 511 succesfully scraped
[2023-08-29T03:35:27.785+0000] {logging_mixin.py:151} INFO - page 512 succesfully scraped
[2023-08-29T03:35:28.519+0000] {logging_mixin.py:151} INFO - page 513 succesfully scraped
[2023-08-29T03:35:29.155+0000] {logging_mixin.py:151} INFO - page 514 succesfully scraped
[2023-08-29T03:35:30.100+0000] {logging_mixin.py:151} INFO - page 515 succesfully scraped
[2023-08-29T03:35:30.967+0000] {logging_mixin.py:151} INFO - page 516 succesfully scraped
[2023-08-29T03:35:31.663+0000] {logging_mixin.py:151} INFO - page 517 succesfully scraped
[2023-08-29T03:35:32.480+0000] {logging_mixin.py:151} INFO - page 518 succesfully scraped
[2023-08-29T03:35:33.998+0000] {logging_mixin.py:151} INFO - page 519 succesfully scraped
[2023-08-29T03:35:34.764+0000] {logging_mixin.py:151} INFO - page 520 succesfully scraped
[2023-08-29T03:35:35.690+0000] {logging_mixin.py:151} INFO - page 521 succesfully scraped
[2023-08-29T03:35:36.394+0000] {logging_mixin.py:151} INFO - page 522 succesfully scraped
[2023-08-29T03:35:37.282+0000] {logging_mixin.py:151} INFO - page 523 succesfully scraped
[2023-08-29T03:35:37.965+0000] {logging_mixin.py:151} INFO - page 524 succesfully scraped
[2023-08-29T03:35:39.013+0000] {logging_mixin.py:151} INFO - page 525 succesfully scraped
[2023-08-29T03:35:39.832+0000] {logging_mixin.py:151} INFO - page 526 succesfully scraped
[2023-08-29T03:35:40.720+0000] {logging_mixin.py:151} INFO - page 527 succesfully scraped
[2023-08-29T03:35:41.537+0000] {logging_mixin.py:151} INFO - page 528 succesfully scraped
[2023-08-29T03:35:42.192+0000] {logging_mixin.py:151} INFO - page 529 succesfully scraped
[2023-08-29T03:35:42.911+0000] {logging_mixin.py:151} INFO - page 530 succesfully scraped
[2023-08-29T03:35:44.010+0000] {logging_mixin.py:151} INFO - page 531 succesfully scraped
[2023-08-29T03:35:44.936+0000] {logging_mixin.py:151} INFO - page 532 succesfully scraped
[2023-08-29T03:35:45.933+0000] {logging_mixin.py:151} INFO - page 533 succesfully scraped
[2023-08-29T03:35:46.670+0000] {logging_mixin.py:151} INFO - page 534 succesfully scraped
[2023-08-29T03:35:47.830+0000] {logging_mixin.py:151} INFO - page 535 succesfully scraped
[2023-08-29T03:35:49.419+0000] {logging_mixin.py:151} INFO - page 536 succesfully scraped
[2023-08-29T03:35:51.414+0000] {logging_mixin.py:151} INFO - page 537 succesfully scraped
[2023-08-29T03:35:52.117+0000] {logging_mixin.py:151} INFO - page 538 succesfully scraped
[2023-08-29T03:35:53.117+0000] {logging_mixin.py:151} INFO - page 539 succesfully scraped
[2023-08-29T03:35:53.952+0000] {logging_mixin.py:151} INFO - page 540 succesfully scraped
[2023-08-29T03:35:54.883+0000] {logging_mixin.py:151} INFO - page 541 succesfully scraped
[2023-08-29T03:35:55.596+0000] {logging_mixin.py:151} INFO - page 542 succesfully scraped
[2023-08-29T03:35:56.530+0000] {logging_mixin.py:151} INFO - page 543 succesfully scraped
[2023-08-29T03:35:57.637+0000] {logging_mixin.py:151} INFO - page 544 succesfully scraped
[2023-08-29T03:35:58.467+0000] {logging_mixin.py:151} INFO - page 545 succesfully scraped
[2023-08-29T03:35:59.159+0000] {logging_mixin.py:151} INFO - page 546 succesfully scraped
[2023-08-29T03:35:59.958+0000] {logging_mixin.py:151} INFO - page 547 succesfully scraped
[2023-08-29T03:36:00.916+0000] {logging_mixin.py:151} INFO - page 548 succesfully scraped
[2023-08-29T03:36:01.722+0000] {logging_mixin.py:151} INFO - page 549 succesfully scraped
[2023-08-29T03:36:03.461+0000] {logging_mixin.py:151} INFO - page 550 succesfully scraped
[2023-08-29T03:36:04.375+0000] {logging_mixin.py:151} INFO - page 551 succesfully scraped
[2023-08-29T03:36:05.247+0000] {logging_mixin.py:151} INFO - page 552 succesfully scraped
[2023-08-29T03:36:05.887+0000] {logging_mixin.py:151} INFO - page 553 succesfully scraped
[2023-08-29T03:36:06.812+0000] {logging_mixin.py:151} INFO - page 554 succesfully scraped
[2023-08-29T03:36:07.476+0000] {logging_mixin.py:151} INFO - page 555 succesfully scraped
[2023-08-29T03:36:08.159+0000] {logging_mixin.py:151} INFO - page 556 succesfully scraped
[2023-08-29T03:36:08.812+0000] {logging_mixin.py:151} INFO - page 557 succesfully scraped
[2023-08-29T03:36:09.984+0000] {logging_mixin.py:151} INFO - page 558 succesfully scraped
[2023-08-29T03:36:10.725+0000] {logging_mixin.py:151} INFO - page 559 succesfully scraped
[2023-08-29T03:36:12.363+0000] {logging_mixin.py:151} INFO - page 560 succesfully scraped
[2023-08-29T03:36:13.577+0000] {logging_mixin.py:151} INFO - page 561 succesfully scraped
[2023-08-29T03:36:14.237+0000] {logging_mixin.py:151} INFO - page 562 succesfully scraped
[2023-08-29T03:36:15.326+0000] {logging_mixin.py:151} INFO - page 563 succesfully scraped
[2023-08-29T03:36:15.971+0000] {logging_mixin.py:151} INFO - page 564 succesfully scraped
[2023-08-29T03:36:16.975+0000] {logging_mixin.py:151} INFO - page 565 succesfully scraped
[2023-08-29T03:36:17.862+0000] {logging_mixin.py:151} INFO - page 566 succesfully scraped
[2023-08-29T03:36:18.960+0000] {logging_mixin.py:151} INFO - page 567 succesfully scraped
[2023-08-29T03:36:19.665+0000] {logging_mixin.py:151} INFO - page 568 succesfully scraped
[2023-08-29T03:36:21.654+0000] {logging_mixin.py:151} INFO - page 569 succesfully scraped
[2023-08-29T03:36:22.632+0000] {logging_mixin.py:151} INFO - page 570 succesfully scraped
[2023-08-29T03:36:23.474+0000] {logging_mixin.py:151} INFO - page 571 succesfully scraped
[2023-08-29T03:36:24.325+0000] {logging_mixin.py:151} INFO - page 572 succesfully scraped
[2023-08-29T03:36:24.951+0000] {logging_mixin.py:151} INFO - page 573 succesfully scraped
[2023-08-29T03:36:25.728+0000] {logging_mixin.py:151} INFO - page 574 succesfully scraped
[2023-08-29T03:36:26.743+0000] {logging_mixin.py:151} INFO - page 575 succesfully scraped
[2023-08-29T03:36:28.008+0000] {logging_mixin.py:151} INFO - page 576 succesfully scraped
[2023-08-29T03:36:28.716+0000] {logging_mixin.py:151} INFO - page 577 succesfully scraped
[2023-08-29T03:36:29.601+0000] {logging_mixin.py:151} INFO - page 578 succesfully scraped
[2023-08-29T03:36:30.839+0000] {logging_mixin.py:151} INFO - page 579 succesfully scraped
[2023-08-29T03:36:31.804+0000] {logging_mixin.py:151} INFO - page 580 succesfully scraped
[2023-08-29T03:36:32.775+0000] {logging_mixin.py:151} INFO - page 581 succesfully scraped
[2023-08-29T03:36:33.729+0000] {logging_mixin.py:151} INFO - page 582 succesfully scraped
[2023-08-29T03:36:34.863+0000] {logging_mixin.py:151} INFO - page 583 succesfully scraped
[2023-08-29T03:36:35.776+0000] {logging_mixin.py:151} INFO - page 584 succesfully scraped
[2023-08-29T03:36:36.497+0000] {logging_mixin.py:151} INFO - page 585 succesfully scraped
[2023-08-29T03:36:37.345+0000] {logging_mixin.py:151} INFO - page 586 succesfully scraped
[2023-08-29T03:36:38.406+0000] {logging_mixin.py:151} INFO - page 587 succesfully scraped
[2023-08-29T03:36:39.040+0000] {logging_mixin.py:151} INFO - page 588 succesfully scraped
[2023-08-29T03:36:39.882+0000] {logging_mixin.py:151} INFO - page 589 succesfully scraped
[2023-08-29T03:36:40.573+0000] {logging_mixin.py:151} INFO - page 590 succesfully scraped
[2023-08-29T03:36:41.617+0000] {logging_mixin.py:151} INFO - page 591 succesfully scraped
[2023-08-29T03:36:42.417+0000] {logging_mixin.py:151} INFO - page 592 succesfully scraped
[2023-08-29T03:36:43.321+0000] {logging_mixin.py:151} INFO - page 593 succesfully scraped
[2023-08-29T03:36:44.504+0000] {logging_mixin.py:151} INFO - page 594 succesfully scraped
[2023-08-29T03:36:45.170+0000] {logging_mixin.py:151} INFO - page 595 succesfully scraped
[2023-08-29T03:36:45.981+0000] {logging_mixin.py:151} INFO - page 596 succesfully scraped
[2023-08-29T03:36:46.691+0000] {logging_mixin.py:151} INFO - page 597 succesfully scraped
[2023-08-29T03:36:47.539+0000] {logging_mixin.py:151} INFO - page 598 succesfully scraped
[2023-08-29T03:36:48.166+0000] {logging_mixin.py:151} INFO - page 599 succesfully scraped
[2023-08-29T03:36:48.973+0000] {logging_mixin.py:151} INFO - page 600 succesfully scraped
[2023-08-29T03:36:50.022+0000] {logging_mixin.py:151} INFO - page 601 succesfully scraped
[2023-08-29T03:36:50.817+0000] {logging_mixin.py:151} INFO - page 602 succesfully scraped
[2023-08-29T03:36:51.808+0000] {logging_mixin.py:151} INFO - page 603 succesfully scraped
[2023-08-29T03:36:52.537+0000] {logging_mixin.py:151} INFO - page 604 succesfully scraped
[2023-08-29T03:36:53.383+0000] {logging_mixin.py:151} INFO - page 605 succesfully scraped
[2023-08-29T03:36:54.058+0000] {logging_mixin.py:151} INFO - page 606 succesfully scraped
[2023-08-29T03:36:54.839+0000] {logging_mixin.py:151} INFO - page 607 succesfully scraped
[2023-08-29T03:36:55.689+0000] {logging_mixin.py:151} INFO - page 608 succesfully scraped
[2023-08-29T03:36:56.791+0000] {logging_mixin.py:151} INFO - page 609 succesfully scraped
[2023-08-29T03:36:57.525+0000] {logging_mixin.py:151} INFO - page 610 succesfully scraped
[2023-08-29T03:36:58.068+0000] {logging_mixin.py:151} INFO - page 611 succesfully scraped
[2023-08-29T03:36:59.312+0000] {logging_mixin.py:151} INFO - page 612 succesfully scraped
[2023-08-29T03:37:00.171+0000] {logging_mixin.py:151} INFO - page 613 succesfully scraped
[2023-08-29T03:37:01.019+0000] {logging_mixin.py:151} INFO - page 614 succesfully scraped
[2023-08-29T03:37:02.465+0000] {logging_mixin.py:151} INFO - page 615 succesfully scraped
[2023-08-29T03:37:03.376+0000] {logging_mixin.py:151} INFO - page 616 succesfully scraped
[2023-08-29T03:37:04.546+0000] {logging_mixin.py:151} INFO - page 617 succesfully scraped
[2023-08-29T03:37:06.231+0000] {logging_mixin.py:151} INFO - page 618 succesfully scraped
[2023-08-29T03:37:06.958+0000] {logging_mixin.py:151} INFO - page 619 succesfully scraped
[2023-08-29T03:37:07.942+0000] {logging_mixin.py:151} INFO - page 620 succesfully scraped
[2023-08-29T03:37:08.639+0000] {logging_mixin.py:151} INFO - page 621 succesfully scraped
[2023-08-29T03:37:09.618+0000] {logging_mixin.py:151} INFO - page 622 succesfully scraped
[2023-08-29T03:37:11.126+0000] {logging_mixin.py:151} INFO - page 623 succesfully scraped
[2023-08-29T03:37:12.003+0000] {logging_mixin.py:151} INFO - page 624 succesfully scraped
[2023-08-29T03:37:12.743+0000] {logging_mixin.py:151} INFO - page 625 succesfully scraped
[2023-08-29T03:37:13.302+0000] {logging_mixin.py:151} INFO - page 626 succesfully scraped
[2023-08-29T03:37:14.401+0000] {logging_mixin.py:151} INFO - page 627 succesfully scraped
[2023-08-29T03:37:15.241+0000] {logging_mixin.py:151} INFO - page 628 succesfully scraped
[2023-08-29T03:37:16.294+0000] {logging_mixin.py:151} INFO - page 629 succesfully scraped
[2023-08-29T03:37:17.345+0000] {logging_mixin.py:151} INFO - page 630 succesfully scraped
[2023-08-29T03:37:18.116+0000] {logging_mixin.py:151} INFO - page 631 succesfully scraped
[2023-08-29T03:37:19.261+0000] {logging_mixin.py:151} INFO - page 632 succesfully scraped
[2023-08-29T03:37:19.875+0000] {logging_mixin.py:151} INFO - page 633 succesfully scraped
[2023-08-29T03:37:20.546+0000] {logging_mixin.py:151} INFO - page 634 succesfully scraped
[2023-08-29T03:37:21.466+0000] {logging_mixin.py:151} INFO - page 635 succesfully scraped
[2023-08-29T03:37:22.134+0000] {logging_mixin.py:151} INFO - page 636 succesfully scraped
[2023-08-29T03:37:22.935+0000] {logging_mixin.py:151} INFO - page 637 succesfully scraped
[2023-08-29T03:37:23.856+0000] {logging_mixin.py:151} INFO - page 638 succesfully scraped
[2023-08-29T03:37:24.559+0000] {logging_mixin.py:151} INFO - page 639 succesfully scraped
[2023-08-29T03:37:25.282+0000] {logging_mixin.py:151} INFO - page 640 succesfully scraped
[2023-08-29T03:37:25.981+0000] {logging_mixin.py:151} INFO - page 641 succesfully scraped
[2023-08-29T03:37:26.914+0000] {logging_mixin.py:151} INFO - page 642 succesfully scraped
[2023-08-29T03:37:27.734+0000] {logging_mixin.py:151} INFO - page 643 succesfully scraped
[2023-08-29T03:37:28.582+0000] {logging_mixin.py:151} INFO - page 644 succesfully scraped
[2023-08-29T03:37:29.379+0000] {logging_mixin.py:151} INFO - page 645 succesfully scraped
[2023-08-29T03:37:30.273+0000] {logging_mixin.py:151} INFO - page 646 succesfully scraped
[2023-08-29T03:37:30.954+0000] {logging_mixin.py:151} INFO - page 647 succesfully scraped
[2023-08-29T03:37:31.672+0000] {logging_mixin.py:151} INFO - page 648 succesfully scraped
[2023-08-29T03:37:32.719+0000] {logging_mixin.py:151} INFO - page 649 succesfully scraped
[2023-08-29T03:37:33.595+0000] {logging_mixin.py:151} INFO - page 650 succesfully scraped
[2023-08-29T03:37:34.900+0000] {logging_mixin.py:151} INFO - page 651 succesfully scraped
[2023-08-29T03:37:35.671+0000] {logging_mixin.py:151} INFO - page 652 succesfully scraped
[2023-08-29T03:37:36.550+0000] {logging_mixin.py:151} INFO - page 653 succesfully scraped
[2023-08-29T03:37:37.518+0000] {logging_mixin.py:151} INFO - page 654 succesfully scraped
[2023-08-29T03:37:38.151+0000] {logging_mixin.py:151} INFO - page 655 succesfully scraped
[2023-08-29T03:37:38.844+0000] {logging_mixin.py:151} INFO - page 656 succesfully scraped
[2023-08-29T03:37:39.638+0000] {logging_mixin.py:151} INFO - page 657 succesfully scraped
[2023-08-29T03:37:40.485+0000] {logging_mixin.py:151} INFO - page 658 succesfully scraped
[2023-08-29T03:37:41.202+0000] {logging_mixin.py:151} INFO - page 659 succesfully scraped
[2023-08-29T03:37:42.172+0000] {logging_mixin.py:151} INFO - page 660 succesfully scraped
[2023-08-29T03:37:42.883+0000] {logging_mixin.py:151} INFO - page 661 succesfully scraped
[2023-08-29T03:37:43.750+0000] {logging_mixin.py:151} INFO - page 662 succesfully scraped
[2023-08-29T03:37:44.679+0000] {logging_mixin.py:151} INFO - page 663 succesfully scraped
[2023-08-29T03:37:45.738+0000] {logging_mixin.py:151} INFO - page 664 succesfully scraped
[2023-08-29T03:37:46.823+0000] {logging_mixin.py:151} INFO - page 665 succesfully scraped
[2023-08-29T03:37:48.432+0000] {logging_mixin.py:151} INFO - page 666 succesfully scraped
[2023-08-29T03:37:49.152+0000] {logging_mixin.py:151} INFO - page 667 succesfully scraped
[2023-08-29T03:37:50.241+0000] {logging_mixin.py:151} INFO - page 668 succesfully scraped
[2023-08-29T03:37:51.107+0000] {logging_mixin.py:151} INFO - page 669 succesfully scraped
[2023-08-29T03:37:52.017+0000] {logging_mixin.py:151} INFO - page 670 succesfully scraped
[2023-08-29T03:37:53.461+0000] {logging_mixin.py:151} INFO - page 671 succesfully scraped
[2023-08-29T03:37:54.534+0000] {logging_mixin.py:151} INFO - page 672 succesfully scraped
[2023-08-29T03:37:55.273+0000] {logging_mixin.py:151} INFO - page 673 succesfully scraped
[2023-08-29T03:37:56.163+0000] {logging_mixin.py:151} INFO - page 674 succesfully scraped
[2023-08-29T03:37:56.991+0000] {logging_mixin.py:151} INFO - page 675 succesfully scraped
[2023-08-29T03:37:58.054+0000] {logging_mixin.py:151} INFO - page 676 succesfully scraped
[2023-08-29T03:37:58.887+0000] {logging_mixin.py:151} INFO - page 677 succesfully scraped
[2023-08-29T03:37:59.583+0000] {logging_mixin.py:151} INFO - page 678 succesfully scraped
[2023-08-29T03:38:00.430+0000] {logging_mixin.py:151} INFO - page 679 succesfully scraped
[2023-08-29T03:38:01.910+0000] {logging_mixin.py:151} INFO - page 680 succesfully scraped
[2023-08-29T03:38:02.828+0000] {logging_mixin.py:151} INFO - page 681 succesfully scraped
[2023-08-29T03:38:03.468+0000] {logging_mixin.py:151} INFO - page 682 succesfully scraped
[2023-08-29T03:38:04.293+0000] {logging_mixin.py:151} INFO - page 683 succesfully scraped
[2023-08-29T03:38:05.038+0000] {logging_mixin.py:151} INFO - page 684 succesfully scraped
[2023-08-29T03:38:05.776+0000] {logging_mixin.py:151} INFO - page 685 succesfully scraped
[2023-08-29T03:38:06.918+0000] {logging_mixin.py:151} INFO - page 686 succesfully scraped
[2023-08-29T03:38:08.492+0000] {logging_mixin.py:151} INFO - page 687 succesfully scraped
[2023-08-29T03:38:09.172+0000] {logging_mixin.py:151} INFO - page 688 succesfully scraped
[2023-08-29T03:38:10.156+0000] {logging_mixin.py:151} INFO - page 689 succesfully scraped
[2023-08-29T03:38:11.137+0000] {logging_mixin.py:151} INFO - page 690 succesfully scraped
[2023-08-29T03:38:11.944+0000] {logging_mixin.py:151} INFO - page 691 succesfully scraped
[2023-08-29T03:38:13.075+0000] {logging_mixin.py:151} INFO - page 692 succesfully scraped
[2023-08-29T03:38:14.167+0000] {logging_mixin.py:151} INFO - page 693 succesfully scraped
[2023-08-29T03:38:15.789+0000] {logging_mixin.py:151} INFO - page 694 succesfully scraped
[2023-08-29T03:38:16.505+0000] {logging_mixin.py:151} INFO - page 695 succesfully scraped
[2023-08-29T03:38:17.233+0000] {logging_mixin.py:151} INFO - page 696 succesfully scraped
[2023-08-29T03:38:17.977+0000] {logging_mixin.py:151} INFO - page 697 succesfully scraped
[2023-08-29T03:38:18.625+0000] {logging_mixin.py:151} INFO - page 698 succesfully scraped
[2023-08-29T03:38:19.759+0000] {logging_mixin.py:151} INFO - page 699 succesfully scraped
[2023-08-29T03:38:20.626+0000] {logging_mixin.py:151} INFO - page 700 succesfully scraped
[2023-08-29T03:38:21.732+0000] {logging_mixin.py:151} INFO - page 701 succesfully scraped
[2023-08-29T03:38:22.366+0000] {logging_mixin.py:151} INFO - page 702 succesfully scraped
[2023-08-29T03:38:23.299+0000] {logging_mixin.py:151} INFO - page 703 succesfully scraped
[2023-08-29T03:38:24.205+0000] {logging_mixin.py:151} INFO - page 704 succesfully scraped
[2023-08-29T03:38:24.972+0000] {logging_mixin.py:151} INFO - page 705 succesfully scraped
[2023-08-29T03:38:26.279+0000] {logging_mixin.py:151} INFO - page 706 succesfully scraped
[2023-08-29T03:38:27.250+0000] {logging_mixin.py:151} INFO - page 707 succesfully scraped
[2023-08-29T03:38:28.719+0000] {logging_mixin.py:151} INFO - page 708 succesfully scraped
[2023-08-29T03:38:29.507+0000] {logging_mixin.py:151} INFO - page 709 succesfully scraped
[2023-08-29T03:38:30.252+0000] {logging_mixin.py:151} INFO - page 710 succesfully scraped
[2023-08-29T03:38:31.037+0000] {logging_mixin.py:151} INFO - page 711 succesfully scraped
[2023-08-29T03:38:31.913+0000] {logging_mixin.py:151} INFO - page 712 succesfully scraped
[2023-08-29T03:38:32.609+0000] {logging_mixin.py:151} INFO - page 713 succesfully scraped
[2023-08-29T03:38:33.214+0000] {logging_mixin.py:151} INFO - page 714 succesfully scraped
[2023-08-29T03:38:34.162+0000] {logging_mixin.py:151} INFO - page 715 succesfully scraped
[2023-08-29T03:38:34.916+0000] {logging_mixin.py:151} INFO - page 716 succesfully scraped
[2023-08-29T03:38:35.662+0000] {logging_mixin.py:151} INFO - page 717 succesfully scraped
[2023-08-29T03:38:36.272+0000] {logging_mixin.py:151} INFO - page 718 succesfully scraped
[2023-08-29T03:38:37.209+0000] {logging_mixin.py:151} INFO - page 719 succesfully scraped
[2023-08-29T03:38:38.085+0000] {logging_mixin.py:151} INFO - page 720 succesfully scraped
[2023-08-29T03:38:39.118+0000] {logging_mixin.py:151} INFO - page 721 succesfully scraped
[2023-08-29T03:38:39.926+0000] {logging_mixin.py:151} INFO - page 722 succesfully scraped
[2023-08-29T03:38:40.971+0000] {logging_mixin.py:151} INFO - page 723 succesfully scraped
[2023-08-29T03:38:41.680+0000] {logging_mixin.py:151} INFO - page 724 succesfully scraped
[2023-08-29T03:38:43.306+0000] {logging_mixin.py:151} INFO - page 725 succesfully scraped
[2023-08-29T03:38:44.264+0000] {logging_mixin.py:151} INFO - page 726 succesfully scraped
[2023-08-29T03:38:45.349+0000] {logging_mixin.py:151} INFO - page 727 succesfully scraped
[2023-08-29T03:38:46.306+0000] {logging_mixin.py:151} INFO - page 728 succesfully scraped
[2023-08-29T03:38:47.420+0000] {logging_mixin.py:151} INFO - page 729 succesfully scraped
[2023-08-29T03:38:48.549+0000] {logging_mixin.py:151} INFO - page 730 succesfully scraped
[2023-08-29T03:38:49.662+0000] {logging_mixin.py:151} INFO - page 731 succesfully scraped
[2023-08-29T03:38:50.763+0000] {logging_mixin.py:151} INFO - page 732 succesfully scraped
[2023-08-29T03:38:51.412+0000] {logging_mixin.py:151} INFO - page 733 succesfully scraped
[2023-08-29T03:38:52.348+0000] {logging_mixin.py:151} INFO - page 734 succesfully scraped
[2023-08-29T03:38:53.348+0000] {logging_mixin.py:151} INFO - page 735 succesfully scraped
[2023-08-29T03:38:54.086+0000] {logging_mixin.py:151} INFO - page 736 succesfully scraped
[2023-08-29T03:38:54.848+0000] {logging_mixin.py:151} INFO - page 737 succesfully scraped
[2023-08-29T03:38:55.618+0000] {logging_mixin.py:151} INFO - page 738 succesfully scraped
[2023-08-29T03:38:56.358+0000] {logging_mixin.py:151} INFO - page 739 succesfully scraped
[2023-08-29T03:38:57.949+0000] {logging_mixin.py:151} INFO - page 740 succesfully scraped
[2023-08-29T03:38:58.694+0000] {logging_mixin.py:151} INFO - page 741 succesfully scraped
[2023-08-29T03:38:59.732+0000] {logging_mixin.py:151} INFO - page 742 succesfully scraped
[2023-08-29T03:39:00.375+0000] {logging_mixin.py:151} INFO - page 743 succesfully scraped
[2023-08-29T03:39:01.172+0000] {logging_mixin.py:151} INFO - page 744 succesfully scraped
[2023-08-29T03:39:02.275+0000] {logging_mixin.py:151} INFO - page 745 succesfully scraped
[2023-08-29T03:39:03.525+0000] {logging_mixin.py:151} INFO - page 746 succesfully scraped
[2023-08-29T03:39:04.548+0000] {logging_mixin.py:151} INFO - page 747 succesfully scraped
[2023-08-29T03:39:05.468+0000] {logging_mixin.py:151} INFO - page 748 succesfully scraped
[2023-08-29T03:39:06.151+0000] {logging_mixin.py:151} INFO - page 749 succesfully scraped
[2023-08-29T03:39:07.324+0000] {logging_mixin.py:151} INFO - page 750 succesfully scraped
[2023-08-29T03:39:08.143+0000] {logging_mixin.py:151} INFO - page 751 succesfully scraped
[2023-08-29T03:39:08.887+0000] {logging_mixin.py:151} INFO - page 752 succesfully scraped
[2023-08-29T03:39:09.671+0000] {logging_mixin.py:151} INFO - page 753 succesfully scraped
[2023-08-29T03:39:10.514+0000] {logging_mixin.py:151} INFO - page 754 succesfully scraped
[2023-08-29T03:39:11.551+0000] {logging_mixin.py:151} INFO - page 755 succesfully scraped
[2023-08-29T03:39:12.384+0000] {logging_mixin.py:151} INFO - page 756 succesfully scraped
[2023-08-29T03:39:13.825+0000] {logging_mixin.py:151} INFO - page 757 succesfully scraped
[2023-08-29T03:39:14.674+0000] {logging_mixin.py:151} INFO - page 758 succesfully scraped
[2023-08-29T03:39:15.904+0000] {logging_mixin.py:151} INFO - page 759 succesfully scraped
[2023-08-29T03:39:16.664+0000] {logging_mixin.py:151} INFO - page 760 succesfully scraped
[2023-08-29T03:39:17.749+0000] {logging_mixin.py:151} INFO - page 761 succesfully scraped
[2023-08-29T03:39:19.647+0000] {logging_mixin.py:151} INFO - page 762 succesfully scraped
[2023-08-29T03:39:20.337+0000] {logging_mixin.py:151} INFO - page 763 succesfully scraped
[2023-08-29T03:39:21.274+0000] {logging_mixin.py:151} INFO - page 764 succesfully scraped
[2023-08-29T03:39:22.487+0000] {logging_mixin.py:151} INFO - page 765 succesfully scraped
[2023-08-29T03:39:23.380+0000] {logging_mixin.py:151} INFO - page 766 succesfully scraped
[2023-08-29T03:39:24.610+0000] {logging_mixin.py:151} INFO - page 767 succesfully scraped
[2023-08-29T03:39:25.736+0000] {logging_mixin.py:151} INFO - page 768 succesfully scraped
[2023-08-29T03:39:26.774+0000] {logging_mixin.py:151} INFO - page 769 succesfully scraped
[2023-08-29T03:39:27.645+0000] {logging_mixin.py:151} INFO - page 770 succesfully scraped
[2023-08-29T03:39:28.551+0000] {logging_mixin.py:151} INFO - page 771 succesfully scraped
[2023-08-29T03:39:29.833+0000] {logging_mixin.py:151} INFO - page 772 succesfully scraped
[2023-08-29T03:39:30.735+0000] {logging_mixin.py:151} INFO - page 773 succesfully scraped
[2023-08-29T03:39:31.882+0000] {logging_mixin.py:151} INFO - page 774 succesfully scraped
[2023-08-29T03:39:32.966+0000] {logging_mixin.py:151} INFO - page 775 succesfully scraped
[2023-08-29T03:39:33.959+0000] {logging_mixin.py:151} INFO - page 776 succesfully scraped
[2023-08-29T03:39:35.079+0000] {logging_mixin.py:151} INFO - page 777 succesfully scraped
[2023-08-29T03:39:35.948+0000] {logging_mixin.py:151} INFO - page 778 succesfully scraped
[2023-08-29T03:39:36.641+0000] {logging_mixin.py:151} INFO - page 779 succesfully scraped
[2023-08-29T03:39:37.559+0000] {logging_mixin.py:151} INFO - page 780 succesfully scraped
[2023-08-29T03:39:38.465+0000] {logging_mixin.py:151} INFO - page 781 succesfully scraped
[2023-08-29T03:39:39.222+0000] {logging_mixin.py:151} INFO - page 782 succesfully scraped
[2023-08-29T03:39:41.099+0000] {logging_mixin.py:151} INFO - page 783 succesfully scraped
[2023-08-29T03:39:42.155+0000] {logging_mixin.py:151} INFO - page 784 succesfully scraped
[2023-08-29T03:39:42.948+0000] {logging_mixin.py:151} INFO - page 785 succesfully scraped
[2023-08-29T03:39:43.780+0000] {logging_mixin.py:151} INFO - page 786 succesfully scraped
[2023-08-29T03:39:44.464+0000] {logging_mixin.py:151} INFO - page 787 succesfully scraped
[2023-08-29T03:39:45.237+0000] {logging_mixin.py:151} INFO - page 788 succesfully scraped
[2023-08-29T03:39:46.004+0000] {logging_mixin.py:151} INFO - page 789 succesfully scraped
[2023-08-29T03:39:46.844+0000] {logging_mixin.py:151} INFO - page 790 succesfully scraped
[2023-08-29T03:39:47.651+0000] {logging_mixin.py:151} INFO - page 791 succesfully scraped
[2023-08-29T03:39:48.604+0000] {logging_mixin.py:151} INFO - page 792 succesfully scraped
[2023-08-29T03:39:49.285+0000] {logging_mixin.py:151} INFO - page 793 succesfully scraped
[2023-08-29T03:39:50.141+0000] {logging_mixin.py:151} INFO - page 794 succesfully scraped
[2023-08-29T03:39:51.534+0000] {logging_mixin.py:151} INFO - page 795 succesfully scraped
[2023-08-29T03:39:52.610+0000] {logging_mixin.py:151} INFO - page 796 succesfully scraped
[2023-08-29T03:39:53.345+0000] {logging_mixin.py:151} INFO - page 797 succesfully scraped
[2023-08-29T03:39:54.331+0000] {logging_mixin.py:151} INFO - page 798 succesfully scraped
[2023-08-29T03:39:56.680+0000] {logging_mixin.py:151} INFO - page 799 succesfully scraped
[2023-08-29T03:39:57.627+0000] {logging_mixin.py:151} INFO - page 800 succesfully scraped
[2023-08-29T03:39:58.298+0000] {logging_mixin.py:151} INFO - page 801 succesfully scraped
[2023-08-29T03:39:58.986+0000] {logging_mixin.py:151} INFO - page 802 succesfully scraped
[2023-08-29T03:39:59.979+0000] {logging_mixin.py:151} INFO - page 803 succesfully scraped
[2023-08-29T03:40:01.233+0000] {logging_mixin.py:151} INFO - page 804 succesfully scraped
[2023-08-29T03:40:02.705+0000] {logging_mixin.py:151} INFO - page 805 succesfully scraped
[2023-08-29T03:40:03.694+0000] {logging_mixin.py:151} INFO - page 806 succesfully scraped
[2023-08-29T03:40:04.371+0000] {logging_mixin.py:151} INFO - page 807 succesfully scraped
[2023-08-29T03:40:05.123+0000] {logging_mixin.py:151} INFO - page 808 succesfully scraped
[2023-08-29T03:40:05.905+0000] {logging_mixin.py:151} INFO - page 809 succesfully scraped
[2023-08-29T03:40:06.923+0000] {logging_mixin.py:151} INFO - page 810 succesfully scraped
[2023-08-29T03:40:07.848+0000] {logging_mixin.py:151} INFO - page 811 succesfully scraped
[2023-08-29T03:40:08.956+0000] {logging_mixin.py:151} INFO - page 812 succesfully scraped
[2023-08-29T03:40:10.065+0000] {logging_mixin.py:151} INFO - page 813 succesfully scraped
[2023-08-29T03:40:10.893+0000] {logging_mixin.py:151} INFO - page 814 succesfully scraped
[2023-08-29T03:40:11.579+0000] {logging_mixin.py:151} INFO - page 815 succesfully scraped
[2023-08-29T03:40:13.058+0000] {logging_mixin.py:151} INFO - page 816 succesfully scraped
[2023-08-29T03:40:14.031+0000] {logging_mixin.py:151} INFO - page 817 succesfully scraped
[2023-08-29T03:40:14.752+0000] {logging_mixin.py:151} INFO - page 818 succesfully scraped
[2023-08-29T03:40:15.517+0000] {logging_mixin.py:151} INFO - page 819 succesfully scraped
[2023-08-29T03:40:16.517+0000] {logging_mixin.py:151} INFO - page 820 succesfully scraped
[2023-08-29T03:40:17.355+0000] {logging_mixin.py:151} INFO - page 821 succesfully scraped
[2023-08-29T03:40:18.229+0000] {logging_mixin.py:151} INFO - page 822 succesfully scraped
[2023-08-29T03:40:19.647+0000] {logging_mixin.py:151} INFO - page 823 succesfully scraped
[2023-08-29T03:40:20.557+0000] {logging_mixin.py:151} INFO - page 824 succesfully scraped
[2023-08-29T03:40:21.294+0000] {logging_mixin.py:151} INFO - page 825 succesfully scraped
[2023-08-29T03:40:22.047+0000] {logging_mixin.py:151} INFO - page 826 succesfully scraped
[2023-08-29T03:40:23.077+0000] {logging_mixin.py:151} INFO - page 827 succesfully scraped
[2023-08-29T03:40:23.763+0000] {logging_mixin.py:151} INFO - page 828 succesfully scraped
[2023-08-29T03:40:24.517+0000] {logging_mixin.py:151} INFO - page 829 succesfully scraped
[2023-08-29T03:40:25.603+0000] {logging_mixin.py:151} INFO - page 830 succesfully scraped
[2023-08-29T03:40:26.446+0000] {logging_mixin.py:151} INFO - page 831 succesfully scraped
[2023-08-29T03:40:27.453+0000] {logging_mixin.py:151} INFO - page 832 succesfully scraped
[2023-08-29T03:40:28.179+0000] {logging_mixin.py:151} INFO - page 833 succesfully scraped
[2023-08-29T03:40:29.165+0000] {logging_mixin.py:151} INFO - page 834 succesfully scraped
[2023-08-29T03:40:30.041+0000] {logging_mixin.py:151} INFO - page 835 succesfully scraped
[2023-08-29T03:40:30.852+0000] {logging_mixin.py:151} INFO - page 836 succesfully scraped
[2023-08-29T03:40:31.705+0000] {logging_mixin.py:151} INFO - page 837 succesfully scraped
[2023-08-29T03:40:32.595+0000] {logging_mixin.py:151} INFO - page 838 succesfully scraped
[2023-08-29T03:40:33.172+0000] {logging_mixin.py:151} INFO - page 839 succesfully scraped
[2023-08-29T03:40:33.957+0000] {logging_mixin.py:151} INFO - page 840 succesfully scraped
[2023-08-29T03:40:34.645+0000] {logging_mixin.py:151} INFO - page 841 succesfully scraped
[2023-08-29T03:40:35.824+0000] {logging_mixin.py:151} INFO - page 842 succesfully scraped
[2023-08-29T03:40:36.716+0000] {logging_mixin.py:151} INFO - page 843 succesfully scraped
[2023-08-29T03:40:37.614+0000] {logging_mixin.py:151} INFO - page 844 succesfully scraped
[2023-08-29T03:40:38.503+0000] {logging_mixin.py:151} INFO - page 845 succesfully scraped
[2023-08-29T03:40:39.304+0000] {logging_mixin.py:151} INFO - page 846 succesfully scraped
[2023-08-29T03:40:40.487+0000] {logging_mixin.py:151} INFO - page 847 succesfully scraped
[2023-08-29T03:40:41.444+0000] {logging_mixin.py:151} INFO - page 848 succesfully scraped
[2023-08-29T03:40:42.280+0000] {logging_mixin.py:151} INFO - page 849 succesfully scraped
[2023-08-29T03:40:42.956+0000] {logging_mixin.py:151} INFO - page 850 succesfully scraped
[2023-08-29T03:40:43.657+0000] {logging_mixin.py:151} INFO - page 851 succesfully scraped
[2023-08-29T03:40:44.334+0000] {logging_mixin.py:151} INFO - page 852 succesfully scraped
[2023-08-29T03:40:45.325+0000] {logging_mixin.py:151} INFO - page 853 succesfully scraped
[2023-08-29T03:40:46.211+0000] {logging_mixin.py:151} INFO - page 854 succesfully scraped
[2023-08-29T03:40:47.308+0000] {logging_mixin.py:151} INFO - page 855 succesfully scraped
[2023-08-29T03:40:48.205+0000] {logging_mixin.py:151} INFO - page 856 succesfully scraped
[2023-08-29T03:40:49.633+0000] {logging_mixin.py:151} INFO - page 857 succesfully scraped
[2023-08-29T03:40:50.528+0000] {logging_mixin.py:151} INFO - page 858 succesfully scraped
[2023-08-29T03:40:51.097+0000] {logging_mixin.py:151} INFO - page 859 succesfully scraped
[2023-08-29T03:40:51.949+0000] {logging_mixin.py:151} INFO - page 860 succesfully scraped
[2023-08-29T03:40:52.770+0000] {logging_mixin.py:151} INFO - page 861 succesfully scraped
[2023-08-29T03:40:53.496+0000] {logging_mixin.py:151} INFO - page 862 succesfully scraped
[2023-08-29T03:40:54.355+0000] {logging_mixin.py:151} INFO - page 863 succesfully scraped
[2023-08-29T03:40:55.089+0000] {logging_mixin.py:151} INFO - page 864 succesfully scraped
[2023-08-29T03:40:56.105+0000] {logging_mixin.py:151} INFO - page 865 succesfully scraped
[2023-08-29T03:40:57.094+0000] {logging_mixin.py:151} INFO - page 866 succesfully scraped
[2023-08-29T03:40:58.205+0000] {logging_mixin.py:151} INFO - page 867 succesfully scraped
[2023-08-29T03:40:59.352+0000] {logging_mixin.py:151} INFO - page 868 succesfully scraped
[2023-08-29T03:40:59.949+0000] {logging_mixin.py:151} INFO - page 869 succesfully scraped
[2023-08-29T03:41:00.916+0000] {logging_mixin.py:151} INFO - page 870 succesfully scraped
[2023-08-29T03:41:02.087+0000] {logging_mixin.py:151} INFO - page 871 succesfully scraped
[2023-08-29T03:41:03.118+0000] {logging_mixin.py:151} INFO - page 872 succesfully scraped
[2023-08-29T03:41:04.119+0000] {logging_mixin.py:151} INFO - page 873 succesfully scraped
[2023-08-29T03:41:04.783+0000] {logging_mixin.py:151} INFO - page 874 succesfully scraped
[2023-08-29T03:41:06.154+0000] {logging_mixin.py:151} INFO - page 875 succesfully scraped
[2023-08-29T03:41:07.166+0000] {logging_mixin.py:151} INFO - page 876 succesfully scraped
[2023-08-29T03:41:07.957+0000] {logging_mixin.py:151} INFO - page 877 succesfully scraped
[2023-08-29T03:41:08.613+0000] {logging_mixin.py:151} INFO - page 878 succesfully scraped
[2023-08-29T03:41:09.508+0000] {logging_mixin.py:151} INFO - page 879 succesfully scraped
[2023-08-29T03:41:10.251+0000] {logging_mixin.py:151} INFO - page 880 succesfully scraped
[2023-08-29T03:41:11.624+0000] {logging_mixin.py:151} INFO - page 881 succesfully scraped
[2023-08-29T03:41:12.289+0000] {logging_mixin.py:151} INFO - page 882 succesfully scraped
[2023-08-29T03:41:13.382+0000] {logging_mixin.py:151} INFO - page 883 succesfully scraped
[2023-08-29T03:41:14.051+0000] {logging_mixin.py:151} INFO - page 884 succesfully scraped
[2023-08-29T03:41:14.786+0000] {logging_mixin.py:151} INFO - page 885 succesfully scraped
[2023-08-29T03:41:15.378+0000] {logging_mixin.py:151} INFO - page 886 succesfully scraped
[2023-08-29T03:41:16.486+0000] {logging_mixin.py:151} INFO - page 887 succesfully scraped
[2023-08-29T03:41:17.154+0000] {logging_mixin.py:151} INFO - page 888 succesfully scraped
[2023-08-29T03:41:19.008+0000] {logging_mixin.py:151} INFO - page 889 succesfully scraped
[2023-08-29T03:41:19.748+0000] {logging_mixin.py:151} INFO - page 890 succesfully scraped
[2023-08-29T03:41:20.620+0000] {logging_mixin.py:151} INFO - page 891 succesfully scraped
[2023-08-29T03:41:21.360+0000] {logging_mixin.py:151} INFO - page 892 succesfully scraped
[2023-08-29T03:41:22.528+0000] {logging_mixin.py:151} INFO - page 893 succesfully scraped
[2023-08-29T03:41:23.441+0000] {logging_mixin.py:151} INFO - page 894 succesfully scraped
[2023-08-29T03:41:24.213+0000] {logging_mixin.py:151} INFO - page 895 succesfully scraped
[2023-08-29T03:41:25.115+0000] {logging_mixin.py:151} INFO - page 896 succesfully scraped
[2023-08-29T03:41:26.889+0000] {logging_mixin.py:151} INFO - page 897 succesfully scraped
[2023-08-29T03:41:27.686+0000] {logging_mixin.py:151} INFO - page 898 succesfully scraped
[2023-08-29T03:41:28.405+0000] {logging_mixin.py:151} INFO - page 899 succesfully scraped
[2023-08-29T03:41:29.138+0000] {logging_mixin.py:151} INFO - page 900 succesfully scraped
[2023-08-29T03:41:30.228+0000] {logging_mixin.py:151} INFO - page 901 succesfully scraped
[2023-08-29T03:41:30.868+0000] {logging_mixin.py:151} INFO - page 902 succesfully scraped
[2023-08-29T03:41:31.659+0000] {logging_mixin.py:151} INFO - page 903 succesfully scraped
[2023-08-29T03:41:32.435+0000] {logging_mixin.py:151} INFO - page 904 succesfully scraped
[2023-08-29T03:41:33.436+0000] {logging_mixin.py:151} INFO - page 905 succesfully scraped
[2023-08-29T03:41:34.276+0000] {logging_mixin.py:151} INFO - page 906 succesfully scraped
[2023-08-29T03:41:35.983+0000] {logging_mixin.py:151} INFO - page 907 succesfully scraped
[2023-08-29T03:41:36.606+0000] {logging_mixin.py:151} INFO - page 908 succesfully scraped
[2023-08-29T03:41:37.434+0000] {logging_mixin.py:151} INFO - page 909 succesfully scraped
[2023-08-29T03:41:38.339+0000] {logging_mixin.py:151} INFO - page 910 succesfully scraped
[2023-08-29T03:41:39.435+0000] {logging_mixin.py:151} INFO - page 911 succesfully scraped
[2023-08-29T03:41:40.818+0000] {logging_mixin.py:151} INFO - page 912 succesfully scraped
[2023-08-29T03:41:42.048+0000] {logging_mixin.py:151} INFO - page 913 succesfully scraped
[2023-08-29T03:41:42.764+0000] {logging_mixin.py:151} INFO - page 914 succesfully scraped
[2023-08-29T03:41:43.600+0000] {logging_mixin.py:151} INFO - page 915 succesfully scraped
[2023-08-29T03:41:45.442+0000] {logging_mixin.py:151} INFO - page 916 succesfully scraped
[2023-08-29T03:41:46.705+0000] {logging_mixin.py:151} INFO - page 917 succesfully scraped
[2023-08-29T03:41:47.376+0000] {logging_mixin.py:151} INFO - page 918 succesfully scraped
[2023-08-29T03:41:48.274+0000] {logging_mixin.py:151} INFO - page 919 succesfully scraped
[2023-08-29T03:41:49.226+0000] {logging_mixin.py:151} INFO - page 920 succesfully scraped
[2023-08-29T03:41:50.488+0000] {logging_mixin.py:151} INFO - page 921 succesfully scraped
[2023-08-29T03:41:51.138+0000] {logging_mixin.py:151} INFO - page 922 succesfully scraped
[2023-08-29T03:41:51.743+0000] {logging_mixin.py:151} INFO - page 923 succesfully scraped
[2023-08-29T03:41:52.457+0000] {logging_mixin.py:151} INFO - page 924 succesfully scraped
[2023-08-29T03:41:53.556+0000] {logging_mixin.py:151} INFO - page 925 succesfully scraped
[2023-08-29T03:41:54.301+0000] {logging_mixin.py:151} INFO - page 926 succesfully scraped
[2023-08-29T03:41:54.944+0000] {logging_mixin.py:151} INFO - page 927 succesfully scraped
[2023-08-29T03:41:55.634+0000] {logging_mixin.py:151} INFO - page 928 succesfully scraped
[2023-08-29T03:41:56.724+0000] {logging_mixin.py:151} INFO - page 929 succesfully scraped
[2023-08-29T03:41:57.444+0000] {logging_mixin.py:151} INFO - page 930 succesfully scraped
[2023-08-29T03:41:58.415+0000] {logging_mixin.py:151} INFO - page 931 succesfully scraped
[2023-08-29T03:41:59.928+0000] {logging_mixin.py:151} INFO - page 932 succesfully scraped
[2023-08-29T03:42:02.318+0000] {logging_mixin.py:151} INFO - page 933 succesfully scraped
[2023-08-29T03:42:03.319+0000] {logging_mixin.py:151} INFO - page 934 succesfully scraped
[2023-08-29T03:42:04.679+0000] {logging_mixin.py:151} INFO - page 935 succesfully scraped
[2023-08-29T03:42:05.711+0000] {logging_mixin.py:151} INFO - page 936 succesfully scraped
[2023-08-29T03:42:07.583+0000] {logging_mixin.py:151} INFO - page 937 succesfully scraped
[2023-08-29T03:42:08.244+0000] {logging_mixin.py:151} INFO - page 938 succesfully scraped
[2023-08-29T03:42:09.061+0000] {logging_mixin.py:151} INFO - page 939 succesfully scraped
[2023-08-29T03:42:09.754+0000] {logging_mixin.py:151} INFO - page 940 succesfully scraped
[2023-08-29T03:42:10.614+0000] {logging_mixin.py:151} INFO - page 941 succesfully scraped
[2023-08-29T03:42:11.371+0000] {logging_mixin.py:151} INFO - page 942 succesfully scraped
[2023-08-29T03:42:12.285+0000] {logging_mixin.py:151} INFO - page 943 succesfully scraped
[2023-08-29T03:42:13.021+0000] {logging_mixin.py:151} INFO - page 944 succesfully scraped
[2023-08-29T03:42:14.135+0000] {logging_mixin.py:151} INFO - page 945 succesfully scraped
[2023-08-29T03:42:14.867+0000] {logging_mixin.py:151} INFO - page 946 succesfully scraped
[2023-08-29T03:42:15.612+0000] {logging_mixin.py:151} INFO - page 947 succesfully scraped
[2023-08-29T03:42:16.436+0000] {logging_mixin.py:151} INFO - page 948 succesfully scraped
[2023-08-29T03:42:17.434+0000] {logging_mixin.py:151} INFO - page 949 succesfully scraped
[2023-08-29T03:42:18.361+0000] {logging_mixin.py:151} INFO - page 950 succesfully scraped
[2023-08-29T03:42:19.066+0000] {logging_mixin.py:151} INFO - page 951 succesfully scraped
[2023-08-29T03:42:19.816+0000] {logging_mixin.py:151} INFO - page 952 succesfully scraped
[2023-08-29T03:42:20.715+0000] {logging_mixin.py:151} INFO - page 953 succesfully scraped
[2023-08-29T03:42:21.376+0000] {logging_mixin.py:151} INFO - page 954 succesfully scraped
[2023-08-29T03:42:22.451+0000] {logging_mixin.py:151} INFO - page 955 succesfully scraped
[2023-08-29T03:42:23.191+0000] {logging_mixin.py:151} INFO - page 956 succesfully scraped
[2023-08-29T03:42:24.082+0000] {logging_mixin.py:151} INFO - page 957 succesfully scraped
[2023-08-29T03:42:24.683+0000] {logging_mixin.py:151} INFO - page 958 succesfully scraped
[2023-08-29T03:42:25.574+0000] {logging_mixin.py:151} INFO - page 959 succesfully scraped
[2023-08-29T03:42:26.395+0000] {logging_mixin.py:151} INFO - page 960 succesfully scraped
[2023-08-29T03:42:28.138+0000] {logging_mixin.py:151} INFO - page 961 succesfully scraped
[2023-08-29T03:42:28.876+0000] {logging_mixin.py:151} INFO - page 962 succesfully scraped
[2023-08-29T03:42:29.553+0000] {logging_mixin.py:151} INFO - page 963 succesfully scraped
[2023-08-29T03:42:30.506+0000] {logging_mixin.py:151} INFO - page 964 succesfully scraped
[2023-08-29T03:42:31.295+0000] {logging_mixin.py:151} INFO - page 965 succesfully scraped
[2023-08-29T03:42:32.055+0000] {logging_mixin.py:151} INFO - page 966 succesfully scraped
[2023-08-29T03:42:33.150+0000] {logging_mixin.py:151} INFO - page 967 succesfully scraped
[2023-08-29T03:42:33.775+0000] {logging_mixin.py:151} INFO - page 968 succesfully scraped
[2023-08-29T03:42:34.489+0000] {logging_mixin.py:151} INFO - page 969 succesfully scraped
[2023-08-29T03:42:35.372+0000] {logging_mixin.py:151} INFO - page 970 succesfully scraped
[2023-08-29T03:42:36.314+0000] {logging_mixin.py:151} INFO - page 971 succesfully scraped
[2023-08-29T03:42:36.886+0000] {logging_mixin.py:151} INFO - page 972 succesfully scraped
[2023-08-29T03:42:37.637+0000] {logging_mixin.py:151} INFO - page 973 succesfully scraped
[2023-08-29T03:42:38.296+0000] {logging_mixin.py:151} INFO - page 974 succesfully scraped
[2023-08-29T03:42:39.180+0000] {logging_mixin.py:151} INFO - page 975 succesfully scraped
[2023-08-29T03:42:39.846+0000] {logging_mixin.py:151} INFO - page 976 succesfully scraped
[2023-08-29T03:42:40.463+0000] {logging_mixin.py:151} INFO - page 977 succesfully scraped
[2023-08-29T03:42:41.806+0000] {logging_mixin.py:151} INFO - page 978 succesfully scraped
[2023-08-29T03:42:42.634+0000] {logging_mixin.py:151} INFO - page 979 succesfully scraped
[2023-08-29T03:42:43.352+0000] {logging_mixin.py:151} INFO - page 980 succesfully scraped
[2023-08-29T03:42:44.639+0000] {logging_mixin.py:151} INFO - page 981 succesfully scraped
[2023-08-29T03:42:45.579+0000] {logging_mixin.py:151} INFO - page 982 succesfully scraped
[2023-08-29T03:42:46.197+0000] {python.py:194} INFO - Done. Returned value was: 12764
[2023-08-29T03:42:46.228+0000] {taskinstance.py:1400} INFO - Marking task as SUCCESS. dag_id=Autotrader_ETL_DAG, task_id=extract_listings, execution_date=20230829T032733, start_date=20230829T032734, end_date=20230829T034246
[2023-08-29T03:42:46.273+0000] {local_task_job_runner.py:228} INFO - Task exited with return code 0
[2023-08-29T03:42:46.295+0000] {taskinstance.py:2784} INFO - 1 downstream tasks scheduled from follow-on schedule check
