[2023-09-09T05:32:40.619+0000] {logging_mixin.py:151} INFO - Changing /opt/***/logs/dag_id=Autotrader_ETL_DAG/run_id=manual__2023-09-09T05:29:51.546808+00:00/task_id=insert_into_listing_fact permission to 509
[2023-09-09T05:32:40.620+0000] {logging_mixin.py:151} INFO - Failed to change /opt/***/logs/dag_id=Autotrader_ETL_DAG/run_id=manual__2023-09-09T05:29:51.546808+00:00/task_id=insert_into_listing_fact permission to 509: [Errno 1] Operation not permitted: '/opt/***/logs/dag_id=Autotrader_ETL_DAG/run_id=manual__2023-09-09T05:29:51.546808+00:00/task_id=insert_into_listing_fact'
[2023-09-09T05:32:40.665+0000] {logging_mixin.py:151} INFO - Changing /opt/***/logs/dag_id=Autotrader_ETL_DAG/run_id=manual__2023-09-09T05:29:51.546808+00:00/task_id=insert_into_listing_fact permission to 509
[2023-09-09T05:32:40.667+0000] {logging_mixin.py:151} INFO - Failed to change /opt/***/logs/dag_id=Autotrader_ETL_DAG/run_id=manual__2023-09-09T05:29:51.546808+00:00/task_id=insert_into_listing_fact permission to 509: [Errno 1] Operation not permitted: '/opt/***/logs/dag_id=Autotrader_ETL_DAG/run_id=manual__2023-09-09T05:29:51.546808+00:00/task_id=insert_into_listing_fact'
[2023-09-09T05:32:40.711+0000] {taskinstance.py:1159} INFO - Dependencies all met for dep_context=non-requeueable deps ti=<TaskInstance: Autotrader_ETL_DAG.insert_into_listing_fact manual__2023-09-09T05:29:51.546808+00:00 [queued]>
[2023-09-09T05:32:40.727+0000] {taskinstance.py:1159} INFO - Dependencies all met for dep_context=requeueable deps ti=<TaskInstance: Autotrader_ETL_DAG.insert_into_listing_fact manual__2023-09-09T05:29:51.546808+00:00 [queued]>
[2023-09-09T05:32:40.728+0000] {taskinstance.py:1361} INFO - Starting attempt 1 of 2
[2023-09-09T05:32:40.748+0000] {taskinstance.py:1382} INFO - Executing <Task(BigQueryExecuteQueryOperator): insert_into_listing_fact> on 2023-09-09 05:29:51.546808+00:00
[2023-09-09T05:32:40.760+0000] {standard_task_runner.py:57} INFO - Started process 3811 to run task
[2023-09-09T05:32:40.762+0000] {standard_task_runner.py:84} INFO - Running: ['***', 'tasks', 'run', 'Autotrader_ETL_DAG', 'insert_into_listing_fact', 'manual__2023-09-09T05:29:51.546808+00:00', '--job-id', '517', '--raw', '--subdir', 'DAGS_FOLDER/autotrader_etl.py', '--cfg-path', '/tmp/tmp73cs7aex']
[2023-09-09T05:32:40.765+0000] {standard_task_runner.py:85} INFO - Job 517: Subtask insert_into_listing_fact
[2023-09-09T05:32:40.831+0000] {logging_mixin.py:151} INFO - Changing /opt/***/logs/dag_id=Autotrader_ETL_DAG/run_id=manual__2023-09-09T05:29:51.546808+00:00/task_id=insert_into_listing_fact permission to 509
[2023-09-09T05:32:40.832+0000] {logging_mixin.py:151} INFO - Failed to change /opt/***/logs/dag_id=Autotrader_ETL_DAG/run_id=manual__2023-09-09T05:29:51.546808+00:00/task_id=insert_into_listing_fact permission to 509: [Errno 1] Operation not permitted: '/opt/***/logs/dag_id=Autotrader_ETL_DAG/run_id=manual__2023-09-09T05:29:51.546808+00:00/task_id=insert_into_listing_fact'
[2023-09-09T05:32:40.836+0000] {task_command.py:415} INFO - Running <TaskInstance: Autotrader_ETL_DAG.insert_into_listing_fact manual__2023-09-09T05:29:51.546808+00:00 [running]> on host 412bb32711f9
[2023-09-09T05:32:40.957+0000] {taskinstance.py:1660} INFO - Exporting env vars: AIRFLOW_CTX_DAG_OWNER='***' AIRFLOW_CTX_DAG_ID='Autotrader_ETL_DAG' AIRFLOW_CTX_TASK_ID='insert_into_listing_fact' AIRFLOW_CTX_EXECUTION_DATE='2023-09-09T05:29:51.546808+00:00' AIRFLOW_CTX_TRY_NUMBER='1' AIRFLOW_CTX_DAG_RUN_ID='manual__2023-09-09T05:29:51.546808+00:00'
[2023-09-09T05:32:40.959+0000] {bigquery.py:1234} INFO - Executing: INSERT INTO autotrader-toyota-dashboard.autotrader_transformed.listing_fact (car_key, location_key, odometer, price)
        SELECT
        car_dim.car_key,
        location_dim.location_key,
        odometer,
        price
        FROM autotrader-toyota-dashboard.autotrader_staging.listings_raw listings_raw
        JOIN autotrader-toyota-dashboard.autotrader_transformed.car_dim car_dim
        ON listings_raw.year = car_dim.year
        AND listings_raw.car_model = car_dim.car_model
        AND listings_raw.type = car_dim.type
        JOIN autotrader-toyota-dashboard.autotrader_transformed.location_dim location_dim
        ON listings_raw.suburb = location_dim.suburb
        AND listings_raw.state = location_dim.state
[2023-09-09T05:32:40.976+0000] {connection.py:232} WARNING - Connection schemes (type: google_cloud_platform) shall not contain '_' according to RFC3986.
[2023-09-09T05:32:40.982+0000] {base.py:73} INFO - Using connection ID 'google_cloud' for task execution.
[2023-09-09T05:32:40.990+0000] {logging_mixin.py:151} WARNING - /home/***/.local/lib/python3.8/site-packages/***/providers/google/cloud/hooks/bigquery.py:2109 AirflowProviderDeprecationWarning: This method is deprecated. Please use `BigQueryHook.insert_job` method.
[2023-09-09T05:32:41.050+0000] {bigquery.py:1596} INFO - Inserting job ***_1694237561050017_a22e3be8cfa8f2a6b318ac0cc0e6dbe5
[2023-09-09T05:32:44.755+0000] {taskinstance.py:1400} INFO - Marking task as SUCCESS. dag_id=Autotrader_ETL_DAG, task_id=insert_into_listing_fact, execution_date=20230909T052951, start_date=20230909T053240, end_date=20230909T053244
[2023-09-09T05:32:44.817+0000] {local_task_job_runner.py:228} INFO - Task exited with return code 0
[2023-09-09T05:32:44.847+0000] {taskinstance.py:2784} INFO - 0 downstream tasks scheduled from follow-on schedule check
