[2023-09-03T08:53:18.708+0000] {logging_mixin.py:151} INFO - Changing /opt/***/logs/dag_id=Autotrader_ETL_DAG/run_id=manual__2023-09-03T08:52:39.513520+00:00/task_id=string_to_int permission to 509
[2023-09-03T08:53:18.709+0000] {logging_mixin.py:151} INFO - Failed to change /opt/***/logs/dag_id=Autotrader_ETL_DAG/run_id=manual__2023-09-03T08:52:39.513520+00:00/task_id=string_to_int permission to 509: [Errno 1] Operation not permitted: '/opt/***/logs/dag_id=Autotrader_ETL_DAG/run_id=manual__2023-09-03T08:52:39.513520+00:00/task_id=string_to_int'
[2023-09-03T08:53:18.739+0000] {logging_mixin.py:151} INFO - Changing /opt/***/logs/dag_id=Autotrader_ETL_DAG/run_id=manual__2023-09-03T08:52:39.513520+00:00/task_id=string_to_int permission to 509
[2023-09-03T08:53:18.740+0000] {logging_mixin.py:151} INFO - Failed to change /opt/***/logs/dag_id=Autotrader_ETL_DAG/run_id=manual__2023-09-03T08:52:39.513520+00:00/task_id=string_to_int permission to 509: [Errno 1] Operation not permitted: '/opt/***/logs/dag_id=Autotrader_ETL_DAG/run_id=manual__2023-09-03T08:52:39.513520+00:00/task_id=string_to_int'
[2023-09-03T08:53:18.765+0000] {taskinstance.py:1159} INFO - Dependencies all met for dep_context=non-requeueable deps ti=<TaskInstance: Autotrader_ETL_DAG.string_to_int manual__2023-09-03T08:52:39.513520+00:00 [queued]>
[2023-09-03T08:53:18.774+0000] {taskinstance.py:1159} INFO - Dependencies all met for dep_context=requeueable deps ti=<TaskInstance: Autotrader_ETL_DAG.string_to_int manual__2023-09-03T08:52:39.513520+00:00 [queued]>
[2023-09-03T08:53:18.775+0000] {taskinstance.py:1361} INFO - Starting attempt 1 of 2
[2023-09-03T08:53:18.789+0000] {taskinstance.py:1382} INFO - Executing <Task(BigQueryExecuteQueryOperator): string_to_int> on 2023-09-03 08:52:39.513520+00:00
[2023-09-03T08:53:18.796+0000] {standard_task_runner.py:57} INFO - Started process 3641 to run task
[2023-09-03T08:53:18.798+0000] {standard_task_runner.py:84} INFO - Running: ['***', 'tasks', 'run', 'Autotrader_ETL_DAG', 'string_to_int', 'manual__2023-09-03T08:52:39.513520+00:00', '--job-id', '210', '--raw', '--subdir', 'DAGS_FOLDER/autotrader_etl.py', '--cfg-path', '/tmp/tmpvccistkt']
[2023-09-03T08:53:18.800+0000] {standard_task_runner.py:85} INFO - Job 210: Subtask string_to_int
[2023-09-03T08:53:18.848+0000] {logging_mixin.py:151} INFO - Changing /opt/***/logs/dag_id=Autotrader_ETL_DAG/run_id=manual__2023-09-03T08:52:39.513520+00:00/task_id=string_to_int permission to 509
[2023-09-03T08:53:18.848+0000] {logging_mixin.py:151} INFO - Failed to change /opt/***/logs/dag_id=Autotrader_ETL_DAG/run_id=manual__2023-09-03T08:52:39.513520+00:00/task_id=string_to_int permission to 509: [Errno 1] Operation not permitted: '/opt/***/logs/dag_id=Autotrader_ETL_DAG/run_id=manual__2023-09-03T08:52:39.513520+00:00/task_id=string_to_int'
[2023-09-03T08:53:18.851+0000] {task_command.py:415} INFO - Running <TaskInstance: Autotrader_ETL_DAG.string_to_int manual__2023-09-03T08:52:39.513520+00:00 [running]> on host 1a0e8b05e04d
[2023-09-03T08:53:18.933+0000] {taskinstance.py:1660} INFO - Exporting env vars: AIRFLOW_CTX_DAG_OWNER='***' AIRFLOW_CTX_DAG_ID='Autotrader_ETL_DAG' AIRFLOW_CTX_TASK_ID='string_to_int' AIRFLOW_CTX_EXECUTION_DATE='2023-09-03T08:52:39.513520+00:00' AIRFLOW_CTX_TRY_NUMBER='1' AIRFLOW_CTX_DAG_RUN_ID='manual__2023-09-03T08:52:39.513520+00:00'
[2023-09-03T08:53:18.936+0000] {bigquery.py:1234} INFO - Executing: CREATE OR REPLACE TABLE autotrader-toyota-dashboard.autotrader_staging.listings_raw AS
        SELECT
        CAST(price as INT64) as price,
        CAST(odometer as INT64) as odometer,
        CAST(year as INT64) as year,
        model,
        type,
        suburb,
        state
        FROM autotrader-toyota-dashboard.autotrader_staging.listings_raw;
[2023-09-03T08:53:18.946+0000] {connection.py:232} WARNING - Connection schemes (type: google_cloud_platform) shall not contain '_' according to RFC3986.
[2023-09-03T08:53:18.950+0000] {base.py:73} INFO - Using connection ID 'google_cloud' for task execution.
[2023-09-03T08:53:18.956+0000] {logging_mixin.py:151} WARNING - /home/***/.local/lib/python3.8/site-packages/***/providers/google/cloud/hooks/bigquery.py:2109 AirflowProviderDeprecationWarning: This method is deprecated. Please use `BigQueryHook.insert_job` method.
[2023-09-03T08:53:19.001+0000] {bigquery.py:1596} INFO - Inserting job ***_1693731199000913_c8ce97df58ed84f72be942b0a26c5a72
[2023-09-03T08:53:21.615+0000] {taskinstance.py:1400} INFO - Marking task as SUCCESS. dag_id=Autotrader_ETL_DAG, task_id=string_to_int, execution_date=20230903T085239, start_date=20230903T085318, end_date=20230903T085321
[2023-09-03T08:53:21.669+0000] {local_task_job_runner.py:228} INFO - Task exited with return code 0
[2023-09-03T08:53:21.702+0000] {taskinstance.py:2784} INFO - 2 downstream tasks scheduled from follow-on schedule check
