[2023-09-07T06:49:14.163+0000] {logging_mixin.py:151} INFO - Changing /opt/***/logs/dag_id=Autotrader_ETL_DAG/run_id=manual__2023-09-07T06:47:27.631077+00:00/task_id=format_columns permission to 509
[2023-09-07T06:49:14.163+0000] {logging_mixin.py:151} INFO - Failed to change /opt/***/logs/dag_id=Autotrader_ETL_DAG/run_id=manual__2023-09-07T06:47:27.631077+00:00/task_id=format_columns permission to 509: [Errno 1] Operation not permitted: '/opt/***/logs/dag_id=Autotrader_ETL_DAG/run_id=manual__2023-09-07T06:47:27.631077+00:00/task_id=format_columns'
[2023-09-07T06:49:14.189+0000] {logging_mixin.py:151} INFO - Changing /opt/***/logs/dag_id=Autotrader_ETL_DAG/run_id=manual__2023-09-07T06:47:27.631077+00:00/task_id=format_columns permission to 509
[2023-09-07T06:49:14.190+0000] {logging_mixin.py:151} INFO - Failed to change /opt/***/logs/dag_id=Autotrader_ETL_DAG/run_id=manual__2023-09-07T06:47:27.631077+00:00/task_id=format_columns permission to 509: [Errno 1] Operation not permitted: '/opt/***/logs/dag_id=Autotrader_ETL_DAG/run_id=manual__2023-09-07T06:47:27.631077+00:00/task_id=format_columns'
[2023-09-07T06:49:14.216+0000] {taskinstance.py:1159} INFO - Dependencies all met for dep_context=non-requeueable deps ti=<TaskInstance: Autotrader_ETL_DAG.format_columns manual__2023-09-07T06:47:27.631077+00:00 [queued]>
[2023-09-07T06:49:14.226+0000] {taskinstance.py:1159} INFO - Dependencies all met for dep_context=requeueable deps ti=<TaskInstance: Autotrader_ETL_DAG.format_columns manual__2023-09-07T06:47:27.631077+00:00 [queued]>
[2023-09-07T06:49:14.226+0000] {taskinstance.py:1361} INFO - Starting attempt 1 of 2
[2023-09-07T06:49:14.242+0000] {taskinstance.py:1382} INFO - Executing <Task(BigQueryExecuteQueryOperator): format_columns> on 2023-09-07 06:47:27.631077+00:00
[2023-09-07T06:49:14.250+0000] {standard_task_runner.py:57} INFO - Started process 525 to run task
[2023-09-07T06:49:14.252+0000] {standard_task_runner.py:84} INFO - Running: ['***', 'tasks', 'run', 'Autotrader_ETL_DAG', 'format_columns', 'manual__2023-09-07T06:47:27.631077+00:00', '--job-id', '485', '--raw', '--subdir', 'DAGS_FOLDER/autotrader_etl.py', '--cfg-path', '/tmp/tmpye8lc9u0']
[2023-09-07T06:49:14.254+0000] {standard_task_runner.py:85} INFO - Job 485: Subtask format_columns
[2023-09-07T06:49:14.294+0000] {logging_mixin.py:151} INFO - Changing /opt/***/logs/dag_id=Autotrader_ETL_DAG/run_id=manual__2023-09-07T06:47:27.631077+00:00/task_id=format_columns permission to 509
[2023-09-07T06:49:14.295+0000] {logging_mixin.py:151} INFO - Failed to change /opt/***/logs/dag_id=Autotrader_ETL_DAG/run_id=manual__2023-09-07T06:47:27.631077+00:00/task_id=format_columns permission to 509: [Errno 1] Operation not permitted: '/opt/***/logs/dag_id=Autotrader_ETL_DAG/run_id=manual__2023-09-07T06:47:27.631077+00:00/task_id=format_columns'
[2023-09-07T06:49:14.297+0000] {task_command.py:415} INFO - Running <TaskInstance: Autotrader_ETL_DAG.format_columns manual__2023-09-07T06:47:27.631077+00:00 [running]> on host 412bb32711f9
[2023-09-07T06:49:14.374+0000] {taskinstance.py:1660} INFO - Exporting env vars: AIRFLOW_CTX_DAG_OWNER='***' AIRFLOW_CTX_DAG_ID='Autotrader_ETL_DAG' AIRFLOW_CTX_TASK_ID='format_columns' AIRFLOW_CTX_EXECUTION_DATE='2023-09-07T06:47:27.631077+00:00' AIRFLOW_CTX_TRY_NUMBER='1' AIRFLOW_CTX_DAG_RUN_ID='manual__2023-09-07T06:47:27.631077+00:00'
[2023-09-07T06:49:14.377+0000] {bigquery.py:1234} INFO - Executing: UPDATE autotrader-toyota-dashboard.autotrader_staging.listings_raw
        SET price = REPLACE(REPLACE(price, '$', ''), ',', ''),
        odometer = REPLACE(REPLACE(odometer, 'km', ''), ',', ''),
        car_model = REPLACE(car_model, type, ''),
        type = CASE WHEN type = '' THEN 'NOT SPECIFIED'
        ELSE REPLACE(REPLACE(type, '(', ''), ')', '')
        END,
        suburb = LTRIM(REPLACE(REPLACE(suburb, '(', ''), ')', ''))
        WHERE price in (
        SELECT
        price
        FROM
        autotrader-toyota-dashboard.autotrader_staging.listings_raw
        )
        AND odometer in (
        SELECT
        odometer
        FROM
        autotrader-toyota-dashboard.autotrader_staging.listings_raw
        )
        AND car_model in (
        SELECT
        car_model
        FROM
        autotrader-toyota-dashboard.autotrader_staging.listings_raw
        )
        AND type in (
        SELECT
        type
        FROM
        autotrader-toyota-dashboard.autotrader_staging.listings_raw
        )
        AND suburb in (
        SELECT
        suburb
        FROM
        autotrader-toyota-dashboard.autotrader_staging.listings_raw
        );
[2023-09-07T06:49:14.385+0000] {connection.py:232} WARNING - Connection schemes (type: google_cloud_platform) shall not contain '_' according to RFC3986.
[2023-09-07T06:49:14.388+0000] {base.py:73} INFO - Using connection ID 'google_cloud' for task execution.
[2023-09-07T06:49:14.393+0000] {logging_mixin.py:151} WARNING - /home/***/.local/lib/python3.8/site-packages/***/providers/google/cloud/hooks/bigquery.py:2109 AirflowProviderDeprecationWarning: This method is deprecated. Please use `BigQueryHook.insert_job` method.
[2023-09-07T06:49:14.434+0000] {bigquery.py:1596} INFO - Inserting job ***_1694069354433711_650eb32628bb1d930bd632d509c84489
[2023-09-07T06:49:17.441+0000] {taskinstance.py:1400} INFO - Marking task as SUCCESS. dag_id=Autotrader_ETL_DAG, task_id=format_columns, execution_date=20230907T064727, start_date=20230907T064914, end_date=20230907T064917
[2023-09-07T06:49:17.480+0000] {local_task_job_runner.py:228} INFO - Task exited with return code 0
[2023-09-07T06:49:17.506+0000] {taskinstance.py:2784} INFO - 1 downstream tasks scheduled from follow-on schedule check
