[2023-09-09T23:25:36.038+0000] {logging_mixin.py:151} INFO - Changing /opt/***/logs/dag_id=Autotrader_ETL_DAG/run_id=manual__2023-09-09T23:23:28.286425+00:00/task_id=insert_raw_data_into_listings_raw permission to 509
[2023-09-09T23:25:36.039+0000] {logging_mixin.py:151} INFO - Failed to change /opt/***/logs/dag_id=Autotrader_ETL_DAG/run_id=manual__2023-09-09T23:23:28.286425+00:00/task_id=insert_raw_data_into_listings_raw permission to 509: [Errno 1] Operation not permitted: '/opt/***/logs/dag_id=Autotrader_ETL_DAG/run_id=manual__2023-09-09T23:23:28.286425+00:00/task_id=insert_raw_data_into_listings_raw'
[2023-09-09T23:25:36.098+0000] {logging_mixin.py:151} INFO - Changing /opt/***/logs/dag_id=Autotrader_ETL_DAG/run_id=manual__2023-09-09T23:23:28.286425+00:00/task_id=insert_raw_data_into_listings_raw permission to 509
[2023-09-09T23:25:36.099+0000] {logging_mixin.py:151} INFO - Failed to change /opt/***/logs/dag_id=Autotrader_ETL_DAG/run_id=manual__2023-09-09T23:23:28.286425+00:00/task_id=insert_raw_data_into_listings_raw permission to 509: [Errno 1] Operation not permitted: '/opt/***/logs/dag_id=Autotrader_ETL_DAG/run_id=manual__2023-09-09T23:23:28.286425+00:00/task_id=insert_raw_data_into_listings_raw'
[2023-09-09T23:25:36.143+0000] {taskinstance.py:1159} INFO - Dependencies all met for dep_context=non-requeueable deps ti=<TaskInstance: Autotrader_ETL_DAG.insert_raw_data_into_listings_raw manual__2023-09-09T23:23:28.286425+00:00 [queued]>
[2023-09-09T23:25:36.159+0000] {taskinstance.py:1159} INFO - Dependencies all met for dep_context=requeueable deps ti=<TaskInstance: Autotrader_ETL_DAG.insert_raw_data_into_listings_raw manual__2023-09-09T23:23:28.286425+00:00 [queued]>
[2023-09-09T23:25:36.160+0000] {taskinstance.py:1361} INFO - Starting attempt 1 of 2
[2023-09-09T23:25:36.194+0000] {taskinstance.py:1382} INFO - Executing <Task(GCSToBigQueryOperator): insert_raw_data_into_listings_raw> on 2023-09-09 23:23:28.286425+00:00
[2023-09-09T23:25:36.206+0000] {standard_task_runner.py:57} INFO - Started process 525 to run task
[2023-09-09T23:25:36.210+0000] {standard_task_runner.py:84} INFO - Running: ['***', 'tasks', 'run', 'Autotrader_ETL_DAG', 'insert_raw_data_into_listings_raw', 'manual__2023-09-09T23:23:28.286425+00:00', '--job-id', '566', '--raw', '--subdir', 'DAGS_FOLDER/autotrader_etl.py', '--cfg-path', '/tmp/tmpt4is3cwx']
[2023-09-09T23:25:36.214+0000] {standard_task_runner.py:85} INFO - Job 566: Subtask insert_raw_data_into_listings_raw
[2023-09-09T23:25:36.287+0000] {logging_mixin.py:151} INFO - Changing /opt/***/logs/dag_id=Autotrader_ETL_DAG/run_id=manual__2023-09-09T23:23:28.286425+00:00/task_id=insert_raw_data_into_listings_raw permission to 509
[2023-09-09T23:25:36.289+0000] {logging_mixin.py:151} INFO - Failed to change /opt/***/logs/dag_id=Autotrader_ETL_DAG/run_id=manual__2023-09-09T23:23:28.286425+00:00/task_id=insert_raw_data_into_listings_raw permission to 509: [Errno 1] Operation not permitted: '/opt/***/logs/dag_id=Autotrader_ETL_DAG/run_id=manual__2023-09-09T23:23:28.286425+00:00/task_id=insert_raw_data_into_listings_raw'
[2023-09-09T23:25:36.293+0000] {task_command.py:415} INFO - Running <TaskInstance: Autotrader_ETL_DAG.insert_raw_data_into_listings_raw manual__2023-09-09T23:23:28.286425+00:00 [running]> on host 412bb32711f9
[2023-09-09T23:25:36.445+0000] {taskinstance.py:1660} INFO - Exporting env vars: AIRFLOW_CTX_DAG_OWNER='***' AIRFLOW_CTX_DAG_ID='Autotrader_ETL_DAG' AIRFLOW_CTX_TASK_ID='insert_raw_data_into_listings_raw' AIRFLOW_CTX_EXECUTION_DATE='2023-09-09T23:23:28.286425+00:00' AIRFLOW_CTX_TRY_NUMBER='1' AIRFLOW_CTX_DAG_RUN_ID='manual__2023-09-09T23:23:28.286425+00:00'
[2023-09-09T23:25:36.462+0000] {connection.py:232} WARNING - Connection schemes (type: google_cloud_platform) shall not contain '_' according to RFC3986.
[2023-09-09T23:25:36.469+0000] {base.py:73} INFO - Using connection ID 'google_cloud' for task execution.
[2023-09-09T23:25:36.471+0000] {gcs_to_bigquery.py:375} INFO - Using existing BigQuery table for storing data...
[2023-09-09T23:25:36.585+0000] {gcs_to_bigquery.py:379} INFO - Executing: {'load': {'autodetect': True, 'createDisposition': 'CREATE_IF_NEEDED', 'destinationTable': {'projectId': 'autotrader-toyota-dashboard', 'datasetId': 'autotrader_staging', 'tableId': 'listings_raw'}, 'sourceFormat': 'NEWLINE_DELIMITED_JSON', 'sourceUris': ['gs://autotrader-raw/autotrader-raw-2023-09-09.json'], 'writeDisposition': 'WRITE_TRUNCATE', 'ignoreUnknownValues': False, 'schema': {'fields': [{'name': 'price', 'type': 'STRING'}, {'name': 'odometer', 'type': 'STRING'}, {'name': 'year', 'type': 'STRING'}, {'name': 'car_model', 'type': 'STRING'}, {'name': 'type', 'type': 'STRING'}, {'name': 'suburb', 'type': 'STRING'}, {'name': 'state', 'type': 'STRING'}]}}}
[2023-09-09T23:25:36.588+0000] {bigquery.py:1596} INFO - Inserting job ***_Autotrader_ETL_DAG_insert_raw_data_into_listings_raw_2023_09_09T23_23_28_286425_00_00_860c6a8ec9584c3b36fbde84163f28d7
[2023-09-09T23:25:39.704+0000] {taskinstance.py:1400} INFO - Marking task as SUCCESS. dag_id=Autotrader_ETL_DAG, task_id=insert_raw_data_into_listings_raw, execution_date=20230909T232328, start_date=20230909T232536, end_date=20230909T232539
[2023-09-09T23:25:39.763+0000] {local_task_job_runner.py:228} INFO - Task exited with return code 0
[2023-09-09T23:25:39.817+0000] {taskinstance.py:2784} INFO - 0 downstream tasks scheduled from follow-on schedule check
