[2023-09-10T00:54:04.267+0000] {logging_mixin.py:151} INFO - Changing /opt/***/logs/dag_id=Autotrader_ETL_DAG/run_id=manual__2023-09-10T00:52:36.271525+00:00/task_id=create_australian_suburbs_table permission to 509
[2023-09-10T00:54:04.268+0000] {logging_mixin.py:151} INFO - Failed to change /opt/***/logs/dag_id=Autotrader_ETL_DAG/run_id=manual__2023-09-10T00:52:36.271525+00:00/task_id=create_australian_suburbs_table permission to 509: [Errno 1] Operation not permitted: '/opt/***/logs/dag_id=Autotrader_ETL_DAG/run_id=manual__2023-09-10T00:52:36.271525+00:00/task_id=create_australian_suburbs_table'
[2023-09-10T00:54:04.294+0000] {logging_mixin.py:151} INFO - Changing /opt/***/logs/dag_id=Autotrader_ETL_DAG/run_id=manual__2023-09-10T00:52:36.271525+00:00/task_id=create_australian_suburbs_table permission to 509
[2023-09-10T00:54:04.295+0000] {logging_mixin.py:151} INFO - Failed to change /opt/***/logs/dag_id=Autotrader_ETL_DAG/run_id=manual__2023-09-10T00:52:36.271525+00:00/task_id=create_australian_suburbs_table permission to 509: [Errno 1] Operation not permitted: '/opt/***/logs/dag_id=Autotrader_ETL_DAG/run_id=manual__2023-09-10T00:52:36.271525+00:00/task_id=create_australian_suburbs_table'
[2023-09-10T00:54:04.319+0000] {taskinstance.py:1159} INFO - Dependencies all met for dep_context=non-requeueable deps ti=<TaskInstance: Autotrader_ETL_DAG.create_australian_suburbs_table manual__2023-09-10T00:52:36.271525+00:00 [queued]>
[2023-09-10T00:54:04.327+0000] {taskinstance.py:1159} INFO - Dependencies all met for dep_context=requeueable deps ti=<TaskInstance: Autotrader_ETL_DAG.create_australian_suburbs_table manual__2023-09-10T00:52:36.271525+00:00 [queued]>
[2023-09-10T00:54:04.327+0000] {taskinstance.py:1361} INFO - Starting attempt 1 of 2
[2023-09-10T00:54:04.339+0000] {taskinstance.py:1382} INFO - Executing <Task(BigQueryCreateEmptyTableOperator): create_australian_suburbs_table> on 2023-09-10 00:52:36.271525+00:00
[2023-09-10T00:54:04.346+0000] {standard_task_runner.py:57} INFO - Started process 1505 to run task
[2023-09-10T00:54:04.350+0000] {standard_task_runner.py:84} INFO - Running: ['***', 'tasks', 'run', 'Autotrader_ETL_DAG', 'create_australian_suburbs_table', 'manual__2023-09-10T00:52:36.271525+00:00', '--job-id', '599', '--raw', '--subdir', 'DAGS_FOLDER/autotrader_etl.py', '--cfg-path', '/tmp/tmp_22dk7z4']
[2023-09-10T00:54:04.352+0000] {standard_task_runner.py:85} INFO - Job 599: Subtask create_australian_suburbs_table
[2023-09-10T00:54:04.394+0000] {logging_mixin.py:151} INFO - Changing /opt/***/logs/dag_id=Autotrader_ETL_DAG/run_id=manual__2023-09-10T00:52:36.271525+00:00/task_id=create_australian_suburbs_table permission to 509
[2023-09-10T00:54:04.395+0000] {logging_mixin.py:151} INFO - Failed to change /opt/***/logs/dag_id=Autotrader_ETL_DAG/run_id=manual__2023-09-10T00:52:36.271525+00:00/task_id=create_australian_suburbs_table permission to 509: [Errno 1] Operation not permitted: '/opt/***/logs/dag_id=Autotrader_ETL_DAG/run_id=manual__2023-09-10T00:52:36.271525+00:00/task_id=create_australian_suburbs_table'
[2023-09-10T00:54:04.397+0000] {task_command.py:415} INFO - Running <TaskInstance: Autotrader_ETL_DAG.create_australian_suburbs_table manual__2023-09-10T00:52:36.271525+00:00 [running]> on host 412bb32711f9
[2023-09-10T00:54:04.514+0000] {taskinstance.py:1660} INFO - Exporting env vars: AIRFLOW_CTX_DAG_OWNER='***' AIRFLOW_CTX_DAG_ID='Autotrader_ETL_DAG' AIRFLOW_CTX_TASK_ID='create_australian_suburbs_table' AIRFLOW_CTX_EXECUTION_DATE='2023-09-10T00:52:36.271525+00:00' AIRFLOW_CTX_TRY_NUMBER='1' AIRFLOW_CTX_DAG_RUN_ID='manual__2023-09-10T00:52:36.271525+00:00'
[2023-09-10T00:54:04.532+0000] {connection.py:232} WARNING - Connection schemes (type: google_cloud_platform) shall not contain '_' according to RFC3986.
[2023-09-10T00:54:04.540+0000] {base.py:73} INFO - Using connection ID 'google_cloud' for task execution.
[2023-09-10T00:54:04.542+0000] {bigquery.py:1507} INFO - Creating table
[2023-09-10T00:54:05.808+0000] {bigquery.py:1535} INFO - Table autotrader_staging.australian_suburbs already exists.
[2023-09-10T00:54:05.855+0000] {taskinstance.py:1400} INFO - Marking task as SUCCESS. dag_id=Autotrader_ETL_DAG, task_id=create_australian_suburbs_table, execution_date=20230910T005236, start_date=20230910T005404, end_date=20230910T005405
[2023-09-10T00:54:05.890+0000] {local_task_job_runner.py:228} INFO - Task exited with return code 0
[2023-09-10T00:54:05.940+0000] {taskinstance.py:2784} INFO - 0 downstream tasks scheduled from follow-on schedule check
