[2023-12-03T03:25:35.977+0000] {logging_mixin.py:151} INFO - Changing /opt/***/logs/dag_id=Autotrader_ETL_DAG/run_id=manual__2023-12-03T03:25:34.006153+00:00/task_id=extract_listings permission to 509
[2023-12-03T03:25:35.978+0000] {logging_mixin.py:151} INFO - Failed to change /opt/***/logs/dag_id=Autotrader_ETL_DAG/run_id=manual__2023-12-03T03:25:34.006153+00:00/task_id=extract_listings permission to 509: [Errno 1] Operation not permitted: '/opt/***/logs/dag_id=Autotrader_ETL_DAG/run_id=manual__2023-12-03T03:25:34.006153+00:00/task_id=extract_listings'
[2023-12-03T03:25:36.018+0000] {logging_mixin.py:151} INFO - Changing /opt/***/logs/dag_id=Autotrader_ETL_DAG/run_id=manual__2023-12-03T03:25:34.006153+00:00/task_id=extract_listings permission to 509
[2023-12-03T03:25:36.020+0000] {logging_mixin.py:151} INFO - Failed to change /opt/***/logs/dag_id=Autotrader_ETL_DAG/run_id=manual__2023-12-03T03:25:34.006153+00:00/task_id=extract_listings permission to 509: [Errno 1] Operation not permitted: '/opt/***/logs/dag_id=Autotrader_ETL_DAG/run_id=manual__2023-12-03T03:25:34.006153+00:00/task_id=extract_listings'
[2023-12-03T03:25:36.046+0000] {taskinstance.py:1159} INFO - Dependencies all met for dep_context=non-requeueable deps ti=<TaskInstance: Autotrader_ETL_DAG.extract_listings manual__2023-12-03T03:25:34.006153+00:00 [queued]>
[2023-12-03T03:25:36.056+0000] {taskinstance.py:1159} INFO - Dependencies all met for dep_context=requeueable deps ti=<TaskInstance: Autotrader_ETL_DAG.extract_listings manual__2023-12-03T03:25:34.006153+00:00 [queued]>
[2023-12-03T03:25:36.057+0000] {taskinstance.py:1361} INFO - Starting attempt 1 of 1
[2023-12-03T03:25:36.073+0000] {taskinstance.py:1382} INFO - Executing <Task(PythonOperator): extract_listings> on 2023-12-03 03:25:34.006153+00:00
[2023-12-03T03:25:36.080+0000] {standard_task_runner.py:57} INFO - Started process 2269 to run task
[2023-12-03T03:25:36.082+0000] {standard_task_runner.py:84} INFO - Running: ['***', 'tasks', 'run', 'Autotrader_ETL_DAG', 'extract_listings', 'manual__2023-12-03T03:25:34.006153+00:00', '--job-id', '1406', '--raw', '--subdir', 'DAGS_FOLDER/autotrader_etl.py', '--cfg-path', '/tmp/tmpyq9cjtrf']
[2023-12-03T03:25:36.085+0000] {standard_task_runner.py:85} INFO - Job 1406: Subtask extract_listings
[2023-12-03T03:25:36.144+0000] {logging_mixin.py:151} INFO - Changing /opt/***/logs/dag_id=Autotrader_ETL_DAG/run_id=manual__2023-12-03T03:25:34.006153+00:00/task_id=extract_listings permission to 509
[2023-12-03T03:25:36.145+0000] {logging_mixin.py:151} INFO - Failed to change /opt/***/logs/dag_id=Autotrader_ETL_DAG/run_id=manual__2023-12-03T03:25:34.006153+00:00/task_id=extract_listings permission to 509: [Errno 1] Operation not permitted: '/opt/***/logs/dag_id=Autotrader_ETL_DAG/run_id=manual__2023-12-03T03:25:34.006153+00:00/task_id=extract_listings'
[2023-12-03T03:25:36.147+0000] {task_command.py:415} INFO - Running <TaskInstance: Autotrader_ETL_DAG.extract_listings manual__2023-12-03T03:25:34.006153+00:00 [running]> on host 172bfe53c091
[2023-12-03T03:25:36.301+0000] {taskinstance.py:1660} INFO - Exporting env vars: AIRFLOW_CTX_DAG_OWNER='***' AIRFLOW_CTX_DAG_ID='Autotrader_ETL_DAG' AIRFLOW_CTX_TASK_ID='extract_listings' AIRFLOW_CTX_EXECUTION_DATE='2023-12-03T03:25:34.006153+00:00' AIRFLOW_CTX_TRY_NUMBER='1' AIRFLOW_CTX_DAG_RUN_ID='manual__2023-12-03T03:25:34.006153+00:00'
[2023-12-03T03:25:36.311+0000] {logging_mixin.py:151} INFO - 1
[2023-12-03T03:25:37.338+0000] {logging_mixin.py:151} INFO - 2
[2023-12-03T03:25:38.116+0000] {logging_mixin.py:151} INFO - 3
[2023-12-03T03:25:38.693+0000] {logging_mixin.py:151} INFO - 4
[2023-12-03T03:25:39.466+0000] {logging_mixin.py:151} INFO - 5
[2023-12-03T03:25:40.336+0000] {logging_mixin.py:151} INFO - 6
[2023-12-03T03:25:41.297+0000] {logging_mixin.py:151} INFO - 7
[2023-12-03T03:25:41.917+0000] {logging_mixin.py:151} INFO - 8
[2023-12-03T03:25:42.591+0000] {logging_mixin.py:151} INFO - 9
[2023-12-03T03:25:43.488+0000] {logging_mixin.py:151} INFO - 10
[2023-12-03T03:25:44.162+0000] {logging_mixin.py:151} INFO - 11
[2023-12-03T03:25:45.266+0000] {logging_mixin.py:151} INFO - 12
[2023-12-03T03:25:46.131+0000] {logging_mixin.py:151} INFO - 13
[2023-12-03T03:25:47.139+0000] {logging_mixin.py:151} INFO - 14
[2023-12-03T03:25:47.914+0000] {logging_mixin.py:151} INFO - 15
[2023-12-03T03:25:48.838+0000] {logging_mixin.py:151} INFO - 16
[2023-12-03T03:25:57.129+0000] {logging_mixin.py:151} INFO - 17
[2023-12-03T03:25:58.007+0000] {logging_mixin.py:151} INFO - 18
[2023-12-03T03:25:59.270+0000] {logging_mixin.py:151} INFO - 19
[2023-12-03T03:26:00.127+0000] {logging_mixin.py:151} INFO - 20
[2023-12-03T03:26:00.997+0000] {logging_mixin.py:151} INFO - 21
[2023-12-03T03:26:08.792+0000] {logging_mixin.py:151} INFO - 22
[2023-12-03T03:26:10.810+0000] {logging_mixin.py:151} INFO - 23
[2023-12-03T03:26:11.460+0000] {logging_mixin.py:151} INFO - 24
[2023-12-03T03:26:12.127+0000] {logging_mixin.py:151} INFO - 25
[2023-12-03T03:26:12.812+0000] {logging_mixin.py:151} INFO - 26
[2023-12-03T03:26:13.905+0000] {logging_mixin.py:151} INFO - 27
[2023-12-03T03:26:14.562+0000] {logging_mixin.py:151} INFO - 28
[2023-12-03T03:26:17.680+0000] {logging_mixin.py:151} INFO - 29
[2023-12-03T03:26:18.568+0000] {logging_mixin.py:151} INFO - 30
[2023-12-03T03:26:19.642+0000] {logging_mixin.py:151} INFO - 31
[2023-12-03T03:26:20.475+0000] {logging_mixin.py:151} INFO - 32
[2023-12-03T03:26:21.298+0000] {logging_mixin.py:151} INFO - 33
[2023-12-03T03:26:28.186+0000] {logging_mixin.py:151} INFO - 34
[2023-12-03T03:26:29.203+0000] {logging_mixin.py:151} INFO - 35
[2023-12-03T03:26:29.977+0000] {logging_mixin.py:151} INFO - 36
[2023-12-03T03:26:30.590+0000] {logging_mixin.py:151} INFO - 37
[2023-12-03T03:26:31.437+0000] {logging_mixin.py:151} INFO - 38
[2023-12-03T03:26:32.121+0000] {logging_mixin.py:151} INFO - 39
[2023-12-03T03:26:33.083+0000] {logging_mixin.py:151} INFO - 40
[2023-12-03T03:26:34.488+0000] {logging_mixin.py:151} INFO - 41
[2023-12-03T03:26:35.527+0000] {logging_mixin.py:151} INFO - 42
[2023-12-03T03:26:36.279+0000] {logging_mixin.py:151} INFO - 43
[2023-12-03T03:26:37.305+0000] {logging_mixin.py:151} INFO - 44
[2023-12-03T03:26:37.964+0000] {logging_mixin.py:151} INFO - 45
[2023-12-03T03:26:38.763+0000] {logging_mixin.py:151} INFO - 46
[2023-12-03T03:26:39.789+0000] {logging_mixin.py:151} INFO - 47
[2023-12-03T03:26:40.786+0000] {logging_mixin.py:151} INFO - 48
[2023-12-03T03:26:41.656+0000] {logging_mixin.py:151} INFO - 49
[2023-12-03T03:26:42.534+0000] {logging_mixin.py:151} INFO - 50
[2023-12-03T03:26:43.351+0000] {logging_mixin.py:151} INFO - 51
[2023-12-03T03:26:44.007+0000] {logging_mixin.py:151} INFO - 52
[2023-12-03T03:26:44.931+0000] {logging_mixin.py:151} INFO - 53
[2023-12-03T03:26:45.872+0000] {logging_mixin.py:151} INFO - 54
[2023-12-03T03:26:47.167+0000] {logging_mixin.py:151} INFO - 55
[2023-12-03T03:26:48.021+0000] {logging_mixin.py:151} INFO - 56
[2023-12-03T03:26:49.677+0000] {logging_mixin.py:151} INFO - 57
[2023-12-03T03:26:57.644+0000] {logging_mixin.py:151} INFO - 58
[2023-12-03T03:26:58.538+0000] {logging_mixin.py:151} INFO - 59
[2023-12-03T03:26:59.198+0000] {logging_mixin.py:151} INFO - 60
[2023-12-03T03:27:00.078+0000] {logging_mixin.py:151} INFO - 61
[2023-12-03T03:27:00.834+0000] {logging_mixin.py:151} INFO - 62
[2023-12-03T03:27:01.552+0000] {logging_mixin.py:151} INFO - 63
[2023-12-03T03:27:02.296+0000] {logging_mixin.py:151} INFO - 64
[2023-12-03T03:27:03.217+0000] {logging_mixin.py:151} INFO - 65
[2023-12-03T03:27:04.171+0000] {logging_mixin.py:151} INFO - 66
[2023-12-03T03:27:13.277+0000] {logging_mixin.py:151} INFO - 67
[2023-12-03T03:27:13.955+0000] {logging_mixin.py:151} INFO - 68
[2023-12-03T03:27:14.765+0000] {logging_mixin.py:151} INFO - 69
[2023-12-03T03:27:16.011+0000] {logging_mixin.py:151} INFO - 70
[2023-12-03T03:27:17.207+0000] {logging_mixin.py:151} INFO - 71
[2023-12-03T03:27:17.881+0000] {logging_mixin.py:151} INFO - 72
[2023-12-03T03:27:19.217+0000] {logging_mixin.py:151} INFO - 73
[2023-12-03T03:27:20.041+0000] {logging_mixin.py:151} INFO - 74
[2023-12-03T03:27:20.881+0000] {logging_mixin.py:151} INFO - 75
[2023-12-03T03:27:23.534+0000] {logging_mixin.py:151} INFO - 76
[2023-12-03T03:27:24.447+0000] {logging_mixin.py:151} INFO - 77
[2023-12-03T03:27:25.732+0000] {logging_mixin.py:151} INFO - 78
[2023-12-03T03:27:27.933+0000] {logging_mixin.py:151} INFO - 79
[2023-12-03T03:27:28.981+0000] {logging_mixin.py:151} INFO - 80
[2023-12-03T03:27:30.785+0000] {logging_mixin.py:151} INFO - 81
[2023-12-03T03:27:31.466+0000] {logging_mixin.py:151} INFO - 82
[2023-12-03T03:27:50.791+0000] {logging_mixin.py:151} INFO - 83
[2023-12-03T03:27:51.695+0000] {logging_mixin.py:151} INFO - 84
[2023-12-03T03:27:52.465+0000] {logging_mixin.py:151} INFO - 85
[2023-12-03T03:27:53.441+0000] {logging_mixin.py:151} INFO - 86
[2023-12-03T03:27:54.661+0000] {logging_mixin.py:151} INFO - 87
[2023-12-03T03:27:55.367+0000] {logging_mixin.py:151} INFO - 88
[2023-12-03T03:27:56.015+0000] {logging_mixin.py:151} INFO - 89
[2023-12-03T03:27:56.928+0000] {logging_mixin.py:151} INFO - 90
[2023-12-03T03:27:57.771+0000] {logging_mixin.py:151} INFO - 91
[2023-12-03T03:28:00.238+0000] {logging_mixin.py:151} INFO - 92
[2023-12-03T03:28:11.458+0000] {logging_mixin.py:151} INFO - 93
[2023-12-03T03:28:12.259+0000] {logging_mixin.py:151} INFO - 94
[2023-12-03T03:28:29.860+0000] {logging_mixin.py:151} INFO - 95
[2023-12-03T03:28:30.741+0000] {logging_mixin.py:151} INFO - 96
[2023-12-03T03:28:31.405+0000] {logging_mixin.py:151} INFO - 97
[2023-12-03T03:28:32.418+0000] {logging_mixin.py:151} INFO - 98
[2023-12-03T03:28:33.387+0000] {logging_mixin.py:151} INFO - 99
[2023-12-03T03:28:34.510+0000] {logging_mixin.py:151} INFO - 100
[2023-12-03T03:28:35.188+0000] {logging_mixin.py:151} INFO - 101
[2023-12-03T03:28:35.919+0000] {logging_mixin.py:151} INFO - 102
[2023-12-03T03:28:36.703+0000] {logging_mixin.py:151} INFO - 103
[2023-12-03T03:28:37.342+0000] {logging_mixin.py:151} INFO - 104
[2023-12-03T03:28:38.370+0000] {logging_mixin.py:151} INFO - 105
[2023-12-03T03:28:39.459+0000] {logging_mixin.py:151} INFO - 106
[2023-12-03T03:28:40.203+0000] {logging_mixin.py:151} INFO - 107
[2023-12-03T03:29:08.372+0000] {logging_mixin.py:151} INFO - 108
[2023-12-03T03:29:10.025+0000] {logging_mixin.py:151} INFO - 109
[2023-12-03T03:29:10.969+0000] {logging_mixin.py:151} INFO - 110
[2023-12-03T03:29:11.690+0000] {logging_mixin.py:151} INFO - 111
[2023-12-03T03:29:12.566+0000] {logging_mixin.py:151} INFO - 112
[2023-12-03T03:29:13.424+0000] {logging_mixin.py:151} INFO - 113
[2023-12-03T03:29:14.270+0000] {logging_mixin.py:151} INFO - 114
[2023-12-03T03:29:15.567+0000] {logging_mixin.py:151} INFO - 115
[2023-12-03T03:29:16.266+0000] {logging_mixin.py:151} INFO - 116
[2023-12-03T03:29:17.333+0000] {logging_mixin.py:151} INFO - 117
[2023-12-03T03:29:18.111+0000] {logging_mixin.py:151} INFO - 118
[2023-12-03T03:29:19.115+0000] {logging_mixin.py:151} INFO - 119
[2023-12-03T03:29:19.846+0000] {logging_mixin.py:151} INFO - 120
[2023-12-03T03:29:20.766+0000] {logging_mixin.py:151} INFO - 121
[2023-12-03T03:29:21.994+0000] {logging_mixin.py:151} INFO - 122
[2023-12-03T03:29:23.072+0000] {logging_mixin.py:151} INFO - 123
[2023-12-03T03:29:23.828+0000] {logging_mixin.py:151} INFO - 124
[2023-12-03T03:29:25.904+0000] {logging_mixin.py:151} INFO - 125
[2023-12-03T03:29:27.441+0000] {logging_mixin.py:151} INFO - 126
[2023-12-03T03:29:28.100+0000] {logging_mixin.py:151} INFO - 127
[2023-12-03T03:29:28.974+0000] {logging_mixin.py:151} INFO - 128
[2023-12-03T03:29:30.393+0000] {logging_mixin.py:151} INFO - 129
[2023-12-03T03:29:31.418+0000] {logging_mixin.py:151} INFO - 130
[2023-12-03T03:29:32.234+0000] {logging_mixin.py:151} INFO - 131
[2023-12-03T03:29:33.039+0000] {logging_mixin.py:151} INFO - 132
[2023-12-03T03:29:34.268+0000] {logging_mixin.py:151} INFO - 133
[2023-12-03T03:29:37.214+0000] {logging_mixin.py:151} INFO - 134
[2023-12-03T03:29:38.094+0000] {logging_mixin.py:151} INFO - 135
[2023-12-03T03:29:39.286+0000] {logging_mixin.py:151} INFO - 136
[2023-12-03T03:29:40.456+0000] {logging_mixin.py:151} INFO - 137
[2023-12-03T03:29:41.694+0000] {logging_mixin.py:151} INFO - 138
[2023-12-03T03:29:44.598+0000] {logging_mixin.py:151} INFO - 139
[2023-12-03T03:29:45.319+0000] {logging_mixin.py:151} INFO - 140
[2023-12-03T03:29:46.303+0000] {logging_mixin.py:151} INFO - 141
[2023-12-03T03:29:47.830+0000] {logging_mixin.py:151} INFO - 142
[2023-12-03T03:29:48.685+0000] {logging_mixin.py:151} INFO - 143
[2023-12-03T03:29:49.433+0000] {logging_mixin.py:151} INFO - 144
[2023-12-03T03:29:50.190+0000] {logging_mixin.py:151} INFO - 145
[2023-12-03T03:29:50.924+0000] {logging_mixin.py:151} INFO - 146
[2023-12-03T03:29:52.055+0000] {logging_mixin.py:151} INFO - 147
[2023-12-03T03:29:52.813+0000] {logging_mixin.py:151} INFO - 148
[2023-12-03T03:29:53.478+0000] {logging_mixin.py:151} INFO - 149
[2023-12-03T03:29:54.230+0000] {logging_mixin.py:151} INFO - 150
[2023-12-03T03:29:55.205+0000] {logging_mixin.py:151} INFO - 151
[2023-12-03T03:29:55.982+0000] {logging_mixin.py:151} INFO - 152
[2023-12-03T03:29:56.955+0000] {logging_mixin.py:151} INFO - 153
[2023-12-03T03:29:57.886+0000] {logging_mixin.py:151} INFO - 154
[2023-12-03T03:29:58.785+0000] {logging_mixin.py:151} INFO - 155
[2023-12-03T03:29:59.732+0000] {logging_mixin.py:151} INFO - 156
[2023-12-03T03:30:00.611+0000] {logging_mixin.py:151} INFO - 157
[2023-12-03T03:30:01.239+0000] {logging_mixin.py:151} INFO - 158
[2023-12-03T03:30:01.923+0000] {logging_mixin.py:151} INFO - 159
[2023-12-03T03:30:03.323+0000] {logging_mixin.py:151} INFO - 160
[2023-12-03T03:30:04.291+0000] {logging_mixin.py:151} INFO - 161
[2023-12-03T03:30:05.235+0000] {logging_mixin.py:151} INFO - 162
[2023-12-03T03:30:06.125+0000] {logging_mixin.py:151} INFO - 163
[2023-12-03T03:30:07.255+0000] {logging_mixin.py:151} INFO - 164
[2023-12-03T03:30:08.230+0000] {logging_mixin.py:151} INFO - 165
[2023-12-03T03:30:09.032+0000] {logging_mixin.py:151} INFO - 166
[2023-12-03T03:30:09.833+0000] {logging_mixin.py:151} INFO - 167
[2023-12-03T03:30:10.663+0000] {logging_mixin.py:151} INFO - 168
[2023-12-03T03:30:11.350+0000] {logging_mixin.py:151} INFO - 169
[2023-12-03T03:30:12.108+0000] {logging_mixin.py:151} INFO - 170
[2023-12-03T03:30:13.030+0000] {logging_mixin.py:151} INFO - 171
[2023-12-03T03:30:13.967+0000] {logging_mixin.py:151} INFO - 172
[2023-12-03T03:30:14.810+0000] {logging_mixin.py:151} INFO - 173
[2023-12-03T03:30:15.461+0000] {logging_mixin.py:151} INFO - 174
[2023-12-03T03:30:16.230+0000] {logging_mixin.py:151} INFO - 175
[2023-12-03T03:30:17.265+0000] {logging_mixin.py:151} INFO - 176
[2023-12-03T03:30:18.308+0000] {logging_mixin.py:151} INFO - 177
[2023-12-03T03:30:22.116+0000] {logging_mixin.py:151} INFO - 178
[2023-12-03T03:30:22.834+0000] {logging_mixin.py:151} INFO - 179
[2023-12-03T03:30:23.653+0000] {logging_mixin.py:151} INFO - 180
[2023-12-03T03:30:24.560+0000] {logging_mixin.py:151} INFO - 181
[2023-12-03T03:30:25.392+0000] {logging_mixin.py:151} INFO - 182
[2023-12-03T03:30:26.313+0000] {logging_mixin.py:151} INFO - 183
[2023-12-03T03:30:26.952+0000] {logging_mixin.py:151} INFO - 184
[2023-12-03T03:30:27.861+0000] {logging_mixin.py:151} INFO - 185
[2023-12-03T03:30:28.605+0000] {logging_mixin.py:151} INFO - 186
[2023-12-03T03:30:29.309+0000] {logging_mixin.py:151} INFO - 187
[2023-12-03T03:30:30.096+0000] {logging_mixin.py:151} INFO - 188
[2023-12-03T03:30:30.974+0000] {logging_mixin.py:151} INFO - 189
[2023-12-03T03:30:32.416+0000] {logging_mixin.py:151} INFO - 190
[2023-12-03T03:30:50.488+0000] {logging_mixin.py:151} INFO - 191
[2023-12-03T03:31:00.817+0000] {logging_mixin.py:151} INFO - 192
[2023-12-03T03:31:01.791+0000] {logging_mixin.py:151} INFO - 193
[2023-12-03T03:31:02.730+0000] {logging_mixin.py:151} INFO - 194
[2023-12-03T03:31:03.448+0000] {logging_mixin.py:151} INFO - 195
[2023-12-03T03:31:04.699+0000] {logging_mixin.py:151} INFO - 196
[2023-12-03T03:31:05.811+0000] {logging_mixin.py:151} INFO - 197
[2023-12-03T03:31:19.866+0000] {logging_mixin.py:151} INFO - 198
[2023-12-03T03:31:20.936+0000] {logging_mixin.py:151} INFO - 199
[2023-12-03T03:31:21.962+0000] {logging_mixin.py:151} INFO - 200
[2023-12-03T03:31:22.681+0000] {logging_mixin.py:151} INFO - 201
[2023-12-03T03:31:23.524+0000] {logging_mixin.py:151} INFO - 202
[2023-12-03T03:31:24.368+0000] {logging_mixin.py:151} INFO - 203
[2023-12-03T03:31:25.306+0000] {logging_mixin.py:151} INFO - 204
[2023-12-03T03:31:25.987+0000] {logging_mixin.py:151} INFO - 205
[2023-12-03T03:31:26.936+0000] {logging_mixin.py:151} INFO - 206
[2023-12-03T03:31:27.760+0000] {logging_mixin.py:151} INFO - 207
[2023-12-03T03:31:28.469+0000] {logging_mixin.py:151} INFO - 208
[2023-12-03T03:31:29.015+0000] {logging_mixin.py:151} INFO - 209
[2023-12-03T03:31:30.038+0000] {logging_mixin.py:151} INFO - 210
[2023-12-03T03:31:30.981+0000] {logging_mixin.py:151} INFO - 211
[2023-12-03T03:31:32.106+0000] {logging_mixin.py:151} INFO - 212
[2023-12-03T03:31:33.476+0000] {logging_mixin.py:151} INFO - 213
[2023-12-03T03:31:34.227+0000] {logging_mixin.py:151} INFO - 214
[2023-12-03T03:31:35.184+0000] {logging_mixin.py:151} INFO - 215
[2023-12-03T03:31:35.960+0000] {logging_mixin.py:151} INFO - 216
[2023-12-03T03:31:36.722+0000] {logging_mixin.py:151} INFO - 217
[2023-12-03T03:31:37.502+0000] {logging_mixin.py:151} INFO - 218
[2023-12-03T03:31:38.435+0000] {logging_mixin.py:151} INFO - 219
[2023-12-03T03:31:58.930+0000] {logging_mixin.py:151} INFO - 220
[2023-12-03T03:32:23.939+0000] {python.py:194} INFO - Done. Returned value was: uploaded auto-trader-raw-2023-12-03.json to autotrader-raw bucket
[2023-12-03T03:32:23.964+0000] {taskinstance.py:1400} INFO - Marking task as SUCCESS. dag_id=Autotrader_ETL_DAG, task_id=extract_listings, execution_date=20231203T032534, start_date=20231203T032536, end_date=20231203T033223
[2023-12-03T03:32:24.011+0000] {local_task_job_runner.py:228} INFO - Task exited with return code 0
[2023-12-03T03:32:24.038+0000] {taskinstance.py:2784} INFO - 2 downstream tasks scheduled from follow-on schedule check
