[2023-12-03T03:32:30.242+0000] {logging_mixin.py:151} INFO - Changing /opt/***/logs/dag_id=Autotrader_ETL_DAG/run_id=manual__2023-12-03T03:25:34.006153+00:00/task_id=insert_raw_data_into_listings_raw permission to 509
[2023-12-03T03:32:30.244+0000] {logging_mixin.py:151} INFO - Failed to change /opt/***/logs/dag_id=Autotrader_ETL_DAG/run_id=manual__2023-12-03T03:25:34.006153+00:00/task_id=insert_raw_data_into_listings_raw permission to 509: [Errno 1] Operation not permitted: '/opt/***/logs/dag_id=Autotrader_ETL_DAG/run_id=manual__2023-12-03T03:25:34.006153+00:00/task_id=insert_raw_data_into_listings_raw'
[2023-12-03T03:32:30.282+0000] {logging_mixin.py:151} INFO - Changing /opt/***/logs/dag_id=Autotrader_ETL_DAG/run_id=manual__2023-12-03T03:25:34.006153+00:00/task_id=insert_raw_data_into_listings_raw permission to 509
[2023-12-03T03:32:30.283+0000] {logging_mixin.py:151} INFO - Failed to change /opt/***/logs/dag_id=Autotrader_ETL_DAG/run_id=manual__2023-12-03T03:25:34.006153+00:00/task_id=insert_raw_data_into_listings_raw permission to 509: [Errno 1] Operation not permitted: '/opt/***/logs/dag_id=Autotrader_ETL_DAG/run_id=manual__2023-12-03T03:25:34.006153+00:00/task_id=insert_raw_data_into_listings_raw'
[2023-12-03T03:32:30.312+0000] {taskinstance.py:1159} INFO - Dependencies all met for dep_context=non-requeueable deps ti=<TaskInstance: Autotrader_ETL_DAG.insert_raw_data_into_listings_raw manual__2023-12-03T03:25:34.006153+00:00 [queued]>
[2023-12-03T03:32:30.322+0000] {taskinstance.py:1159} INFO - Dependencies all met for dep_context=requeueable deps ti=<TaskInstance: Autotrader_ETL_DAG.insert_raw_data_into_listings_raw manual__2023-12-03T03:25:34.006153+00:00 [queued]>
[2023-12-03T03:32:30.322+0000] {taskinstance.py:1361} INFO - Starting attempt 1 of 1
[2023-12-03T03:32:30.338+0000] {taskinstance.py:1382} INFO - Executing <Task(GCSToBigQueryOperator): insert_raw_data_into_listings_raw> on 2023-12-03 03:25:34.006153+00:00
[2023-12-03T03:32:30.346+0000] {standard_task_runner.py:57} INFO - Started process 2346 to run task
[2023-12-03T03:32:30.348+0000] {standard_task_runner.py:84} INFO - Running: ['***', 'tasks', 'run', 'Autotrader_ETL_DAG', 'insert_raw_data_into_listings_raw', 'manual__2023-12-03T03:25:34.006153+00:00', '--job-id', '1410', '--raw', '--subdir', 'DAGS_FOLDER/autotrader_etl.py', '--cfg-path', '/tmp/tmpbrntfgoz']
[2023-12-03T03:32:30.351+0000] {standard_task_runner.py:85} INFO - Job 1410: Subtask insert_raw_data_into_listings_raw
[2023-12-03T03:32:30.405+0000] {logging_mixin.py:151} INFO - Changing /opt/***/logs/dag_id=Autotrader_ETL_DAG/run_id=manual__2023-12-03T03:25:34.006153+00:00/task_id=insert_raw_data_into_listings_raw permission to 509
[2023-12-03T03:32:30.406+0000] {logging_mixin.py:151} INFO - Failed to change /opt/***/logs/dag_id=Autotrader_ETL_DAG/run_id=manual__2023-12-03T03:25:34.006153+00:00/task_id=insert_raw_data_into_listings_raw permission to 509: [Errno 1] Operation not permitted: '/opt/***/logs/dag_id=Autotrader_ETL_DAG/run_id=manual__2023-12-03T03:25:34.006153+00:00/task_id=insert_raw_data_into_listings_raw'
[2023-12-03T03:32:30.408+0000] {task_command.py:415} INFO - Running <TaskInstance: Autotrader_ETL_DAG.insert_raw_data_into_listings_raw manual__2023-12-03T03:25:34.006153+00:00 [running]> on host 172bfe53c091
[2023-12-03T03:32:30.496+0000] {taskinstance.py:1660} INFO - Exporting env vars: AIRFLOW_CTX_DAG_OWNER='***' AIRFLOW_CTX_DAG_ID='Autotrader_ETL_DAG' AIRFLOW_CTX_TASK_ID='insert_raw_data_into_listings_raw' AIRFLOW_CTX_EXECUTION_DATE='2023-12-03T03:25:34.006153+00:00' AIRFLOW_CTX_TRY_NUMBER='1' AIRFLOW_CTX_DAG_RUN_ID='manual__2023-12-03T03:25:34.006153+00:00'
[2023-12-03T03:32:30.507+0000] {connection.py:232} WARNING - Connection schemes (type: google_cloud_platform) shall not contain '_' according to RFC3986.
[2023-12-03T03:32:30.511+0000] {base.py:73} INFO - Using connection ID 'google_cloud' for task execution.
[2023-12-03T03:32:30.512+0000] {gcs_to_bigquery.py:375} INFO - Using existing BigQuery table for storing data...
[2023-12-03T03:32:30.560+0000] {gcs_to_bigquery.py:379} INFO - Executing: {'load': {'autodetect': True, 'createDisposition': 'CREATE_IF_NEEDED', 'destinationTable': {'projectId': 'autotrader-toyota-dashboard', 'datasetId': 'autotrader_staging', 'tableId': 'listings_raw'}, 'sourceFormat': 'NEWLINE_DELIMITED_JSON', 'sourceUris': ['gs://autotrader-raw/autotrader-raw-2023-12-03.json'], 'writeDisposition': 'WRITE_TRUNCATE', 'ignoreUnknownValues': False, 'schema': {'fields': [{'name': 'date', 'type': 'STRING'}, {'name': 'price', 'type': 'STRING'}, {'name': 'odometer', 'type': 'STRING'}, {'name': 'year', 'type': 'STRING'}, {'name': 'car_model', 'type': 'STRING'}, {'name': 'type', 'type': 'STRING'}, {'name': 'suburb', 'type': 'STRING'}, {'name': 'state', 'type': 'STRING'}]}}}
[2023-12-03T03:32:30.562+0000] {bigquery.py:1596} INFO - Inserting job ***_Autotrader_ETL_DAG_insert_raw_data_into_listings_raw_2023_12_03T03_25_34_006153_00_00_ce38ed33cd1070cec22ae722f0310324
[2023-12-03T03:32:33.875+0000] {taskinstance.py:1400} INFO - Marking task as SUCCESS. dag_id=Autotrader_ETL_DAG, task_id=insert_raw_data_into_listings_raw, execution_date=20231203T032534, start_date=20231203T033230, end_date=20231203T033233
[2023-12-03T03:32:33.897+0000] {local_task_job_runner.py:228} INFO - Task exited with return code 0
[2023-12-03T03:32:33.916+0000] {taskinstance.py:2784} INFO - 0 downstream tasks scheduled from follow-on schedule check
