[2023-09-09T12:19:08.435+0000] {logging_mixin.py:151} INFO - Changing /opt/***/logs/dag_id=Autotrader_ETL_DAG/run_id=manual__2023-09-09T12:17:10.840542+00:00/task_id=uppercase_columns permission to 509
[2023-09-09T12:19:08.436+0000] {logging_mixin.py:151} INFO - Failed to change /opt/***/logs/dag_id=Autotrader_ETL_DAG/run_id=manual__2023-09-09T12:17:10.840542+00:00/task_id=uppercase_columns permission to 509: [Errno 1] Operation not permitted: '/opt/***/logs/dag_id=Autotrader_ETL_DAG/run_id=manual__2023-09-09T12:17:10.840542+00:00/task_id=uppercase_columns'
[2023-09-09T12:19:08.503+0000] {logging_mixin.py:151} INFO - Changing /opt/***/logs/dag_id=Autotrader_ETL_DAG/run_id=manual__2023-09-09T12:17:10.840542+00:00/task_id=uppercase_columns permission to 509
[2023-09-09T12:19:08.504+0000] {logging_mixin.py:151} INFO - Failed to change /opt/***/logs/dag_id=Autotrader_ETL_DAG/run_id=manual__2023-09-09T12:17:10.840542+00:00/task_id=uppercase_columns permission to 509: [Errno 1] Operation not permitted: '/opt/***/logs/dag_id=Autotrader_ETL_DAG/run_id=manual__2023-09-09T12:17:10.840542+00:00/task_id=uppercase_columns'
[2023-09-09T12:19:08.539+0000] {taskinstance.py:1159} INFO - Dependencies all met for dep_context=non-requeueable deps ti=<TaskInstance: Autotrader_ETL_DAG.uppercase_columns manual__2023-09-09T12:17:10.840542+00:00 [queued]>
[2023-09-09T12:19:08.548+0000] {taskinstance.py:1159} INFO - Dependencies all met for dep_context=requeueable deps ti=<TaskInstance: Autotrader_ETL_DAG.uppercase_columns manual__2023-09-09T12:17:10.840542+00:00 [queued]>
[2023-09-09T12:19:08.549+0000] {taskinstance.py:1361} INFO - Starting attempt 1 of 2
[2023-09-09T12:19:08.564+0000] {taskinstance.py:1382} INFO - Executing <Task(BigQueryExecuteQueryOperator): uppercase_columns> on 2023-09-09 12:17:10.840542+00:00
[2023-09-09T12:19:08.572+0000] {standard_task_runner.py:57} INFO - Started process 4898 to run task
[2023-09-09T12:19:08.574+0000] {standard_task_runner.py:84} INFO - Running: ['***', 'tasks', 'run', 'Autotrader_ETL_DAG', 'uppercase_columns', 'manual__2023-09-09T12:17:10.840542+00:00', '--job-id', '538', '--raw', '--subdir', 'DAGS_FOLDER/autotrader_etl.py', '--cfg-path', '/tmp/tmpxv86zqzx']
[2023-09-09T12:19:08.576+0000] {standard_task_runner.py:85} INFO - Job 538: Subtask uppercase_columns
[2023-09-09T12:19:08.622+0000] {logging_mixin.py:151} INFO - Changing /opt/***/logs/dag_id=Autotrader_ETL_DAG/run_id=manual__2023-09-09T12:17:10.840542+00:00/task_id=uppercase_columns permission to 509
[2023-09-09T12:19:08.623+0000] {logging_mixin.py:151} INFO - Failed to change /opt/***/logs/dag_id=Autotrader_ETL_DAG/run_id=manual__2023-09-09T12:17:10.840542+00:00/task_id=uppercase_columns permission to 509: [Errno 1] Operation not permitted: '/opt/***/logs/dag_id=Autotrader_ETL_DAG/run_id=manual__2023-09-09T12:17:10.840542+00:00/task_id=uppercase_columns'
[2023-09-09T12:19:08.626+0000] {task_command.py:415} INFO - Running <TaskInstance: Autotrader_ETL_DAG.uppercase_columns manual__2023-09-09T12:17:10.840542+00:00 [running]> on host 412bb32711f9
[2023-09-09T12:19:08.708+0000] {taskinstance.py:1660} INFO - Exporting env vars: AIRFLOW_CTX_DAG_OWNER='***' AIRFLOW_CTX_DAG_ID='Autotrader_ETL_DAG' AIRFLOW_CTX_TASK_ID='uppercase_columns' AIRFLOW_CTX_EXECUTION_DATE='2023-09-09T12:17:10.840542+00:00' AIRFLOW_CTX_TRY_NUMBER='1' AIRFLOW_CTX_DAG_RUN_ID='manual__2023-09-09T12:17:10.840542+00:00'
[2023-09-09T12:19:08.711+0000] {bigquery.py:1234} INFO - Executing: UPDATE autotrader-toyota-dashboard.autotrader_staging.listings_raw
        SET car_model = UPPER(car_model),
        type = UPPER(type),
        suburb = UPPER(suburb)
        WHERE car_model IN (
        SELECT
        car_model
        FROM autotrader-toyota-dashboard.autotrader_staging.listings_raw
        )
        AND type IN (
        SELECT
        type
        FROM autotrader-toyota-dashboard.autotrader_staging.listings_raw
        )
        AND suburb IN (
        SELECT
        suburb
        FROM autotrader-toyota-dashboard.autotrader_staging.listings_raw
        );
[2023-09-09T12:19:08.721+0000] {connection.py:232} WARNING - Connection schemes (type: google_cloud_platform) shall not contain '_' according to RFC3986.
[2023-09-09T12:19:08.725+0000] {base.py:73} INFO - Using connection ID 'google_cloud' for task execution.
[2023-09-09T12:19:08.731+0000] {logging_mixin.py:151} WARNING - /home/***/.local/lib/python3.8/site-packages/***/providers/google/cloud/hooks/bigquery.py:2109 AirflowProviderDeprecationWarning: This method is deprecated. Please use `BigQueryHook.insert_job` method.
[2023-09-09T12:19:08.776+0000] {bigquery.py:1596} INFO - Inserting job ***_1694261948775924_7a26a82bef696f193e5a8e363d59d201
[2023-09-09T12:19:12.191+0000] {taskinstance.py:1400} INFO - Marking task as SUCCESS. dag_id=Autotrader_ETL_DAG, task_id=uppercase_columns, execution_date=20230909T121710, start_date=20230909T121908, end_date=20230909T121912
[2023-09-09T12:19:12.214+0000] {local_task_job_runner.py:228} INFO - Task exited with return code 0
[2023-09-09T12:19:12.247+0000] {taskinstance.py:2784} INFO - 1 downstream tasks scheduled from follow-on schedule check
