[2023-09-12T13:03:25.551+0000] {logging_mixin.py:151} INFO - Changing /opt/***/logs/dag_id=Autotrader_ETL_DAG/run_id=manual__2023-09-12T12:44:16.972246+00:00/task_id=create_car_dim permission to 509
[2023-09-12T13:03:25.552+0000] {logging_mixin.py:151} INFO - Failed to change /opt/***/logs/dag_id=Autotrader_ETL_DAG/run_id=manual__2023-09-12T12:44:16.972246+00:00/task_id=create_car_dim permission to 509: [Errno 1] Operation not permitted: '/opt/***/logs/dag_id=Autotrader_ETL_DAG/run_id=manual__2023-09-12T12:44:16.972246+00:00/task_id=create_car_dim'
[2023-09-12T13:03:25.579+0000] {logging_mixin.py:151} INFO - Changing /opt/***/logs/dag_id=Autotrader_ETL_DAG/run_id=manual__2023-09-12T12:44:16.972246+00:00/task_id=create_car_dim permission to 509
[2023-09-12T13:03:25.580+0000] {logging_mixin.py:151} INFO - Failed to change /opt/***/logs/dag_id=Autotrader_ETL_DAG/run_id=manual__2023-09-12T12:44:16.972246+00:00/task_id=create_car_dim permission to 509: [Errno 1] Operation not permitted: '/opt/***/logs/dag_id=Autotrader_ETL_DAG/run_id=manual__2023-09-12T12:44:16.972246+00:00/task_id=create_car_dim'
[2023-09-12T13:03:25.602+0000] {taskinstance.py:1159} INFO - Dependencies all met for dep_context=non-requeueable deps ti=<TaskInstance: Autotrader_ETL_DAG.create_car_dim manual__2023-09-12T12:44:16.972246+00:00 [queued]>
[2023-09-12T13:03:25.610+0000] {taskinstance.py:1159} INFO - Dependencies all met for dep_context=requeueable deps ti=<TaskInstance: Autotrader_ETL_DAG.create_car_dim manual__2023-09-12T12:44:16.972246+00:00 [queued]>
[2023-09-12T13:03:25.611+0000] {taskinstance.py:1361} INFO - Starting attempt 1 of 2
[2023-09-12T13:03:25.622+0000] {taskinstance.py:1382} INFO - Executing <Task(BigQueryExecuteQueryOperator): create_car_dim> on 2023-09-12 12:44:16.972246+00:00
[2023-09-12T13:03:25.630+0000] {standard_task_runner.py:57} INFO - Started process 820 to run task
[2023-09-12T13:03:25.633+0000] {standard_task_runner.py:84} INFO - Running: ['***', 'tasks', 'run', 'Autotrader_ETL_DAG', 'create_car_dim', 'manual__2023-09-12T12:44:16.972246+00:00', '--job-id', '680', '--raw', '--subdir', 'DAGS_FOLDER/autotrader_etl.py', '--cfg-path', '/tmp/tmplit96950']
[2023-09-12T13:03:25.635+0000] {standard_task_runner.py:85} INFO - Job 680: Subtask create_car_dim
[2023-09-12T13:03:25.672+0000] {logging_mixin.py:151} INFO - Changing /opt/***/logs/dag_id=Autotrader_ETL_DAG/run_id=manual__2023-09-12T12:44:16.972246+00:00/task_id=create_car_dim permission to 509
[2023-09-12T13:03:25.673+0000] {logging_mixin.py:151} INFO - Failed to change /opt/***/logs/dag_id=Autotrader_ETL_DAG/run_id=manual__2023-09-12T12:44:16.972246+00:00/task_id=create_car_dim permission to 509: [Errno 1] Operation not permitted: '/opt/***/logs/dag_id=Autotrader_ETL_DAG/run_id=manual__2023-09-12T12:44:16.972246+00:00/task_id=create_car_dim'
[2023-09-12T13:03:25.675+0000] {task_command.py:415} INFO - Running <TaskInstance: Autotrader_ETL_DAG.create_car_dim manual__2023-09-12T12:44:16.972246+00:00 [running]> on host 412bb32711f9
[2023-09-12T13:03:25.747+0000] {taskinstance.py:1660} INFO - Exporting env vars: AIRFLOW_CTX_DAG_OWNER='***' AIRFLOW_CTX_DAG_ID='Autotrader_ETL_DAG' AIRFLOW_CTX_TASK_ID='create_car_dim' AIRFLOW_CTX_EXECUTION_DATE='2023-09-12T12:44:16.972246+00:00' AIRFLOW_CTX_TRY_NUMBER='1' AIRFLOW_CTX_DAG_RUN_ID='manual__2023-09-12T12:44:16.972246+00:00'
[2023-09-12T13:03:25.750+0000] {bigquery.py:1234} INFO - Executing: CREATE OR REPLACE TABLE
        autotrader-toyota-dashboard.autotrader_transformed.car_dim 
        (
        car_key INT64 NOT NULL,
        year INT64,
        car_model STRING,
        type STRING,
        PRIMARY KEY (car_key) NOT ENFORCED
        );
[2023-09-12T13:03:25.758+0000] {connection.py:232} WARNING - Connection schemes (type: google_cloud_platform) shall not contain '_' according to RFC3986.
[2023-09-12T13:03:25.762+0000] {base.py:73} INFO - Using connection ID 'google_cloud' for task execution.
[2023-09-12T13:03:25.766+0000] {logging_mixin.py:151} WARNING - /home/***/.local/lib/python3.8/site-packages/***/providers/google/cloud/hooks/bigquery.py:2109 AirflowProviderDeprecationWarning: This method is deprecated. Please use `BigQueryHook.insert_job` method.
[2023-09-12T13:03:25.802+0000] {bigquery.py:1596} INFO - Inserting job ***_1694523805802434_5bc877e90e20b122ec316e659ee54002
[2023-09-12T13:03:27.215+0000] {taskinstance.py:1400} INFO - Marking task as SUCCESS. dag_id=Autotrader_ETL_DAG, task_id=create_car_dim, execution_date=20230912T124416, start_date=20230912T130325, end_date=20230912T130327
[2023-09-12T13:03:27.253+0000] {local_task_job_runner.py:228} INFO - Task exited with return code 0
[2023-09-12T13:03:27.276+0000] {taskinstance.py:2784} INFO - 0 downstream tasks scheduled from follow-on schedule check
