[2023-09-03T09:27:46.594+0000] {logging_mixin.py:151} INFO - Changing /opt/***/logs/dag_id=Autotrader_ETL_DAG/run_id=manual__2023-09-03T09:27:22.013318+00:00/task_id=remove_nulls permission to 509
[2023-09-03T09:27:46.595+0000] {logging_mixin.py:151} INFO - Failed to change /opt/***/logs/dag_id=Autotrader_ETL_DAG/run_id=manual__2023-09-03T09:27:22.013318+00:00/task_id=remove_nulls permission to 509: [Errno 1] Operation not permitted: '/opt/***/logs/dag_id=Autotrader_ETL_DAG/run_id=manual__2023-09-03T09:27:22.013318+00:00/task_id=remove_nulls'
[2023-09-03T09:27:46.628+0000] {logging_mixin.py:151} INFO - Changing /opt/***/logs/dag_id=Autotrader_ETL_DAG/run_id=manual__2023-09-03T09:27:22.013318+00:00/task_id=remove_nulls permission to 509
[2023-09-03T09:27:46.629+0000] {logging_mixin.py:151} INFO - Failed to change /opt/***/logs/dag_id=Autotrader_ETL_DAG/run_id=manual__2023-09-03T09:27:22.013318+00:00/task_id=remove_nulls permission to 509: [Errno 1] Operation not permitted: '/opt/***/logs/dag_id=Autotrader_ETL_DAG/run_id=manual__2023-09-03T09:27:22.013318+00:00/task_id=remove_nulls'
[2023-09-03T09:27:46.655+0000] {taskinstance.py:1159} INFO - Dependencies all met for dep_context=non-requeueable deps ti=<TaskInstance: Autotrader_ETL_DAG.remove_nulls manual__2023-09-03T09:27:22.013318+00:00 [queued]>
[2023-09-03T09:27:46.664+0000] {taskinstance.py:1159} INFO - Dependencies all met for dep_context=requeueable deps ti=<TaskInstance: Autotrader_ETL_DAG.remove_nulls manual__2023-09-03T09:27:22.013318+00:00 [queued]>
[2023-09-03T09:27:46.665+0000] {taskinstance.py:1361} INFO - Starting attempt 1 of 2
[2023-09-03T09:27:46.679+0000] {taskinstance.py:1382} INFO - Executing <Task(BigQueryExecuteQueryOperator): remove_nulls> on 2023-09-03 09:27:22.013318+00:00
[2023-09-03T09:27:46.686+0000] {standard_task_runner.py:57} INFO - Started process 4158 to run task
[2023-09-03T09:27:46.688+0000] {standard_task_runner.py:84} INFO - Running: ['***', 'tasks', 'run', 'Autotrader_ETL_DAG', 'remove_nulls', 'manual__2023-09-03T09:27:22.013318+00:00', '--job-id', '259', '--raw', '--subdir', 'DAGS_FOLDER/autotrader_etl.py', '--cfg-path', '/tmp/tmp0may7zkw']
[2023-09-03T09:27:46.690+0000] {standard_task_runner.py:85} INFO - Job 259: Subtask remove_nulls
[2023-09-03T09:27:46.735+0000] {logging_mixin.py:151} INFO - Changing /opt/***/logs/dag_id=Autotrader_ETL_DAG/run_id=manual__2023-09-03T09:27:22.013318+00:00/task_id=remove_nulls permission to 509
[2023-09-03T09:27:46.735+0000] {logging_mixin.py:151} INFO - Failed to change /opt/***/logs/dag_id=Autotrader_ETL_DAG/run_id=manual__2023-09-03T09:27:22.013318+00:00/task_id=remove_nulls permission to 509: [Errno 1] Operation not permitted: '/opt/***/logs/dag_id=Autotrader_ETL_DAG/run_id=manual__2023-09-03T09:27:22.013318+00:00/task_id=remove_nulls'
[2023-09-03T09:27:46.738+0000] {task_command.py:415} INFO - Running <TaskInstance: Autotrader_ETL_DAG.remove_nulls manual__2023-09-03T09:27:22.013318+00:00 [running]> on host 1a0e8b05e04d
[2023-09-03T09:27:46.823+0000] {taskinstance.py:1660} INFO - Exporting env vars: AIRFLOW_CTX_DAG_OWNER='***' AIRFLOW_CTX_DAG_ID='Autotrader_ETL_DAG' AIRFLOW_CTX_TASK_ID='remove_nulls' AIRFLOW_CTX_EXECUTION_DATE='2023-09-03T09:27:22.013318+00:00' AIRFLOW_CTX_TRY_NUMBER='1' AIRFLOW_CTX_DAG_RUN_ID='manual__2023-09-03T09:27:22.013318+00:00'
[2023-09-03T09:27:46.827+0000] {bigquery.py:1234} INFO - Executing: DELETE autotrader-toyota-dashboard.autotrader_staging.listings_raw
        WHERE
        NOT EXISTS (
        SELECT
        *
        FROM
        autotrader-toyota-dashboard.autotrader_staging.listings_raw
        WHERE
        NOT ( price IS NULL
        OR odometer IS NULL
        OR year IS NULL
        OR MODEL IS NULL
        OR type IS NULL
        OR suburb IS NULL
        OR state IS NULL 
        ));
[2023-09-03T09:27:46.837+0000] {connection.py:232} WARNING - Connection schemes (type: google_cloud_platform) shall not contain '_' according to RFC3986.
[2023-09-03T09:27:46.841+0000] {base.py:73} INFO - Using connection ID 'google_cloud' for task execution.
[2023-09-03T09:27:46.847+0000] {logging_mixin.py:151} WARNING - /home/***/.local/lib/python3.8/site-packages/***/providers/google/cloud/hooks/bigquery.py:2109 AirflowProviderDeprecationWarning: This method is deprecated. Please use `BigQueryHook.insert_job` method.
[2023-09-03T09:27:46.892+0000] {bigquery.py:1596} INFO - Inserting job ***_1693733266891527_78046212012d4e42d3127076105cbcb5
[2023-09-03T09:27:50.037+0000] {taskinstance.py:1400} INFO - Marking task as SUCCESS. dag_id=Autotrader_ETL_DAG, task_id=remove_nulls, execution_date=20230903T092722, start_date=20230903T092746, end_date=20230903T092750
[2023-09-03T09:27:50.074+0000] {local_task_job_runner.py:228} INFO - Task exited with return code 0
[2023-09-03T09:27:50.105+0000] {taskinstance.py:2784} INFO - 1 downstream tasks scheduled from follow-on schedule check
