[2023-09-03T08:32:16.497+0000] {logging_mixin.py:151} INFO - Changing /opt/***/logs/dag_id=Autotrader_ETL_DAG/run_id=manual__2023-09-03T08:31:22.720588+00:00/task_id=insert_into_location_dim permission to 509
[2023-09-03T08:32:16.498+0000] {logging_mixin.py:151} INFO - Failed to change /opt/***/logs/dag_id=Autotrader_ETL_DAG/run_id=manual__2023-09-03T08:31:22.720588+00:00/task_id=insert_into_location_dim permission to 509: [Errno 1] Operation not permitted: '/opt/***/logs/dag_id=Autotrader_ETL_DAG/run_id=manual__2023-09-03T08:31:22.720588+00:00/task_id=insert_into_location_dim'
[2023-09-03T08:32:16.531+0000] {logging_mixin.py:151} INFO - Changing /opt/***/logs/dag_id=Autotrader_ETL_DAG/run_id=manual__2023-09-03T08:31:22.720588+00:00/task_id=insert_into_location_dim permission to 509
[2023-09-03T08:32:16.532+0000] {logging_mixin.py:151} INFO - Failed to change /opt/***/logs/dag_id=Autotrader_ETL_DAG/run_id=manual__2023-09-03T08:31:22.720588+00:00/task_id=insert_into_location_dim permission to 509: [Errno 1] Operation not permitted: '/opt/***/logs/dag_id=Autotrader_ETL_DAG/run_id=manual__2023-09-03T08:31:22.720588+00:00/task_id=insert_into_location_dim'
[2023-09-03T08:32:16.562+0000] {taskinstance.py:1159} INFO - Dependencies all met for dep_context=non-requeueable deps ti=<TaskInstance: Autotrader_ETL_DAG.insert_into_location_dim manual__2023-09-03T08:31:22.720588+00:00 [queued]>
[2023-09-03T08:32:16.572+0000] {taskinstance.py:1159} INFO - Dependencies all met for dep_context=requeueable deps ti=<TaskInstance: Autotrader_ETL_DAG.insert_into_location_dim manual__2023-09-03T08:31:22.720588+00:00 [queued]>
[2023-09-03T08:32:16.572+0000] {taskinstance.py:1361} INFO - Starting attempt 1 of 2
[2023-09-03T08:32:16.588+0000] {taskinstance.py:1382} INFO - Executing <Task(BigQueryExecuteQueryOperator): insert_into_location_dim> on 2023-09-03 08:31:22.720588+00:00
[2023-09-03T08:32:16.631+0000] {standard_task_runner.py:57} INFO - Started process 3277 to run task
[2023-09-03T08:32:16.634+0000] {standard_task_runner.py:84} INFO - Running: ['***', 'tasks', 'run', 'Autotrader_ETL_DAG', 'insert_into_location_dim', 'manual__2023-09-03T08:31:22.720588+00:00', '--job-id', '162', '--raw', '--subdir', 'DAGS_FOLDER/autotrader_etl.py', '--cfg-path', '/tmp/tmpceb849be']
[2023-09-03T08:32:16.637+0000] {standard_task_runner.py:85} INFO - Job 162: Subtask insert_into_location_dim
[2023-09-03T08:32:16.689+0000] {logging_mixin.py:151} INFO - Changing /opt/***/logs/dag_id=Autotrader_ETL_DAG/run_id=manual__2023-09-03T08:31:22.720588+00:00/task_id=insert_into_location_dim permission to 509
[2023-09-03T08:32:16.690+0000] {logging_mixin.py:151} INFO - Failed to change /opt/***/logs/dag_id=Autotrader_ETL_DAG/run_id=manual__2023-09-03T08:31:22.720588+00:00/task_id=insert_into_location_dim permission to 509: [Errno 1] Operation not permitted: '/opt/***/logs/dag_id=Autotrader_ETL_DAG/run_id=manual__2023-09-03T08:31:22.720588+00:00/task_id=insert_into_location_dim'
[2023-09-03T08:32:16.693+0000] {task_command.py:415} INFO - Running <TaskInstance: Autotrader_ETL_DAG.insert_into_location_dim manual__2023-09-03T08:31:22.720588+00:00 [running]> on host 1a0e8b05e04d
[2023-09-03T08:32:16.776+0000] {taskinstance.py:1660} INFO - Exporting env vars: AIRFLOW_CTX_DAG_OWNER='***' AIRFLOW_CTX_DAG_ID='Autotrader_ETL_DAG' AIRFLOW_CTX_TASK_ID='insert_into_location_dim' AIRFLOW_CTX_EXECUTION_DATE='2023-09-03T08:31:22.720588+00:00' AIRFLOW_CTX_TRY_NUMBER='1' AIRFLOW_CTX_DAG_RUN_ID='manual__2023-09-03T08:31:22.720588+00:00'
[2023-09-03T08:32:16.779+0000] {bigquery.py:1234} INFO - Executing: INSERT INTO autotrader-toyota-dashboard.autotrader_transformed.location_dim (location_key, suburb, state)
        SELECT
        ROW_NUMBER() OVER () as location_key,
        suburb,
        state
        FROM (
        SELECT 
        DISTINCT
        suburb,
        state
        FROM
        autotrader-toyota-dashboard.autotrader_staging.listings_raw
        );
[2023-09-03T08:32:16.790+0000] {connection.py:232} WARNING - Connection schemes (type: google_cloud_platform) shall not contain '_' according to RFC3986.
[2023-09-03T08:32:16.794+0000] {base.py:73} INFO - Using connection ID 'google_cloud' for task execution.
[2023-09-03T08:32:16.800+0000] {logging_mixin.py:151} WARNING - /home/***/.local/lib/python3.8/site-packages/***/providers/google/cloud/hooks/bigquery.py:2109 AirflowProviderDeprecationWarning: This method is deprecated. Please use `BigQueryHook.insert_job` method.
[2023-09-03T08:32:16.845+0000] {bigquery.py:1596} INFO - Inserting job ***_1693729936844580_945dcafba0ba8e574853943552db7aa1
[2023-09-03T08:32:19.715+0000] {taskinstance.py:1400} INFO - Marking task as SUCCESS. dag_id=Autotrader_ETL_DAG, task_id=insert_into_location_dim, execution_date=20230903T083122, start_date=20230903T083216, end_date=20230903T083219
[2023-09-03T08:32:19.740+0000] {local_task_job_runner.py:228} INFO - Task exited with return code 0
[2023-09-03T08:32:19.766+0000] {taskinstance.py:2784} INFO - 0 downstream tasks scheduled from follow-on schedule check
