[2023-09-03T09:27:51.716+0000] {logging_mixin.py:151} INFO - Changing /opt/***/logs/dag_id=Autotrader_ETL_DAG/run_id=manual__2023-09-03T09:27:22.013318+00:00/task_id=uppercase_columns permission to 509
[2023-09-03T09:27:51.717+0000] {logging_mixin.py:151} INFO - Failed to change /opt/***/logs/dag_id=Autotrader_ETL_DAG/run_id=manual__2023-09-03T09:27:22.013318+00:00/task_id=uppercase_columns permission to 509: [Errno 1] Operation not permitted: '/opt/***/logs/dag_id=Autotrader_ETL_DAG/run_id=manual__2023-09-03T09:27:22.013318+00:00/task_id=uppercase_columns'
[2023-09-03T09:27:51.750+0000] {logging_mixin.py:151} INFO - Changing /opt/***/logs/dag_id=Autotrader_ETL_DAG/run_id=manual__2023-09-03T09:27:22.013318+00:00/task_id=uppercase_columns permission to 509
[2023-09-03T09:27:51.751+0000] {logging_mixin.py:151} INFO - Failed to change /opt/***/logs/dag_id=Autotrader_ETL_DAG/run_id=manual__2023-09-03T09:27:22.013318+00:00/task_id=uppercase_columns permission to 509: [Errno 1] Operation not permitted: '/opt/***/logs/dag_id=Autotrader_ETL_DAG/run_id=manual__2023-09-03T09:27:22.013318+00:00/task_id=uppercase_columns'
[2023-09-03T09:27:51.780+0000] {taskinstance.py:1159} INFO - Dependencies all met for dep_context=non-requeueable deps ti=<TaskInstance: Autotrader_ETL_DAG.uppercase_columns manual__2023-09-03T09:27:22.013318+00:00 [queued]>
[2023-09-03T09:27:51.791+0000] {taskinstance.py:1159} INFO - Dependencies all met for dep_context=requeueable deps ti=<TaskInstance: Autotrader_ETL_DAG.uppercase_columns manual__2023-09-03T09:27:22.013318+00:00 [queued]>
[2023-09-03T09:27:51.791+0000] {taskinstance.py:1361} INFO - Starting attempt 1 of 2
[2023-09-03T09:27:51.806+0000] {taskinstance.py:1382} INFO - Executing <Task(BigQueryExecuteQueryOperator): uppercase_columns> on 2023-09-03 09:27:22.013318+00:00
[2023-09-03T09:27:51.814+0000] {standard_task_runner.py:57} INFO - Started process 4161 to run task
[2023-09-03T09:27:51.816+0000] {standard_task_runner.py:84} INFO - Running: ['***', 'tasks', 'run', 'Autotrader_ETL_DAG', 'uppercase_columns', 'manual__2023-09-03T09:27:22.013318+00:00', '--job-id', '260', '--raw', '--subdir', 'DAGS_FOLDER/autotrader_etl.py', '--cfg-path', '/tmp/tmpytqj7mzg']
[2023-09-03T09:27:51.819+0000] {standard_task_runner.py:85} INFO - Job 260: Subtask uppercase_columns
[2023-09-03T09:27:51.868+0000] {logging_mixin.py:151} INFO - Changing /opt/***/logs/dag_id=Autotrader_ETL_DAG/run_id=manual__2023-09-03T09:27:22.013318+00:00/task_id=uppercase_columns permission to 509
[2023-09-03T09:27:51.868+0000] {logging_mixin.py:151} INFO - Failed to change /opt/***/logs/dag_id=Autotrader_ETL_DAG/run_id=manual__2023-09-03T09:27:22.013318+00:00/task_id=uppercase_columns permission to 509: [Errno 1] Operation not permitted: '/opt/***/logs/dag_id=Autotrader_ETL_DAG/run_id=manual__2023-09-03T09:27:22.013318+00:00/task_id=uppercase_columns'
[2023-09-03T09:27:51.871+0000] {task_command.py:415} INFO - Running <TaskInstance: Autotrader_ETL_DAG.uppercase_columns manual__2023-09-03T09:27:22.013318+00:00 [running]> on host 1a0e8b05e04d
[2023-09-03T09:27:51.960+0000] {taskinstance.py:1660} INFO - Exporting env vars: AIRFLOW_CTX_DAG_OWNER='***' AIRFLOW_CTX_DAG_ID='Autotrader_ETL_DAG' AIRFLOW_CTX_TASK_ID='uppercase_columns' AIRFLOW_CTX_EXECUTION_DATE='2023-09-03T09:27:22.013318+00:00' AIRFLOW_CTX_TRY_NUMBER='1' AIRFLOW_CTX_DAG_RUN_ID='manual__2023-09-03T09:27:22.013318+00:00'
[2023-09-03T09:27:51.963+0000] {bigquery.py:1234} INFO - Executing: UPDATE autotrader-toyota-dashboard.autotrader_staging.listings_raw
        SET model = UPPER(model),
        type = UPPER(type),
        suburb = UPPER(suburb)
        WHERE model IN (
        SELECT
        model
        FROM autotrader-toyota-dashboard.autotrader_staging.listings_raw
        )
        AND type IN (
        SELECT
        type
        FROM autotrader-toyota-dashboard.autotrader_staging.listings_raw
        )
        AND suburb IN (
        SELECT
        suburb
        FROM autotrader-toyota-dashboard.autotrader_staging.listings_raw
        );
[2023-09-03T09:27:51.974+0000] {connection.py:232} WARNING - Connection schemes (type: google_cloud_platform) shall not contain '_' according to RFC3986.
[2023-09-03T09:27:51.978+0000] {base.py:73} INFO - Using connection ID 'google_cloud' for task execution.
[2023-09-03T09:27:51.985+0000] {logging_mixin.py:151} WARNING - /home/***/.local/lib/python3.8/site-packages/***/providers/google/cloud/hooks/bigquery.py:2109 AirflowProviderDeprecationWarning: This method is deprecated. Please use `BigQueryHook.insert_job` method.
[2023-09-03T09:27:52.032+0000] {bigquery.py:1596} INFO - Inserting job ***_1693733272031968_16268d0704f18e2c9589e20eaa8796b2
[2023-09-03T09:27:54.916+0000] {taskinstance.py:1400} INFO - Marking task as SUCCESS. dag_id=Autotrader_ETL_DAG, task_id=uppercase_columns, execution_date=20230903T092722, start_date=20230903T092751, end_date=20230903T092754
[2023-09-03T09:27:54.963+0000] {local_task_job_runner.py:228} INFO - Task exited with return code 0
[2023-09-03T09:27:55.003+0000] {taskinstance.py:2784} INFO - 1 downstream tasks scheduled from follow-on schedule check
