[2023-09-11T22:41:15.704+0000] {logging_mixin.py:151} INFO - Changing /opt/***/logs/dag_id=Autotrader_ETL_DAG/run_id=manual__2023-09-11T22:41:10.723025+00:00/task_id=extract_listings permission to 509
[2023-09-11T22:41:15.705+0000] {logging_mixin.py:151} INFO - Failed to change /opt/***/logs/dag_id=Autotrader_ETL_DAG/run_id=manual__2023-09-11T22:41:10.723025+00:00/task_id=extract_listings permission to 509: [Errno 1] Operation not permitted: '/opt/***/logs/dag_id=Autotrader_ETL_DAG/run_id=manual__2023-09-11T22:41:10.723025+00:00/task_id=extract_listings'
[2023-09-11T22:41:15.738+0000] {logging_mixin.py:151} INFO - Changing /opt/***/logs/dag_id=Autotrader_ETL_DAG/run_id=manual__2023-09-11T22:41:10.723025+00:00/task_id=extract_listings permission to 509
[2023-09-11T22:41:15.739+0000] {logging_mixin.py:151} INFO - Failed to change /opt/***/logs/dag_id=Autotrader_ETL_DAG/run_id=manual__2023-09-11T22:41:10.723025+00:00/task_id=extract_listings permission to 509: [Errno 1] Operation not permitted: '/opt/***/logs/dag_id=Autotrader_ETL_DAG/run_id=manual__2023-09-11T22:41:10.723025+00:00/task_id=extract_listings'
[2023-09-11T22:41:15.762+0000] {taskinstance.py:1159} INFO - Dependencies all met for dep_context=non-requeueable deps ti=<TaskInstance: Autotrader_ETL_DAG.extract_listings manual__2023-09-11T22:41:10.723025+00:00 [queued]>
[2023-09-11T22:41:15.771+0000] {taskinstance.py:1159} INFO - Dependencies all met for dep_context=requeueable deps ti=<TaskInstance: Autotrader_ETL_DAG.extract_listings manual__2023-09-11T22:41:10.723025+00:00 [queued]>
[2023-09-11T22:41:15.772+0000] {taskinstance.py:1361} INFO - Starting attempt 1 of 2
[2023-09-11T22:41:15.784+0000] {taskinstance.py:1382} INFO - Executing <Task(PythonOperator): extract_listings> on 2023-09-11 22:41:10.723025+00:00
[2023-09-11T22:41:15.792+0000] {standard_task_runner.py:57} INFO - Started process 204 to run task
[2023-09-11T22:41:15.794+0000] {standard_task_runner.py:84} INFO - Running: ['***', 'tasks', 'run', 'Autotrader_ETL_DAG', 'extract_listings', 'manual__2023-09-11T22:41:10.723025+00:00', '--job-id', '618', '--raw', '--subdir', 'DAGS_FOLDER/autotrader_etl.py', '--cfg-path', '/tmp/tmpltp0lznn']
[2023-09-11T22:41:15.796+0000] {standard_task_runner.py:85} INFO - Job 618: Subtask extract_listings
[2023-09-11T22:41:15.837+0000] {logging_mixin.py:151} INFO - Changing /opt/***/logs/dag_id=Autotrader_ETL_DAG/run_id=manual__2023-09-11T22:41:10.723025+00:00/task_id=extract_listings permission to 509
[2023-09-11T22:41:15.837+0000] {logging_mixin.py:151} INFO - Failed to change /opt/***/logs/dag_id=Autotrader_ETL_DAG/run_id=manual__2023-09-11T22:41:10.723025+00:00/task_id=extract_listings permission to 509: [Errno 1] Operation not permitted: '/opt/***/logs/dag_id=Autotrader_ETL_DAG/run_id=manual__2023-09-11T22:41:10.723025+00:00/task_id=extract_listings'
[2023-09-11T22:41:15.840+0000] {task_command.py:415} INFO - Running <TaskInstance: Autotrader_ETL_DAG.extract_listings manual__2023-09-11T22:41:10.723025+00:00 [running]> on host 412bb32711f9
[2023-09-11T22:41:15.924+0000] {taskinstance.py:1660} INFO - Exporting env vars: AIRFLOW_CTX_DAG_OWNER='***' AIRFLOW_CTX_DAG_ID='Autotrader_ETL_DAG' AIRFLOW_CTX_TASK_ID='extract_listings' AIRFLOW_CTX_EXECUTION_DATE='2023-09-11T22:41:10.723025+00:00' AIRFLOW_CTX_TRY_NUMBER='1' AIRFLOW_CTX_DAG_RUN_ID='manual__2023-09-11T22:41:10.723025+00:00'
[2023-09-11T22:56:32.072+0000] {taskinstance.py:1943} ERROR - Task failed with exception
Traceback (most recent call last):
  File "/home/airflow/.local/lib/python3.8/site-packages/urllib3/connection.py", line 174, in _new_conn
    conn = connection.create_connection(
  File "/home/airflow/.local/lib/python3.8/site-packages/urllib3/util/connection.py", line 72, in create_connection
    for res in socket.getaddrinfo(host, port, family, socket.SOCK_STREAM):
  File "/usr/local/lib/python3.8/socket.py", line 918, in getaddrinfo
    for res in _socket.getaddrinfo(host, port, family, type, proto, flags):
socket.gaierror: [Errno -3] Temporary failure in name resolution

During handling of the above exception, another exception occurred:

Traceback (most recent call last):
  File "/home/airflow/.local/lib/python3.8/site-packages/urllib3/connectionpool.py", line 714, in urlopen
    httplib_response = self._make_request(
  File "/home/airflow/.local/lib/python3.8/site-packages/urllib3/connectionpool.py", line 403, in _make_request
    self._validate_conn(conn)
  File "/home/airflow/.local/lib/python3.8/site-packages/urllib3/connectionpool.py", line 1053, in _validate_conn
    conn.connect()
  File "/home/airflow/.local/lib/python3.8/site-packages/urllib3/connection.py", line 363, in connect
    self.sock = conn = self._new_conn()
  File "/home/airflow/.local/lib/python3.8/site-packages/urllib3/connection.py", line 186, in _new_conn
    raise NewConnectionError(
urllib3.exceptions.NewConnectionError: <urllib3.connection.HTTPSConnection object at 0x7ff2e9722280>: Failed to establish a new connection: [Errno -3] Temporary failure in name resolution

During handling of the above exception, another exception occurred:

Traceback (most recent call last):
  File "/home/airflow/.local/lib/python3.8/site-packages/requests/adapters.py", line 486, in send
    resp = conn.urlopen(
  File "/home/airflow/.local/lib/python3.8/site-packages/urllib3/connectionpool.py", line 798, in urlopen
    retries = retries.increment(
  File "/home/airflow/.local/lib/python3.8/site-packages/urllib3/util/retry.py", line 592, in increment
    raise MaxRetryError(_pool, url, error or ResponseError(cause))
urllib3.exceptions.MaxRetryError: HTTPSConnectionPool(host='storage.googleapis.com', port=443): Max retries exceeded with url: /upload/storage/v1/b/autotrader-raw/o?uploadType=multipart (Caused by NewConnectionError('<urllib3.connection.HTTPSConnection object at 0x7ff2e9722280>: Failed to establish a new connection: [Errno -3] Temporary failure in name resolution'))

During handling of the above exception, another exception occurred:

Traceback (most recent call last):
  File "/home/airflow/.local/lib/python3.8/site-packages/airflow/operators/python.py", line 192, in execute
    return_value = self.execute_callable()
  File "/home/airflow/.local/lib/python3.8/site-packages/airflow/operators/python.py", line 209, in execute_callable
    return self.python_callable(*self.op_args, **self.op_kwargs)
  File "/opt/airflow/dags/scripts/autotrader_extract.py", line 73, in extract_listings
    blob.upload_from_string(extracted_listings_ndjson, content_type = 'application/json')
  File "/home/airflow/.local/lib/python3.8/site-packages/google/cloud/storage/blob.py", line 2815, in upload_from_string
    self.upload_from_file(
  File "/home/airflow/.local/lib/python3.8/site-packages/google/cloud/storage/blob.py", line 2540, in upload_from_file
    created_json = self._do_upload(
  File "/home/airflow/.local/lib/python3.8/site-packages/google/cloud/storage/blob.py", line 2355, in _do_upload
    response = self._do_multipart_upload(
  File "/home/airflow/.local/lib/python3.8/site-packages/google/cloud/storage/blob.py", line 1890, in _do_multipart_upload
    response = upload.transmit(
  File "/home/airflow/.local/lib/python3.8/site-packages/google/resumable_media/requests/upload.py", line 153, in transmit
    return _request_helpers.wait_and_retry(
  File "/home/airflow/.local/lib/python3.8/site-packages/google/resumable_media/requests/_request_helpers.py", line 178, in wait_and_retry
    raise error
  File "/home/airflow/.local/lib/python3.8/site-packages/google/resumable_media/requests/_request_helpers.py", line 155, in wait_and_retry
    response = func()
  File "/home/airflow/.local/lib/python3.8/site-packages/google/resumable_media/requests/upload.py", line 145, in retriable_request
    result = transport.request(
  File "/home/airflow/.local/lib/python3.8/site-packages/google/auth/transport/requests.py", line 549, in request
    response = super(AuthorizedSession, self).request(
  File "/home/airflow/.local/lib/python3.8/site-packages/requests/sessions.py", line 589, in request
    resp = self.send(prep, **send_kwargs)
  File "/home/airflow/.local/lib/python3.8/site-packages/requests/sessions.py", line 703, in send
    r = adapter.send(request, **kwargs)
  File "/home/airflow/.local/lib/python3.8/site-packages/requests/adapters.py", line 519, in send
    raise ConnectionError(e, request=request)
requests.exceptions.ConnectionError: HTTPSConnectionPool(host='storage.googleapis.com', port=443): Max retries exceeded with url: /upload/storage/v1/b/autotrader-raw/o?uploadType=multipart (Caused by NewConnectionError('<urllib3.connection.HTTPSConnection object at 0x7ff2e9722280>: Failed to establish a new connection: [Errno -3] Temporary failure in name resolution'))
[2023-09-11T22:56:32.105+0000] {taskinstance.py:1400} INFO - Marking task as UP_FOR_RETRY. dag_id=Autotrader_ETL_DAG, task_id=extract_listings, execution_date=20230911T224110, start_date=20230911T224115, end_date=20230911T225632
[2023-09-11T22:56:32.121+0000] {standard_task_runner.py:104} ERROR - Failed to execute job 618 for task extract_listings (HTTPSConnectionPool(host='storage.googleapis.com', port=443): Max retries exceeded with url: /upload/storage/v1/b/autotrader-raw/o?uploadType=multipart (Caused by NewConnectionError('<urllib3.connection.HTTPSConnection object at 0x7ff2e9722280>: Failed to establish a new connection: [Errno -3] Temporary failure in name resolution')); 204)
[2023-09-11T22:56:32.155+0000] {local_task_job_runner.py:228} INFO - Task exited with return code 1
[2023-09-11T22:56:32.194+0000] {taskinstance.py:2784} INFO - 0 downstream tasks scheduled from follow-on schedule check
