[2023-12-03T02:23:52.060+0000] {logging_mixin.py:151} INFO - Changing /opt/***/logs/dag_id=Autotrader_ETL_DAG/run_id=manual__2023-12-03T02:23:50.193724+00:00/task_id=extract_listings permission to 509
[2023-12-03T02:23:52.061+0000] {logging_mixin.py:151} INFO - Failed to change /opt/***/logs/dag_id=Autotrader_ETL_DAG/run_id=manual__2023-12-03T02:23:50.193724+00:00/task_id=extract_listings permission to 509: [Errno 1] Operation not permitted: '/opt/***/logs/dag_id=Autotrader_ETL_DAG/run_id=manual__2023-12-03T02:23:50.193724+00:00/task_id=extract_listings'
[2023-12-03T02:23:52.091+0000] {logging_mixin.py:151} INFO - Changing /opt/***/logs/dag_id=Autotrader_ETL_DAG/run_id=manual__2023-12-03T02:23:50.193724+00:00/task_id=extract_listings permission to 509
[2023-12-03T02:23:52.092+0000] {logging_mixin.py:151} INFO - Failed to change /opt/***/logs/dag_id=Autotrader_ETL_DAG/run_id=manual__2023-12-03T02:23:50.193724+00:00/task_id=extract_listings permission to 509: [Errno 1] Operation not permitted: '/opt/***/logs/dag_id=Autotrader_ETL_DAG/run_id=manual__2023-12-03T02:23:50.193724+00:00/task_id=extract_listings'
[2023-12-03T02:23:52.117+0000] {taskinstance.py:1159} INFO - Dependencies all met for dep_context=non-requeueable deps ti=<TaskInstance: Autotrader_ETL_DAG.extract_listings manual__2023-12-03T02:23:50.193724+00:00 [queued]>
[2023-12-03T02:23:52.127+0000] {taskinstance.py:1159} INFO - Dependencies all met for dep_context=requeueable deps ti=<TaskInstance: Autotrader_ETL_DAG.extract_listings manual__2023-12-03T02:23:50.193724+00:00 [queued]>
[2023-12-03T02:23:52.128+0000] {taskinstance.py:1361} INFO - Starting attempt 1 of 2
[2023-12-03T02:23:52.141+0000] {taskinstance.py:1382} INFO - Executing <Task(PythonOperator): extract_listings> on 2023-12-03 02:23:50.193724+00:00
[2023-12-03T02:23:52.147+0000] {standard_task_runner.py:57} INFO - Started process 1642 to run task
[2023-12-03T02:23:52.149+0000] {standard_task_runner.py:84} INFO - Running: ['***', 'tasks', 'run', 'Autotrader_ETL_DAG', 'extract_listings', 'manual__2023-12-03T02:23:50.193724+00:00', '--job-id', '1402', '--raw', '--subdir', 'DAGS_FOLDER/autotrader_etl.py', '--cfg-path', '/tmp/tmpzm5hwi_6']
[2023-12-03T02:23:52.153+0000] {standard_task_runner.py:85} INFO - Job 1402: Subtask extract_listings
[2023-12-03T02:23:52.197+0000] {logging_mixin.py:151} INFO - Changing /opt/***/logs/dag_id=Autotrader_ETL_DAG/run_id=manual__2023-12-03T02:23:50.193724+00:00/task_id=extract_listings permission to 509
[2023-12-03T02:23:52.198+0000] {logging_mixin.py:151} INFO - Failed to change /opt/***/logs/dag_id=Autotrader_ETL_DAG/run_id=manual__2023-12-03T02:23:50.193724+00:00/task_id=extract_listings permission to 509: [Errno 1] Operation not permitted: '/opt/***/logs/dag_id=Autotrader_ETL_DAG/run_id=manual__2023-12-03T02:23:50.193724+00:00/task_id=extract_listings'
[2023-12-03T02:23:52.200+0000] {task_command.py:415} INFO - Running <TaskInstance: Autotrader_ETL_DAG.extract_listings manual__2023-12-03T02:23:50.193724+00:00 [running]> on host 172bfe53c091
[2023-12-03T02:23:52.293+0000] {taskinstance.py:1660} INFO - Exporting env vars: AIRFLOW_CTX_DAG_OWNER='***' AIRFLOW_CTX_DAG_ID='Autotrader_ETL_DAG' AIRFLOW_CTX_TASK_ID='extract_listings' AIRFLOW_CTX_EXECUTION_DATE='2023-12-03T02:23:50.193724+00:00' AIRFLOW_CTX_TRY_NUMBER='1' AIRFLOW_CTX_DAG_RUN_ID='manual__2023-12-03T02:23:50.193724+00:00'
[2023-12-03T02:23:54.304+0000] {logging_mixin.py:151} INFO - 1
[2023-12-03T02:23:57.520+0000] {logging_mixin.py:151} INFO - 2
[2023-12-03T02:24:00.183+0000] {logging_mixin.py:151} INFO - 3
[2023-12-03T02:24:02.921+0000] {logging_mixin.py:151} INFO - 4
[2023-12-03T02:24:06.826+0000] {logging_mixin.py:151} INFO - 5
[2023-12-03T02:24:09.878+0000] {logging_mixin.py:151} INFO - 6
[2023-12-03T02:24:12.629+0000] {logging_mixin.py:151} INFO - 7
[2023-12-03T02:24:15.527+0000] {logging_mixin.py:151} INFO - 8
[2023-12-03T02:24:18.063+0000] {logging_mixin.py:151} INFO - 9
[2023-12-03T02:24:20.854+0000] {logging_mixin.py:151} INFO - 10
[2023-12-03T02:24:23.460+0000] {logging_mixin.py:151} INFO - 11
[2023-12-03T02:24:25.965+0000] {logging_mixin.py:151} INFO - 12
[2023-12-03T02:24:28.672+0000] {logging_mixin.py:151} INFO - 13
[2023-12-03T02:24:32.072+0000] {logging_mixin.py:151} INFO - 14
[2023-12-03T02:24:34.717+0000] {logging_mixin.py:151} INFO - 15
[2023-12-03T02:24:37.247+0000] {logging_mixin.py:151} INFO - 16
[2023-12-03T02:24:40.436+0000] {logging_mixin.py:151} INFO - 17
[2023-12-03T02:24:43.321+0000] {logging_mixin.py:151} INFO - 18
[2023-12-03T02:24:46.202+0000] {logging_mixin.py:151} INFO - 19
[2023-12-03T02:24:49.012+0000] {logging_mixin.py:151} INFO - 20
[2023-12-03T02:24:51.864+0000] {logging_mixin.py:151} INFO - 21
[2023-12-03T02:24:54.534+0000] {logging_mixin.py:151} INFO - 22
[2023-12-03T02:24:57.418+0000] {logging_mixin.py:151} INFO - 23
[2023-12-03T02:25:00.048+0000] {logging_mixin.py:151} INFO - 24
[2023-12-03T02:25:02.814+0000] {logging_mixin.py:151} INFO - 25
[2023-12-03T02:25:05.557+0000] {logging_mixin.py:151} INFO - 26
[2023-12-03T02:25:08.421+0000] {logging_mixin.py:151} INFO - 27
[2023-12-03T02:25:11.061+0000] {logging_mixin.py:151} INFO - 28
[2023-12-03T02:25:13.714+0000] {logging_mixin.py:151} INFO - 29
[2023-12-03T02:25:16.376+0000] {logging_mixin.py:151} INFO - 30
[2023-12-03T02:25:19.246+0000] {logging_mixin.py:151} INFO - 31
[2023-12-03T02:25:22.051+0000] {logging_mixin.py:151} INFO - 32
[2023-12-03T02:25:24.665+0000] {logging_mixin.py:151} INFO - 33
[2023-12-03T02:25:28.528+0000] {logging_mixin.py:151} INFO - 34
[2023-12-03T02:25:31.523+0000] {logging_mixin.py:151} INFO - 35
[2023-12-03T02:25:34.496+0000] {logging_mixin.py:151} INFO - 36
[2023-12-03T02:25:37.063+0000] {logging_mixin.py:151} INFO - 37
[2023-12-03T02:25:45.203+0000] {logging_mixin.py:151} INFO - 38
[2023-12-03T02:25:49.039+0000] {logging_mixin.py:151} INFO - 39
[2023-12-03T02:25:54.810+0000] {logging_mixin.py:151} INFO - 40
[2023-12-03T02:25:57.509+0000] {logging_mixin.py:151} INFO - 41
[2023-12-03T02:26:00.948+0000] {logging_mixin.py:151} INFO - 42
[2023-12-03T02:26:04.275+0000] {logging_mixin.py:151} INFO - 43
[2023-12-03T02:26:07.066+0000] {logging_mixin.py:151} INFO - 44
[2023-12-03T02:26:10.088+0000] {logging_mixin.py:151} INFO - 45
[2023-12-03T02:26:12.784+0000] {logging_mixin.py:151} INFO - 46
[2023-12-03T02:26:15.406+0000] {logging_mixin.py:151} INFO - 47
[2023-12-03T02:26:18.624+0000] {logging_mixin.py:151} INFO - 48
[2023-12-03T02:26:21.559+0000] {logging_mixin.py:151} INFO - 49
[2023-12-03T02:26:24.224+0000] {logging_mixin.py:151} INFO - 50
[2023-12-03T02:26:26.802+0000] {logging_mixin.py:151} INFO - 51
[2023-12-03T02:26:29.715+0000] {logging_mixin.py:151} INFO - 52
[2023-12-03T02:26:32.873+0000] {logging_mixin.py:151} INFO - 53
[2023-12-03T02:26:35.683+0000] {logging_mixin.py:151} INFO - 54
[2023-12-03T02:26:38.703+0000] {logging_mixin.py:151} INFO - 55
[2023-12-03T02:26:42.084+0000] {logging_mixin.py:151} INFO - 56
[2023-12-03T02:26:45.244+0000] {logging_mixin.py:151} INFO - 57
[2023-12-03T02:26:47.984+0000] {logging_mixin.py:151} INFO - 58
[2023-12-03T02:26:50.620+0000] {logging_mixin.py:151} INFO - 59
[2023-12-03T02:26:53.614+0000] {logging_mixin.py:151} INFO - 60
[2023-12-03T02:26:56.516+0000] {logging_mixin.py:151} INFO - 61
[2023-12-03T02:26:59.349+0000] {logging_mixin.py:151} INFO - 62
[2023-12-03T02:27:03.076+0000] {logging_mixin.py:151} INFO - 63
[2023-12-03T02:27:05.811+0000] {logging_mixin.py:151} INFO - 64
[2023-12-03T02:27:08.585+0000] {logging_mixin.py:151} INFO - 65
[2023-12-03T02:27:11.707+0000] {logging_mixin.py:151} INFO - 66
[2023-12-03T02:27:14.512+0000] {logging_mixin.py:151} INFO - 67
[2023-12-03T02:27:17.240+0000] {logging_mixin.py:151} INFO - 68
[2023-12-03T02:27:20.050+0000] {logging_mixin.py:151} INFO - 69
[2023-12-03T02:27:23.315+0000] {logging_mixin.py:151} INFO - 70
[2023-12-03T02:27:25.962+0000] {logging_mixin.py:151} INFO - 71
[2023-12-03T02:27:28.757+0000] {logging_mixin.py:151} INFO - 72
[2023-12-03T02:27:31.580+0000] {logging_mixin.py:151} INFO - 73
[2023-12-03T02:27:34.465+0000] {logging_mixin.py:151} INFO - 74
[2023-12-03T02:27:37.265+0000] {logging_mixin.py:151} INFO - 75
[2023-12-03T02:27:39.908+0000] {logging_mixin.py:151} INFO - 76
[2023-12-03T02:27:42.696+0000] {logging_mixin.py:151} INFO - 77
[2023-12-03T02:27:45.422+0000] {logging_mixin.py:151} INFO - 78
[2023-12-03T02:27:48.379+0000] {logging_mixin.py:151} INFO - 79
[2023-12-03T02:27:51.215+0000] {logging_mixin.py:151} INFO - 80
[2023-12-03T02:27:53.961+0000] {logging_mixin.py:151} INFO - 81
[2023-12-03T02:27:56.548+0000] {logging_mixin.py:151} INFO - 82
[2023-12-03T02:28:00.199+0000] {logging_mixin.py:151} INFO - 83
[2023-12-03T02:28:02.856+0000] {logging_mixin.py:151} INFO - 84
[2023-12-03T02:28:05.655+0000] {logging_mixin.py:151} INFO - 85
[2023-12-03T02:28:08.421+0000] {logging_mixin.py:151} INFO - 86
[2023-12-03T02:28:11.446+0000] {logging_mixin.py:151} INFO - 87
[2023-12-03T02:28:14.102+0000] {logging_mixin.py:151} INFO - 88
[2023-12-03T02:28:17.016+0000] {logging_mixin.py:151} INFO - 89
[2023-12-03T02:28:21.884+0000] {logging_mixin.py:151} INFO - 90
[2023-12-03T02:28:24.793+0000] {logging_mixin.py:151} INFO - 91
[2023-12-03T02:28:30.031+0000] {logging_mixin.py:151} INFO - 92
[2023-12-03T02:28:32.684+0000] {logging_mixin.py:151} INFO - 93
[2023-12-03T02:28:35.436+0000] {logging_mixin.py:151} INFO - 94
[2023-12-03T02:28:38.212+0000] {logging_mixin.py:151} INFO - 95
[2023-12-03T02:28:41.132+0000] {logging_mixin.py:151} INFO - 96
[2023-12-03T02:28:44.035+0000] {logging_mixin.py:151} INFO - 97
[2023-12-03T02:28:46.935+0000] {logging_mixin.py:151} INFO - 98
[2023-12-03T02:28:50.549+0000] {logging_mixin.py:151} INFO - 99
[2023-12-03T02:28:53.459+0000] {logging_mixin.py:151} INFO - 100
[2023-12-03T02:28:56.371+0000] {logging_mixin.py:151} INFO - 101
[2023-12-03T02:28:59.519+0000] {logging_mixin.py:151} INFO - 102
[2023-12-03T02:29:02.202+0000] {logging_mixin.py:151} INFO - 103
[2023-12-03T02:29:04.986+0000] {logging_mixin.py:151} INFO - 104
[2023-12-03T02:29:07.908+0000] {logging_mixin.py:151} INFO - 105
[2023-12-03T02:29:10.622+0000] {logging_mixin.py:151} INFO - 106
[2023-12-03T02:29:13.370+0000] {logging_mixin.py:151} INFO - 107
[2023-12-03T02:29:16.001+0000] {logging_mixin.py:151} INFO - 108
[2023-12-03T02:29:19.221+0000] {logging_mixin.py:151} INFO - 109
[2023-12-03T02:29:22.276+0000] {logging_mixin.py:151} INFO - 110
[2023-12-03T02:29:25.267+0000] {logging_mixin.py:151} INFO - 111
[2023-12-03T02:29:28.094+0000] {logging_mixin.py:151} INFO - 112
[2023-12-03T02:29:31.200+0000] {logging_mixin.py:151} INFO - 113
[2023-12-03T02:29:40.035+0000] {logging_mixin.py:151} INFO - 114
[2023-12-03T02:29:43.229+0000] {logging_mixin.py:151} INFO - 115
[2023-12-03T02:29:45.851+0000] {logging_mixin.py:151} INFO - 116
[2023-12-03T02:29:48.904+0000] {logging_mixin.py:151} INFO - 117
[2023-12-03T02:29:52.829+0000] {logging_mixin.py:151} INFO - 118
[2023-12-03T02:30:01.687+0000] {logging_mixin.py:151} INFO - 119
[2023-12-03T02:30:04.601+0000] {logging_mixin.py:151} INFO - 120
[2023-12-03T02:30:07.479+0000] {logging_mixin.py:151} INFO - 121
[2023-12-03T02:30:10.640+0000] {logging_mixin.py:151} INFO - 122
[2023-12-03T02:30:13.379+0000] {logging_mixin.py:151} INFO - 123
[2023-12-03T02:30:16.052+0000] {logging_mixin.py:151} INFO - 124
[2023-12-03T02:30:18.859+0000] {logging_mixin.py:151} INFO - 125
[2023-12-03T02:30:21.751+0000] {logging_mixin.py:151} INFO - 126
[2023-12-03T02:30:24.460+0000] {logging_mixin.py:151} INFO - 127
[2023-12-03T02:30:27.304+0000] {logging_mixin.py:151} INFO - 128
[2023-12-03T02:30:30.012+0000] {logging_mixin.py:151} INFO - 129
[2023-12-03T02:30:32.931+0000] {logging_mixin.py:151} INFO - 130
[2023-12-03T02:30:35.556+0000] {logging_mixin.py:151} INFO - 131
[2023-12-03T02:30:38.225+0000] {logging_mixin.py:151} INFO - 132
[2023-12-03T02:30:41.513+0000] {logging_mixin.py:151} INFO - 133
[2023-12-03T02:30:44.662+0000] {logging_mixin.py:151} INFO - 134
[2023-12-03T02:30:47.501+0000] {logging_mixin.py:151} INFO - 135
[2023-12-03T02:30:50.188+0000] {logging_mixin.py:151} INFO - 136
[2023-12-03T02:30:54.088+0000] {logging_mixin.py:151} INFO - 137
[2023-12-03T02:30:56.931+0000] {logging_mixin.py:151} INFO - 138
[2023-12-03T02:30:59.852+0000] {logging_mixin.py:151} INFO - 139
[2023-12-03T02:31:02.600+0000] {logging_mixin.py:151} INFO - 140
[2023-12-03T02:31:05.370+0000] {logging_mixin.py:151} INFO - 141
[2023-12-03T02:31:15.429+0000] {logging_mixin.py:151} INFO - 142
[2023-12-03T02:31:18.589+0000] {logging_mixin.py:151} INFO - 143
[2023-12-03T02:31:21.884+0000] {logging_mixin.py:151} INFO - 144
[2023-12-03T02:31:24.745+0000] {logging_mixin.py:151} INFO - 145
[2023-12-03T02:31:27.568+0000] {logging_mixin.py:151} INFO - 146
[2023-12-03T02:31:30.566+0000] {logging_mixin.py:151} INFO - 147
[2023-12-03T02:31:33.363+0000] {logging_mixin.py:151} INFO - 148
[2023-12-03T02:31:36.312+0000] {logging_mixin.py:151} INFO - 149
[2023-12-03T02:31:39.234+0000] {logging_mixin.py:151} INFO - 150
[2023-12-03T02:31:42.100+0000] {logging_mixin.py:151} INFO - 151
[2023-12-03T02:31:44.853+0000] {logging_mixin.py:151} INFO - 152
[2023-12-03T02:31:47.595+0000] {logging_mixin.py:151} INFO - 153
[2023-12-03T02:31:50.401+0000] {logging_mixin.py:151} INFO - 154
[2023-12-03T02:31:53.613+0000] {logging_mixin.py:151} INFO - 155
[2023-12-03T02:31:56.360+0000] {logging_mixin.py:151} INFO - 156
[2023-12-03T02:31:59.095+0000] {logging_mixin.py:151} INFO - 157
[2023-12-03T02:32:01.722+0000] {logging_mixin.py:151} INFO - 158
[2023-12-03T02:32:04.593+0000] {logging_mixin.py:151} INFO - 159
[2023-12-03T02:32:07.512+0000] {logging_mixin.py:151} INFO - 160
[2023-12-03T02:32:10.199+0000] {logging_mixin.py:151} INFO - 161
[2023-12-03T02:32:12.792+0000] {logging_mixin.py:151} INFO - 162
[2023-12-03T02:32:15.534+0000] {logging_mixin.py:151} INFO - 163
[2023-12-03T02:32:18.331+0000] {logging_mixin.py:151} INFO - 164
[2023-12-03T02:32:20.901+0000] {logging_mixin.py:151} INFO - 165
[2023-12-03T02:32:23.580+0000] {logging_mixin.py:151} INFO - 166
[2023-12-03T02:32:26.064+0000] {logging_mixin.py:151} INFO - 167
[2023-12-03T02:32:29.570+0000] {logging_mixin.py:151} INFO - 168
[2023-12-03T02:32:32.317+0000] {logging_mixin.py:151} INFO - 169
[2023-12-03T02:32:34.898+0000] {logging_mixin.py:151} INFO - 170
[2023-12-03T02:32:38.760+0000] {logging_mixin.py:151} INFO - 171
[2023-12-03T02:32:41.531+0000] {logging_mixin.py:151} INFO - 172
[2023-12-03T02:32:44.343+0000] {logging_mixin.py:151} INFO - 173
[2023-12-03T02:32:47.348+0000] {logging_mixin.py:151} INFO - 174
[2023-12-03T02:32:50.466+0000] {logging_mixin.py:151} INFO - 175
[2023-12-03T02:32:53.295+0000] {logging_mixin.py:151} INFO - 176
[2023-12-03T02:32:56.278+0000] {logging_mixin.py:151} INFO - 177
[2023-12-03T02:32:58.940+0000] {logging_mixin.py:151} INFO - 178
[2023-12-03T02:33:01.686+0000] {logging_mixin.py:151} INFO - 179
[2023-12-03T02:33:04.314+0000] {logging_mixin.py:151} INFO - 180
[2023-12-03T02:33:07.084+0000] {logging_mixin.py:151} INFO - 181
[2023-12-03T02:33:09.643+0000] {logging_mixin.py:151} INFO - 182
[2023-12-03T02:33:12.302+0000] {logging_mixin.py:151} INFO - 183
[2023-12-03T02:33:15.534+0000] {logging_mixin.py:151} INFO - 184
[2023-12-03T02:33:18.420+0000] {logging_mixin.py:151} INFO - 185
[2023-12-03T02:33:28.732+0000] {logging_mixin.py:151} INFO - 186
[2023-12-03T02:33:31.472+0000] {logging_mixin.py:151} INFO - 187
[2023-12-03T02:33:34.112+0000] {logging_mixin.py:151} INFO - 188
[2023-12-03T02:33:37.452+0000] {logging_mixin.py:151} INFO - 189
[2023-12-03T02:33:40.276+0000] {logging_mixin.py:151} INFO - 190
[2023-12-03T02:33:42.852+0000] {logging_mixin.py:151} INFO - 191
[2023-12-03T02:33:45.636+0000] {logging_mixin.py:151} INFO - 192
[2023-12-03T02:33:48.663+0000] {logging_mixin.py:151} INFO - 193
[2023-12-03T02:33:51.407+0000] {logging_mixin.py:151} INFO - 194
[2023-12-03T02:33:54.087+0000] {logging_mixin.py:151} INFO - 195
[2023-12-03T02:33:56.801+0000] {logging_mixin.py:151} INFO - 196
[2023-12-03T02:33:59.637+0000] {logging_mixin.py:151} INFO - 197
[2023-12-03T02:34:02.582+0000] {logging_mixin.py:151} INFO - 198
[2023-12-03T02:34:06.383+0000] {logging_mixin.py:151} INFO - 199
[2023-12-03T02:34:09.069+0000] {logging_mixin.py:151} INFO - 200
[2023-12-03T02:34:11.852+0000] {logging_mixin.py:151} INFO - 201
[2023-12-03T02:34:14.909+0000] {logging_mixin.py:151} INFO - 202
[2023-12-03T02:34:17.647+0000] {logging_mixin.py:151} INFO - 203
[2023-12-03T02:34:20.256+0000] {logging_mixin.py:151} INFO - 204
[2023-12-03T02:34:22.872+0000] {logging_mixin.py:151} INFO - 205
[2023-12-03T02:34:25.892+0000] {logging_mixin.py:151} INFO - 206
[2023-12-03T02:34:28.555+0000] {logging_mixin.py:151} INFO - 207
[2023-12-03T02:34:31.415+0000] {logging_mixin.py:151} INFO - 208
[2023-12-03T02:34:40.357+0000] {logging_mixin.py:151} INFO - 209
[2023-12-03T02:34:43.198+0000] {logging_mixin.py:151} INFO - 210
[2023-12-03T02:34:46.150+0000] {logging_mixin.py:151} INFO - 211
[2023-12-03T02:34:48.946+0000] {logging_mixin.py:151} INFO - 212
[2023-12-03T02:34:52.295+0000] {logging_mixin.py:151} INFO - 213
[2023-12-03T02:34:54.898+0000] {logging_mixin.py:151} INFO - 214
[2023-12-03T02:34:57.751+0000] {logging_mixin.py:151} INFO - 215
[2023-12-03T02:35:00.359+0000] {logging_mixin.py:151} INFO - 216
[2023-12-03T02:35:03.163+0000] {logging_mixin.py:151} INFO - 217
[2023-12-03T02:35:05.836+0000] {logging_mixin.py:151} INFO - 218
[2023-12-03T02:35:08.686+0000] {logging_mixin.py:151} INFO - 219
[2023-12-03T02:35:11.584+0000] {logging_mixin.py:151} INFO - 220
[2023-12-03T02:35:14.097+0000] {logging_mixin.py:151} INFO - 221
[2023-12-03T02:35:16.917+0000] {logging_mixin.py:151} INFO - 222
[2023-12-03T02:35:19.798+0000] {logging_mixin.py:151} INFO - 223
[2023-12-03T02:35:22.770+0000] {logging_mixin.py:151} INFO - 224
[2023-12-03T02:35:26.717+0000] {logging_mixin.py:151} INFO - 225
[2023-12-03T02:35:35.357+0000] {logging_mixin.py:151} INFO - 226
[2023-12-03T02:35:37.987+0000] {logging_mixin.py:151} INFO - 227
[2023-12-03T02:35:40.792+0000] {logging_mixin.py:151} INFO - 228
[2023-12-03T02:35:43.547+0000] {logging_mixin.py:151} INFO - 229
[2023-12-03T02:35:46.432+0000] {logging_mixin.py:151} INFO - 230
[2023-12-03T02:35:49.191+0000] {logging_mixin.py:151} INFO - 231
[2023-12-03T02:35:52.282+0000] {logging_mixin.py:151} INFO - 232
[2023-12-03T02:35:55.040+0000] {logging_mixin.py:151} INFO - 233
[2023-12-03T02:35:57.739+0000] {logging_mixin.py:151} INFO - 234
[2023-12-03T02:36:00.423+0000] {logging_mixin.py:151} INFO - 235
[2023-12-03T02:36:03.631+0000] {logging_mixin.py:151} INFO - 236
[2023-12-03T02:36:06.453+0000] {logging_mixin.py:151} INFO - 237
[2023-12-03T02:36:09.253+0000] {logging_mixin.py:151} INFO - 238
[2023-12-03T02:36:11.785+0000] {logging_mixin.py:151} INFO - 239
[2023-12-03T02:36:14.314+0000] {logging_mixin.py:151} INFO - 240
[2023-12-03T02:36:17.125+0000] {logging_mixin.py:151} INFO - 241
[2023-12-03T02:36:19.765+0000] {logging_mixin.py:151} INFO - 242
[2023-12-03T02:36:22.455+0000] {logging_mixin.py:151} INFO - 243
[2023-12-03T02:36:25.090+0000] {logging_mixin.py:151} INFO - 244
[2023-12-03T02:36:35.661+0000] {logging_mixin.py:151} INFO - 245
[2023-12-03T02:36:38.733+0000] {logging_mixin.py:151} INFO - 246
[2023-12-03T02:36:41.706+0000] {logging_mixin.py:151} INFO - 247
[2023-12-03T02:36:44.279+0000] {logging_mixin.py:151} INFO - 248
[2023-12-03T02:36:47.124+0000] {logging_mixin.py:151} INFO - 249
[2023-12-03T02:36:49.970+0000] {logging_mixin.py:151} INFO - 250
[2023-12-03T02:36:52.531+0000] {logging_mixin.py:151} INFO - 251
[2023-12-03T02:36:55.243+0000] {logging_mixin.py:151} INFO - 252
[2023-12-03T02:36:58.028+0000] {logging_mixin.py:151} INFO - 253
[2023-12-03T02:37:01.012+0000] {logging_mixin.py:151} INFO - 254
[2023-12-03T02:37:03.670+0000] {logging_mixin.py:151} INFO - 255
[2023-12-03T02:37:06.430+0000] {logging_mixin.py:151} INFO - 256
[2023-12-03T02:37:09.143+0000] {logging_mixin.py:151} INFO - 257
[2023-12-03T02:37:12.210+0000] {logging_mixin.py:151} INFO - 258
[2023-12-03T02:37:14.853+0000] {logging_mixin.py:151} INFO - 259
[2023-12-03T02:37:17.569+0000] {logging_mixin.py:151} INFO - 260
[2023-12-03T02:37:20.289+0000] {logging_mixin.py:151} INFO - 261
[2023-12-03T02:37:23.678+0000] {logging_mixin.py:151} INFO - 262
[2023-12-03T02:37:26.578+0000] {logging_mixin.py:151} INFO - 263
[2023-12-03T02:37:29.467+0000] {logging_mixin.py:151} INFO - 264
[2023-12-03T02:37:32.323+0000] {logging_mixin.py:151} INFO - 265
[2023-12-03T02:37:36.451+0000] {logging_mixin.py:151} INFO - 266
[2023-12-03T02:37:39.474+0000] {logging_mixin.py:151} INFO - 267
[2023-12-03T02:37:42.127+0000] {logging_mixin.py:151} INFO - 268
[2023-12-03T02:37:44.987+0000] {logging_mixin.py:151} INFO - 269
[2023-12-03T02:37:48.144+0000] {logging_mixin.py:151} INFO - 270
[2023-12-03T02:37:50.848+0000] {logging_mixin.py:151} INFO - 271
[2023-12-03T02:37:53.581+0000] {logging_mixin.py:151} INFO - 272
[2023-12-03T02:37:56.747+0000] {logging_mixin.py:151} INFO - 273
[2023-12-03T02:37:59.410+0000] {logging_mixin.py:151} INFO - 274
[2023-12-03T02:38:02.346+0000] {logging_mixin.py:151} INFO - 275
[2023-12-03T02:38:05.252+0000] {logging_mixin.py:151} INFO - 276
[2023-12-03T02:38:07.971+0000] {logging_mixin.py:151} INFO - 277
[2023-12-03T02:38:10.744+0000] {logging_mixin.py:151} INFO - 278
[2023-12-03T02:38:13.500+0000] {logging_mixin.py:151} INFO - 279
[2023-12-03T02:38:16.340+0000] {logging_mixin.py:151} INFO - 280
[2023-12-03T02:38:19.444+0000] {logging_mixin.py:151} INFO - 281
[2023-12-03T02:38:22.457+0000] {logging_mixin.py:151} INFO - 282
[2023-12-03T02:38:25.636+0000] {logging_mixin.py:151} INFO - 283
[2023-12-03T02:38:28.297+0000] {logging_mixin.py:151} INFO - 284
[2023-12-03T02:38:34.520+0000] {logging_mixin.py:151} INFO - 285
[2023-12-03T02:38:37.484+0000] {logging_mixin.py:151} INFO - 286
[2023-12-03T02:38:40.110+0000] {logging_mixin.py:151} INFO - 287
[2023-12-03T02:38:43.078+0000] {logging_mixin.py:151} INFO - 288
[2023-12-03T02:38:45.688+0000] {logging_mixin.py:151} INFO - 289
[2023-12-03T02:38:48.465+0000] {logging_mixin.py:151} INFO - 290
[2023-12-03T02:38:51.357+0000] {logging_mixin.py:151} INFO - 291
[2023-12-03T02:38:54.704+0000] {logging_mixin.py:151} INFO - 292
[2023-12-03T02:38:57.665+0000] {logging_mixin.py:151} INFO - 293
[2023-12-03T02:39:00.486+0000] {logging_mixin.py:151} INFO - 294
[2023-12-03T02:39:03.340+0000] {logging_mixin.py:151} INFO - 295
[2023-12-03T02:39:06.621+0000] {logging_mixin.py:151} INFO - 296
[2023-12-03T02:39:09.467+0000] {logging_mixin.py:151} INFO - 297
[2023-12-03T02:39:12.195+0000] {logging_mixin.py:151} INFO - 298
[2023-12-03T02:39:15.177+0000] {logging_mixin.py:151} INFO - 299
[2023-12-03T02:39:18.087+0000] {logging_mixin.py:151} INFO - 300
[2023-12-03T02:39:21.054+0000] {logging_mixin.py:151} INFO - 301
[2023-12-03T02:39:30.534+0000] {logging_mixin.py:151} INFO - 302
[2023-12-03T02:39:33.411+0000] {logging_mixin.py:151} INFO - 303
[2023-12-03T02:39:36.152+0000] {logging_mixin.py:151} INFO - 304
[2023-12-03T02:39:39.070+0000] {logging_mixin.py:151} INFO - 305
[2023-12-03T02:39:41.825+0000] {logging_mixin.py:151} INFO - 306
[2023-12-03T02:39:44.663+0000] {logging_mixin.py:151} INFO - 307
[2023-12-03T02:39:47.355+0000] {logging_mixin.py:151} INFO - 308
[2023-12-03T02:39:52.349+0000] {logging_mixin.py:151} INFO - 309
[2023-12-03T02:39:55.384+0000] {logging_mixin.py:151} INFO - 310
[2023-12-03T02:39:58.143+0000] {logging_mixin.py:151} INFO - 311
[2023-12-03T02:40:00.829+0000] {logging_mixin.py:151} INFO - 312
[2023-12-03T02:40:03.519+0000] {logging_mixin.py:151} INFO - 313
[2023-12-03T02:40:06.555+0000] {logging_mixin.py:151} INFO - 314
[2023-12-03T02:40:09.354+0000] {logging_mixin.py:151} INFO - 315
[2023-12-03T02:40:17.374+0000] {logging_mixin.py:151} INFO - 316
[2023-12-03T02:40:20.121+0000] {logging_mixin.py:151} INFO - 317
[2023-12-03T02:40:23.011+0000] {logging_mixin.py:151} INFO - 318
[2023-12-03T02:40:25.761+0000] {logging_mixin.py:151} INFO - 319
[2023-12-03T02:40:28.487+0000] {logging_mixin.py:151} INFO - 320
[2023-12-03T02:40:31.182+0000] {logging_mixin.py:151} INFO - 321
[2023-12-03T02:40:34.421+0000] {logging_mixin.py:151} INFO - 322
[2023-12-03T02:40:37.212+0000] {logging_mixin.py:151} INFO - 323
[2023-12-03T02:40:40.196+0000] {logging_mixin.py:151} INFO - 324
[2023-12-03T02:40:49.352+0000] {logging_mixin.py:151} INFO - 325
[2023-12-03T02:40:52.324+0000] {logging_mixin.py:151} INFO - 326
[2023-12-03T02:40:55.099+0000] {logging_mixin.py:151} INFO - 327
[2023-12-03T02:40:57.974+0000] {logging_mixin.py:151} INFO - 328
[2023-12-03T02:41:00.632+0000] {logging_mixin.py:151} INFO - 329
[2023-12-03T02:41:03.440+0000] {logging_mixin.py:151} INFO - 330
[2023-12-03T02:41:06.421+0000] {logging_mixin.py:151} INFO - 331
[2023-12-03T02:41:09.078+0000] {logging_mixin.py:151} INFO - 332
[2023-12-03T02:41:11.813+0000] {logging_mixin.py:151} INFO - 333
[2023-12-03T02:41:14.533+0000] {logging_mixin.py:151} INFO - 334
[2023-12-03T02:41:17.501+0000] {logging_mixin.py:151} INFO - 335
[2023-12-03T02:41:23.070+0000] {logging_mixin.py:151} INFO - 336
[2023-12-03T02:41:25.829+0000] {logging_mixin.py:151} INFO - 337
[2023-12-03T02:41:28.510+0000] {logging_mixin.py:151} INFO - 338
[2023-12-03T02:41:32.222+0000] {logging_mixin.py:151} INFO - 339
[2023-12-03T02:41:34.965+0000] {logging_mixin.py:151} INFO - 340
[2023-12-03T02:41:37.563+0000] {logging_mixin.py:151} INFO - 341
[2023-12-03T02:41:40.346+0000] {logging_mixin.py:151} INFO - 342
[2023-12-03T02:41:43.515+0000] {logging_mixin.py:151} INFO - 343
[2023-12-03T02:41:46.829+0000] {logging_mixin.py:151} INFO - 344
[2023-12-03T02:41:49.596+0000] {logging_mixin.py:151} INFO - 345
[2023-12-03T02:41:52.499+0000] {logging_mixin.py:151} INFO - 346
[2023-12-03T02:41:55.561+0000] {logging_mixin.py:151} INFO - 347
[2023-12-03T02:41:58.381+0000] {logging_mixin.py:151} INFO - 348
[2023-12-03T02:42:10.648+0000] {logging_mixin.py:151} INFO - 349
[2023-12-03T02:42:13.463+0000] {logging_mixin.py:151} INFO - 350
[2023-12-03T02:42:16.905+0000] {logging_mixin.py:151} INFO - 351
[2023-12-03T02:42:20.079+0000] {logging_mixin.py:151} INFO - 352
[2023-12-03T02:42:29.749+0000] {logging_mixin.py:151} INFO - 353
[2023-12-03T02:42:34.114+0000] {logging_mixin.py:151} INFO - 354
[2023-12-03T02:42:36.974+0000] {logging_mixin.py:151} INFO - 355
[2023-12-03T02:42:41.257+0000] {logging_mixin.py:151} INFO - 356
[2023-12-03T02:42:43.930+0000] {logging_mixin.py:151} INFO - 357
[2023-12-03T02:42:46.670+0000] {logging_mixin.py:151} INFO - 358
[2023-12-03T02:42:49.417+0000] {logging_mixin.py:151} INFO - 359
[2023-12-03T02:42:52.410+0000] {logging_mixin.py:151} INFO - 360
[2023-12-03T02:42:55.377+0000] {logging_mixin.py:151} INFO - 361
[2023-12-03T02:42:58.133+0000] {logging_mixin.py:151} INFO - 362
[2023-12-03T02:43:00.831+0000] {logging_mixin.py:151} INFO - 363
[2023-12-03T02:43:03.582+0000] {logging_mixin.py:151} INFO - 364
[2023-12-03T02:43:06.671+0000] {logging_mixin.py:151} INFO - 365
[2023-12-03T02:43:09.647+0000] {logging_mixin.py:151} INFO - 366
[2023-12-03T02:43:12.388+0000] {logging_mixin.py:151} INFO - 367
[2023-12-03T02:43:15.050+0000] {logging_mixin.py:151} INFO - 368
[2023-12-03T02:43:18.033+0000] {logging_mixin.py:151} INFO - 369
[2023-12-03T02:43:20.858+0000] {logging_mixin.py:151} INFO - 370
[2023-12-03T02:43:24.646+0000] {logging_mixin.py:151} INFO - 371
[2023-12-03T02:43:27.439+0000] {logging_mixin.py:151} INFO - 372
[2023-12-03T02:43:30.628+0000] {logging_mixin.py:151} INFO - 373
[2023-12-03T02:43:35.801+0000] {logging_mixin.py:151} INFO - 374
[2023-12-03T02:43:38.431+0000] {logging_mixin.py:151} INFO - 375
[2023-12-03T02:43:41.283+0000] {logging_mixin.py:151} INFO - 376
[2023-12-03T02:43:44.561+0000] {logging_mixin.py:151} INFO - 377
[2023-12-03T02:43:47.337+0000] {logging_mixin.py:151} INFO - 378
[2023-12-03T02:43:50.079+0000] {logging_mixin.py:151} INFO - 379
[2023-12-03T02:43:53.043+0000] {logging_mixin.py:151} INFO - 380
[2023-12-03T02:43:55.935+0000] {logging_mixin.py:151} INFO - 381
[2023-12-03T02:44:01.766+0000] {logging_mixin.py:151} INFO - 382
[2023-12-03T02:44:04.474+0000] {logging_mixin.py:151} INFO - 383
[2023-12-03T02:44:07.145+0000] {logging_mixin.py:151} INFO - 384
[2023-12-03T02:44:10.036+0000] {logging_mixin.py:151} INFO - 385
[2023-12-03T02:44:13.193+0000] {logging_mixin.py:151} INFO - 386
[2023-12-03T02:44:16.067+0000] {logging_mixin.py:151} INFO - 387
[2023-12-03T02:44:19.017+0000] {logging_mixin.py:151} INFO - 388
[2023-12-03T02:44:21.734+0000] {logging_mixin.py:151} INFO - 389
[2023-12-03T02:44:24.630+0000] {logging_mixin.py:151} INFO - 390
[2023-12-03T02:44:27.313+0000] {logging_mixin.py:151} INFO - 391
[2023-12-03T02:44:30.124+0000] {logging_mixin.py:151} INFO - 392
[2023-12-03T02:44:32.859+0000] {logging_mixin.py:151} INFO - 393
[2023-12-03T02:44:35.827+0000] {logging_mixin.py:151} INFO - 394
[2023-12-03T02:44:39.030+0000] {logging_mixin.py:151} INFO - 395
[2023-12-03T02:44:41.944+0000] {logging_mixin.py:151} INFO - 396
[2023-12-03T02:44:44.727+0000] {logging_mixin.py:151} INFO - 397
[2023-12-03T02:44:48.820+0000] {logging_mixin.py:151} INFO - 398
[2023-12-03T02:44:51.598+0000] {logging_mixin.py:151} INFO - 399
[2023-12-03T02:44:55.365+0000] {logging_mixin.py:151} INFO - 400
[2023-12-03T02:44:59.473+0000] {logging_mixin.py:151} INFO - 401
[2023-12-03T02:45:02.284+0000] {logging_mixin.py:151} INFO - 402
[2023-12-03T02:45:05.142+0000] {logging_mixin.py:151} INFO - 403
[2023-12-03T02:45:07.906+0000] {logging_mixin.py:151} INFO - 404
[2023-12-03T02:45:10.632+0000] {logging_mixin.py:151} INFO - 405
[2023-12-03T02:45:13.276+0000] {logging_mixin.py:151} INFO - 406
[2023-12-03T02:45:16.678+0000] {logging_mixin.py:151} INFO - 407
[2023-12-03T02:45:19.420+0000] {logging_mixin.py:151} INFO - 408
[2023-12-03T02:45:22.322+0000] {logging_mixin.py:151} INFO - 409
[2023-12-03T02:45:25.070+0000] {logging_mixin.py:151} INFO - 410
[2023-12-03T02:45:27.895+0000] {logging_mixin.py:151} INFO - 411
[2023-12-03T02:45:30.631+0000] {logging_mixin.py:151} INFO - 412
[2023-12-03T02:45:33.473+0000] {logging_mixin.py:151} INFO - 413
[2023-12-03T02:45:43.446+0000] {logging_mixin.py:151} INFO - 414
[2023-12-03T02:45:46.202+0000] {logging_mixin.py:151} INFO - 415
[2023-12-03T02:45:49.072+0000] {logging_mixin.py:151} INFO - 416
[2023-12-03T02:45:52.226+0000] {logging_mixin.py:151} INFO - 417
[2023-12-03T02:45:55.056+0000] {logging_mixin.py:151} INFO - 418
[2023-12-03T02:45:57.932+0000] {logging_mixin.py:151} INFO - 419
[2023-12-03T02:46:00.894+0000] {logging_mixin.py:151} INFO - 420
[2023-12-03T02:46:03.937+0000] {logging_mixin.py:151} INFO - 421
[2023-12-03T02:46:06.652+0000] {logging_mixin.py:151} INFO - 422
[2023-12-03T02:46:12.234+0000] {logging_mixin.py:151} INFO - 423
[2023-12-03T02:46:15.177+0000] {logging_mixin.py:151} INFO - 424
[2023-12-03T02:46:19.825+0000] {logging_mixin.py:151} INFO - 425
[2023-12-03T02:46:22.624+0000] {logging_mixin.py:151} INFO - 426
[2023-12-03T02:46:25.529+0000] {logging_mixin.py:151} INFO - 427
[2023-12-03T02:46:28.262+0000] {logging_mixin.py:151} INFO - 428
[2023-12-03T02:46:31.486+0000] {logging_mixin.py:151} INFO - 429
[2023-12-03T02:46:34.333+0000] {logging_mixin.py:151} INFO - 430
[2023-12-03T02:46:37.298+0000] {logging_mixin.py:151} INFO - 431
[2023-12-03T02:46:40.403+0000] {logging_mixin.py:151} INFO - 432
[2023-12-03T02:46:43.405+0000] {logging_mixin.py:151} INFO - 433
[2023-12-03T02:46:47.234+0000] {logging_mixin.py:151} INFO - 434
[2023-12-03T02:46:49.996+0000] {logging_mixin.py:151} INFO - 435
[2023-12-03T02:46:54.297+0000] {logging_mixin.py:151} INFO - 436
[2023-12-03T02:46:59.147+0000] {logging_mixin.py:151} INFO - 437
[2023-12-03T02:47:01.934+0000] {logging_mixin.py:151} INFO - 438
[2023-12-03T02:47:04.656+0000] {logging_mixin.py:151} INFO - 439
[2023-12-03T02:47:07.381+0000] {logging_mixin.py:151} INFO - 440
[2023-12-03T02:47:09.978+0000] {logging_mixin.py:151} INFO - 441
[2023-12-03T02:47:12.970+0000] {logging_mixin.py:151} INFO - 442
[2023-12-03T02:47:15.586+0000] {logging_mixin.py:151} INFO - 443
[2023-12-03T02:47:20.908+0000] {logging_mixin.py:151} INFO - 444
[2023-12-03T02:47:26.046+0000] {logging_mixin.py:151} INFO - 445
[2023-12-03T02:47:29.241+0000] {logging_mixin.py:151} INFO - 446
[2023-12-03T02:47:32.203+0000] {logging_mixin.py:151} INFO - 447
[2023-12-03T02:47:35.024+0000] {logging_mixin.py:151} INFO - 448
[2023-12-03T02:47:42.122+0000] {logging_mixin.py:151} INFO - 449
[2023-12-03T02:47:45.110+0000] {logging_mixin.py:151} INFO - 450
[2023-12-03T02:47:47.780+0000] {logging_mixin.py:151} INFO - 451
[2023-12-03T02:47:51.381+0000] {logging_mixin.py:151} INFO - 452
[2023-12-03T02:47:54.225+0000] {logging_mixin.py:151} INFO - 453
[2023-12-03T02:47:56.958+0000] {logging_mixin.py:151} INFO - 454
[2023-12-03T02:47:59.890+0000] {logging_mixin.py:151} INFO - 455
[2023-12-03T02:48:02.586+0000] {logging_mixin.py:151} INFO - 456
[2023-12-03T02:48:05.266+0000] {logging_mixin.py:151} INFO - 457
[2023-12-03T02:48:07.962+0000] {logging_mixin.py:151} INFO - 458
[2023-12-03T02:48:11.598+0000] {logging_mixin.py:151} INFO - 459
[2023-12-03T02:48:15.118+0000] {logging_mixin.py:151} INFO - 460
[2023-12-03T02:48:18.201+0000] {logging_mixin.py:151} INFO - 461
[2023-12-03T02:48:20.894+0000] {logging_mixin.py:151} INFO - 462
[2023-12-03T02:48:23.777+0000] {logging_mixin.py:151} INFO - 463
[2023-12-03T02:48:26.545+0000] {logging_mixin.py:151} INFO - 464
[2023-12-03T02:48:29.309+0000] {logging_mixin.py:151} INFO - 465
[2023-12-03T02:48:32.238+0000] {logging_mixin.py:151} INFO - 466
[2023-12-03T02:48:34.881+0000] {logging_mixin.py:151} INFO - 467
[2023-12-03T02:48:38.179+0000] {logging_mixin.py:151} INFO - 468
[2023-12-03T02:48:41.305+0000] {logging_mixin.py:151} INFO - 469
[2023-12-03T02:48:44.022+0000] {logging_mixin.py:151} INFO - 470
[2023-12-03T02:48:46.932+0000] {logging_mixin.py:151} INFO - 471
[2023-12-03T02:48:49.816+0000] {logging_mixin.py:151} INFO - 472
[2023-12-03T02:48:52.581+0000] {logging_mixin.py:151} INFO - 473
[2023-12-03T02:48:55.310+0000] {logging_mixin.py:151} INFO - 474
[2023-12-03T02:48:58.185+0000] {logging_mixin.py:151} INFO - 475
[2023-12-03T02:49:01.277+0000] {logging_mixin.py:151} INFO - 476
[2023-12-03T02:49:04.087+0000] {logging_mixin.py:151} INFO - 477
[2023-12-03T02:49:06.780+0000] {logging_mixin.py:151} INFO - 478
[2023-12-03T02:49:09.541+0000] {logging_mixin.py:151} INFO - 479
[2023-12-03T02:49:13.034+0000] {logging_mixin.py:151} INFO - 480
[2023-12-03T02:49:16.035+0000] {logging_mixin.py:151} INFO - 481
[2023-12-03T02:49:18.839+0000] {logging_mixin.py:151} INFO - 482
[2023-12-03T02:49:21.630+0000] {logging_mixin.py:151} INFO - 483
[2023-12-03T02:49:24.376+0000] {logging_mixin.py:151} INFO - 484
[2023-12-03T02:49:27.405+0000] {logging_mixin.py:151} INFO - 485
[2023-12-03T02:49:30.264+0000] {logging_mixin.py:151} INFO - 486
[2023-12-03T02:49:32.925+0000] {logging_mixin.py:151} INFO - 487
[2023-12-03T02:49:35.714+0000] {logging_mixin.py:151} INFO - 488
[2023-12-03T02:49:38.809+0000] {logging_mixin.py:151} INFO - 489
[2023-12-03T02:49:48.971+0000] {logging_mixin.py:151} INFO - 490
[2023-12-03T02:49:51.644+0000] {logging_mixin.py:151} INFO - 491
[2023-12-03T02:49:54.481+0000] {logging_mixin.py:151} INFO - 492
[2023-12-03T02:49:57.274+0000] {logging_mixin.py:151} INFO - 493
[2023-12-03T02:50:00.287+0000] {logging_mixin.py:151} INFO - 494
[2023-12-03T02:50:02.964+0000] {logging_mixin.py:151} INFO - 495
[2023-12-03T02:50:05.730+0000] {logging_mixin.py:151} INFO - 496
[2023-12-03T02:50:08.664+0000] {logging_mixin.py:151} INFO - 497
[2023-12-03T02:50:12.072+0000] {logging_mixin.py:151} INFO - 498
[2023-12-03T02:50:14.841+0000] {logging_mixin.py:151} INFO - 499
[2023-12-03T02:50:17.556+0000] {logging_mixin.py:151} INFO - 500
[2023-12-03T02:50:20.250+0000] {logging_mixin.py:151} INFO - 501
[2023-12-03T02:50:23.378+0000] {logging_mixin.py:151} INFO - 502
[2023-12-03T02:50:26.227+0000] {logging_mixin.py:151} INFO - 503
[2023-12-03T02:50:29.119+0000] {logging_mixin.py:151} INFO - 504
[2023-12-03T02:50:31.932+0000] {logging_mixin.py:151} INFO - 505
[2023-12-03T02:50:35.038+0000] {logging_mixin.py:151} INFO - 506
[2023-12-03T02:50:38.318+0000] {logging_mixin.py:151} INFO - 507
[2023-12-03T02:50:41.221+0000] {logging_mixin.py:151} INFO - 508
[2023-12-03T02:50:43.820+0000] {logging_mixin.py:151} INFO - 509
[2023-12-03T02:50:54.144+0000] {logging_mixin.py:151} INFO - 510
[2023-12-03T02:50:57.268+0000] {logging_mixin.py:151} INFO - 511
[2023-12-03T02:51:00.918+0000] {logging_mixin.py:151} INFO - 512
[2023-12-03T02:51:03.646+0000] {logging_mixin.py:151} INFO - 513
[2023-12-03T02:51:06.389+0000] {logging_mixin.py:151} INFO - 514
[2023-12-03T02:51:09.353+0000] {logging_mixin.py:151} INFO - 515
[2023-12-03T02:51:12.778+0000] {logging_mixin.py:151} INFO - 516
[2023-12-03T02:51:15.426+0000] {logging_mixin.py:151} INFO - 517
[2023-12-03T02:51:18.099+0000] {logging_mixin.py:151} INFO - 518
[2023-12-03T02:51:24.410+0000] {python.py:194} INFO - Done. Returned value was: Error loading page with status code 500
[2023-12-03T02:51:24.420+0000] {xcom.py:661} ERROR - Object of type Exception is not JSON serializable. If you are using pickle instead of JSON for XCom, then you need to enable pickle support for XCom in your *** config or make sure to decorate your object with attr.
[2023-12-03T02:51:24.421+0000] {taskinstance.py:1943} ERROR - Task failed with exception
Traceback (most recent call last):
  File "/home/airflow/.local/lib/python3.8/site-packages/airflow/utils/json.py", line 91, in default
    return serialize(o)
  File "/home/airflow/.local/lib/python3.8/site-packages/airflow/serialization/serde.py", line 178, in serialize
    raise TypeError(f"cannot serialize object of type {cls}")
TypeError: cannot serialize object of type <class 'Exception'>

During handling of the above exception, another exception occurred:

Traceback (most recent call last):
  File "/home/airflow/.local/lib/python3.8/site-packages/airflow/utils/session.py", line 74, in wrapper
    return func(*args, **kwargs)
  File "/home/airflow/.local/lib/python3.8/site-packages/airflow/models/taskinstance.py", line 2485, in xcom_push
    XCom.set(
  File "/home/airflow/.local/lib/python3.8/site-packages/airflow/utils/session.py", line 74, in wrapper
    return func(*args, **kwargs)
  File "/home/airflow/.local/lib/python3.8/site-packages/airflow/models/xcom.py", line 244, in set
    value = cls.serialize_value(
  File "/home/airflow/.local/lib/python3.8/site-packages/airflow/models/xcom.py", line 659, in serialize_value
    return json.dumps(value, cls=XComEncoder).encode("UTF-8")
  File "/usr/local/lib/python3.8/json/__init__.py", line 234, in dumps
    return cls(
  File "/home/airflow/.local/lib/python3.8/site-packages/airflow/utils/json.py", line 104, in encode
    return super().encode(o)
  File "/usr/local/lib/python3.8/json/encoder.py", line 199, in encode
    chunks = self.iterencode(o, _one_shot=True)
  File "/usr/local/lib/python3.8/json/encoder.py", line 257, in iterencode
    return _iterencode(o, 0)
  File "/home/airflow/.local/lib/python3.8/site-packages/airflow/utils/json.py", line 93, in default
    return super().default(o)
  File "/usr/local/lib/python3.8/json/encoder.py", line 179, in default
    raise TypeError(f'Object of type {o.__class__.__name__} '
TypeError: Object of type Exception is not JSON serializable
[2023-12-03T02:51:24.431+0000] {taskinstance.py:1400} INFO - Marking task as UP_FOR_RETRY. dag_id=Autotrader_ETL_DAG, task_id=extract_listings, execution_date=20231203T022350, start_date=20231203T022352, end_date=20231203T025124
[2023-12-03T02:51:24.450+0000] {standard_task_runner.py:104} ERROR - Failed to execute job 1402 for task extract_listings (Object of type Exception is not JSON serializable; 1642)
[2023-12-03T02:51:24.491+0000] {local_task_job_runner.py:228} INFO - Task exited with return code 1
[2023-12-03T02:51:24.515+0000] {taskinstance.py:2784} INFO - 0 downstream tasks scheduled from follow-on schedule check
