[2023-12-03T02:10:11.123+0000] {logging_mixin.py:151} INFO - Changing /opt/***/logs/dag_id=Autotrader_ETL_DAG/run_id=manual__2023-12-03T02:10:09.387619+00:00/task_id=extract_listings permission to 509
[2023-12-03T02:10:11.124+0000] {logging_mixin.py:151} INFO - Failed to change /opt/***/logs/dag_id=Autotrader_ETL_DAG/run_id=manual__2023-12-03T02:10:09.387619+00:00/task_id=extract_listings permission to 509: [Errno 1] Operation not permitted: '/opt/***/logs/dag_id=Autotrader_ETL_DAG/run_id=manual__2023-12-03T02:10:09.387619+00:00/task_id=extract_listings'
[2023-12-03T02:10:11.157+0000] {logging_mixin.py:151} INFO - Changing /opt/***/logs/dag_id=Autotrader_ETL_DAG/run_id=manual__2023-12-03T02:10:09.387619+00:00/task_id=extract_listings permission to 509
[2023-12-03T02:10:11.158+0000] {logging_mixin.py:151} INFO - Failed to change /opt/***/logs/dag_id=Autotrader_ETL_DAG/run_id=manual__2023-12-03T02:10:09.387619+00:00/task_id=extract_listings permission to 509: [Errno 1] Operation not permitted: '/opt/***/logs/dag_id=Autotrader_ETL_DAG/run_id=manual__2023-12-03T02:10:09.387619+00:00/task_id=extract_listings'
[2023-12-03T02:10:11.179+0000] {taskinstance.py:1159} INFO - Dependencies all met for dep_context=non-requeueable deps ti=<TaskInstance: Autotrader_ETL_DAG.extract_listings manual__2023-12-03T02:10:09.387619+00:00 [queued]>
[2023-12-03T02:10:11.188+0000] {taskinstance.py:1159} INFO - Dependencies all met for dep_context=requeueable deps ti=<TaskInstance: Autotrader_ETL_DAG.extract_listings manual__2023-12-03T02:10:09.387619+00:00 [queued]>
[2023-12-03T02:10:11.189+0000] {taskinstance.py:1361} INFO - Starting attempt 1 of 2
[2023-12-03T02:10:11.206+0000] {taskinstance.py:1382} INFO - Executing <Task(PythonOperator): extract_listings> on 2023-12-03 02:10:09.387619+00:00
[2023-12-03T02:10:11.212+0000] {standard_task_runner.py:57} INFO - Started process 1501 to run task
[2023-12-03T02:10:11.216+0000] {standard_task_runner.py:84} INFO - Running: ['***', 'tasks', 'run', 'Autotrader_ETL_DAG', 'extract_listings', 'manual__2023-12-03T02:10:09.387619+00:00', '--job-id', '1400', '--raw', '--subdir', 'DAGS_FOLDER/autotrader_etl.py', '--cfg-path', '/tmp/tmpp56zzs49']
[2023-12-03T02:10:11.220+0000] {standard_task_runner.py:85} INFO - Job 1400: Subtask extract_listings
[2023-12-03T02:10:11.267+0000] {logging_mixin.py:151} INFO - Changing /opt/***/logs/dag_id=Autotrader_ETL_DAG/run_id=manual__2023-12-03T02:10:09.387619+00:00/task_id=extract_listings permission to 509
[2023-12-03T02:10:11.268+0000] {logging_mixin.py:151} INFO - Failed to change /opt/***/logs/dag_id=Autotrader_ETL_DAG/run_id=manual__2023-12-03T02:10:09.387619+00:00/task_id=extract_listings permission to 509: [Errno 1] Operation not permitted: '/opt/***/logs/dag_id=Autotrader_ETL_DAG/run_id=manual__2023-12-03T02:10:09.387619+00:00/task_id=extract_listings'
[2023-12-03T02:10:11.270+0000] {task_command.py:415} INFO - Running <TaskInstance: Autotrader_ETL_DAG.extract_listings manual__2023-12-03T02:10:09.387619+00:00 [running]> on host 172bfe53c091
[2023-12-03T02:10:11.353+0000] {taskinstance.py:1660} INFO - Exporting env vars: AIRFLOW_CTX_DAG_OWNER='***' AIRFLOW_CTX_DAG_ID='Autotrader_ETL_DAG' AIRFLOW_CTX_TASK_ID='extract_listings' AIRFLOW_CTX_EXECUTION_DATE='2023-12-03T02:10:09.387619+00:00' AIRFLOW_CTX_TRY_NUMBER='1' AIRFLOW_CTX_DAG_RUN_ID='manual__2023-12-03T02:10:09.387619+00:00'
[2023-12-03T02:10:11.363+0000] {logging_mixin.py:151} INFO - 1
[2023-12-03T02:10:12.370+0000] {logging_mixin.py:151} INFO - 2
[2023-12-03T02:10:13.306+0000] {logging_mixin.py:151} INFO - 3
[2023-12-03T02:10:14.937+0000] {logging_mixin.py:151} INFO - 4
[2023-12-03T02:10:15.638+0000] {logging_mixin.py:151} INFO - 5
[2023-12-03T02:10:26.501+0000] {logging_mixin.py:151} INFO - 6
[2023-12-03T02:10:27.191+0000] {logging_mixin.py:151} INFO - 7
[2023-12-03T02:10:27.892+0000] {logging_mixin.py:151} INFO - 8
[2023-12-03T02:10:28.470+0000] {logging_mixin.py:151} INFO - 9
[2023-12-03T02:10:29.681+0000] {logging_mixin.py:151} INFO - 10
[2023-12-03T02:10:30.272+0000] {logging_mixin.py:151} INFO - 11
[2023-12-03T02:10:31.113+0000] {logging_mixin.py:151} INFO - 12
[2023-12-03T02:10:31.955+0000] {logging_mixin.py:151} INFO - 13
[2023-12-03T02:10:32.811+0000] {logging_mixin.py:151} INFO - 14
[2023-12-03T02:10:33.790+0000] {logging_mixin.py:151} INFO - 15
[2023-12-03T02:10:34.446+0000] {logging_mixin.py:151} INFO - 16
[2023-12-03T02:10:35.414+0000] {logging_mixin.py:151} INFO - 17
[2023-12-03T02:10:36.215+0000] {logging_mixin.py:151} INFO - 18
[2023-12-03T02:10:36.927+0000] {logging_mixin.py:151} INFO - 19
[2023-12-03T02:10:37.664+0000] {logging_mixin.py:151} INFO - 20
[2023-12-03T02:10:38.405+0000] {logging_mixin.py:151} INFO - 21
[2023-12-03T02:10:39.727+0000] {logging_mixin.py:151} INFO - 22
[2023-12-03T02:10:40.617+0000] {logging_mixin.py:151} INFO - 23
[2023-12-03T02:10:41.393+0000] {logging_mixin.py:151} INFO - 24
[2023-12-03T02:10:42.367+0000] {logging_mixin.py:151} INFO - 25
[2023-12-03T02:10:43.176+0000] {logging_mixin.py:151} INFO - 26
[2023-12-03T02:10:44.213+0000] {logging_mixin.py:151} INFO - 27
[2023-12-03T02:10:49.970+0000] {logging_mixin.py:151} INFO - 28
[2023-12-03T02:10:50.682+0000] {logging_mixin.py:151} INFO - 29
[2023-12-03T02:11:22.810+0000] {logging_mixin.py:151} INFO - 30
[2023-12-03T02:11:23.822+0000] {logging_mixin.py:151} INFO - 31
[2023-12-03T02:11:24.907+0000] {logging_mixin.py:151} INFO - 32
[2023-12-03T02:11:25.577+0000] {logging_mixin.py:151} INFO - 33
[2023-12-03T02:11:26.251+0000] {logging_mixin.py:151} INFO - 34
[2023-12-03T02:11:26.917+0000] {logging_mixin.py:151} INFO - 35
[2023-12-03T02:11:27.797+0000] {logging_mixin.py:151} INFO - 36
[2023-12-03T02:11:28.437+0000] {logging_mixin.py:151} INFO - 37
[2023-12-03T02:11:29.751+0000] {logging_mixin.py:151} INFO - 38
[2023-12-03T02:11:30.771+0000] {logging_mixin.py:151} INFO - 39
[2023-12-03T02:11:32.147+0000] {logging_mixin.py:151} INFO - 40
[2023-12-03T02:11:32.820+0000] {logging_mixin.py:151} INFO - 41
[2023-12-03T02:11:33.427+0000] {logging_mixin.py:151} INFO - 42
[2023-12-03T02:11:34.166+0000] {logging_mixin.py:151} INFO - 43
[2023-12-03T02:11:35.776+0000] {logging_mixin.py:151} INFO - 44
[2023-12-03T02:11:36.621+0000] {logging_mixin.py:151} INFO - 45
[2023-12-03T02:11:37.399+0000] {logging_mixin.py:151} INFO - 46
[2023-12-03T02:11:38.155+0000] {logging_mixin.py:151} INFO - 47
[2023-12-03T02:11:44.924+0000] {logging_mixin.py:151} INFO - 48
[2023-12-03T02:11:45.708+0000] {logging_mixin.py:151} INFO - 49
[2023-12-03T02:11:46.402+0000] {logging_mixin.py:151} INFO - 50
[2023-12-03T02:11:47.089+0000] {logging_mixin.py:151} INFO - 51
[2023-12-03T02:11:47.887+0000] {logging_mixin.py:151} INFO - 52
[2023-12-03T02:11:48.853+0000] {logging_mixin.py:151} INFO - 53
[2023-12-03T02:11:50.185+0000] {logging_mixin.py:151} INFO - 54
[2023-12-03T02:11:51.121+0000] {logging_mixin.py:151} INFO - 55
[2023-12-03T02:11:52.018+0000] {logging_mixin.py:151} INFO - 56
[2023-12-03T02:11:52.844+0000] {logging_mixin.py:151} INFO - 57
[2023-12-03T02:11:53.489+0000] {logging_mixin.py:151} INFO - 58
[2023-12-03T02:11:54.434+0000] {logging_mixin.py:151} INFO - 59
[2023-12-03T02:11:55.101+0000] {logging_mixin.py:151} INFO - 60
[2023-12-03T02:11:55.865+0000] {logging_mixin.py:151} INFO - 61
[2023-12-03T02:11:57.118+0000] {logging_mixin.py:151} INFO - 62
[2023-12-03T02:11:58.073+0000] {logging_mixin.py:151} INFO - 63
[2023-12-03T02:12:04.010+0000] {logging_mixin.py:151} INFO - 64
[2023-12-03T02:12:04.668+0000] {logging_mixin.py:151} INFO - 65
[2023-12-03T02:12:06.082+0000] {logging_mixin.py:151} INFO - 66
[2023-12-03T02:12:06.694+0000] {logging_mixin.py:151} INFO - 67
[2023-12-03T02:12:07.403+0000] {logging_mixin.py:151} INFO - 68
[2023-12-03T02:12:08.084+0000] {logging_mixin.py:151} INFO - 69
[2023-12-03T02:12:08.913+0000] {logging_mixin.py:151} INFO - 70
[2023-12-03T02:12:09.814+0000] {logging_mixin.py:151} INFO - 71
[2023-12-03T02:12:26.983+0000] {logging_mixin.py:151} INFO - 72
[2023-12-03T02:12:27.795+0000] {logging_mixin.py:151} INFO - 73
[2023-12-03T02:12:28.534+0000] {logging_mixin.py:151} INFO - 74
[2023-12-03T02:12:29.446+0000] {logging_mixin.py:151} INFO - 75
[2023-12-03T02:12:29.999+0000] {logging_mixin.py:151} INFO - 76
[2023-12-03T02:12:30.831+0000] {logging_mixin.py:151} INFO - 77
[2023-12-03T02:12:31.523+0000] {logging_mixin.py:151} INFO - 78
[2023-12-03T02:12:32.433+0000] {logging_mixin.py:151} INFO - 79
[2023-12-03T02:12:53.514+0000] {logging_mixin.py:151} INFO - 80
[2023-12-03T02:12:54.146+0000] {logging_mixin.py:151} INFO - 81
[2023-12-03T02:12:54.707+0000] {logging_mixin.py:151} INFO - 82
[2023-12-03T02:12:55.729+0000] {logging_mixin.py:151} INFO - 83
[2023-12-03T02:12:56.330+0000] {logging_mixin.py:151} INFO - 84
[2023-12-03T02:12:57.203+0000] {logging_mixin.py:151} INFO - 85
[2023-12-03T02:12:57.830+0000] {logging_mixin.py:151} INFO - 86
[2023-12-03T02:12:58.372+0000] {logging_mixin.py:151} INFO - 87
[2023-12-03T02:12:59.228+0000] {logging_mixin.py:151} INFO - 88
[2023-12-03T02:12:59.887+0000] {logging_mixin.py:151} INFO - 89
[2023-12-03T02:13:00.623+0000] {logging_mixin.py:151} INFO - 90
[2023-12-03T02:13:01.742+0000] {logging_mixin.py:151} INFO - 91
[2023-12-03T02:13:02.856+0000] {logging_mixin.py:151} INFO - 92
[2023-12-03T02:13:03.526+0000] {logging_mixin.py:151} INFO - 93
[2023-12-03T02:13:04.303+0000] {logging_mixin.py:151} INFO - 94
[2023-12-03T02:13:05.047+0000] {logging_mixin.py:151} INFO - 95
[2023-12-03T02:13:06.004+0000] {logging_mixin.py:151} INFO - 96
[2023-12-03T02:13:06.702+0000] {logging_mixin.py:151} INFO - 97
[2023-12-03T02:13:07.306+0000] {logging_mixin.py:151} INFO - 98
[2023-12-03T02:13:08.083+0000] {logging_mixin.py:151} INFO - 99
[2023-12-03T02:13:08.822+0000] {logging_mixin.py:151} INFO - 100
[2023-12-03T02:13:09.844+0000] {logging_mixin.py:151} INFO - 101
[2023-12-03T02:13:10.509+0000] {logging_mixin.py:151} INFO - 102
[2023-12-03T02:13:11.773+0000] {logging_mixin.py:151} INFO - 103
[2023-12-03T02:13:12.491+0000] {logging_mixin.py:151} INFO - 104
[2023-12-03T02:13:13.670+0000] {logging_mixin.py:151} INFO - 105
[2023-12-03T02:13:14.377+0000] {logging_mixin.py:151} INFO - 106
[2023-12-03T02:13:15.160+0000] {logging_mixin.py:151} INFO - 107
[2023-12-03T02:13:15.742+0000] {logging_mixin.py:151} INFO - 108
[2023-12-03T02:13:16.780+0000] {logging_mixin.py:151} INFO - 109
[2023-12-03T02:13:17.468+0000] {logging_mixin.py:151} INFO - 110
[2023-12-03T02:13:18.099+0000] {logging_mixin.py:151} INFO - 111
[2023-12-03T02:13:18.683+0000] {logging_mixin.py:151} INFO - 112
[2023-12-03T02:13:19.352+0000] {logging_mixin.py:151} INFO - 113
[2023-12-03T02:13:34.897+0000] {logging_mixin.py:151} INFO - 114
[2023-12-03T02:13:35.813+0000] {logging_mixin.py:151} INFO - 115
[2023-12-03T02:13:38.815+0000] {logging_mixin.py:151} INFO - 116
[2023-12-03T02:13:39.422+0000] {logging_mixin.py:151} INFO - 117
[2023-12-03T02:13:40.307+0000] {logging_mixin.py:151} INFO - 118
[2023-12-03T02:13:40.922+0000] {logging_mixin.py:151} INFO - 119
[2023-12-03T02:13:42.214+0000] {logging_mixin.py:151} INFO - 120
[2023-12-03T02:13:42.899+0000] {logging_mixin.py:151} INFO - 121
[2023-12-03T02:13:45.177+0000] {logging_mixin.py:151} INFO - 122
[2023-12-03T02:13:46.324+0000] {logging_mixin.py:151} INFO - 123
[2023-12-03T02:13:46.904+0000] {logging_mixin.py:151} INFO - 124
[2023-12-03T02:13:47.477+0000] {logging_mixin.py:151} INFO - 125
[2023-12-03T02:13:48.088+0000] {logging_mixin.py:151} INFO - 126
[2023-12-03T02:13:49.229+0000] {logging_mixin.py:151} INFO - 127
[2023-12-03T02:13:49.831+0000] {logging_mixin.py:151} INFO - 128
[2023-12-03T02:13:50.497+0000] {logging_mixin.py:151} INFO - 129
[2023-12-03T02:13:51.158+0000] {logging_mixin.py:151} INFO - 130
[2023-12-03T02:13:52.145+0000] {logging_mixin.py:151} INFO - 131
[2023-12-03T02:13:53.000+0000] {logging_mixin.py:151} INFO - 132
[2023-12-03T02:13:53.613+0000] {logging_mixin.py:151} INFO - 133
[2023-12-03T02:13:54.579+0000] {logging_mixin.py:151} INFO - 134
[2023-12-03T02:13:55.604+0000] {logging_mixin.py:151} INFO - 135
[2023-12-03T02:13:56.111+0000] {logging_mixin.py:151} INFO - 136
[2023-12-03T02:13:56.651+0000] {logging_mixin.py:151} INFO - 137
[2023-12-03T02:13:57.272+0000] {logging_mixin.py:151} INFO - 138
[2023-12-03T02:13:57.914+0000] {logging_mixin.py:151} INFO - 139
[2023-12-03T02:13:58.715+0000] {logging_mixin.py:151} INFO - 140
[2023-12-03T02:13:59.314+0000] {logging_mixin.py:151} INFO - 141
[2023-12-03T02:13:59.991+0000] {logging_mixin.py:151} INFO - 142
[2023-12-03T02:14:00.623+0000] {logging_mixin.py:151} INFO - 143
[2023-12-03T02:14:01.486+0000] {logging_mixin.py:151} INFO - 144
[2023-12-03T02:14:02.154+0000] {logging_mixin.py:151} INFO - 145
[2023-12-03T02:14:03.685+0000] {logging_mixin.py:151} INFO - 146
[2023-12-03T02:14:04.904+0000] {logging_mixin.py:151} INFO - 147
[2023-12-03T02:14:05.775+0000] {logging_mixin.py:151} INFO - 148
[2023-12-03T02:14:06.393+0000] {logging_mixin.py:151} INFO - 149
[2023-12-03T02:14:06.998+0000] {logging_mixin.py:151} INFO - 150
[2023-12-03T02:14:07.622+0000] {logging_mixin.py:151} INFO - 151
[2023-12-03T02:14:08.338+0000] {logging_mixin.py:151} INFO - 152
[2023-12-03T02:14:09.332+0000] {logging_mixin.py:151} INFO - 153
[2023-12-03T02:14:10.893+0000] {logging_mixin.py:151} INFO - 154
[2023-12-03T02:14:11.614+0000] {logging_mixin.py:151} INFO - 155
[2023-12-03T02:14:12.369+0000] {logging_mixin.py:151} INFO - 156
[2023-12-03T02:14:13.195+0000] {logging_mixin.py:151} INFO - 157
[2023-12-03T02:14:14.033+0000] {logging_mixin.py:151} INFO - 158
[2023-12-03T02:14:19.499+0000] {logging_mixin.py:151} INFO - 159
[2023-12-03T02:14:20.191+0000] {logging_mixin.py:151} INFO - 160
[2023-12-03T02:14:21.228+0000] {logging_mixin.py:151} INFO - 161
[2023-12-03T02:14:22.342+0000] {logging_mixin.py:151} INFO - 162
[2023-12-03T02:14:23.191+0000] {logging_mixin.py:151} INFO - 163
[2023-12-03T02:14:23.962+0000] {logging_mixin.py:151} INFO - 164
[2023-12-03T02:14:24.678+0000] {logging_mixin.py:151} INFO - 165
[2023-12-03T02:14:25.663+0000] {logging_mixin.py:151} INFO - 166
[2023-12-03T02:14:26.471+0000] {logging_mixin.py:151} INFO - 167
[2023-12-03T02:14:27.213+0000] {logging_mixin.py:151} INFO - 168
[2023-12-03T02:14:27.846+0000] {logging_mixin.py:151} INFO - 169
[2023-12-03T02:14:28.765+0000] {logging_mixin.py:151} INFO - 170
[2023-12-03T02:14:29.352+0000] {logging_mixin.py:151} INFO - 171
[2023-12-03T02:14:30.117+0000] {logging_mixin.py:151} INFO - 172
[2023-12-03T02:14:30.994+0000] {logging_mixin.py:151} INFO - 173
[2023-12-03T02:14:32.145+0000] {logging_mixin.py:151} INFO - 174
[2023-12-03T02:14:32.901+0000] {logging_mixin.py:151} INFO - 175
[2023-12-03T02:14:39.907+0000] {logging_mixin.py:151} INFO - 176
[2023-12-03T02:14:40.832+0000] {logging_mixin.py:151} INFO - 177
[2023-12-03T02:14:44.028+0000] {logging_mixin.py:151} INFO - 178
[2023-12-03T02:14:45.203+0000] {logging_mixin.py:151} INFO - 179
[2023-12-03T02:14:46.103+0000] {logging_mixin.py:151} INFO - 180
[2023-12-03T02:14:47.009+0000] {logging_mixin.py:151} INFO - 181
[2023-12-03T02:14:47.910+0000] {logging_mixin.py:151} INFO - 182
[2023-12-03T02:14:48.980+0000] {logging_mixin.py:151} INFO - 183
[2023-12-03T02:14:49.739+0000] {logging_mixin.py:151} INFO - 184
[2023-12-03T02:14:55.146+0000] {logging_mixin.py:151} INFO - 185
[2023-12-03T02:14:56.650+0000] {logging_mixin.py:151} INFO - 186
[2023-12-03T02:14:57.684+0000] {logging_mixin.py:151} INFO - 187
[2023-12-03T02:14:58.627+0000] {logging_mixin.py:151} INFO - 188
[2023-12-03T02:14:59.405+0000] {logging_mixin.py:151} INFO - 189
[2023-12-03T02:15:00.089+0000] {logging_mixin.py:151} INFO - 190
[2023-12-03T02:15:01.020+0000] {logging_mixin.py:151} INFO - 191
[2023-12-03T02:15:02.002+0000] {logging_mixin.py:151} INFO - 192
[2023-12-03T02:15:02.861+0000] {logging_mixin.py:151} INFO - 193
[2023-12-03T02:15:08.095+0000] {logging_mixin.py:151} INFO - 194
[2023-12-03T02:15:09.434+0000] {logging_mixin.py:151} INFO - 195
[2023-12-03T02:15:10.371+0000] {logging_mixin.py:151} INFO - 196
[2023-12-03T02:15:11.145+0000] {logging_mixin.py:151} INFO - 197
[2023-12-03T02:15:11.890+0000] {logging_mixin.py:151} INFO - 198
[2023-12-03T02:15:12.721+0000] {logging_mixin.py:151} INFO - 199
[2023-12-03T02:15:13.528+0000] {logging_mixin.py:151} INFO - 200
[2023-12-03T02:15:14.385+0000] {logging_mixin.py:151} INFO - 201
[2023-12-03T02:15:14.955+0000] {logging_mixin.py:151} INFO - 202
[2023-12-03T02:15:15.612+0000] {logging_mixin.py:151} INFO - 203
[2023-12-03T02:15:16.434+0000] {logging_mixin.py:151} INFO - 204
[2023-12-03T02:15:17.405+0000] {logging_mixin.py:151} INFO - 205
[2023-12-03T02:15:18.105+0000] {logging_mixin.py:151} INFO - 206
[2023-12-03T02:15:18.933+0000] {logging_mixin.py:151} INFO - 207
[2023-12-03T02:15:19.714+0000] {logging_mixin.py:151} INFO - 208
[2023-12-03T02:15:20.658+0000] {logging_mixin.py:151} INFO - 209
[2023-12-03T02:15:21.481+0000] {logging_mixin.py:151} INFO - 210
[2023-12-03T02:15:22.320+0000] {logging_mixin.py:151} INFO - 211
[2023-12-03T02:15:23.462+0000] {logging_mixin.py:151} INFO - 212
[2023-12-03T02:15:29.786+0000] {logging_mixin.py:151} INFO - 213
[2023-12-03T02:15:37.608+0000] {logging_mixin.py:151} INFO - 214
[2023-12-03T02:15:38.412+0000] {logging_mixin.py:151} INFO - 215
[2023-12-03T02:15:44.962+0000] {logging_mixin.py:151} INFO - 216
[2023-12-03T02:15:45.940+0000] {logging_mixin.py:151} INFO - 217
[2023-12-03T02:15:46.611+0000] {logging_mixin.py:151} INFO - 218
[2023-12-03T02:15:47.224+0000] {logging_mixin.py:151} INFO - 219
[2023-12-03T02:15:48.010+0000] {logging_mixin.py:151} INFO - 220
[2023-12-03T02:15:48.779+0000] {logging_mixin.py:151} INFO - 221
[2023-12-03T02:15:49.856+0000] {logging_mixin.py:151} INFO - 222
[2023-12-03T02:15:50.556+0000] {logging_mixin.py:151} INFO - 223
[2023-12-03T02:15:51.424+0000] {logging_mixin.py:151} INFO - 224
[2023-12-03T02:15:52.528+0000] {logging_mixin.py:151} INFO - 225
[2023-12-03T02:15:53.697+0000] {logging_mixin.py:151} INFO - 226
[2023-12-03T02:15:55.150+0000] {logging_mixin.py:151} INFO - 227
[2023-12-03T02:16:16.558+0000] {logging_mixin.py:151} INFO - 228
[2023-12-03T02:16:17.360+0000] {logging_mixin.py:151} INFO - 229
[2023-12-03T02:16:18.619+0000] {logging_mixin.py:151} INFO - 230
[2023-12-03T02:16:19.921+0000] {logging_mixin.py:151} INFO - 231
[2023-12-03T02:16:20.638+0000] {logging_mixin.py:151} INFO - 232
[2023-12-03T02:16:21.539+0000] {logging_mixin.py:151} INFO - 233
[2023-12-03T02:16:22.671+0000] {logging_mixin.py:151} INFO - 234
[2023-12-03T02:16:23.543+0000] {logging_mixin.py:151} INFO - 235
[2023-12-03T02:16:25.524+0000] {logging_mixin.py:151} INFO - 236
[2023-12-03T02:16:26.204+0000] {logging_mixin.py:151} INFO - 237
[2023-12-03T02:16:27.216+0000] {logging_mixin.py:151} INFO - 238
[2023-12-03T02:16:28.019+0000] {logging_mixin.py:151} INFO - 239
[2023-12-03T02:16:28.748+0000] {logging_mixin.py:151} INFO - 240
[2023-12-03T02:16:29.546+0000] {logging_mixin.py:151} INFO - 241
[2023-12-03T02:16:30.316+0000] {logging_mixin.py:151} INFO - 242
[2023-12-03T02:16:31.174+0000] {logging_mixin.py:151} INFO - 243
[2023-12-03T02:16:32.035+0000] {logging_mixin.py:151} INFO - 244
[2023-12-03T02:16:33.755+0000] {logging_mixin.py:151} INFO - 245
[2023-12-03T02:16:35.243+0000] {logging_mixin.py:151} INFO - 246
[2023-12-03T02:16:36.160+0000] {logging_mixin.py:151} INFO - 247
[2023-12-03T02:16:44.374+0000] {logging_mixin.py:151} INFO - 248
[2023-12-03T02:16:45.397+0000] {logging_mixin.py:151} INFO - 249
[2023-12-03T02:16:53.379+0000] {logging_mixin.py:151} INFO - 250
[2023-12-03T02:16:54.310+0000] {logging_mixin.py:151} INFO - 251
[2023-12-03T02:16:55.149+0000] {logging_mixin.py:151} INFO - 252
[2023-12-03T02:16:56.167+0000] {logging_mixin.py:151} INFO - 253
[2023-12-03T02:16:57.061+0000] {logging_mixin.py:151} INFO - 254
[2023-12-03T02:16:57.772+0000] {logging_mixin.py:151} INFO - 255
[2023-12-03T02:16:58.677+0000] {logging_mixin.py:151} INFO - 256
[2023-12-03T02:16:59.259+0000] {logging_mixin.py:151} INFO - 257
[2023-12-03T02:17:00.550+0000] {logging_mixin.py:151} INFO - 258
[2023-12-03T02:17:01.367+0000] {logging_mixin.py:151} INFO - 259
[2023-12-03T02:17:02.341+0000] {logging_mixin.py:151} INFO - 260
[2023-12-03T02:17:03.015+0000] {logging_mixin.py:151} INFO - 261
[2023-12-03T02:17:03.795+0000] {logging_mixin.py:151} INFO - 262
[2023-12-03T02:17:04.544+0000] {logging_mixin.py:151} INFO - 263
[2023-12-03T02:17:05.749+0000] {logging_mixin.py:151} INFO - 264
[2023-12-03T02:17:06.412+0000] {logging_mixin.py:151} INFO - 265
[2023-12-03T02:17:07.097+0000] {logging_mixin.py:151} INFO - 266
[2023-12-03T02:17:07.859+0000] {logging_mixin.py:151} INFO - 267
[2023-12-03T02:17:08.632+0000] {logging_mixin.py:151} INFO - 268
[2023-12-03T02:17:09.690+0000] {logging_mixin.py:151} INFO - 269
[2023-12-03T02:17:10.429+0000] {logging_mixin.py:151} INFO - 270
[2023-12-03T02:17:29.195+0000] {logging_mixin.py:151} INFO - 271
[2023-12-03T02:17:30.026+0000] {logging_mixin.py:151} INFO - 272
[2023-12-03T02:17:31.025+0000] {logging_mixin.py:151} INFO - 273
[2023-12-03T02:17:31.671+0000] {logging_mixin.py:151} INFO - 274
[2023-12-03T02:17:32.480+0000] {logging_mixin.py:151} INFO - 275
[2023-12-03T02:17:40.944+0000] {logging_mixin.py:151} INFO - 276
[2023-12-03T02:17:42.018+0000] {logging_mixin.py:151} INFO - 277
[2023-12-03T02:17:42.656+0000] {logging_mixin.py:151} INFO - 278
[2023-12-03T02:17:43.484+0000] {logging_mixin.py:151} INFO - 279
[2023-12-03T02:17:44.254+0000] {logging_mixin.py:151} INFO - 280
[2023-12-03T02:17:45.290+0000] {logging_mixin.py:151} INFO - 281
[2023-12-03T02:17:46.226+0000] {logging_mixin.py:151} INFO - 282
[2023-12-03T02:18:33.805+0000] {python.py:194} INFO - Done. Returned value was: Error loading page with status code 500
[2023-12-03T02:18:33.813+0000] {xcom.py:661} ERROR - Object of type Exception is not JSON serializable. If you are using pickle instead of JSON for XCom, then you need to enable pickle support for XCom in your *** config or make sure to decorate your object with attr.
[2023-12-03T02:18:33.815+0000] {taskinstance.py:1943} ERROR - Task failed with exception
Traceback (most recent call last):
  File "/home/airflow/.local/lib/python3.8/site-packages/airflow/utils/json.py", line 91, in default
    return serialize(o)
  File "/home/airflow/.local/lib/python3.8/site-packages/airflow/serialization/serde.py", line 178, in serialize
    raise TypeError(f"cannot serialize object of type {cls}")
TypeError: cannot serialize object of type <class 'Exception'>

During handling of the above exception, another exception occurred:

Traceback (most recent call last):
  File "/home/airflow/.local/lib/python3.8/site-packages/airflow/utils/session.py", line 74, in wrapper
    return func(*args, **kwargs)
  File "/home/airflow/.local/lib/python3.8/site-packages/airflow/models/taskinstance.py", line 2485, in xcom_push
    XCom.set(
  File "/home/airflow/.local/lib/python3.8/site-packages/airflow/utils/session.py", line 74, in wrapper
    return func(*args, **kwargs)
  File "/home/airflow/.local/lib/python3.8/site-packages/airflow/models/xcom.py", line 244, in set
    value = cls.serialize_value(
  File "/home/airflow/.local/lib/python3.8/site-packages/airflow/models/xcom.py", line 659, in serialize_value
    return json.dumps(value, cls=XComEncoder).encode("UTF-8")
  File "/usr/local/lib/python3.8/json/__init__.py", line 234, in dumps
    return cls(
  File "/home/airflow/.local/lib/python3.8/site-packages/airflow/utils/json.py", line 104, in encode
    return super().encode(o)
  File "/usr/local/lib/python3.8/json/encoder.py", line 199, in encode
    chunks = self.iterencode(o, _one_shot=True)
  File "/usr/local/lib/python3.8/json/encoder.py", line 257, in iterencode
    return _iterencode(o, 0)
  File "/home/airflow/.local/lib/python3.8/site-packages/airflow/utils/json.py", line 93, in default
    return super().default(o)
  File "/usr/local/lib/python3.8/json/encoder.py", line 179, in default
    raise TypeError(f'Object of type {o.__class__.__name__} '
TypeError: Object of type Exception is not JSON serializable
[2023-12-03T02:18:33.824+0000] {taskinstance.py:1400} INFO - Marking task as UP_FOR_RETRY. dag_id=Autotrader_ETL_DAG, task_id=extract_listings, execution_date=20231203T021009, start_date=20231203T021011, end_date=20231203T021833
[2023-12-03T02:18:33.846+0000] {standard_task_runner.py:104} ERROR - Failed to execute job 1400 for task extract_listings (Object of type Exception is not JSON serializable; 1501)
[2023-12-03T02:18:33.874+0000] {local_task_job_runner.py:228} INFO - Task exited with return code 1
[2023-12-03T02:18:33.896+0000] {taskinstance.py:2784} INFO - 0 downstream tasks scheduled from follow-on schedule check
