[2023-12-03T02:19:05.519+0000] {logging_mixin.py:151} INFO - Changing /opt/***/logs/dag_id=Autotrader_ETL_DAG/run_id=manual__2023-12-03T02:10:09.387619+00:00/task_id=extract_listings permission to 509
[2023-12-03T02:19:05.520+0000] {logging_mixin.py:151} INFO - Failed to change /opt/***/logs/dag_id=Autotrader_ETL_DAG/run_id=manual__2023-12-03T02:10:09.387619+00:00/task_id=extract_listings permission to 509: [Errno 1] Operation not permitted: '/opt/***/logs/dag_id=Autotrader_ETL_DAG/run_id=manual__2023-12-03T02:10:09.387619+00:00/task_id=extract_listings'
[2023-12-03T02:19:05.554+0000] {logging_mixin.py:151} INFO - Changing /opt/***/logs/dag_id=Autotrader_ETL_DAG/run_id=manual__2023-12-03T02:10:09.387619+00:00/task_id=extract_listings permission to 509
[2023-12-03T02:19:05.555+0000] {logging_mixin.py:151} INFO - Failed to change /opt/***/logs/dag_id=Autotrader_ETL_DAG/run_id=manual__2023-12-03T02:10:09.387619+00:00/task_id=extract_listings permission to 509: [Errno 1] Operation not permitted: '/opt/***/logs/dag_id=Autotrader_ETL_DAG/run_id=manual__2023-12-03T02:10:09.387619+00:00/task_id=extract_listings'
[2023-12-03T02:19:05.579+0000] {taskinstance.py:1159} INFO - Dependencies all met for dep_context=non-requeueable deps ti=<TaskInstance: Autotrader_ETL_DAG.extract_listings manual__2023-12-03T02:10:09.387619+00:00 [queued]>
[2023-12-03T02:19:05.587+0000] {taskinstance.py:1159} INFO - Dependencies all met for dep_context=requeueable deps ti=<TaskInstance: Autotrader_ETL_DAG.extract_listings manual__2023-12-03T02:10:09.387619+00:00 [queued]>
[2023-12-03T02:19:05.587+0000] {taskinstance.py:1361} INFO - Starting attempt 2 of 2
[2023-12-03T02:19:05.601+0000] {taskinstance.py:1382} INFO - Executing <Task(PythonOperator): extract_listings> on 2023-12-03 02:10:09.387619+00:00
[2023-12-03T02:19:05.608+0000] {standard_task_runner.py:57} INFO - Started process 1594 to run task
[2023-12-03T02:19:05.610+0000] {standard_task_runner.py:84} INFO - Running: ['***', 'tasks', 'run', 'Autotrader_ETL_DAG', 'extract_listings', 'manual__2023-12-03T02:10:09.387619+00:00', '--job-id', '1401', '--raw', '--subdir', 'DAGS_FOLDER/autotrader_etl.py', '--cfg-path', '/tmp/tmp56uie037']
[2023-12-03T02:19:05.612+0000] {standard_task_runner.py:85} INFO - Job 1401: Subtask extract_listings
[2023-12-03T02:19:05.655+0000] {logging_mixin.py:151} INFO - Changing /opt/***/logs/dag_id=Autotrader_ETL_DAG/run_id=manual__2023-12-03T02:10:09.387619+00:00/task_id=extract_listings permission to 509
[2023-12-03T02:19:05.655+0000] {logging_mixin.py:151} INFO - Failed to change /opt/***/logs/dag_id=Autotrader_ETL_DAG/run_id=manual__2023-12-03T02:10:09.387619+00:00/task_id=extract_listings permission to 509: [Errno 1] Operation not permitted: '/opt/***/logs/dag_id=Autotrader_ETL_DAG/run_id=manual__2023-12-03T02:10:09.387619+00:00/task_id=extract_listings'
[2023-12-03T02:19:05.657+0000] {task_command.py:415} INFO - Running <TaskInstance: Autotrader_ETL_DAG.extract_listings manual__2023-12-03T02:10:09.387619+00:00 [running]> on host 172bfe53c091
[2023-12-03T02:19:05.744+0000] {taskinstance.py:1660} INFO - Exporting env vars: AIRFLOW_CTX_DAG_OWNER='***' AIRFLOW_CTX_DAG_ID='Autotrader_ETL_DAG' AIRFLOW_CTX_TASK_ID='extract_listings' AIRFLOW_CTX_EXECUTION_DATE='2023-12-03T02:10:09.387619+00:00' AIRFLOW_CTX_TRY_NUMBER='2' AIRFLOW_CTX_DAG_RUN_ID='manual__2023-12-03T02:10:09.387619+00:00'
[2023-12-03T02:19:05.752+0000] {logging_mixin.py:151} INFO - 1
[2023-12-03T02:19:07.832+0000] {logging_mixin.py:151} INFO - 2
[2023-12-03T02:19:08.601+0000] {logging_mixin.py:151} INFO - 3
[2023-12-03T02:19:09.269+0000] {logging_mixin.py:151} INFO - 4
[2023-12-03T02:19:10.688+0000] {logging_mixin.py:151} INFO - 5
[2023-12-03T02:19:11.677+0000] {logging_mixin.py:151} INFO - 6
[2023-12-03T02:19:12.396+0000] {logging_mixin.py:151} INFO - 7
[2023-12-03T02:19:13.287+0000] {logging_mixin.py:151} INFO - 8
[2023-12-03T02:19:14.020+0000] {logging_mixin.py:151} INFO - 9
[2023-12-03T02:19:14.949+0000] {logging_mixin.py:151} INFO - 10
[2023-12-03T02:19:15.736+0000] {logging_mixin.py:151} INFO - 11
[2023-12-03T02:19:16.829+0000] {logging_mixin.py:151} INFO - 12
[2023-12-03T02:19:18.335+0000] {logging_mixin.py:151} INFO - 13
[2023-12-03T02:19:19.206+0000] {logging_mixin.py:151} INFO - 14
[2023-12-03T02:19:19.996+0000] {logging_mixin.py:151} INFO - 15
[2023-12-03T02:19:20.637+0000] {logging_mixin.py:151} INFO - 16
[2023-12-03T02:19:21.307+0000] {logging_mixin.py:151} INFO - 17
[2023-12-03T02:19:22.811+0000] {logging_mixin.py:151} INFO - 18
[2023-12-03T02:19:23.543+0000] {logging_mixin.py:151} INFO - 19
[2023-12-03T02:19:24.925+0000] {logging_mixin.py:151} INFO - 20
[2023-12-03T02:19:25.628+0000] {logging_mixin.py:151} INFO - 21
[2023-12-03T02:19:26.391+0000] {logging_mixin.py:151} INFO - 22
[2023-12-03T02:19:27.388+0000] {logging_mixin.py:151} INFO - 23
[2023-12-03T02:19:28.333+0000] {logging_mixin.py:151} INFO - 24
[2023-12-03T02:19:29.129+0000] {logging_mixin.py:151} INFO - 25
[2023-12-03T02:19:29.836+0000] {logging_mixin.py:151} INFO - 26
[2023-12-03T02:19:30.950+0000] {logging_mixin.py:151} INFO - 27
[2023-12-03T02:19:31.797+0000] {logging_mixin.py:151} INFO - 28
[2023-12-03T02:19:32.616+0000] {logging_mixin.py:151} INFO - 29
[2023-12-03T02:19:34.024+0000] {logging_mixin.py:151} INFO - 30
[2023-12-03T02:19:35.087+0000] {logging_mixin.py:151} INFO - 31
[2023-12-03T02:19:37.617+0000] {logging_mixin.py:151} INFO - 32
[2023-12-03T02:19:38.403+0000] {logging_mixin.py:151} INFO - 33
[2023-12-03T02:19:39.037+0000] {logging_mixin.py:151} INFO - 34
[2023-12-03T02:19:39.705+0000] {logging_mixin.py:151} INFO - 35
[2023-12-03T02:19:40.673+0000] {logging_mixin.py:151} INFO - 36
[2023-12-03T02:19:41.343+0000] {logging_mixin.py:151} INFO - 37
[2023-12-03T02:19:42.252+0000] {logging_mixin.py:151} INFO - 38
[2023-12-03T02:19:48.316+0000] {logging_mixin.py:151} INFO - 39
[2023-12-03T02:19:49.673+0000] {logging_mixin.py:151} INFO - 40
[2023-12-03T02:19:50.635+0000] {logging_mixin.py:151} INFO - 41
[2023-12-03T02:19:51.768+0000] {logging_mixin.py:151} INFO - 42
[2023-12-03T02:19:52.561+0000] {logging_mixin.py:151} INFO - 43
[2023-12-03T02:19:53.632+0000] {logging_mixin.py:151} INFO - 44
[2023-12-03T02:19:54.400+0000] {logging_mixin.py:151} INFO - 45
[2023-12-03T02:19:55.181+0000] {logging_mixin.py:151} INFO - 46
[2023-12-03T02:19:55.904+0000] {logging_mixin.py:151} INFO - 47
[2023-12-03T02:19:56.752+0000] {logging_mixin.py:151} INFO - 48
[2023-12-03T02:19:57.838+0000] {logging_mixin.py:151} INFO - 49
[2023-12-03T02:19:58.476+0000] {logging_mixin.py:151} INFO - 50
[2023-12-03T02:20:05.093+0000] {logging_mixin.py:151} INFO - 51
[2023-12-03T02:20:08.141+0000] {logging_mixin.py:151} INFO - 52
[2023-12-03T02:20:09.131+0000] {logging_mixin.py:151} INFO - 53
[2023-12-03T02:20:09.900+0000] {logging_mixin.py:151} INFO - 54
[2023-12-03T02:20:10.603+0000] {logging_mixin.py:151} INFO - 55
[2023-12-03T02:20:11.285+0000] {logging_mixin.py:151} INFO - 56
[2023-12-03T02:20:12.170+0000] {logging_mixin.py:151} INFO - 57
[2023-12-03T02:20:12.885+0000] {logging_mixin.py:151} INFO - 58
[2023-12-03T02:20:13.566+0000] {logging_mixin.py:151} INFO - 59
[2023-12-03T02:20:14.209+0000] {logging_mixin.py:151} INFO - 60
[2023-12-03T02:20:14.929+0000] {logging_mixin.py:151} INFO - 61
[2023-12-03T02:20:15.944+0000] {logging_mixin.py:151} INFO - 62
[2023-12-03T02:20:16.549+0000] {logging_mixin.py:151} INFO - 63
[2023-12-03T02:20:17.219+0000] {logging_mixin.py:151} INFO - 64
[2023-12-03T02:20:23.166+0000] {logging_mixin.py:151} INFO - 65
[2023-12-03T02:20:24.133+0000] {logging_mixin.py:151} INFO - 66
[2023-12-03T02:20:24.709+0000] {logging_mixin.py:151} INFO - 67
[2023-12-03T02:20:25.539+0000] {logging_mixin.py:151} INFO - 68
[2023-12-03T02:20:26.325+0000] {logging_mixin.py:151} INFO - 69
[2023-12-03T02:20:27.093+0000] {logging_mixin.py:151} INFO - 70
[2023-12-03T02:20:27.905+0000] {logging_mixin.py:151} INFO - 71
[2023-12-03T02:20:28.622+0000] {logging_mixin.py:151} INFO - 72
[2023-12-03T02:20:29.273+0000] {logging_mixin.py:151} INFO - 73
[2023-12-03T02:20:29.930+0000] {logging_mixin.py:151} INFO - 74
[2023-12-03T02:20:30.866+0000] {logging_mixin.py:151} INFO - 75
[2023-12-03T02:20:31.809+0000] {logging_mixin.py:151} INFO - 76
[2023-12-03T02:20:32.879+0000] {logging_mixin.py:151} INFO - 77
[2023-12-03T02:20:33.587+0000] {logging_mixin.py:151} INFO - 78
[2023-12-03T02:20:34.456+0000] {logging_mixin.py:151} INFO - 79
[2023-12-03T02:20:35.387+0000] {logging_mixin.py:151} INFO - 80
[2023-12-03T02:20:41.516+0000] {logging_mixin.py:151} INFO - 81
[2023-12-03T02:20:42.102+0000] {logging_mixin.py:151} INFO - 82
[2023-12-03T02:20:43.209+0000] {logging_mixin.py:151} INFO - 83
[2023-12-03T02:20:44.544+0000] {logging_mixin.py:151} INFO - 84
[2023-12-03T02:20:45.317+0000] {logging_mixin.py:151} INFO - 85
[2023-12-03T02:20:46.095+0000] {logging_mixin.py:151} INFO - 86
[2023-12-03T02:20:46.768+0000] {logging_mixin.py:151} INFO - 87
[2023-12-03T02:20:47.586+0000] {logging_mixin.py:151} INFO - 88
[2023-12-03T02:20:49.046+0000] {logging_mixin.py:151} INFO - 89
[2023-12-03T02:20:49.562+0000] {logging_mixin.py:151} INFO - 90
[2023-12-03T02:20:52.651+0000] {logging_mixin.py:151} INFO - 91
[2023-12-03T02:20:53.512+0000] {logging_mixin.py:151} INFO - 92
[2023-12-03T02:20:54.275+0000] {logging_mixin.py:151} INFO - 93
[2023-12-03T02:20:54.865+0000] {logging_mixin.py:151} INFO - 94
[2023-12-03T02:20:55.543+0000] {logging_mixin.py:151} INFO - 95
[2023-12-03T02:20:56.735+0000] {logging_mixin.py:151} INFO - 96
[2023-12-03T02:20:57.451+0000] {logging_mixin.py:151} INFO - 97
[2023-12-03T02:20:58.401+0000] {logging_mixin.py:151} INFO - 98
[2023-12-03T02:20:59.352+0000] {logging_mixin.py:151} INFO - 99
[2023-12-03T02:21:00.041+0000] {logging_mixin.py:151} INFO - 100
[2023-12-03T02:21:00.845+0000] {logging_mixin.py:151} INFO - 101
[2023-12-03T02:21:01.401+0000] {logging_mixin.py:151} INFO - 102
[2023-12-03T02:21:02.003+0000] {logging_mixin.py:151} INFO - 103
[2023-12-03T02:21:02.713+0000] {logging_mixin.py:151} INFO - 104
[2023-12-03T02:21:03.714+0000] {logging_mixin.py:151} INFO - 105
[2023-12-03T02:21:04.725+0000] {logging_mixin.py:151} INFO - 106
[2023-12-03T02:21:05.822+0000] {logging_mixin.py:151} INFO - 107
[2023-12-03T02:21:12.675+0000] {python.py:194} INFO - Done. Returned value was: Error loading page with status code 500
[2023-12-03T02:21:12.683+0000] {xcom.py:661} ERROR - Object of type Exception is not JSON serializable. If you are using pickle instead of JSON for XCom, then you need to enable pickle support for XCom in your *** config or make sure to decorate your object with attr.
[2023-12-03T02:21:12.685+0000] {taskinstance.py:1943} ERROR - Task failed with exception
Traceback (most recent call last):
  File "/home/airflow/.local/lib/python3.8/site-packages/airflow/utils/json.py", line 91, in default
    return serialize(o)
  File "/home/airflow/.local/lib/python3.8/site-packages/airflow/serialization/serde.py", line 178, in serialize
    raise TypeError(f"cannot serialize object of type {cls}")
TypeError: cannot serialize object of type <class 'Exception'>

During handling of the above exception, another exception occurred:

Traceback (most recent call last):
  File "/home/airflow/.local/lib/python3.8/site-packages/airflow/utils/session.py", line 74, in wrapper
    return func(*args, **kwargs)
  File "/home/airflow/.local/lib/python3.8/site-packages/airflow/models/taskinstance.py", line 2485, in xcom_push
    XCom.set(
  File "/home/airflow/.local/lib/python3.8/site-packages/airflow/utils/session.py", line 74, in wrapper
    return func(*args, **kwargs)
  File "/home/airflow/.local/lib/python3.8/site-packages/airflow/models/xcom.py", line 244, in set
    value = cls.serialize_value(
  File "/home/airflow/.local/lib/python3.8/site-packages/airflow/models/xcom.py", line 659, in serialize_value
    return json.dumps(value, cls=XComEncoder).encode("UTF-8")
  File "/usr/local/lib/python3.8/json/__init__.py", line 234, in dumps
    return cls(
  File "/home/airflow/.local/lib/python3.8/site-packages/airflow/utils/json.py", line 104, in encode
    return super().encode(o)
  File "/usr/local/lib/python3.8/json/encoder.py", line 199, in encode
    chunks = self.iterencode(o, _one_shot=True)
  File "/usr/local/lib/python3.8/json/encoder.py", line 257, in iterencode
    return _iterencode(o, 0)
  File "/home/airflow/.local/lib/python3.8/site-packages/airflow/utils/json.py", line 93, in default
    return super().default(o)
  File "/usr/local/lib/python3.8/json/encoder.py", line 179, in default
    raise TypeError(f'Object of type {o.__class__.__name__} '
TypeError: Object of type Exception is not JSON serializable
[2023-12-03T02:21:12.697+0000] {taskinstance.py:1400} INFO - Marking task as FAILED. dag_id=Autotrader_ETL_DAG, task_id=extract_listings, execution_date=20231203T021009, start_date=20231203T021905, end_date=20231203T022112
[2023-12-03T02:21:12.709+0000] {standard_task_runner.py:104} ERROR - Failed to execute job 1401 for task extract_listings (Object of type Exception is not JSON serializable; 1594)
[2023-12-03T02:21:12.764+0000] {local_task_job_runner.py:228} INFO - Task exited with return code 1
[2023-12-03T02:21:12.787+0000] {taskinstance.py:2784} INFO - 0 downstream tasks scheduled from follow-on schedule check
