[2023-09-09T12:11:11.994+0000] {logging_mixin.py:151} INFO - Changing /opt/***/logs/dag_id=Autotrader_ETL_DAG/run_id=manual__2023-09-09T12:09:12.517624+00:00/task_id=insert_raw_data_into_listings_raw permission to 509
[2023-09-09T12:11:11.995+0000] {logging_mixin.py:151} INFO - Failed to change /opt/***/logs/dag_id=Autotrader_ETL_DAG/run_id=manual__2023-09-09T12:09:12.517624+00:00/task_id=insert_raw_data_into_listings_raw permission to 509: [Errno 1] Operation not permitted: '/opt/***/logs/dag_id=Autotrader_ETL_DAG/run_id=manual__2023-09-09T12:09:12.517624+00:00/task_id=insert_raw_data_into_listings_raw'
[2023-09-09T12:11:12.029+0000] {logging_mixin.py:151} INFO - Changing /opt/***/logs/dag_id=Autotrader_ETL_DAG/run_id=manual__2023-09-09T12:09:12.517624+00:00/task_id=insert_raw_data_into_listings_raw permission to 509
[2023-09-09T12:11:12.030+0000] {logging_mixin.py:151} INFO - Failed to change /opt/***/logs/dag_id=Autotrader_ETL_DAG/run_id=manual__2023-09-09T12:09:12.517624+00:00/task_id=insert_raw_data_into_listings_raw permission to 509: [Errno 1] Operation not permitted: '/opt/***/logs/dag_id=Autotrader_ETL_DAG/run_id=manual__2023-09-09T12:09:12.517624+00:00/task_id=insert_raw_data_into_listings_raw'
[2023-09-09T12:11:12.059+0000] {taskinstance.py:1159} INFO - Dependencies all met for dep_context=non-requeueable deps ti=<TaskInstance: Autotrader_ETL_DAG.insert_raw_data_into_listings_raw manual__2023-09-09T12:09:12.517624+00:00 [queued]>
[2023-09-09T12:11:12.068+0000] {taskinstance.py:1159} INFO - Dependencies all met for dep_context=requeueable deps ti=<TaskInstance: Autotrader_ETL_DAG.insert_raw_data_into_listings_raw manual__2023-09-09T12:09:12.517624+00:00 [queued]>
[2023-09-09T12:11:12.069+0000] {taskinstance.py:1361} INFO - Starting attempt 1 of 2
[2023-09-09T12:11:12.082+0000] {taskinstance.py:1382} INFO - Executing <Task(GCSToBigQueryOperator): insert_raw_data_into_listings_raw> on 2023-09-09 12:09:12.517624+00:00
[2023-09-09T12:11:12.090+0000] {standard_task_runner.py:57} INFO - Started process 4769 to run task
[2023-09-09T12:11:12.092+0000] {standard_task_runner.py:84} INFO - Running: ['***', 'tasks', 'run', 'Autotrader_ETL_DAG', 'insert_raw_data_into_listings_raw', 'manual__2023-09-09T12:09:12.517624+00:00', '--job-id', '521', '--raw', '--subdir', 'DAGS_FOLDER/autotrader_etl.py', '--cfg-path', '/tmp/tmp45be2d5f']
[2023-09-09T12:11:12.095+0000] {standard_task_runner.py:85} INFO - Job 521: Subtask insert_raw_data_into_listings_raw
[2023-09-09T12:11:12.138+0000] {logging_mixin.py:151} INFO - Changing /opt/***/logs/dag_id=Autotrader_ETL_DAG/run_id=manual__2023-09-09T12:09:12.517624+00:00/task_id=insert_raw_data_into_listings_raw permission to 509
[2023-09-09T12:11:12.139+0000] {logging_mixin.py:151} INFO - Failed to change /opt/***/logs/dag_id=Autotrader_ETL_DAG/run_id=manual__2023-09-09T12:09:12.517624+00:00/task_id=insert_raw_data_into_listings_raw permission to 509: [Errno 1] Operation not permitted: '/opt/***/logs/dag_id=Autotrader_ETL_DAG/run_id=manual__2023-09-09T12:09:12.517624+00:00/task_id=insert_raw_data_into_listings_raw'
[2023-09-09T12:11:12.142+0000] {task_command.py:415} INFO - Running <TaskInstance: Autotrader_ETL_DAG.insert_raw_data_into_listings_raw manual__2023-09-09T12:09:12.517624+00:00 [running]> on host 412bb32711f9
[2023-09-09T12:11:12.231+0000] {taskinstance.py:1660} INFO - Exporting env vars: AIRFLOW_CTX_DAG_OWNER='***' AIRFLOW_CTX_DAG_ID='Autotrader_ETL_DAG' AIRFLOW_CTX_TASK_ID='insert_raw_data_into_listings_raw' AIRFLOW_CTX_EXECUTION_DATE='2023-09-09T12:09:12.517624+00:00' AIRFLOW_CTX_TRY_NUMBER='1' AIRFLOW_CTX_DAG_RUN_ID='manual__2023-09-09T12:09:12.517624+00:00'
[2023-09-09T12:11:12.243+0000] {connection.py:232} WARNING - Connection schemes (type: google_cloud_platform) shall not contain '_' according to RFC3986.
[2023-09-09T12:11:12.247+0000] {base.py:73} INFO - Using connection ID 'google_cloud' for task execution.
[2023-09-09T12:11:12.248+0000] {gcs_to_bigquery.py:375} INFO - Using existing BigQuery table for storing data...
[2023-09-09T12:11:12.291+0000] {gcs_to_bigquery.py:379} INFO - Executing: {'load': {'autodetect': True, 'createDisposition': 'CREATE_IF_NEEDED', 'destinationTable': {'projectId': 'autotrader-toyota-dashboard', 'datasetId': 'autotrader_staging', 'tableId': 'listings_raw'}, 'sourceFormat': 'NEWLINE_DELIMITED_JSON', 'sourceUris': ['gs://autotrader-raw/autotrader-raw-2023-09-09.json'], 'writeDisposition': 'WRITE_TRUNCATE', 'ignoreUnknownValues': False, 'schema': {'fields': [{'name': 'price', 'type': 'STRING'}, {'name': 'odometer', 'type': 'STRING'}, {'name': 'year', 'type': 'STRING'}, {'name': 'car_model', 'type': 'STRING'}, {'name': 'type', 'type': 'STRING'}, {'name': 'suburb', 'type': 'STRING'}, {'name': 'state', 'type': 'STRING'}]}}}
[2023-09-09T12:11:12.292+0000] {bigquery.py:1596} INFO - Inserting job ***_Autotrader_ETL_DAG_insert_raw_data_into_listings_raw_2023_09_09T12_09_12_517624_00_00_01a0d431192bdaf811e4def74a4e2f87
[2023-09-09T12:11:16.475+0000] {taskinstance.py:1400} INFO - Marking task as SUCCESS. dag_id=Autotrader_ETL_DAG, task_id=insert_raw_data_into_listings_raw, execution_date=20230909T120912, start_date=20230909T121112, end_date=20230909T121116
[2023-09-09T12:11:16.532+0000] {local_task_job_runner.py:228} INFO - Task exited with return code 0
[2023-09-09T12:11:16.567+0000] {taskinstance.py:2784} INFO - 1 downstream tasks scheduled from follow-on schedule check
