[2023-09-12T13:03:43.452+0000] {logging_mixin.py:151} INFO - Changing /opt/***/logs/dag_id=Autotrader_ETL_DAG/run_id=manual__2023-09-12T12:44:16.972246+00:00/task_id=create_looker_table permission to 509
[2023-09-12T13:03:43.453+0000] {logging_mixin.py:151} INFO - Failed to change /opt/***/logs/dag_id=Autotrader_ETL_DAG/run_id=manual__2023-09-12T12:44:16.972246+00:00/task_id=create_looker_table permission to 509: [Errno 1] Operation not permitted: '/opt/***/logs/dag_id=Autotrader_ETL_DAG/run_id=manual__2023-09-12T12:44:16.972246+00:00/task_id=create_looker_table'
[2023-09-12T13:03:43.479+0000] {logging_mixin.py:151} INFO - Changing /opt/***/logs/dag_id=Autotrader_ETL_DAG/run_id=manual__2023-09-12T12:44:16.972246+00:00/task_id=create_looker_table permission to 509
[2023-09-12T13:03:43.480+0000] {logging_mixin.py:151} INFO - Failed to change /opt/***/logs/dag_id=Autotrader_ETL_DAG/run_id=manual__2023-09-12T12:44:16.972246+00:00/task_id=create_looker_table permission to 509: [Errno 1] Operation not permitted: '/opt/***/logs/dag_id=Autotrader_ETL_DAG/run_id=manual__2023-09-12T12:44:16.972246+00:00/task_id=create_looker_table'
[2023-09-12T13:03:43.502+0000] {taskinstance.py:1159} INFO - Dependencies all met for dep_context=non-requeueable deps ti=<TaskInstance: Autotrader_ETL_DAG.create_looker_table manual__2023-09-12T12:44:16.972246+00:00 [queued]>
[2023-09-12T13:03:43.511+0000] {taskinstance.py:1159} INFO - Dependencies all met for dep_context=requeueable deps ti=<TaskInstance: Autotrader_ETL_DAG.create_looker_table manual__2023-09-12T12:44:16.972246+00:00 [queued]>
[2023-09-12T13:03:43.511+0000] {taskinstance.py:1361} INFO - Starting attempt 1 of 2
[2023-09-12T13:03:43.523+0000] {taskinstance.py:1382} INFO - Executing <Task(BigQueryExecuteQueryOperator): create_looker_table> on 2023-09-12 12:44:16.972246+00:00
[2023-09-12T13:03:43.530+0000] {standard_task_runner.py:57} INFO - Started process 840 to run task
[2023-09-12T13:03:43.532+0000] {standard_task_runner.py:84} INFO - Running: ['***', 'tasks', 'run', 'Autotrader_ETL_DAG', 'create_looker_table', 'manual__2023-09-12T12:44:16.972246+00:00', '--job-id', '686', '--raw', '--subdir', 'DAGS_FOLDER/autotrader_etl.py', '--cfg-path', '/tmp/tmp6a_4vyec']
[2023-09-12T13:03:43.535+0000] {standard_task_runner.py:85} INFO - Job 686: Subtask create_looker_table
[2023-09-12T13:03:43.571+0000] {logging_mixin.py:151} INFO - Changing /opt/***/logs/dag_id=Autotrader_ETL_DAG/run_id=manual__2023-09-12T12:44:16.972246+00:00/task_id=create_looker_table permission to 509
[2023-09-12T13:03:43.572+0000] {logging_mixin.py:151} INFO - Failed to change /opt/***/logs/dag_id=Autotrader_ETL_DAG/run_id=manual__2023-09-12T12:44:16.972246+00:00/task_id=create_looker_table permission to 509: [Errno 1] Operation not permitted: '/opt/***/logs/dag_id=Autotrader_ETL_DAG/run_id=manual__2023-09-12T12:44:16.972246+00:00/task_id=create_looker_table'
[2023-09-12T13:03:43.574+0000] {task_command.py:415} INFO - Running <TaskInstance: Autotrader_ETL_DAG.create_looker_table manual__2023-09-12T12:44:16.972246+00:00 [running]> on host 412bb32711f9
[2023-09-12T13:03:43.646+0000] {taskinstance.py:1660} INFO - Exporting env vars: AIRFLOW_CTX_DAG_OWNER='***' AIRFLOW_CTX_DAG_ID='Autotrader_ETL_DAG' AIRFLOW_CTX_TASK_ID='create_looker_table' AIRFLOW_CTX_EXECUTION_DATE='2023-09-12T12:44:16.972246+00:00' AIRFLOW_CTX_TRY_NUMBER='1' AIRFLOW_CTX_DAG_RUN_ID='manual__2023-09-12T12:44:16.972246+00:00'
[2023-09-12T13:03:43.648+0000] {bigquery.py:1234} INFO - Executing: CREATE OR REPLACE TABLE autotrader-toyota-dashboard.autotrader_looker.listings_all AS
        SELECT 
        listing_fact.location_key,
        suburb,
        state,
        geolocation,
        listing_fact.car_key,
        year,
        car_model,
        type,
        odometer,
        price
        FROM autotrader-toyota-dashboard.autotrader_transformed.listing_fact AS listing_fact
        JOIN autotrader-toyota-dashboard.autotrader_transformed.location_dim AS location_dim
        ON listing_fact.location_key = location_dim.location_key
        JOIN autotrader-toyota-dashboard.autotrader_transformed.car_dim AS car_dim
        ON listing_fact.car_key = car_dim.car_key;
[2023-09-12T13:03:43.656+0000] {connection.py:232} WARNING - Connection schemes (type: google_cloud_platform) shall not contain '_' according to RFC3986.
[2023-09-12T13:03:43.660+0000] {base.py:73} INFO - Using connection ID 'google_cloud' for task execution.
[2023-09-12T13:03:43.666+0000] {logging_mixin.py:151} WARNING - /home/***/.local/lib/python3.8/site-packages/***/providers/google/cloud/hooks/bigquery.py:2109 AirflowProviderDeprecationWarning: This method is deprecated. Please use `BigQueryHook.insert_job` method.
[2023-09-12T13:03:43.701+0000] {bigquery.py:1596} INFO - Inserting job ***_1694523823701314_2dd112c1828e1941c331b9232418e761
[2023-09-12T13:03:46.901+0000] {taskinstance.py:1400} INFO - Marking task as SUCCESS. dag_id=Autotrader_ETL_DAG, task_id=create_looker_table, execution_date=20230912T124416, start_date=20230912T130343, end_date=20230912T130346
[2023-09-12T13:03:46.929+0000] {local_task_job_runner.py:228} INFO - Task exited with return code 0
[2023-09-12T13:03:46.948+0000] {taskinstance.py:2784} INFO - 1 downstream tasks scheduled from follow-on schedule check
