[2023-09-09T12:19:03.125+0000] {logging_mixin.py:151} INFO - Changing /opt/***/logs/dag_id=Autotrader_ETL_DAG/run_id=manual__2023-09-09T12:17:10.840542+00:00/task_id=remove_nulls permission to 509
[2023-09-09T12:19:03.126+0000] {logging_mixin.py:151} INFO - Failed to change /opt/***/logs/dag_id=Autotrader_ETL_DAG/run_id=manual__2023-09-09T12:17:10.840542+00:00/task_id=remove_nulls permission to 509: [Errno 1] Operation not permitted: '/opt/***/logs/dag_id=Autotrader_ETL_DAG/run_id=manual__2023-09-09T12:17:10.840542+00:00/task_id=remove_nulls'
[2023-09-09T12:19:03.164+0000] {logging_mixin.py:151} INFO - Changing /opt/***/logs/dag_id=Autotrader_ETL_DAG/run_id=manual__2023-09-09T12:17:10.840542+00:00/task_id=remove_nulls permission to 509
[2023-09-09T12:19:03.165+0000] {logging_mixin.py:151} INFO - Failed to change /opt/***/logs/dag_id=Autotrader_ETL_DAG/run_id=manual__2023-09-09T12:17:10.840542+00:00/task_id=remove_nulls permission to 509: [Errno 1] Operation not permitted: '/opt/***/logs/dag_id=Autotrader_ETL_DAG/run_id=manual__2023-09-09T12:17:10.840542+00:00/task_id=remove_nulls'
[2023-09-09T12:19:03.191+0000] {taskinstance.py:1159} INFO - Dependencies all met for dep_context=non-requeueable deps ti=<TaskInstance: Autotrader_ETL_DAG.remove_nulls manual__2023-09-09T12:17:10.840542+00:00 [queued]>
[2023-09-09T12:19:03.200+0000] {taskinstance.py:1159} INFO - Dependencies all met for dep_context=requeueable deps ti=<TaskInstance: Autotrader_ETL_DAG.remove_nulls manual__2023-09-09T12:17:10.840542+00:00 [queued]>
[2023-09-09T12:19:03.201+0000] {taskinstance.py:1361} INFO - Starting attempt 1 of 2
[2023-09-09T12:19:03.214+0000] {taskinstance.py:1382} INFO - Executing <Task(BigQueryExecuteQueryOperator): remove_nulls> on 2023-09-09 12:17:10.840542+00:00
[2023-09-09T12:19:03.222+0000] {standard_task_runner.py:57} INFO - Started process 4895 to run task
[2023-09-09T12:19:03.224+0000] {standard_task_runner.py:84} INFO - Running: ['***', 'tasks', 'run', 'Autotrader_ETL_DAG', 'remove_nulls', 'manual__2023-09-09T12:17:10.840542+00:00', '--job-id', '537', '--raw', '--subdir', 'DAGS_FOLDER/autotrader_etl.py', '--cfg-path', '/tmp/tmprcmehr0v']
[2023-09-09T12:19:03.227+0000] {standard_task_runner.py:85} INFO - Job 537: Subtask remove_nulls
[2023-09-09T12:19:03.269+0000] {logging_mixin.py:151} INFO - Changing /opt/***/logs/dag_id=Autotrader_ETL_DAG/run_id=manual__2023-09-09T12:17:10.840542+00:00/task_id=remove_nulls permission to 509
[2023-09-09T12:19:03.270+0000] {logging_mixin.py:151} INFO - Failed to change /opt/***/logs/dag_id=Autotrader_ETL_DAG/run_id=manual__2023-09-09T12:17:10.840542+00:00/task_id=remove_nulls permission to 509: [Errno 1] Operation not permitted: '/opt/***/logs/dag_id=Autotrader_ETL_DAG/run_id=manual__2023-09-09T12:17:10.840542+00:00/task_id=remove_nulls'
[2023-09-09T12:19:03.273+0000] {task_command.py:415} INFO - Running <TaskInstance: Autotrader_ETL_DAG.remove_nulls manual__2023-09-09T12:17:10.840542+00:00 [running]> on host 412bb32711f9
[2023-09-09T12:19:03.355+0000] {taskinstance.py:1660} INFO - Exporting env vars: AIRFLOW_CTX_DAG_OWNER='***' AIRFLOW_CTX_DAG_ID='Autotrader_ETL_DAG' AIRFLOW_CTX_TASK_ID='remove_nulls' AIRFLOW_CTX_EXECUTION_DATE='2023-09-09T12:17:10.840542+00:00' AIRFLOW_CTX_TRY_NUMBER='1' AIRFLOW_CTX_DAG_RUN_ID='manual__2023-09-09T12:17:10.840542+00:00'
[2023-09-09T12:19:03.358+0000] {bigquery.py:1234} INFO - Executing: DELETE autotrader-toyota-dashboard.autotrader_staging.listings_raw
        WHERE
        NOT EXISTS (
        SELECT
        *
        FROM
        autotrader-toyota-dashboard.autotrader_staging.listings_raw
        WHERE
        NOT ( price IS NULL
        OR odometer IS NULL
        OR year IS NULL
        OR car_model IS NULL
        OR type IS NULL
        OR suburb IS NULL
        OR state IS NULL 
        ))
        OR odometer = '';
[2023-09-09T12:19:03.368+0000] {connection.py:232} WARNING - Connection schemes (type: google_cloud_platform) shall not contain '_' according to RFC3986.
[2023-09-09T12:19:03.372+0000] {base.py:73} INFO - Using connection ID 'google_cloud' for task execution.
[2023-09-09T12:19:03.379+0000] {logging_mixin.py:151} WARNING - /home/***/.local/lib/python3.8/site-packages/***/providers/google/cloud/hooks/bigquery.py:2109 AirflowProviderDeprecationWarning: This method is deprecated. Please use `BigQueryHook.insert_job` method.
[2023-09-09T12:19:03.424+0000] {bigquery.py:1596} INFO - Inserting job ***_1694261943423633_d6a576bab397a1c1140e8fbda8634bd4
[2023-09-09T12:19:06.751+0000] {taskinstance.py:1400} INFO - Marking task as SUCCESS. dag_id=Autotrader_ETL_DAG, task_id=remove_nulls, execution_date=20230909T121710, start_date=20230909T121903, end_date=20230909T121906
[2023-09-09T12:19:06.782+0000] {local_task_job_runner.py:228} INFO - Task exited with return code 0
[2023-09-09T12:19:06.816+0000] {taskinstance.py:2784} INFO - 1 downstream tasks scheduled from follow-on schedule check
