[2023-09-10T00:54:47.898+0000] {logging_mixin.py:151} INFO - Changing /opt/***/logs/dag_id=Autotrader_ETL_DAG/run_id=manual__2023-09-10T00:52:36.271525+00:00/task_id=insert_into_listing_fact permission to 509
[2023-09-10T00:54:47.898+0000] {logging_mixin.py:151} INFO - Failed to change /opt/***/logs/dag_id=Autotrader_ETL_DAG/run_id=manual__2023-09-10T00:52:36.271525+00:00/task_id=insert_into_listing_fact permission to 509: [Errno 1] Operation not permitted: '/opt/***/logs/dag_id=Autotrader_ETL_DAG/run_id=manual__2023-09-10T00:52:36.271525+00:00/task_id=insert_into_listing_fact'
[2023-09-10T00:54:47.925+0000] {logging_mixin.py:151} INFO - Changing /opt/***/logs/dag_id=Autotrader_ETL_DAG/run_id=manual__2023-09-10T00:52:36.271525+00:00/task_id=insert_into_listing_fact permission to 509
[2023-09-10T00:54:47.925+0000] {logging_mixin.py:151} INFO - Failed to change /opt/***/logs/dag_id=Autotrader_ETL_DAG/run_id=manual__2023-09-10T00:52:36.271525+00:00/task_id=insert_into_listing_fact permission to 509: [Errno 1] Operation not permitted: '/opt/***/logs/dag_id=Autotrader_ETL_DAG/run_id=manual__2023-09-10T00:52:36.271525+00:00/task_id=insert_into_listing_fact'
[2023-09-10T00:54:47.948+0000] {taskinstance.py:1159} INFO - Dependencies all met for dep_context=non-requeueable deps ti=<TaskInstance: Autotrader_ETL_DAG.insert_into_listing_fact manual__2023-09-10T00:52:36.271525+00:00 [queued]>
[2023-09-10T00:54:47.955+0000] {taskinstance.py:1159} INFO - Dependencies all met for dep_context=requeueable deps ti=<TaskInstance: Autotrader_ETL_DAG.insert_into_listing_fact manual__2023-09-10T00:52:36.271525+00:00 [queued]>
[2023-09-10T00:54:47.956+0000] {taskinstance.py:1361} INFO - Starting attempt 1 of 2
[2023-09-10T00:54:47.967+0000] {taskinstance.py:1382} INFO - Executing <Task(BigQueryExecuteQueryOperator): insert_into_listing_fact> on 2023-09-10 00:52:36.271525+00:00
[2023-09-10T00:54:47.974+0000] {standard_task_runner.py:57} INFO - Started process 1551 to run task
[2023-09-10T00:54:47.976+0000] {standard_task_runner.py:84} INFO - Running: ['***', 'tasks', 'run', 'Autotrader_ETL_DAG', 'insert_into_listing_fact', 'manual__2023-09-10T00:52:36.271525+00:00', '--job-id', '611', '--raw', '--subdir', 'DAGS_FOLDER/autotrader_etl.py', '--cfg-path', '/tmp/tmpvk0a0fuu']
[2023-09-10T00:54:47.977+0000] {standard_task_runner.py:85} INFO - Job 611: Subtask insert_into_listing_fact
[2023-09-10T00:54:48.014+0000] {logging_mixin.py:151} INFO - Changing /opt/***/logs/dag_id=Autotrader_ETL_DAG/run_id=manual__2023-09-10T00:52:36.271525+00:00/task_id=insert_into_listing_fact permission to 509
[2023-09-10T00:54:48.015+0000] {logging_mixin.py:151} INFO - Failed to change /opt/***/logs/dag_id=Autotrader_ETL_DAG/run_id=manual__2023-09-10T00:52:36.271525+00:00/task_id=insert_into_listing_fact permission to 509: [Errno 1] Operation not permitted: '/opt/***/logs/dag_id=Autotrader_ETL_DAG/run_id=manual__2023-09-10T00:52:36.271525+00:00/task_id=insert_into_listing_fact'
[2023-09-10T00:54:48.017+0000] {task_command.py:415} INFO - Running <TaskInstance: Autotrader_ETL_DAG.insert_into_listing_fact manual__2023-09-10T00:52:36.271525+00:00 [running]> on host 412bb32711f9
[2023-09-10T00:54:48.088+0000] {taskinstance.py:1660} INFO - Exporting env vars: AIRFLOW_CTX_DAG_OWNER='***' AIRFLOW_CTX_DAG_ID='Autotrader_ETL_DAG' AIRFLOW_CTX_TASK_ID='insert_into_listing_fact' AIRFLOW_CTX_EXECUTION_DATE='2023-09-10T00:52:36.271525+00:00' AIRFLOW_CTX_TRY_NUMBER='1' AIRFLOW_CTX_DAG_RUN_ID='manual__2023-09-10T00:52:36.271525+00:00'
[2023-09-10T00:54:48.091+0000] {bigquery.py:1234} INFO - Executing: INSERT INTO autotrader-toyota-dashboard.autotrader_transformed.listing_fact (car_key, location_key, odometer, price)
        SELECT
        car_dim.car_key,
        location_dim.location_key,
        odometer,
        price
        FROM autotrader-toyota-dashboard.autotrader_staging.listings_raw listings_raw
        JOIN autotrader-toyota-dashboard.autotrader_transformed.car_dim car_dim
        ON listings_raw.year = car_dim.year
        AND listings_raw.car_model = car_dim.car_model
        AND listings_raw.type = car_dim.type
        JOIN autotrader-toyota-dashboard.autotrader_transformed.location_dim location_dim
        ON listings_raw.suburb = location_dim.suburb
        AND listings_raw.state = location_dim.state
[2023-09-10T00:54:48.099+0000] {connection.py:232} WARNING - Connection schemes (type: google_cloud_platform) shall not contain '_' according to RFC3986.
[2023-09-10T00:54:48.102+0000] {base.py:73} INFO - Using connection ID 'google_cloud' for task execution.
[2023-09-10T00:54:48.108+0000] {logging_mixin.py:151} WARNING - /home/***/.local/lib/python3.8/site-packages/***/providers/google/cloud/hooks/bigquery.py:2109 AirflowProviderDeprecationWarning: This method is deprecated. Please use `BigQueryHook.insert_job` method.
[2023-09-10T00:54:48.145+0000] {bigquery.py:1596} INFO - Inserting job ***_1694307288144921_a22e3be8cfa8f2a6b318ac0cc0e6dbe5
[2023-09-10T00:54:51.242+0000] {taskinstance.py:1400} INFO - Marking task as SUCCESS. dag_id=Autotrader_ETL_DAG, task_id=insert_into_listing_fact, execution_date=20230910T005236, start_date=20230910T005447, end_date=20230910T005451
[2023-09-10T00:54:51.287+0000] {local_task_job_runner.py:228} INFO - Task exited with return code 0
[2023-09-10T00:54:51.313+0000] {taskinstance.py:2784} INFO - 1 downstream tasks scheduled from follow-on schedule check
