[2023-12-02T23:48:47.442+0000] {processor.py:157} INFO - Started process (PID=172) to work on /opt/airflow/dags/autotrader_etl.py
[2023-12-02T23:48:47.443+0000] {processor.py:829} INFO - Processing file /opt/airflow/dags/autotrader_etl.py for tasks to queue
[2023-12-02T23:48:47.445+0000] {logging_mixin.py:151} INFO - [2023-12-02T23:48:47.445+0000] {dagbag.py:539} INFO - Filling up the DagBag from /opt/airflow/dags/autotrader_etl.py
[2023-12-02T23:48:47.655+0000] {logging_mixin.py:151} INFO - [2023-12-02T23:48:47.647+0000] {dagbag.py:347} ERROR - Failed to import: /opt/airflow/dags/autotrader_etl.py
Traceback (most recent call last):
  File "/home/airflow/.local/lib/python3.8/site-packages/airflow/models/dagbag.py", line 343, in parse
    loader.exec_module(new_module)
  File "<frozen importlib._bootstrap_external>", line 843, in exec_module
  File "<frozen importlib._bootstrap>", line 219, in _call_with_frames_removed
  File "/opt/airflow/dags/autotrader_etl.py", line 8, in <module>
    from scripts.autotrader_extract import *
  File "/opt/airflow/dags/scripts/autotrader_extract.py", line 2, in <module>
    import cloudscraper
ModuleNotFoundError: No module named 'cloudscraper'
[2023-12-02T23:48:47.658+0000] {processor.py:841} WARNING - No viable dags retrieved from /opt/airflow/dags/autotrader_etl.py
[2023-12-02T23:48:47.685+0000] {processor.py:179} INFO - Processing /opt/airflow/dags/autotrader_etl.py took 0.245 seconds
[2023-12-02T23:49:17.861+0000] {processor.py:157} INFO - Started process (PID=177) to work on /opt/airflow/dags/autotrader_etl.py
[2023-12-02T23:49:17.863+0000] {processor.py:829} INFO - Processing file /opt/airflow/dags/autotrader_etl.py for tasks to queue
[2023-12-02T23:49:17.869+0000] {logging_mixin.py:151} INFO - [2023-12-02T23:49:17.869+0000] {dagbag.py:539} INFO - Filling up the DagBag from /opt/airflow/dags/autotrader_etl.py
[2023-12-02T23:49:18.000+0000] {logging_mixin.py:151} INFO - [2023-12-02T23:49:17.994+0000] {dagbag.py:347} ERROR - Failed to import: /opt/airflow/dags/autotrader_etl.py
Traceback (most recent call last):
  File "/home/airflow/.local/lib/python3.8/site-packages/airflow/models/dagbag.py", line 343, in parse
    loader.exec_module(new_module)
  File "<frozen importlib._bootstrap_external>", line 843, in exec_module
  File "<frozen importlib._bootstrap>", line 219, in _call_with_frames_removed
  File "/opt/airflow/dags/autotrader_etl.py", line 8, in <module>
    from scripts.autotrader_extract import *
  File "/opt/airflow/dags/scripts/autotrader_extract.py", line 2, in <module>
    import cloudscraper
ModuleNotFoundError: No module named 'cloudscraper'
[2023-12-02T23:49:18.001+0000] {processor.py:841} WARNING - No viable dags retrieved from /opt/airflow/dags/autotrader_etl.py
[2023-12-02T23:49:18.039+0000] {processor.py:179} INFO - Processing /opt/airflow/dags/autotrader_etl.py took 0.189 seconds
[2023-12-02T23:49:48.239+0000] {processor.py:157} INFO - Started process (PID=182) to work on /opt/airflow/dags/autotrader_etl.py
[2023-12-02T23:49:48.242+0000] {processor.py:829} INFO - Processing file /opt/airflow/dags/autotrader_etl.py for tasks to queue
[2023-12-02T23:49:48.247+0000] {logging_mixin.py:151} INFO - [2023-12-02T23:49:48.247+0000] {dagbag.py:539} INFO - Filling up the DagBag from /opt/airflow/dags/autotrader_etl.py
[2023-12-02T23:49:48.367+0000] {logging_mixin.py:151} INFO - [2023-12-02T23:49:48.362+0000] {dagbag.py:347} ERROR - Failed to import: /opt/airflow/dags/autotrader_etl.py
Traceback (most recent call last):
  File "/home/airflow/.local/lib/python3.8/site-packages/airflow/models/dagbag.py", line 343, in parse
    loader.exec_module(new_module)
  File "<frozen importlib._bootstrap_external>", line 843, in exec_module
  File "<frozen importlib._bootstrap>", line 219, in _call_with_frames_removed
  File "/opt/airflow/dags/autotrader_etl.py", line 8, in <module>
    from scripts.autotrader_extract import *
  File "/opt/airflow/dags/scripts/autotrader_extract.py", line 2, in <module>
    import cloudscraper
ModuleNotFoundError: No module named 'cloudscraper'
[2023-12-02T23:49:48.369+0000] {processor.py:841} WARNING - No viable dags retrieved from /opt/airflow/dags/autotrader_etl.py
[2023-12-02T23:49:48.386+0000] {processor.py:179} INFO - Processing /opt/airflow/dags/autotrader_etl.py took 0.159 seconds
[2023-12-02T23:52:10.821+0000] {processor.py:157} INFO - Started process (PID=172) to work on /opt/airflow/dags/autotrader_etl.py
[2023-12-02T23:52:10.822+0000] {processor.py:829} INFO - Processing file /opt/airflow/dags/autotrader_etl.py for tasks to queue
[2023-12-02T23:52:10.825+0000] {logging_mixin.py:151} INFO - [2023-12-02T23:52:10.824+0000] {dagbag.py:539} INFO - Filling up the DagBag from /opt/airflow/dags/autotrader_etl.py
[2023-12-02T23:52:11.012+0000] {processor.py:839} INFO - DAG(s) dict_keys(['Autotrader_ETL_DAG']) retrieved from /opt/airflow/dags/autotrader_etl.py
[2023-12-02T23:52:11.180+0000] {logging_mixin.py:151} INFO - [2023-12-02T23:52:11.179+0000] {dag.py:2907} INFO - Sync 1 DAGs
[2023-12-02T23:52:11.198+0000] {logging_mixin.py:151} INFO - [2023-12-02T23:52:11.197+0000] {dag.py:3677} INFO - Setting next_dagrun for Autotrader_ETL_DAG to 2023-12-02T00:00:00+00:00, run_after=2023-12-03T00:00:00+00:00
[2023-12-02T23:52:11.223+0000] {processor.py:179} INFO - Processing /opt/airflow/dags/autotrader_etl.py took 0.405 seconds
[2023-12-02T23:52:41.399+0000] {processor.py:157} INFO - Started process (PID=177) to work on /opt/airflow/dags/autotrader_etl.py
[2023-12-02T23:52:41.399+0000] {processor.py:829} INFO - Processing file /opt/airflow/dags/autotrader_etl.py for tasks to queue
[2023-12-02T23:52:41.401+0000] {logging_mixin.py:151} INFO - [2023-12-02T23:52:41.400+0000] {dagbag.py:539} INFO - Filling up the DagBag from /opt/airflow/dags/autotrader_etl.py
[2023-12-02T23:52:41.507+0000] {processor.py:839} INFO - DAG(s) dict_keys(['Autotrader_ETL_DAG']) retrieved from /opt/airflow/dags/autotrader_etl.py
[2023-12-02T23:52:41.527+0000] {logging_mixin.py:151} INFO - [2023-12-02T23:52:41.527+0000] {dag.py:2907} INFO - Sync 1 DAGs
[2023-12-02T23:52:41.544+0000] {logging_mixin.py:151} INFO - [2023-12-02T23:52:41.544+0000] {dag.py:3677} INFO - Setting next_dagrun for Autotrader_ETL_DAG to 2023-12-02T00:00:00+00:00, run_after=2023-12-03T00:00:00+00:00
[2023-12-02T23:52:41.567+0000] {processor.py:179} INFO - Processing /opt/airflow/dags/autotrader_etl.py took 0.171 seconds
[2023-12-02T23:53:11.750+0000] {processor.py:157} INFO - Started process (PID=182) to work on /opt/airflow/dags/autotrader_etl.py
[2023-12-02T23:53:11.751+0000] {processor.py:829} INFO - Processing file /opt/airflow/dags/autotrader_etl.py for tasks to queue
[2023-12-02T23:53:11.753+0000] {logging_mixin.py:151} INFO - [2023-12-02T23:53:11.753+0000] {dagbag.py:539} INFO - Filling up the DagBag from /opt/airflow/dags/autotrader_etl.py
[2023-12-02T23:53:11.879+0000] {processor.py:839} INFO - DAG(s) dict_keys(['Autotrader_ETL_DAG']) retrieved from /opt/airflow/dags/autotrader_etl.py
[2023-12-02T23:53:11.902+0000] {logging_mixin.py:151} INFO - [2023-12-02T23:53:11.902+0000] {dag.py:2907} INFO - Sync 1 DAGs
[2023-12-02T23:53:11.923+0000] {logging_mixin.py:151} INFO - [2023-12-02T23:53:11.923+0000] {dag.py:3677} INFO - Setting next_dagrun for Autotrader_ETL_DAG to 2023-12-02T00:00:00+00:00, run_after=2023-12-03T00:00:00+00:00
[2023-12-02T23:53:11.940+0000] {processor.py:179} INFO - Processing /opt/airflow/dags/autotrader_etl.py took 0.193 seconds
[2023-12-02T23:53:42.111+0000] {processor.py:157} INFO - Started process (PID=187) to work on /opt/airflow/dags/autotrader_etl.py
[2023-12-02T23:53:42.112+0000] {processor.py:829} INFO - Processing file /opt/airflow/dags/autotrader_etl.py for tasks to queue
[2023-12-02T23:53:42.114+0000] {logging_mixin.py:151} INFO - [2023-12-02T23:53:42.114+0000] {dagbag.py:539} INFO - Filling up the DagBag from /opt/airflow/dags/autotrader_etl.py
[2023-12-02T23:53:42.241+0000] {processor.py:839} INFO - DAG(s) dict_keys(['Autotrader_ETL_DAG']) retrieved from /opt/airflow/dags/autotrader_etl.py
[2023-12-02T23:53:42.266+0000] {logging_mixin.py:151} INFO - [2023-12-02T23:53:42.266+0000] {dag.py:2907} INFO - Sync 1 DAGs
[2023-12-02T23:53:42.286+0000] {logging_mixin.py:151} INFO - [2023-12-02T23:53:42.286+0000] {dag.py:3677} INFO - Setting next_dagrun for Autotrader_ETL_DAG to 2023-12-02T00:00:00+00:00, run_after=2023-12-03T00:00:00+00:00
[2023-12-02T23:53:42.304+0000] {processor.py:179} INFO - Processing /opt/airflow/dags/autotrader_etl.py took 0.195 seconds
[2023-12-02T23:54:12.462+0000] {processor.py:157} INFO - Started process (PID=192) to work on /opt/airflow/dags/autotrader_etl.py
[2023-12-02T23:54:12.463+0000] {processor.py:829} INFO - Processing file /opt/airflow/dags/autotrader_etl.py for tasks to queue
[2023-12-02T23:54:12.465+0000] {logging_mixin.py:151} INFO - [2023-12-02T23:54:12.464+0000] {dagbag.py:539} INFO - Filling up the DagBag from /opt/airflow/dags/autotrader_etl.py
[2023-12-02T23:54:12.581+0000] {processor.py:839} INFO - DAG(s) dict_keys(['Autotrader_ETL_DAG']) retrieved from /opt/airflow/dags/autotrader_etl.py
[2023-12-02T23:54:12.603+0000] {logging_mixin.py:151} INFO - [2023-12-02T23:54:12.602+0000] {dag.py:2907} INFO - Sync 1 DAGs
[2023-12-02T23:54:12.621+0000] {logging_mixin.py:151} INFO - [2023-12-02T23:54:12.621+0000] {dag.py:3677} INFO - Setting next_dagrun for Autotrader_ETL_DAG to 2023-12-02T00:00:00+00:00, run_after=2023-12-03T00:00:00+00:00
[2023-12-02T23:54:12.639+0000] {processor.py:179} INFO - Processing /opt/airflow/dags/autotrader_etl.py took 0.179 seconds
[2023-12-02T23:54:42.818+0000] {processor.py:157} INFO - Started process (PID=197) to work on /opt/airflow/dags/autotrader_etl.py
[2023-12-02T23:54:42.818+0000] {processor.py:829} INFO - Processing file /opt/airflow/dags/autotrader_etl.py for tasks to queue
[2023-12-02T23:54:42.820+0000] {logging_mixin.py:151} INFO - [2023-12-02T23:54:42.820+0000] {dagbag.py:539} INFO - Filling up the DagBag from /opt/airflow/dags/autotrader_etl.py
[2023-12-02T23:54:42.934+0000] {processor.py:839} INFO - DAG(s) dict_keys(['Autotrader_ETL_DAG']) retrieved from /opt/airflow/dags/autotrader_etl.py
[2023-12-02T23:54:42.955+0000] {logging_mixin.py:151} INFO - [2023-12-02T23:54:42.954+0000] {dag.py:2907} INFO - Sync 1 DAGs
[2023-12-02T23:54:42.972+0000] {logging_mixin.py:151} INFO - [2023-12-02T23:54:42.972+0000] {dag.py:3677} INFO - Setting next_dagrun for Autotrader_ETL_DAG to 2023-12-02T00:00:00+00:00, run_after=2023-12-03T00:00:00+00:00
[2023-12-02T23:54:42.988+0000] {processor.py:179} INFO - Processing /opt/airflow/dags/autotrader_etl.py took 0.172 seconds
[2023-12-02T23:55:13.164+0000] {processor.py:157} INFO - Started process (PID=202) to work on /opt/airflow/dags/autotrader_etl.py
[2023-12-02T23:55:13.165+0000] {processor.py:829} INFO - Processing file /opt/airflow/dags/autotrader_etl.py for tasks to queue
[2023-12-02T23:55:13.166+0000] {logging_mixin.py:151} INFO - [2023-12-02T23:55:13.166+0000] {dagbag.py:539} INFO - Filling up the DagBag from /opt/airflow/dags/autotrader_etl.py
[2023-12-02T23:55:13.279+0000] {processor.py:839} INFO - DAG(s) dict_keys(['Autotrader_ETL_DAG']) retrieved from /opt/airflow/dags/autotrader_etl.py
[2023-12-02T23:55:13.301+0000] {logging_mixin.py:151} INFO - [2023-12-02T23:55:13.301+0000] {dag.py:2907} INFO - Sync 1 DAGs
[2023-12-02T23:55:13.319+0000] {logging_mixin.py:151} INFO - [2023-12-02T23:55:13.319+0000] {dag.py:3677} INFO - Setting next_dagrun for Autotrader_ETL_DAG to 2023-12-02T00:00:00+00:00, run_after=2023-12-03T00:00:00+00:00
[2023-12-02T23:55:13.344+0000] {processor.py:179} INFO - Processing /opt/airflow/dags/autotrader_etl.py took 0.183 seconds
[2023-12-02T23:55:43.517+0000] {processor.py:157} INFO - Started process (PID=207) to work on /opt/airflow/dags/autotrader_etl.py
[2023-12-02T23:55:43.518+0000] {processor.py:829} INFO - Processing file /opt/airflow/dags/autotrader_etl.py for tasks to queue
[2023-12-02T23:55:43.519+0000] {logging_mixin.py:151} INFO - [2023-12-02T23:55:43.519+0000] {dagbag.py:539} INFO - Filling up the DagBag from /opt/airflow/dags/autotrader_etl.py
[2023-12-02T23:55:43.624+0000] {processor.py:839} INFO - DAG(s) dict_keys(['Autotrader_ETL_DAG']) retrieved from /opt/airflow/dags/autotrader_etl.py
[2023-12-02T23:55:43.643+0000] {logging_mixin.py:151} INFO - [2023-12-02T23:55:43.643+0000] {dag.py:2907} INFO - Sync 1 DAGs
[2023-12-02T23:55:43.661+0000] {logging_mixin.py:151} INFO - [2023-12-02T23:55:43.661+0000] {dag.py:3677} INFO - Setting next_dagrun for Autotrader_ETL_DAG to 2023-12-02T00:00:00+00:00, run_after=2023-12-03T00:00:00+00:00
[2023-12-02T23:55:43.677+0000] {processor.py:179} INFO - Processing /opt/airflow/dags/autotrader_etl.py took 0.162 seconds
[2023-12-02T23:56:13.852+0000] {processor.py:157} INFO - Started process (PID=212) to work on /opt/airflow/dags/autotrader_etl.py
[2023-12-02T23:56:13.853+0000] {processor.py:829} INFO - Processing file /opt/airflow/dags/autotrader_etl.py for tasks to queue
[2023-12-02T23:56:13.855+0000] {logging_mixin.py:151} INFO - [2023-12-02T23:56:13.854+0000] {dagbag.py:539} INFO - Filling up the DagBag from /opt/airflow/dags/autotrader_etl.py
[2023-12-02T23:56:13.965+0000] {processor.py:839} INFO - DAG(s) dict_keys(['Autotrader_ETL_DAG']) retrieved from /opt/airflow/dags/autotrader_etl.py
[2023-12-02T23:56:13.988+0000] {logging_mixin.py:151} INFO - [2023-12-02T23:56:13.987+0000] {dag.py:2907} INFO - Sync 1 DAGs
[2023-12-02T23:56:14.008+0000] {logging_mixin.py:151} INFO - [2023-12-02T23:56:14.008+0000] {dag.py:3677} INFO - Setting next_dagrun for Autotrader_ETL_DAG to 2023-12-02T00:00:00+00:00, run_after=2023-12-03T00:00:00+00:00
[2023-12-02T23:56:14.031+0000] {processor.py:179} INFO - Processing /opt/airflow/dags/autotrader_etl.py took 0.181 seconds
[2023-12-02T23:56:44.212+0000] {processor.py:157} INFO - Started process (PID=217) to work on /opt/airflow/dags/autotrader_etl.py
[2023-12-02T23:56:44.213+0000] {processor.py:829} INFO - Processing file /opt/airflow/dags/autotrader_etl.py for tasks to queue
[2023-12-02T23:56:44.215+0000] {logging_mixin.py:151} INFO - [2023-12-02T23:56:44.215+0000] {dagbag.py:539} INFO - Filling up the DagBag from /opt/airflow/dags/autotrader_etl.py
[2023-12-02T23:56:44.325+0000] {processor.py:839} INFO - DAG(s) dict_keys(['Autotrader_ETL_DAG']) retrieved from /opt/airflow/dags/autotrader_etl.py
[2023-12-02T23:56:44.346+0000] {logging_mixin.py:151} INFO - [2023-12-02T23:56:44.345+0000] {dag.py:2907} INFO - Sync 1 DAGs
[2023-12-02T23:56:44.364+0000] {logging_mixin.py:151} INFO - [2023-12-02T23:56:44.364+0000] {dag.py:3677} INFO - Setting next_dagrun for Autotrader_ETL_DAG to 2023-12-02T00:00:00+00:00, run_after=2023-12-03T00:00:00+00:00
[2023-12-02T23:56:44.378+0000] {processor.py:179} INFO - Processing /opt/airflow/dags/autotrader_etl.py took 0.169 seconds
[2023-12-02T23:57:14.440+0000] {processor.py:157} INFO - Started process (PID=222) to work on /opt/airflow/dags/autotrader_etl.py
[2023-12-02T23:57:14.441+0000] {processor.py:829} INFO - Processing file /opt/airflow/dags/autotrader_etl.py for tasks to queue
[2023-12-02T23:57:14.442+0000] {logging_mixin.py:151} INFO - [2023-12-02T23:57:14.442+0000] {dagbag.py:539} INFO - Filling up the DagBag from /opt/airflow/dags/autotrader_etl.py
[2023-12-02T23:57:14.549+0000] {processor.py:839} INFO - DAG(s) dict_keys(['Autotrader_ETL_DAG']) retrieved from /opt/airflow/dags/autotrader_etl.py
[2023-12-02T23:57:14.569+0000] {logging_mixin.py:151} INFO - [2023-12-02T23:57:14.568+0000] {dag.py:2907} INFO - Sync 1 DAGs
[2023-12-02T23:57:14.586+0000] {logging_mixin.py:151} INFO - [2023-12-02T23:57:14.586+0000] {dag.py:3677} INFO - Setting next_dagrun for Autotrader_ETL_DAG to 2023-12-02T00:00:00+00:00, run_after=2023-12-03T00:00:00+00:00
[2023-12-02T23:57:14.609+0000] {processor.py:179} INFO - Processing /opt/airflow/dags/autotrader_etl.py took 0.171 seconds
[2023-12-02T23:57:44.755+0000] {processor.py:157} INFO - Started process (PID=227) to work on /opt/airflow/dags/autotrader_etl.py
[2023-12-02T23:57:44.756+0000] {processor.py:829} INFO - Processing file /opt/airflow/dags/autotrader_etl.py for tasks to queue
[2023-12-02T23:57:44.758+0000] {logging_mixin.py:151} INFO - [2023-12-02T23:57:44.758+0000] {dagbag.py:539} INFO - Filling up the DagBag from /opt/airflow/dags/autotrader_etl.py
[2023-12-02T23:57:44.868+0000] {processor.py:839} INFO - DAG(s) dict_keys(['Autotrader_ETL_DAG']) retrieved from /opt/airflow/dags/autotrader_etl.py
[2023-12-02T23:57:44.889+0000] {logging_mixin.py:151} INFO - [2023-12-02T23:57:44.888+0000] {dag.py:2907} INFO - Sync 1 DAGs
[2023-12-02T23:57:44.905+0000] {logging_mixin.py:151} INFO - [2023-12-02T23:57:44.905+0000] {dag.py:3677} INFO - Setting next_dagrun for Autotrader_ETL_DAG to 2023-12-02T00:00:00+00:00, run_after=2023-12-03T00:00:00+00:00
[2023-12-02T23:57:44.927+0000] {processor.py:179} INFO - Processing /opt/airflow/dags/autotrader_etl.py took 0.174 seconds
[2023-12-02T23:58:14.972+0000] {processor.py:157} INFO - Started process (PID=232) to work on /opt/airflow/dags/autotrader_etl.py
[2023-12-02T23:58:14.973+0000] {processor.py:829} INFO - Processing file /opt/airflow/dags/autotrader_etl.py for tasks to queue
[2023-12-02T23:58:14.975+0000] {logging_mixin.py:151} INFO - [2023-12-02T23:58:14.974+0000] {dagbag.py:539} INFO - Filling up the DagBag from /opt/airflow/dags/autotrader_etl.py
[2023-12-02T23:58:15.081+0000] {processor.py:839} INFO - DAG(s) dict_keys(['Autotrader_ETL_DAG']) retrieved from /opt/airflow/dags/autotrader_etl.py
[2023-12-02T23:58:15.101+0000] {logging_mixin.py:151} INFO - [2023-12-02T23:58:15.101+0000] {dag.py:2907} INFO - Sync 1 DAGs
[2023-12-02T23:58:15.119+0000] {logging_mixin.py:151} INFO - [2023-12-02T23:58:15.119+0000] {dag.py:3677} INFO - Setting next_dagrun for Autotrader_ETL_DAG to 2023-12-02T00:00:00+00:00, run_after=2023-12-03T00:00:00+00:00
[2023-12-02T23:58:15.142+0000] {processor.py:179} INFO - Processing /opt/airflow/dags/autotrader_etl.py took 0.172 seconds
[2023-12-02T23:58:45.289+0000] {processor.py:157} INFO - Started process (PID=237) to work on /opt/airflow/dags/autotrader_etl.py
[2023-12-02T23:58:45.289+0000] {processor.py:829} INFO - Processing file /opt/airflow/dags/autotrader_etl.py for tasks to queue
[2023-12-02T23:58:45.291+0000] {logging_mixin.py:151} INFO - [2023-12-02T23:58:45.290+0000] {dagbag.py:539} INFO - Filling up the DagBag from /opt/airflow/dags/autotrader_etl.py
[2023-12-02T23:58:45.397+0000] {processor.py:839} INFO - DAG(s) dict_keys(['Autotrader_ETL_DAG']) retrieved from /opt/airflow/dags/autotrader_etl.py
[2023-12-02T23:58:45.416+0000] {logging_mixin.py:151} INFO - [2023-12-02T23:58:45.415+0000] {dag.py:2907} INFO - Sync 1 DAGs
[2023-12-02T23:58:45.434+0000] {logging_mixin.py:151} INFO - [2023-12-02T23:58:45.434+0000] {dag.py:3677} INFO - Setting next_dagrun for Autotrader_ETL_DAG to 2023-12-02T00:00:00+00:00, run_after=2023-12-03T00:00:00+00:00
[2023-12-02T23:58:45.456+0000] {processor.py:179} INFO - Processing /opt/airflow/dags/autotrader_etl.py took 0.169 seconds
[2023-12-02T23:59:15.496+0000] {processor.py:157} INFO - Started process (PID=242) to work on /opt/airflow/dags/autotrader_etl.py
[2023-12-02T23:59:15.497+0000] {processor.py:829} INFO - Processing file /opt/airflow/dags/autotrader_etl.py for tasks to queue
[2023-12-02T23:59:15.498+0000] {logging_mixin.py:151} INFO - [2023-12-02T23:59:15.498+0000] {dagbag.py:539} INFO - Filling up the DagBag from /opt/airflow/dags/autotrader_etl.py
[2023-12-02T23:59:15.604+0000] {processor.py:839} INFO - DAG(s) dict_keys(['Autotrader_ETL_DAG']) retrieved from /opt/airflow/dags/autotrader_etl.py
[2023-12-02T23:59:15.625+0000] {logging_mixin.py:151} INFO - [2023-12-02T23:59:15.624+0000] {dag.py:2907} INFO - Sync 1 DAGs
[2023-12-02T23:59:15.642+0000] {logging_mixin.py:151} INFO - [2023-12-02T23:59:15.642+0000] {dag.py:3677} INFO - Setting next_dagrun for Autotrader_ETL_DAG to 2023-12-02T00:00:00+00:00, run_after=2023-12-03T00:00:00+00:00
[2023-12-02T23:59:15.658+0000] {processor.py:179} INFO - Processing /opt/airflow/dags/autotrader_etl.py took 0.164 seconds
[2023-12-02T23:59:45.812+0000] {processor.py:157} INFO - Started process (PID=247) to work on /opt/airflow/dags/autotrader_etl.py
[2023-12-02T23:59:45.812+0000] {processor.py:829} INFO - Processing file /opt/airflow/dags/autotrader_etl.py for tasks to queue
[2023-12-02T23:59:45.814+0000] {logging_mixin.py:151} INFO - [2023-12-02T23:59:45.813+0000] {dagbag.py:539} INFO - Filling up the DagBag from /opt/airflow/dags/autotrader_etl.py
[2023-12-02T23:59:45.919+0000] {processor.py:839} INFO - DAG(s) dict_keys(['Autotrader_ETL_DAG']) retrieved from /opt/airflow/dags/autotrader_etl.py
[2023-12-02T23:59:45.939+0000] {logging_mixin.py:151} INFO - [2023-12-02T23:59:45.939+0000] {dag.py:2907} INFO - Sync 1 DAGs
[2023-12-02T23:59:45.956+0000] {logging_mixin.py:151} INFO - [2023-12-02T23:59:45.955+0000] {dag.py:3677} INFO - Setting next_dagrun for Autotrader_ETL_DAG to 2023-12-02T00:00:00+00:00, run_after=2023-12-03T00:00:00+00:00
[2023-12-02T23:59:45.980+0000] {processor.py:179} INFO - Processing /opt/airflow/dags/autotrader_etl.py took 0.170 seconds
