[2023-09-03T09:47:59.048+0000] {logging_mixin.py:151} INFO - Changing /opt/***/logs/dag_id=Autotrader_ETL_DAG/run_id=manual__2023-09-03T09:46:58.771482+00:00/task_id=insert_into_listing_fact permission to 509
[2023-09-03T09:47:59.049+0000] {logging_mixin.py:151} INFO - Failed to change /opt/***/logs/dag_id=Autotrader_ETL_DAG/run_id=manual__2023-09-03T09:46:58.771482+00:00/task_id=insert_into_listing_fact permission to 509: [Errno 1] Operation not permitted: '/opt/***/logs/dag_id=Autotrader_ETL_DAG/run_id=manual__2023-09-03T09:46:58.771482+00:00/task_id=insert_into_listing_fact'
[2023-09-03T09:47:59.083+0000] {logging_mixin.py:151} INFO - Changing /opt/***/logs/dag_id=Autotrader_ETL_DAG/run_id=manual__2023-09-03T09:46:58.771482+00:00/task_id=insert_into_listing_fact permission to 509
[2023-09-03T09:47:59.084+0000] {logging_mixin.py:151} INFO - Failed to change /opt/***/logs/dag_id=Autotrader_ETL_DAG/run_id=manual__2023-09-03T09:46:58.771482+00:00/task_id=insert_into_listing_fact permission to 509: [Errno 1] Operation not permitted: '/opt/***/logs/dag_id=Autotrader_ETL_DAG/run_id=manual__2023-09-03T09:46:58.771482+00:00/task_id=insert_into_listing_fact'
[2023-09-03T09:47:59.113+0000] {taskinstance.py:1159} INFO - Dependencies all met for dep_context=non-requeueable deps ti=<TaskInstance: Autotrader_ETL_DAG.insert_into_listing_fact manual__2023-09-03T09:46:58.771482+00:00 [queued]>
[2023-09-03T09:47:59.122+0000] {taskinstance.py:1159} INFO - Dependencies all met for dep_context=requeueable deps ti=<TaskInstance: Autotrader_ETL_DAG.insert_into_listing_fact manual__2023-09-03T09:46:58.771482+00:00 [queued]>
[2023-09-03T09:47:59.123+0000] {taskinstance.py:1361} INFO - Starting attempt 1 of 2
[2023-09-03T09:47:59.137+0000] {taskinstance.py:1382} INFO - Executing <Task(BigQueryExecuteQueryOperator): insert_into_listing_fact> on 2023-09-03 09:46:58.771482+00:00
[2023-09-03T09:47:59.144+0000] {standard_task_runner.py:57} INFO - Started process 4516 to run task
[2023-09-03T09:47:59.146+0000] {standard_task_runner.py:84} INFO - Running: ['***', 'tasks', 'run', 'Autotrader_ETL_DAG', 'insert_into_listing_fact', 'manual__2023-09-03T09:46:58.771482+00:00', '--job-id', '305', '--raw', '--subdir', 'DAGS_FOLDER/autotrader_etl.py', '--cfg-path', '/tmp/tmps11g6v3v']
[2023-09-03T09:47:59.149+0000] {standard_task_runner.py:85} INFO - Job 305: Subtask insert_into_listing_fact
[2023-09-03T09:47:59.193+0000] {logging_mixin.py:151} INFO - Changing /opt/***/logs/dag_id=Autotrader_ETL_DAG/run_id=manual__2023-09-03T09:46:58.771482+00:00/task_id=insert_into_listing_fact permission to 509
[2023-09-03T09:47:59.194+0000] {logging_mixin.py:151} INFO - Failed to change /opt/***/logs/dag_id=Autotrader_ETL_DAG/run_id=manual__2023-09-03T09:46:58.771482+00:00/task_id=insert_into_listing_fact permission to 509: [Errno 1] Operation not permitted: '/opt/***/logs/dag_id=Autotrader_ETL_DAG/run_id=manual__2023-09-03T09:46:58.771482+00:00/task_id=insert_into_listing_fact'
[2023-09-03T09:47:59.196+0000] {task_command.py:415} INFO - Running <TaskInstance: Autotrader_ETL_DAG.insert_into_listing_fact manual__2023-09-03T09:46:58.771482+00:00 [running]> on host 1a0e8b05e04d
[2023-09-03T09:47:59.282+0000] {taskinstance.py:1660} INFO - Exporting env vars: AIRFLOW_CTX_DAG_OWNER='***' AIRFLOW_CTX_DAG_ID='Autotrader_ETL_DAG' AIRFLOW_CTX_TASK_ID='insert_into_listing_fact' AIRFLOW_CTX_EXECUTION_DATE='2023-09-03T09:46:58.771482+00:00' AIRFLOW_CTX_TRY_NUMBER='1' AIRFLOW_CTX_DAG_RUN_ID='manual__2023-09-03T09:46:58.771482+00:00'
[2023-09-03T09:47:59.286+0000] {bigquery.py:1234} INFO - Executing: INSERT INTO autotrader-toyota-dashboard.autotrader_transformed.listing_fact (car_key, location_key, odometer, price)
        SELECT
        car_dim.car_key,
        location_dim.location_key,
        odometer,
        price
        FROM autotrader-toyota-dashboard.autotrader_staging.listings_raw listings_raw
        JOIN autotrader-toyota-dashboard.autotrader_transformed.car_dim car_dim
        ON listings_raw.year = car_dim.year
        AND listings_raw.model = car_dim.model
        AND listings_raw.type = car_dim.type
        JOIN autotrader-toyota-dashboard.autotrader_transformed.location_dim location_dim
        ON listings_raw.suburb = location_dim.suburb
        AND listings_raw.state = location_dim.state
[2023-09-03T09:47:59.295+0000] {connection.py:232} WARNING - Connection schemes (type: google_cloud_platform) shall not contain '_' according to RFC3986.
[2023-09-03T09:47:59.300+0000] {base.py:73} INFO - Using connection ID 'google_cloud' for task execution.
[2023-09-03T09:47:59.306+0000] {logging_mixin.py:151} WARNING - /home/***/.local/lib/python3.8/site-packages/***/providers/google/cloud/hooks/bigquery.py:2109 AirflowProviderDeprecationWarning: This method is deprecated. Please use `BigQueryHook.insert_job` method.
[2023-09-03T09:47:59.350+0000] {bigquery.py:1596} INFO - Inserting job ***_1693734479350547_1ddf55c2c1474b2c304ae1963a8dca38
[2023-09-03T09:48:02.272+0000] {taskinstance.py:1400} INFO - Marking task as SUCCESS. dag_id=Autotrader_ETL_DAG, task_id=insert_into_listing_fact, execution_date=20230903T094658, start_date=20230903T094759, end_date=20230903T094802
[2023-09-03T09:48:02.292+0000] {local_task_job_runner.py:228} INFO - Task exited with return code 0
[2023-09-03T09:48:02.311+0000] {taskinstance.py:2784} INFO - 0 downstream tasks scheduled from follow-on schedule check
