[2023-12-03T00:24:06.317+0000] {logging_mixin.py:151} INFO - Changing /opt/***/logs/dag_id=Autotrader_ETL_DAG/run_id=manual__2023-12-03T00:23:28.992173+00:00/task_id=extract_listings permission to 509
[2023-12-03T00:24:06.318+0000] {logging_mixin.py:151} INFO - Failed to change /opt/***/logs/dag_id=Autotrader_ETL_DAG/run_id=manual__2023-12-03T00:23:28.992173+00:00/task_id=extract_listings permission to 509: [Errno 1] Operation not permitted: '/opt/***/logs/dag_id=Autotrader_ETL_DAG/run_id=manual__2023-12-03T00:23:28.992173+00:00/task_id=extract_listings'
[2023-12-03T00:24:06.342+0000] {logging_mixin.py:151} INFO - Changing /opt/***/logs/dag_id=Autotrader_ETL_DAG/run_id=manual__2023-12-03T00:23:28.992173+00:00/task_id=extract_listings permission to 509
[2023-12-03T00:24:06.343+0000] {logging_mixin.py:151} INFO - Failed to change /opt/***/logs/dag_id=Autotrader_ETL_DAG/run_id=manual__2023-12-03T00:23:28.992173+00:00/task_id=extract_listings permission to 509: [Errno 1] Operation not permitted: '/opt/***/logs/dag_id=Autotrader_ETL_DAG/run_id=manual__2023-12-03T00:23:28.992173+00:00/task_id=extract_listings'
[2023-12-03T00:24:06.362+0000] {taskinstance.py:1159} INFO - Dependencies all met for dep_context=non-requeueable deps ti=<TaskInstance: Autotrader_ETL_DAG.extract_listings manual__2023-12-03T00:23:28.992173+00:00 [queued]>
[2023-12-03T00:24:06.369+0000] {taskinstance.py:1159} INFO - Dependencies all met for dep_context=requeueable deps ti=<TaskInstance: Autotrader_ETL_DAG.extract_listings manual__2023-12-03T00:23:28.992173+00:00 [queued]>
[2023-12-03T00:24:06.370+0000] {taskinstance.py:1361} INFO - Starting attempt 2 of 2
[2023-12-03T00:24:06.382+0000] {taskinstance.py:1382} INFO - Executing <Task(PythonOperator): extract_listings> on 2023-12-03 00:23:28.992173+00:00
[2023-12-03T00:24:06.388+0000] {standard_task_runner.py:57} INFO - Started process 300 to run task
[2023-12-03T00:24:06.390+0000] {standard_task_runner.py:84} INFO - Running: ['***', 'tasks', 'run', 'Autotrader_ETL_DAG', 'extract_listings', 'manual__2023-12-03T00:23:28.992173+00:00', '--job-id', '1353', '--raw', '--subdir', 'DAGS_FOLDER/autotrader_etl.py', '--cfg-path', '/tmp/tmp28fy4c3m']
[2023-12-03T00:24:06.392+0000] {standard_task_runner.py:85} INFO - Job 1353: Subtask extract_listings
[2023-12-03T00:24:06.456+0000] {logging_mixin.py:151} INFO - Changing /opt/***/logs/dag_id=Autotrader_ETL_DAG/run_id=manual__2023-12-03T00:23:28.992173+00:00/task_id=extract_listings permission to 509
[2023-12-03T00:24:06.456+0000] {logging_mixin.py:151} INFO - Failed to change /opt/***/logs/dag_id=Autotrader_ETL_DAG/run_id=manual__2023-12-03T00:23:28.992173+00:00/task_id=extract_listings permission to 509: [Errno 1] Operation not permitted: '/opt/***/logs/dag_id=Autotrader_ETL_DAG/run_id=manual__2023-12-03T00:23:28.992173+00:00/task_id=extract_listings'
[2023-12-03T00:24:06.458+0000] {task_command.py:415} INFO - Running <TaskInstance: Autotrader_ETL_DAG.extract_listings manual__2023-12-03T00:23:28.992173+00:00 [running]> on host 172bfe53c091
[2023-12-03T00:24:06.576+0000] {taskinstance.py:1660} INFO - Exporting env vars: AIRFLOW_CTX_DAG_OWNER='***' AIRFLOW_CTX_DAG_ID='Autotrader_ETL_DAG' AIRFLOW_CTX_TASK_ID='extract_listings' AIRFLOW_CTX_EXECUTION_DATE='2023-12-03T00:23:28.992173+00:00' AIRFLOW_CTX_TRY_NUMBER='2' AIRFLOW_CTX_DAG_RUN_ID='manual__2023-12-03T00:23:28.992173+00:00'
[2023-12-03T00:24:08.087+0000] {logging_mixin.py:151} INFO - 404
[2023-12-03T00:24:08.088+0000] {python.py:194} INFO - Done. Returned value was: Error loading listing url with status code 200
[2023-12-03T00:24:08.099+0000] {xcom.py:661} ERROR - Object of type Exception is not JSON serializable. If you are using pickle instead of JSON for XCom, then you need to enable pickle support for XCom in your *** config or make sure to decorate your object with attr.
[2023-12-03T00:24:08.100+0000] {taskinstance.py:1943} ERROR - Task failed with exception
Traceback (most recent call last):
  File "/home/airflow/.local/lib/python3.8/site-packages/airflow/utils/json.py", line 91, in default
    return serialize(o)
  File "/home/airflow/.local/lib/python3.8/site-packages/airflow/serialization/serde.py", line 178, in serialize
    raise TypeError(f"cannot serialize object of type {cls}")
TypeError: cannot serialize object of type <class 'Exception'>

During handling of the above exception, another exception occurred:

Traceback (most recent call last):
  File "/home/airflow/.local/lib/python3.8/site-packages/airflow/utils/session.py", line 74, in wrapper
    return func(*args, **kwargs)
  File "/home/airflow/.local/lib/python3.8/site-packages/airflow/models/taskinstance.py", line 2485, in xcom_push
    XCom.set(
  File "/home/airflow/.local/lib/python3.8/site-packages/airflow/utils/session.py", line 74, in wrapper
    return func(*args, **kwargs)
  File "/home/airflow/.local/lib/python3.8/site-packages/airflow/models/xcom.py", line 244, in set
    value = cls.serialize_value(
  File "/home/airflow/.local/lib/python3.8/site-packages/airflow/models/xcom.py", line 659, in serialize_value
    return json.dumps(value, cls=XComEncoder).encode("UTF-8")
  File "/usr/local/lib/python3.8/json/__init__.py", line 234, in dumps
    return cls(
  File "/home/airflow/.local/lib/python3.8/site-packages/airflow/utils/json.py", line 104, in encode
    return super().encode(o)
  File "/usr/local/lib/python3.8/json/encoder.py", line 199, in encode
    chunks = self.iterencode(o, _one_shot=True)
  File "/usr/local/lib/python3.8/json/encoder.py", line 257, in iterencode
    return _iterencode(o, 0)
  File "/home/airflow/.local/lib/python3.8/site-packages/airflow/utils/json.py", line 93, in default
    return super().default(o)
  File "/usr/local/lib/python3.8/json/encoder.py", line 179, in default
    raise TypeError(f'Object of type {o.__class__.__name__} '
TypeError: Object of type Exception is not JSON serializable
[2023-12-03T00:24:08.118+0000] {taskinstance.py:1400} INFO - Marking task as FAILED. dag_id=Autotrader_ETL_DAG, task_id=extract_listings, execution_date=20231203T002328, start_date=20231203T002406, end_date=20231203T002408
[2023-12-03T00:24:08.132+0000] {standard_task_runner.py:104} ERROR - Failed to execute job 1353 for task extract_listings (Object of type Exception is not JSON serializable; 300)
[2023-12-03T00:24:08.172+0000] {local_task_job_runner.py:228} INFO - Task exited with return code 1
[2023-12-03T00:24:08.199+0000] {taskinstance.py:2784} INFO - 0 downstream tasks scheduled from follow-on schedule check
