[2023-09-01T23:15:30.453+0000] {logging_mixin.py:151} INFO - Changing /opt/***/logs/dag_id=Autotrader_ETL_DAG/run_id=manual__2023-09-01T23:15:15.255348+00:00/task_id=create_listings_raw_table permission to 509
[2023-09-01T23:15:30.454+0000] {logging_mixin.py:151} INFO - Failed to change /opt/***/logs/dag_id=Autotrader_ETL_DAG/run_id=manual__2023-09-01T23:15:15.255348+00:00/task_id=create_listings_raw_table permission to 509: [Errno 1] Operation not permitted: '/opt/***/logs/dag_id=Autotrader_ETL_DAG/run_id=manual__2023-09-01T23:15:15.255348+00:00/task_id=create_listings_raw_table'
[2023-09-01T23:15:30.480+0000] {logging_mixin.py:151} INFO - Changing /opt/***/logs/dag_id=Autotrader_ETL_DAG/run_id=manual__2023-09-01T23:15:15.255348+00:00/task_id=create_listings_raw_table permission to 509
[2023-09-01T23:15:30.481+0000] {logging_mixin.py:151} INFO - Failed to change /opt/***/logs/dag_id=Autotrader_ETL_DAG/run_id=manual__2023-09-01T23:15:15.255348+00:00/task_id=create_listings_raw_table permission to 509: [Errno 1] Operation not permitted: '/opt/***/logs/dag_id=Autotrader_ETL_DAG/run_id=manual__2023-09-01T23:15:15.255348+00:00/task_id=create_listings_raw_table'
[2023-09-01T23:15:30.502+0000] {taskinstance.py:1159} INFO - Dependencies all met for dep_context=non-requeueable deps ti=<TaskInstance: Autotrader_ETL_DAG.create_listings_raw_table manual__2023-09-01T23:15:15.255348+00:00 [queued]>
[2023-09-01T23:15:30.510+0000] {taskinstance.py:1159} INFO - Dependencies all met for dep_context=requeueable deps ti=<TaskInstance: Autotrader_ETL_DAG.create_listings_raw_table manual__2023-09-01T23:15:15.255348+00:00 [queued]>
[2023-09-01T23:15:30.511+0000] {taskinstance.py:1361} INFO - Starting attempt 1 of 2
[2023-09-01T23:15:30.524+0000] {taskinstance.py:1382} INFO - Executing <Task(BigQueryCreateEmptyTableOperator): create_listings_raw_table> on 2023-09-01 23:15:15.255348+00:00
[2023-09-01T23:15:30.532+0000] {standard_task_runner.py:57} INFO - Started process 564 to run task
[2023-09-01T23:15:30.535+0000] {standard_task_runner.py:84} INFO - Running: ['***', 'tasks', 'run', 'Autotrader_ETL_DAG', 'create_listings_raw_table', 'manual__2023-09-01T23:15:15.255348+00:00', '--job-id', '124', '--raw', '--subdir', 'DAGS_FOLDER/autotrader_etl.py', '--cfg-path', '/tmp/tmpm0vvkdnk']
[2023-09-01T23:15:30.537+0000] {standard_task_runner.py:85} INFO - Job 124: Subtask create_listings_raw_table
[2023-09-01T23:15:30.575+0000] {logging_mixin.py:151} INFO - Changing /opt/***/logs/dag_id=Autotrader_ETL_DAG/run_id=manual__2023-09-01T23:15:15.255348+00:00/task_id=create_listings_raw_table permission to 509
[2023-09-01T23:15:30.576+0000] {logging_mixin.py:151} INFO - Failed to change /opt/***/logs/dag_id=Autotrader_ETL_DAG/run_id=manual__2023-09-01T23:15:15.255348+00:00/task_id=create_listings_raw_table permission to 509: [Errno 1] Operation not permitted: '/opt/***/logs/dag_id=Autotrader_ETL_DAG/run_id=manual__2023-09-01T23:15:15.255348+00:00/task_id=create_listings_raw_table'
[2023-09-01T23:15:30.578+0000] {task_command.py:415} INFO - Running <TaskInstance: Autotrader_ETL_DAG.create_listings_raw_table manual__2023-09-01T23:15:15.255348+00:00 [running]> on host 1a0e8b05e04d
[2023-09-01T23:15:30.646+0000] {taskinstance.py:1660} INFO - Exporting env vars: AIRFLOW_CTX_DAG_OWNER='***' AIRFLOW_CTX_DAG_ID='Autotrader_ETL_DAG' AIRFLOW_CTX_TASK_ID='create_listings_raw_table' AIRFLOW_CTX_EXECUTION_DATE='2023-09-01T23:15:15.255348+00:00' AIRFLOW_CTX_TRY_NUMBER='1' AIRFLOW_CTX_DAG_RUN_ID='manual__2023-09-01T23:15:15.255348+00:00'
[2023-09-01T23:15:30.657+0000] {connection.py:232} WARNING - Connection schemes (type: google_cloud_platform) shall not contain '_' according to RFC3986.
[2023-09-01T23:15:30.660+0000] {base.py:73} INFO - Using connection ID 'google_cloud' for task execution.
[2023-09-01T23:15:30.661+0000] {bigquery.py:1507} INFO - Creating table
[2023-09-01T23:15:31.907+0000] {bigquery.py:1529} INFO - Table autotrader-toyota-dashboard.autotrader_staging.listings_raw created successfully
[2023-09-01T23:15:31.931+0000] {taskinstance.py:1400} INFO - Marking task as SUCCESS. dag_id=Autotrader_ETL_DAG, task_id=create_listings_raw_table, execution_date=20230901T231515, start_date=20230901T231530, end_date=20230901T231531
[2023-09-01T23:15:31.954+0000] {local_task_job_runner.py:228} INFO - Task exited with return code 0
[2023-09-01T23:15:31.972+0000] {taskinstance.py:2784} INFO - 1 downstream tasks scheduled from follow-on schedule check
