[2023-08-31T03:19:20.180+0000] {logging_mixin.py:151} INFO - Changing /opt/***/logs/dag_id=Autotrader_ETL_DAG/run_id=manual__2023-08-31T03:18:37.037528+00:00/task_id=load_to_gcp_bucket permission to 509
[2023-08-31T03:19:20.181+0000] {logging_mixin.py:151} INFO - Failed to change /opt/***/logs/dag_id=Autotrader_ETL_DAG/run_id=manual__2023-08-31T03:18:37.037528+00:00/task_id=load_to_gcp_bucket permission to 509: [Errno 1] Operation not permitted: '/opt/***/logs/dag_id=Autotrader_ETL_DAG/run_id=manual__2023-08-31T03:18:37.037528+00:00/task_id=load_to_gcp_bucket'
[2023-08-31T03:19:20.211+0000] {logging_mixin.py:151} INFO - Changing /opt/***/logs/dag_id=Autotrader_ETL_DAG/run_id=manual__2023-08-31T03:18:37.037528+00:00/task_id=load_to_gcp_bucket permission to 509
[2023-08-31T03:19:20.212+0000] {logging_mixin.py:151} INFO - Failed to change /opt/***/logs/dag_id=Autotrader_ETL_DAG/run_id=manual__2023-08-31T03:18:37.037528+00:00/task_id=load_to_gcp_bucket permission to 509: [Errno 1] Operation not permitted: '/opt/***/logs/dag_id=Autotrader_ETL_DAG/run_id=manual__2023-08-31T03:18:37.037528+00:00/task_id=load_to_gcp_bucket'
[2023-08-31T03:19:20.243+0000] {taskinstance.py:1159} INFO - Dependencies all met for dep_context=non-requeueable deps ti=<TaskInstance: Autotrader_ETL_DAG.load_to_gcp_bucket manual__2023-08-31T03:18:37.037528+00:00 [queued]>
[2023-08-31T03:19:20.251+0000] {taskinstance.py:1159} INFO - Dependencies all met for dep_context=requeueable deps ti=<TaskInstance: Autotrader_ETL_DAG.load_to_gcp_bucket manual__2023-08-31T03:18:37.037528+00:00 [queued]>
[2023-08-31T03:19:20.251+0000] {taskinstance.py:1361} INFO - Starting attempt 2 of 2
[2023-08-31T03:19:20.266+0000] {taskinstance.py:1382} INFO - Executing <Task(PythonOperator): load_to_gcp_bucket> on 2023-08-31 03:18:37.037528+00:00
[2023-08-31T03:19:20.272+0000] {standard_task_runner.py:57} INFO - Started process 1054 to run task
[2023-08-31T03:19:20.274+0000] {standard_task_runner.py:84} INFO - Running: ['***', 'tasks', 'run', 'Autotrader_ETL_DAG', 'load_to_gcp_bucket', 'manual__2023-08-31T03:18:37.037528+00:00', '--job-id', '100', '--raw', '--subdir', 'DAGS_FOLDER/autotrader_etl.py', '--cfg-path', '/tmp/tmpgdl_tjx2']
[2023-08-31T03:19:20.275+0000] {standard_task_runner.py:85} INFO - Job 100: Subtask load_to_gcp_bucket
[2023-08-31T03:19:20.313+0000] {logging_mixin.py:151} INFO - Changing /opt/***/logs/dag_id=Autotrader_ETL_DAG/run_id=manual__2023-08-31T03:18:37.037528+00:00/task_id=load_to_gcp_bucket permission to 509
[2023-08-31T03:19:20.314+0000] {logging_mixin.py:151} INFO - Failed to change /opt/***/logs/dag_id=Autotrader_ETL_DAG/run_id=manual__2023-08-31T03:18:37.037528+00:00/task_id=load_to_gcp_bucket permission to 509: [Errno 1] Operation not permitted: '/opt/***/logs/dag_id=Autotrader_ETL_DAG/run_id=manual__2023-08-31T03:18:37.037528+00:00/task_id=load_to_gcp_bucket'
[2023-08-31T03:19:20.316+0000] {task_command.py:415} INFO - Running <TaskInstance: Autotrader_ETL_DAG.load_to_gcp_bucket manual__2023-08-31T03:18:37.037528+00:00 [running]> on host 1a0e8b05e04d
[2023-08-31T03:19:20.388+0000] {taskinstance.py:1660} INFO - Exporting env vars: AIRFLOW_CTX_DAG_OWNER='***' AIRFLOW_CTX_DAG_ID='Autotrader_ETL_DAG' AIRFLOW_CTX_TASK_ID='load_to_gcp_bucket' AIRFLOW_CTX_EXECUTION_DATE='2023-08-31T03:18:37.037528+00:00' AIRFLOW_CTX_TRY_NUMBER='2' AIRFLOW_CTX_DAG_RUN_ID='manual__2023-08-31T03:18:37.037528+00:00'
[2023-08-31T03:19:20.426+0000] {taskinstance.py:1943} ERROR - Task failed with exception
Traceback (most recent call last):
  File "/home/airflow/.local/lib/python3.8/site-packages/airflow/operators/python.py", line 192, in execute
    return_value = self.execute_callable()
  File "/home/airflow/.local/lib/python3.8/site-packages/airflow/operators/python.py", line 209, in execute_callable
    return self.python_callable(*self.op_args, **self.op_kwargs)
  File "/opt/airflow/dags/scripts/autotrader_extract.py", line 73, in load_to_gcp_bucket
    csv_file = csv.DictWriter(results_csv, fieldnames = results[0].keys())
IndexError: list index out of range
[2023-08-31T03:19:20.442+0000] {taskinstance.py:1400} INFO - Marking task as FAILED. dag_id=Autotrader_ETL_DAG, task_id=load_to_gcp_bucket, execution_date=20230831T031837, start_date=20230831T031920, end_date=20230831T031920
[2023-08-31T03:19:20.452+0000] {standard_task_runner.py:104} ERROR - Failed to execute job 100 for task load_to_gcp_bucket (list index out of range; 1054)
[2023-08-31T03:19:20.487+0000] {local_task_job_runner.py:228} INFO - Task exited with return code 1
[2023-08-31T03:19:20.504+0000] {taskinstance.py:2784} INFO - 0 downstream tasks scheduled from follow-on schedule check
