[2023-09-06T12:07:02.844+0000] {logging_mixin.py:151} INFO - Changing /opt/***/logs/dag_id=Autotrader_ETL_DAG/run_id=manual__2023-09-06T12:03:38.515574+00:00/task_id=remove_nulls permission to 509
[2023-09-06T12:07:02.844+0000] {logging_mixin.py:151} INFO - Failed to change /opt/***/logs/dag_id=Autotrader_ETL_DAG/run_id=manual__2023-09-06T12:03:38.515574+00:00/task_id=remove_nulls permission to 509: [Errno 1] Operation not permitted: '/opt/***/logs/dag_id=Autotrader_ETL_DAG/run_id=manual__2023-09-06T12:03:38.515574+00:00/task_id=remove_nulls'
[2023-09-06T12:07:02.868+0000] {logging_mixin.py:151} INFO - Changing /opt/***/logs/dag_id=Autotrader_ETL_DAG/run_id=manual__2023-09-06T12:03:38.515574+00:00/task_id=remove_nulls permission to 509
[2023-09-06T12:07:02.869+0000] {logging_mixin.py:151} INFO - Failed to change /opt/***/logs/dag_id=Autotrader_ETL_DAG/run_id=manual__2023-09-06T12:03:38.515574+00:00/task_id=remove_nulls permission to 509: [Errno 1] Operation not permitted: '/opt/***/logs/dag_id=Autotrader_ETL_DAG/run_id=manual__2023-09-06T12:03:38.515574+00:00/task_id=remove_nulls'
[2023-09-06T12:07:02.890+0000] {taskinstance.py:1159} INFO - Dependencies all met for dep_context=non-requeueable deps ti=<TaskInstance: Autotrader_ETL_DAG.remove_nulls manual__2023-09-06T12:03:38.515574+00:00 [queued]>
[2023-09-06T12:07:02.899+0000] {taskinstance.py:1159} INFO - Dependencies all met for dep_context=requeueable deps ti=<TaskInstance: Autotrader_ETL_DAG.remove_nulls manual__2023-09-06T12:03:38.515574+00:00 [queued]>
[2023-09-06T12:07:02.900+0000] {taskinstance.py:1361} INFO - Starting attempt 1 of 2
[2023-09-06T12:07:02.911+0000] {taskinstance.py:1382} INFO - Executing <Task(BigQueryExecuteQueryOperator): remove_nulls> on 2023-09-06 12:03:38.515574+00:00
[2023-09-06T12:07:02.919+0000] {standard_task_runner.py:57} INFO - Started process 307 to run task
[2023-09-06T12:07:02.921+0000] {standard_task_runner.py:84} INFO - Running: ['***', 'tasks', 'run', 'Autotrader_ETL_DAG', 'remove_nulls', 'manual__2023-09-06T12:03:38.515574+00:00', '--job-id', '447', '--raw', '--subdir', 'DAGS_FOLDER/autotrader_etl.py', '--cfg-path', '/tmp/tmph8z13n77']
[2023-09-06T12:07:02.923+0000] {standard_task_runner.py:85} INFO - Job 447: Subtask remove_nulls
[2023-09-06T12:07:02.961+0000] {logging_mixin.py:151} INFO - Changing /opt/***/logs/dag_id=Autotrader_ETL_DAG/run_id=manual__2023-09-06T12:03:38.515574+00:00/task_id=remove_nulls permission to 509
[2023-09-06T12:07:02.962+0000] {logging_mixin.py:151} INFO - Failed to change /opt/***/logs/dag_id=Autotrader_ETL_DAG/run_id=manual__2023-09-06T12:03:38.515574+00:00/task_id=remove_nulls permission to 509: [Errno 1] Operation not permitted: '/opt/***/logs/dag_id=Autotrader_ETL_DAG/run_id=manual__2023-09-06T12:03:38.515574+00:00/task_id=remove_nulls'
[2023-09-06T12:07:02.964+0000] {task_command.py:415} INFO - Running <TaskInstance: Autotrader_ETL_DAG.remove_nulls manual__2023-09-06T12:03:38.515574+00:00 [running]> on host 412bb32711f9
[2023-09-06T12:07:03.027+0000] {taskinstance.py:1660} INFO - Exporting env vars: AIRFLOW_CTX_DAG_OWNER='***' AIRFLOW_CTX_DAG_ID='Autotrader_ETL_DAG' AIRFLOW_CTX_TASK_ID='remove_nulls' AIRFLOW_CTX_EXECUTION_DATE='2023-09-06T12:03:38.515574+00:00' AIRFLOW_CTX_TRY_NUMBER='1' AIRFLOW_CTX_DAG_RUN_ID='manual__2023-09-06T12:03:38.515574+00:00'
[2023-09-06T12:07:03.029+0000] {bigquery.py:1234} INFO - Executing: DELETE autotrader-toyota-dashboard.autotrader_staging.listings_raw
        WHERE
        NOT EXISTS (
        SELECT
        *
        FROM
        autotrader-toyota-dashboard.autotrader_staging.listings_raw
        WHERE
        NOT ( price IS NULL
        OR (odometer IS NULL OR LENGTH(odometer) = 0)
        OR year IS NULL
        OR MODEL IS NULL
        OR type IS NULL
        OR suburb IS NULL
        OR state IS NULL 
        ));
[2023-09-06T12:07:03.038+0000] {connection.py:232} WARNING - Connection schemes (type: google_cloud_platform) shall not contain '_' according to RFC3986.
[2023-09-06T12:07:03.042+0000] {base.py:73} INFO - Using connection ID 'google_cloud' for task execution.
[2023-09-06T12:07:03.048+0000] {logging_mixin.py:151} WARNING - /home/***/.local/lib/python3.8/site-packages/***/providers/google/cloud/hooks/bigquery.py:2109 AirflowProviderDeprecationWarning: This method is deprecated. Please use `BigQueryHook.insert_job` method.
[2023-09-06T12:07:03.084+0000] {bigquery.py:1596} INFO - Inserting job ***_1694002023084067_5d9d31a6c85241019b09a8ca5c31e1fa
[2023-09-06T12:07:06.798+0000] {taskinstance.py:1400} INFO - Marking task as SUCCESS. dag_id=Autotrader_ETL_DAG, task_id=remove_nulls, execution_date=20230906T120338, start_date=20230906T120702, end_date=20230906T120706
[2023-09-06T12:07:06.834+0000] {local_task_job_runner.py:228} INFO - Task exited with return code 0
[2023-09-06T12:07:06.862+0000] {taskinstance.py:2784} INFO - 1 downstream tasks scheduled from follow-on schedule check
