[2023-09-03T08:31:53.382+0000] {logging_mixin.py:151} INFO - Changing /opt/***/logs/dag_id=Autotrader_ETL_DAG/run_id=manual__2023-09-03T08:31:22.720588+00:00/task_id=uppercase_columns permission to 509
[2023-09-03T08:31:53.383+0000] {logging_mixin.py:151} INFO - Failed to change /opt/***/logs/dag_id=Autotrader_ETL_DAG/run_id=manual__2023-09-03T08:31:22.720588+00:00/task_id=uppercase_columns permission to 509: [Errno 1] Operation not permitted: '/opt/***/logs/dag_id=Autotrader_ETL_DAG/run_id=manual__2023-09-03T08:31:22.720588+00:00/task_id=uppercase_columns'
[2023-09-03T08:31:53.425+0000] {logging_mixin.py:151} INFO - Changing /opt/***/logs/dag_id=Autotrader_ETL_DAG/run_id=manual__2023-09-03T08:31:22.720588+00:00/task_id=uppercase_columns permission to 509
[2023-09-03T08:31:53.429+0000] {logging_mixin.py:151} INFO - Failed to change /opt/***/logs/dag_id=Autotrader_ETL_DAG/run_id=manual__2023-09-03T08:31:22.720588+00:00/task_id=uppercase_columns permission to 509: [Errno 1] Operation not permitted: '/opt/***/logs/dag_id=Autotrader_ETL_DAG/run_id=manual__2023-09-03T08:31:22.720588+00:00/task_id=uppercase_columns'
[2023-09-03T08:31:53.473+0000] {taskinstance.py:1159} INFO - Dependencies all met for dep_context=non-requeueable deps ti=<TaskInstance: Autotrader_ETL_DAG.uppercase_columns manual__2023-09-03T08:31:22.720588+00:00 [queued]>
[2023-09-03T08:31:53.483+0000] {taskinstance.py:1159} INFO - Dependencies all met for dep_context=requeueable deps ti=<TaskInstance: Autotrader_ETL_DAG.uppercase_columns manual__2023-09-03T08:31:22.720588+00:00 [queued]>
[2023-09-03T08:31:53.484+0000] {taskinstance.py:1361} INFO - Starting attempt 1 of 2
[2023-09-03T08:31:53.498+0000] {taskinstance.py:1382} INFO - Executing <Task(BigQueryExecuteQueryOperator): uppercase_columns> on 2023-09-03 08:31:22.720588+00:00
[2023-09-03T08:31:53.506+0000] {standard_task_runner.py:57} INFO - Started process 3254 to run task
[2023-09-03T08:31:53.508+0000] {standard_task_runner.py:84} INFO - Running: ['***', 'tasks', 'run', 'Autotrader_ETL_DAG', 'uppercase_columns', 'manual__2023-09-03T08:31:22.720588+00:00', '--job-id', '156', '--raw', '--subdir', 'DAGS_FOLDER/autotrader_etl.py', '--cfg-path', '/tmp/tmpl4tr0wzc']
[2023-09-03T08:31:53.511+0000] {standard_task_runner.py:85} INFO - Job 156: Subtask uppercase_columns
[2023-09-03T08:31:53.560+0000] {logging_mixin.py:151} INFO - Changing /opt/***/logs/dag_id=Autotrader_ETL_DAG/run_id=manual__2023-09-03T08:31:22.720588+00:00/task_id=uppercase_columns permission to 509
[2023-09-03T08:31:53.561+0000] {logging_mixin.py:151} INFO - Failed to change /opt/***/logs/dag_id=Autotrader_ETL_DAG/run_id=manual__2023-09-03T08:31:22.720588+00:00/task_id=uppercase_columns permission to 509: [Errno 1] Operation not permitted: '/opt/***/logs/dag_id=Autotrader_ETL_DAG/run_id=manual__2023-09-03T08:31:22.720588+00:00/task_id=uppercase_columns'
[2023-09-03T08:31:53.563+0000] {task_command.py:415} INFO - Running <TaskInstance: Autotrader_ETL_DAG.uppercase_columns manual__2023-09-03T08:31:22.720588+00:00 [running]> on host 1a0e8b05e04d
[2023-09-03T08:31:53.656+0000] {taskinstance.py:1660} INFO - Exporting env vars: AIRFLOW_CTX_DAG_OWNER='***' AIRFLOW_CTX_DAG_ID='Autotrader_ETL_DAG' AIRFLOW_CTX_TASK_ID='uppercase_columns' AIRFLOW_CTX_EXECUTION_DATE='2023-09-03T08:31:22.720588+00:00' AIRFLOW_CTX_TRY_NUMBER='1' AIRFLOW_CTX_DAG_RUN_ID='manual__2023-09-03T08:31:22.720588+00:00'
[2023-09-03T08:31:53.660+0000] {bigquery.py:1234} INFO - Executing: UPDATE autotrader-toyota-dashboard.autotrader_staging.listings_raw
        SET model = UPPER(model),
        type = UPPER(type),
        suburb = UPPER(suburb)
        WHERE model IN (
        SELECT
        model
        FROM autotrader-toyota-dashboard.autotrader_staging.listings_raw
        )
        AND type IN (
        SELECT
        type
        FROM autotrader-toyota-dashboard.autotrader_staging.listings_raw
        )
        AND suburb IN (
        SELECT
        suburb
        FROM autotrader-toyota-dashboard.autotrader_staging.listings_raw
        );
[2023-09-03T08:31:53.674+0000] {connection.py:232} WARNING - Connection schemes (type: google_cloud_platform) shall not contain '_' according to RFC3986.
[2023-09-03T08:31:53.679+0000] {base.py:73} INFO - Using connection ID 'google_cloud' for task execution.
[2023-09-03T08:31:53.686+0000] {logging_mixin.py:151} WARNING - /home/***/.local/lib/python3.8/site-packages/***/providers/google/cloud/hooks/bigquery.py:2109 AirflowProviderDeprecationWarning: This method is deprecated. Please use `BigQueryHook.insert_job` method.
[2023-09-03T08:31:53.731+0000] {bigquery.py:1596} INFO - Inserting job ***_1693729913731157_16268d0704f18e2c9589e20eaa8796b2
[2023-09-03T08:31:56.879+0000] {taskinstance.py:1400} INFO - Marking task as SUCCESS. dag_id=Autotrader_ETL_DAG, task_id=uppercase_columns, execution_date=20230903T083122, start_date=20230903T083153, end_date=20230903T083156
[2023-09-03T08:31:56.936+0000] {local_task_job_runner.py:228} INFO - Task exited with return code 0
[2023-09-03T08:31:56.981+0000] {taskinstance.py:2784} INFO - 0 downstream tasks scheduled from follow-on schedule check
