[2023-09-03T09:57:18.761+0000] {logging_mixin.py:151} INFO - Changing /opt/***/logs/dag_id=Autotrader_ETL_DAG/run_id=manual__2023-09-03T09:56:36.308453+00:00/task_id=create_car_dim permission to 509
[2023-09-03T09:57:18.762+0000] {logging_mixin.py:151} INFO - Failed to change /opt/***/logs/dag_id=Autotrader_ETL_DAG/run_id=manual__2023-09-03T09:56:36.308453+00:00/task_id=create_car_dim permission to 509: [Errno 1] Operation not permitted: '/opt/***/logs/dag_id=Autotrader_ETL_DAG/run_id=manual__2023-09-03T09:56:36.308453+00:00/task_id=create_car_dim'
[2023-09-03T09:57:18.800+0000] {logging_mixin.py:151} INFO - Changing /opt/***/logs/dag_id=Autotrader_ETL_DAG/run_id=manual__2023-09-03T09:56:36.308453+00:00/task_id=create_car_dim permission to 509
[2023-09-03T09:57:18.801+0000] {logging_mixin.py:151} INFO - Failed to change /opt/***/logs/dag_id=Autotrader_ETL_DAG/run_id=manual__2023-09-03T09:56:36.308453+00:00/task_id=create_car_dim permission to 509: [Errno 1] Operation not permitted: '/opt/***/logs/dag_id=Autotrader_ETL_DAG/run_id=manual__2023-09-03T09:56:36.308453+00:00/task_id=create_car_dim'
[2023-09-03T09:57:18.830+0000] {taskinstance.py:1159} INFO - Dependencies all met for dep_context=non-requeueable deps ti=<TaskInstance: Autotrader_ETL_DAG.create_car_dim manual__2023-09-03T09:56:36.308453+00:00 [queued]>
[2023-09-03T09:57:18.840+0000] {taskinstance.py:1159} INFO - Dependencies all met for dep_context=requeueable deps ti=<TaskInstance: Autotrader_ETL_DAG.create_car_dim manual__2023-09-03T09:56:36.308453+00:00 [queued]>
[2023-09-03T09:57:18.841+0000] {taskinstance.py:1361} INFO - Starting attempt 1 of 2
[2023-09-03T09:57:18.857+0000] {taskinstance.py:1382} INFO - Executing <Task(BigQueryExecuteQueryOperator): create_car_dim> on 2023-09-03 09:56:36.308453+00:00
[2023-09-03T09:57:18.864+0000] {standard_task_runner.py:57} INFO - Started process 4677 to run task
[2023-09-03T09:57:18.868+0000] {standard_task_runner.py:84} INFO - Running: ['***', 'tasks', 'run', 'Autotrader_ETL_DAG', 'create_car_dim', 'manual__2023-09-03T09:56:36.308453+00:00', '--job-id', '327', '--raw', '--subdir', 'DAGS_FOLDER/autotrader_etl.py', '--cfg-path', '/tmp/tmp2fsefgl1']
[2023-09-03T09:57:18.871+0000] {standard_task_runner.py:85} INFO - Job 327: Subtask create_car_dim
[2023-09-03T09:57:18.942+0000] {logging_mixin.py:151} INFO - Changing /opt/***/logs/dag_id=Autotrader_ETL_DAG/run_id=manual__2023-09-03T09:56:36.308453+00:00/task_id=create_car_dim permission to 509
[2023-09-03T09:57:18.944+0000] {logging_mixin.py:151} INFO - Failed to change /opt/***/logs/dag_id=Autotrader_ETL_DAG/run_id=manual__2023-09-03T09:56:36.308453+00:00/task_id=create_car_dim permission to 509: [Errno 1] Operation not permitted: '/opt/***/logs/dag_id=Autotrader_ETL_DAG/run_id=manual__2023-09-03T09:56:36.308453+00:00/task_id=create_car_dim'
[2023-09-03T09:57:18.950+0000] {task_command.py:415} INFO - Running <TaskInstance: Autotrader_ETL_DAG.create_car_dim manual__2023-09-03T09:56:36.308453+00:00 [running]> on host 1a0e8b05e04d
[2023-09-03T09:57:19.046+0000] {taskinstance.py:1660} INFO - Exporting env vars: AIRFLOW_CTX_DAG_OWNER='***' AIRFLOW_CTX_DAG_ID='Autotrader_ETL_DAG' AIRFLOW_CTX_TASK_ID='create_car_dim' AIRFLOW_CTX_EXECUTION_DATE='2023-09-03T09:56:36.308453+00:00' AIRFLOW_CTX_TRY_NUMBER='1' AIRFLOW_CTX_DAG_RUN_ID='manual__2023-09-03T09:56:36.308453+00:00'
[2023-09-03T09:57:19.048+0000] {bigquery.py:1234} INFO - Executing: CREATE OR REPLACE TABLE
        autotrader-toyota-dashboard.autotrader_transformed.car_dim 
        (
        car_key INT64 NOT NULL,
        year INT64,
        model STRING,
        type STRING,
        PRIMARY KEY (car_key) NOT ENFORCED
        );
[2023-09-03T09:57:19.057+0000] {connection.py:232} WARNING - Connection schemes (type: google_cloud_platform) shall not contain '_' according to RFC3986.
[2023-09-03T09:57:19.062+0000] {base.py:73} INFO - Using connection ID 'google_cloud' for task execution.
[2023-09-03T09:57:19.068+0000] {logging_mixin.py:151} WARNING - /home/***/.local/lib/python3.8/site-packages/***/providers/google/cloud/hooks/bigquery.py:2109 AirflowProviderDeprecationWarning: This method is deprecated. Please use `BigQueryHook.insert_job` method.
[2023-09-03T09:57:19.120+0000] {bigquery.py:1596} INFO - Inserting job ***_1693735039119732_0253bcb01ac68e8ae2d5d4dd4a28f860
[2023-09-03T09:57:20.990+0000] {taskinstance.py:1400} INFO - Marking task as SUCCESS. dag_id=Autotrader_ETL_DAG, task_id=create_car_dim, execution_date=20230903T095636, start_date=20230903T095718, end_date=20230903T095720
[2023-09-03T09:57:21.050+0000] {local_task_job_runner.py:228} INFO - Task exited with return code 0
[2023-09-03T09:57:21.100+0000] {taskinstance.py:2784} INFO - 0 downstream tasks scheduled from follow-on schedule check
