[2023-08-28T23:56:58.206+0000] {logging_mixin.py:151} INFO - Changing /opt/***/logs/dag_id=Autotrader_ETL_DAG/run_id=manual__2023-08-28T23:56:52.222702+00:00/task_id=success permission to 509
[2023-08-28T23:56:58.207+0000] {logging_mixin.py:151} INFO - Failed to change /opt/***/logs/dag_id=Autotrader_ETL_DAG/run_id=manual__2023-08-28T23:56:52.222702+00:00/task_id=success permission to 509: [Errno 1] Operation not permitted: '/opt/***/logs/dag_id=Autotrader_ETL_DAG/run_id=manual__2023-08-28T23:56:52.222702+00:00/task_id=success'
[2023-08-28T23:56:58.250+0000] {logging_mixin.py:151} INFO - Changing /opt/***/logs/dag_id=Autotrader_ETL_DAG/run_id=manual__2023-08-28T23:56:52.222702+00:00/task_id=success permission to 509
[2023-08-28T23:56:58.251+0000] {logging_mixin.py:151} INFO - Failed to change /opt/***/logs/dag_id=Autotrader_ETL_DAG/run_id=manual__2023-08-28T23:56:52.222702+00:00/task_id=success permission to 509: [Errno 1] Operation not permitted: '/opt/***/logs/dag_id=Autotrader_ETL_DAG/run_id=manual__2023-08-28T23:56:52.222702+00:00/task_id=success'
[2023-08-28T23:56:58.296+0000] {taskinstance.py:1159} INFO - Dependencies all met for dep_context=non-requeueable deps ti=<TaskInstance: Autotrader_ETL_DAG.success manual__2023-08-28T23:56:52.222702+00:00 [queued]>
[2023-08-28T23:56:58.304+0000] {taskinstance.py:1159} INFO - Dependencies all met for dep_context=requeueable deps ti=<TaskInstance: Autotrader_ETL_DAG.success manual__2023-08-28T23:56:52.222702+00:00 [queued]>
[2023-08-28T23:56:58.305+0000] {taskinstance.py:1361} INFO - Starting attempt 1 of 2
[2023-08-28T23:56:58.321+0000] {taskinstance.py:1382} INFO - Executing <Task(BashOperator): success> on 2023-08-28 23:56:52.222702+00:00
[2023-08-28T23:56:58.327+0000] {standard_task_runner.py:57} INFO - Started process 719 to run task
[2023-08-28T23:56:58.329+0000] {standard_task_runner.py:84} INFO - Running: ['***', 'tasks', 'run', 'Autotrader_ETL_DAG', 'success', 'manual__2023-08-28T23:56:52.222702+00:00', '--job-id', '19', '--raw', '--subdir', 'DAGS_FOLDER/autotrader_etl.py', '--cfg-path', '/tmp/tmpi24ouhmh']
[2023-08-28T23:56:58.331+0000] {standard_task_runner.py:85} INFO - Job 19: Subtask success
[2023-08-28T23:56:58.383+0000] {logging_mixin.py:151} INFO - Changing /opt/***/logs/dag_id=Autotrader_ETL_DAG/run_id=manual__2023-08-28T23:56:52.222702+00:00/task_id=success permission to 509
[2023-08-28T23:56:58.384+0000] {logging_mixin.py:151} INFO - Failed to change /opt/***/logs/dag_id=Autotrader_ETL_DAG/run_id=manual__2023-08-28T23:56:52.222702+00:00/task_id=success permission to 509: [Errno 1] Operation not permitted: '/opt/***/logs/dag_id=Autotrader_ETL_DAG/run_id=manual__2023-08-28T23:56:52.222702+00:00/task_id=success'
[2023-08-28T23:56:58.387+0000] {task_command.py:415} INFO - Running <TaskInstance: Autotrader_ETL_DAG.success manual__2023-08-28T23:56:52.222702+00:00 [running]> on host 716b876f3aa6
[2023-08-28T23:56:58.480+0000] {taskinstance.py:1660} INFO - Exporting env vars: AIRFLOW_CTX_DAG_OWNER='***' AIRFLOW_CTX_DAG_ID='Autotrader_ETL_DAG' AIRFLOW_CTX_TASK_ID='success' AIRFLOW_CTX_EXECUTION_DATE='2023-08-28T23:56:52.222702+00:00' AIRFLOW_CTX_TRY_NUMBER='1' AIRFLOW_CTX_DAG_RUN_ID='manual__2023-08-28T23:56:52.222702+00:00'
[2023-08-28T23:56:58.482+0000] {subprocess.py:63} INFO - Tmp dir root location: /tmp
[2023-08-28T23:56:58.483+0000] {subprocess.py:75} INFO - Running command: ['/bin/bash', '-c', 'echo "Test successful"']
[2023-08-28T23:56:58.494+0000] {subprocess.py:86} INFO - Output:
[2023-08-28T23:56:58.496+0000] {subprocess.py:93} INFO - Test successful
[2023-08-28T23:56:58.497+0000] {subprocess.py:97} INFO - Command exited with return code 0
[2023-08-28T23:56:58.523+0000] {taskinstance.py:1400} INFO - Marking task as SUCCESS. dag_id=Autotrader_ETL_DAG, task_id=success, execution_date=20230828T235652, start_date=20230828T235658, end_date=20230828T235658
[2023-08-28T23:56:58.542+0000] {local_task_job_runner.py:228} INFO - Task exited with return code 0
[2023-08-28T23:56:58.559+0000] {taskinstance.py:2784} INFO - 0 downstream tasks scheduled from follow-on schedule check
