[2023-09-03T08:25:13.845+0000] {logging_mixin.py:151} INFO - Changing /opt/***/logs/dag_id=Autotrader_ETL_DAG/run_id=manual__2023-09-03T08:24:18.734613+00:00/task_id=create_car_dim permission to 509
[2023-09-03T08:25:13.846+0000] {logging_mixin.py:151} INFO - Failed to change /opt/***/logs/dag_id=Autotrader_ETL_DAG/run_id=manual__2023-09-03T08:24:18.734613+00:00/task_id=create_car_dim permission to 509: [Errno 1] Operation not permitted: '/opt/***/logs/dag_id=Autotrader_ETL_DAG/run_id=manual__2023-09-03T08:24:18.734613+00:00/task_id=create_car_dim'
[2023-09-03T08:25:13.892+0000] {logging_mixin.py:151} INFO - Changing /opt/***/logs/dag_id=Autotrader_ETL_DAG/run_id=manual__2023-09-03T08:24:18.734613+00:00/task_id=create_car_dim permission to 509
[2023-09-03T08:25:13.893+0000] {logging_mixin.py:151} INFO - Failed to change /opt/***/logs/dag_id=Autotrader_ETL_DAG/run_id=manual__2023-09-03T08:24:18.734613+00:00/task_id=create_car_dim permission to 509: [Errno 1] Operation not permitted: '/opt/***/logs/dag_id=Autotrader_ETL_DAG/run_id=manual__2023-09-03T08:24:18.734613+00:00/task_id=create_car_dim'
[2023-09-03T08:25:13.929+0000] {taskinstance.py:1159} INFO - Dependencies all met for dep_context=non-requeueable deps ti=<TaskInstance: Autotrader_ETL_DAG.create_car_dim manual__2023-09-03T08:24:18.734613+00:00 [queued]>
[2023-09-03T08:25:13.942+0000] {taskinstance.py:1159} INFO - Dependencies all met for dep_context=requeueable deps ti=<TaskInstance: Autotrader_ETL_DAG.create_car_dim manual__2023-09-03T08:24:18.734613+00:00 [queued]>
[2023-09-03T08:25:13.943+0000] {taskinstance.py:1361} INFO - Starting attempt 1 of 2
[2023-09-03T08:25:13.960+0000] {taskinstance.py:1382} INFO - Executing <Task(BigQueryExecuteQueryOperator): create_car_dim> on 2023-09-03 08:24:18.734613+00:00
[2023-09-03T08:25:13.971+0000] {standard_task_runner.py:57} INFO - Started process 3161 to run task
[2023-09-03T08:25:13.979+0000] {standard_task_runner.py:84} INFO - Running: ['***', 'tasks', 'run', 'Autotrader_ETL_DAG', 'create_car_dim', 'manual__2023-09-03T08:24:18.734613+00:00', '--job-id', '146', '--raw', '--subdir', 'DAGS_FOLDER/autotrader_etl.py', '--cfg-path', '/tmp/tmpfpi6_q1w']
[2023-09-03T08:25:13.996+0000] {standard_task_runner.py:85} INFO - Job 146: Subtask create_car_dim
[2023-09-03T08:25:14.138+0000] {logging_mixin.py:151} INFO - Changing /opt/***/logs/dag_id=Autotrader_ETL_DAG/run_id=manual__2023-09-03T08:24:18.734613+00:00/task_id=create_car_dim permission to 509
[2023-09-03T08:25:14.139+0000] {logging_mixin.py:151} INFO - Failed to change /opt/***/logs/dag_id=Autotrader_ETL_DAG/run_id=manual__2023-09-03T08:24:18.734613+00:00/task_id=create_car_dim permission to 509: [Errno 1] Operation not permitted: '/opt/***/logs/dag_id=Autotrader_ETL_DAG/run_id=manual__2023-09-03T08:24:18.734613+00:00/task_id=create_car_dim'
[2023-09-03T08:25:14.143+0000] {task_command.py:415} INFO - Running <TaskInstance: Autotrader_ETL_DAG.create_car_dim manual__2023-09-03T08:24:18.734613+00:00 [running]> on host 1a0e8b05e04d
[2023-09-03T08:25:14.320+0000] {taskinstance.py:1660} INFO - Exporting env vars: AIRFLOW_CTX_DAG_OWNER='***' AIRFLOW_CTX_DAG_ID='Autotrader_ETL_DAG' AIRFLOW_CTX_TASK_ID='create_car_dim' AIRFLOW_CTX_EXECUTION_DATE='2023-09-03T08:24:18.734613+00:00' AIRFLOW_CTX_TRY_NUMBER='1' AIRFLOW_CTX_DAG_RUN_ID='manual__2023-09-03T08:24:18.734613+00:00'
[2023-09-03T08:25:14.329+0000] {bigquery.py:1234} INFO - Executing: CREATE TABLE IF NOT EXISTS
        autotrader-toyota-dashboard.autotrader_transformed.car_dim 
        (
        car_key INT64 NOT NULL,
        year INT64,
        model STRING,
        type STRING,
        PRIMARY KEY (car_key) NOT ENFORCED
        );
[2023-09-03T08:25:14.341+0000] {connection.py:232} WARNING - Connection schemes (type: google_cloud_platform) shall not contain '_' according to RFC3986.
[2023-09-03T08:25:14.353+0000] {base.py:73} INFO - Using connection ID 'google_cloud' for task execution.
[2023-09-03T08:25:14.368+0000] {logging_mixin.py:151} WARNING - /home/***/.local/lib/python3.8/site-packages/***/providers/google/cloud/hooks/bigquery.py:2109 AirflowProviderDeprecationWarning: This method is deprecated. Please use `BigQueryHook.insert_job` method.
[2023-09-03T08:25:14.434+0000] {bigquery.py:1596} INFO - Inserting job ***_1693729514434053_b88ce6abb6bef9db1e81d1d9c0198140
[2023-09-03T08:25:17.171+0000] {taskinstance.py:1400} INFO - Marking task as SUCCESS. dag_id=Autotrader_ETL_DAG, task_id=create_car_dim, execution_date=20230903T082418, start_date=20230903T082513, end_date=20230903T082517
[2023-09-03T08:25:17.212+0000] {local_task_job_runner.py:228} INFO - Task exited with return code 0
[2023-09-03T08:25:17.243+0000] {taskinstance.py:2784} INFO - 0 downstream tasks scheduled from follow-on schedule check
