[2023-09-12T13:03:10.222+0000] {logging_mixin.py:151} INFO - Changing /opt/***/logs/dag_id=Autotrader_ETL_DAG/run_id=manual__2023-09-12T12:44:16.972246+00:00/task_id=uppercase_columns permission to 509
[2023-09-12T13:03:10.223+0000] {logging_mixin.py:151} INFO - Failed to change /opt/***/logs/dag_id=Autotrader_ETL_DAG/run_id=manual__2023-09-12T12:44:16.972246+00:00/task_id=uppercase_columns permission to 509: [Errno 1] Operation not permitted: '/opt/***/logs/dag_id=Autotrader_ETL_DAG/run_id=manual__2023-09-12T12:44:16.972246+00:00/task_id=uppercase_columns'
[2023-09-12T13:03:10.248+0000] {logging_mixin.py:151} INFO - Changing /opt/***/logs/dag_id=Autotrader_ETL_DAG/run_id=manual__2023-09-12T12:44:16.972246+00:00/task_id=uppercase_columns permission to 509
[2023-09-12T13:03:10.249+0000] {logging_mixin.py:151} INFO - Failed to change /opt/***/logs/dag_id=Autotrader_ETL_DAG/run_id=manual__2023-09-12T12:44:16.972246+00:00/task_id=uppercase_columns permission to 509: [Errno 1] Operation not permitted: '/opt/***/logs/dag_id=Autotrader_ETL_DAG/run_id=manual__2023-09-12T12:44:16.972246+00:00/task_id=uppercase_columns'
[2023-09-12T13:03:10.271+0000] {taskinstance.py:1159} INFO - Dependencies all met for dep_context=non-requeueable deps ti=<TaskInstance: Autotrader_ETL_DAG.uppercase_columns manual__2023-09-12T12:44:16.972246+00:00 [queued]>
[2023-09-12T13:03:10.279+0000] {taskinstance.py:1159} INFO - Dependencies all met for dep_context=requeueable deps ti=<TaskInstance: Autotrader_ETL_DAG.uppercase_columns manual__2023-09-12T12:44:16.972246+00:00 [queued]>
[2023-09-12T13:03:10.279+0000] {taskinstance.py:1361} INFO - Starting attempt 1 of 2
[2023-09-12T13:03:10.291+0000] {taskinstance.py:1382} INFO - Executing <Task(BigQueryExecuteQueryOperator): uppercase_columns> on 2023-09-12 12:44:16.972246+00:00
[2023-09-12T13:03:10.299+0000] {standard_task_runner.py:57} INFO - Started process 808 to run task
[2023-09-12T13:03:10.301+0000] {standard_task_runner.py:84} INFO - Running: ['***', 'tasks', 'run', 'Autotrader_ETL_DAG', 'uppercase_columns', 'manual__2023-09-12T12:44:16.972246+00:00', '--job-id', '677', '--raw', '--subdir', 'DAGS_FOLDER/autotrader_etl.py', '--cfg-path', '/tmp/tmp8ox4774w']
[2023-09-12T13:03:10.303+0000] {standard_task_runner.py:85} INFO - Job 677: Subtask uppercase_columns
[2023-09-12T13:03:10.342+0000] {logging_mixin.py:151} INFO - Changing /opt/***/logs/dag_id=Autotrader_ETL_DAG/run_id=manual__2023-09-12T12:44:16.972246+00:00/task_id=uppercase_columns permission to 509
[2023-09-12T13:03:10.342+0000] {logging_mixin.py:151} INFO - Failed to change /opt/***/logs/dag_id=Autotrader_ETL_DAG/run_id=manual__2023-09-12T12:44:16.972246+00:00/task_id=uppercase_columns permission to 509: [Errno 1] Operation not permitted: '/opt/***/logs/dag_id=Autotrader_ETL_DAG/run_id=manual__2023-09-12T12:44:16.972246+00:00/task_id=uppercase_columns'
[2023-09-12T13:03:10.345+0000] {task_command.py:415} INFO - Running <TaskInstance: Autotrader_ETL_DAG.uppercase_columns manual__2023-09-12T12:44:16.972246+00:00 [running]> on host 412bb32711f9
[2023-09-12T13:03:10.415+0000] {taskinstance.py:1660} INFO - Exporting env vars: AIRFLOW_CTX_DAG_OWNER='***' AIRFLOW_CTX_DAG_ID='Autotrader_ETL_DAG' AIRFLOW_CTX_TASK_ID='uppercase_columns' AIRFLOW_CTX_EXECUTION_DATE='2023-09-12T12:44:16.972246+00:00' AIRFLOW_CTX_TRY_NUMBER='1' AIRFLOW_CTX_DAG_RUN_ID='manual__2023-09-12T12:44:16.972246+00:00'
[2023-09-12T13:03:10.416+0000] {bigquery.py:1234} INFO - Executing: UPDATE autotrader-toyota-dashboard.autotrader_staging.listings_raw
        SET car_model = UPPER(car_model),
        type = UPPER(type),
        suburb = UPPER(suburb)
        WHERE car_model IN (
        SELECT
        car_model
        FROM autotrader-toyota-dashboard.autotrader_staging.listings_raw
        )
        AND type IN (
        SELECT
        type
        FROM autotrader-toyota-dashboard.autotrader_staging.listings_raw
        )
        AND suburb IN (
        SELECT
        suburb
        FROM autotrader-toyota-dashboard.autotrader_staging.listings_raw
        );
[2023-09-12T13:03:10.425+0000] {connection.py:232} WARNING - Connection schemes (type: google_cloud_platform) shall not contain '_' according to RFC3986.
[2023-09-12T13:03:10.428+0000] {base.py:73} INFO - Using connection ID 'google_cloud' for task execution.
[2023-09-12T13:03:10.433+0000] {logging_mixin.py:151} WARNING - /home/***/.local/lib/python3.8/site-packages/***/providers/google/cloud/hooks/bigquery.py:2109 AirflowProviderDeprecationWarning: This method is deprecated. Please use `BigQueryHook.insert_job` method.
[2023-09-12T13:03:10.469+0000] {bigquery.py:1596} INFO - Inserting job ***_1694523790468649_7a26a82bef696f193e5a8e363d59d201
[2023-09-12T13:03:13.994+0000] {taskinstance.py:1400} INFO - Marking task as SUCCESS. dag_id=Autotrader_ETL_DAG, task_id=uppercase_columns, execution_date=20230912T124416, start_date=20230912T130310, end_date=20230912T130313
[2023-09-12T13:03:14.021+0000] {local_task_job_runner.py:228} INFO - Task exited with return code 0
[2023-09-12T13:03:14.047+0000] {taskinstance.py:2784} INFO - 1 downstream tasks scheduled from follow-on schedule check
