[2023-09-10T00:46:52.340+0000] {logging_mixin.py:151} INFO - Changing /opt/***/logs/dag_id=Autotrader_ETL_DAG/run_id=manual__2023-09-10T00:45:14.768130+00:00/task_id=create_australian_suburbs_table permission to 509
[2023-09-10T00:46:52.341+0000] {logging_mixin.py:151} INFO - Failed to change /opt/***/logs/dag_id=Autotrader_ETL_DAG/run_id=manual__2023-09-10T00:45:14.768130+00:00/task_id=create_australian_suburbs_table permission to 509: [Errno 1] Operation not permitted: '/opt/***/logs/dag_id=Autotrader_ETL_DAG/run_id=manual__2023-09-10T00:45:14.768130+00:00/task_id=create_australian_suburbs_table'
[2023-09-10T00:46:52.370+0000] {logging_mixin.py:151} INFO - Changing /opt/***/logs/dag_id=Autotrader_ETL_DAG/run_id=manual__2023-09-10T00:45:14.768130+00:00/task_id=create_australian_suburbs_table permission to 509
[2023-09-10T00:46:52.371+0000] {logging_mixin.py:151} INFO - Failed to change /opt/***/logs/dag_id=Autotrader_ETL_DAG/run_id=manual__2023-09-10T00:45:14.768130+00:00/task_id=create_australian_suburbs_table permission to 509: [Errno 1] Operation not permitted: '/opt/***/logs/dag_id=Autotrader_ETL_DAG/run_id=manual__2023-09-10T00:45:14.768130+00:00/task_id=create_australian_suburbs_table'
[2023-09-10T00:46:52.394+0000] {taskinstance.py:1159} INFO - Dependencies all met for dep_context=non-requeueable deps ti=<TaskInstance: Autotrader_ETL_DAG.create_australian_suburbs_table manual__2023-09-10T00:45:14.768130+00:00 [queued]>
[2023-09-10T00:46:52.402+0000] {taskinstance.py:1159} INFO - Dependencies all met for dep_context=requeueable deps ti=<TaskInstance: Autotrader_ETL_DAG.create_australian_suburbs_table manual__2023-09-10T00:45:14.768130+00:00 [queued]>
[2023-09-10T00:46:52.403+0000] {taskinstance.py:1361} INFO - Starting attempt 1 of 2
[2023-09-10T00:46:52.416+0000] {taskinstance.py:1382} INFO - Executing <Task(BigQueryCreateEmptyTableOperator): create_australian_suburbs_table> on 2023-09-10 00:45:14.768130+00:00
[2023-09-10T00:46:52.422+0000] {standard_task_runner.py:57} INFO - Started process 1376 to run task
[2023-09-10T00:46:52.424+0000] {standard_task_runner.py:84} INFO - Running: ['***', 'tasks', 'run', 'Autotrader_ETL_DAG', 'create_australian_suburbs_table', 'manual__2023-09-10T00:45:14.768130+00:00', '--job-id', '580', '--raw', '--subdir', 'DAGS_FOLDER/autotrader_etl.py', '--cfg-path', '/tmp/tmp2qogdqc6']
[2023-09-10T00:46:52.427+0000] {standard_task_runner.py:85} INFO - Job 580: Subtask create_australian_suburbs_table
[2023-09-10T00:46:52.555+0000] {logging_mixin.py:151} INFO - Changing /opt/***/logs/dag_id=Autotrader_ETL_DAG/run_id=manual__2023-09-10T00:45:14.768130+00:00/task_id=create_australian_suburbs_table permission to 509
[2023-09-10T00:46:52.557+0000] {logging_mixin.py:151} INFO - Failed to change /opt/***/logs/dag_id=Autotrader_ETL_DAG/run_id=manual__2023-09-10T00:45:14.768130+00:00/task_id=create_australian_suburbs_table permission to 509: [Errno 1] Operation not permitted: '/opt/***/logs/dag_id=Autotrader_ETL_DAG/run_id=manual__2023-09-10T00:45:14.768130+00:00/task_id=create_australian_suburbs_table'
[2023-09-10T00:46:52.561+0000] {task_command.py:415} INFO - Running <TaskInstance: Autotrader_ETL_DAG.create_australian_suburbs_table manual__2023-09-10T00:45:14.768130+00:00 [running]> on host 412bb32711f9
[2023-09-10T00:46:52.696+0000] {taskinstance.py:1660} INFO - Exporting env vars: AIRFLOW_CTX_DAG_OWNER='***' AIRFLOW_CTX_DAG_ID='Autotrader_ETL_DAG' AIRFLOW_CTX_TASK_ID='create_australian_suburbs_table' AIRFLOW_CTX_EXECUTION_DATE='2023-09-10T00:45:14.768130+00:00' AIRFLOW_CTX_TRY_NUMBER='1' AIRFLOW_CTX_DAG_RUN_ID='manual__2023-09-10T00:45:14.768130+00:00'
[2023-09-10T00:46:52.709+0000] {connection.py:232} WARNING - Connection schemes (type: google_cloud_platform) shall not contain '_' according to RFC3986.
[2023-09-10T00:46:52.716+0000] {base.py:73} INFO - Using connection ID 'google_cloud' for task execution.
[2023-09-10T00:46:52.718+0000] {bigquery.py:1507} INFO - Creating table
[2023-09-10T00:46:53.887+0000] {bigquery.py:1535} INFO - Table autotrader_staging.australian_suburbs already exists.
[2023-09-10T00:46:53.924+0000] {taskinstance.py:1400} INFO - Marking task as SUCCESS. dag_id=Autotrader_ETL_DAG, task_id=create_australian_suburbs_table, execution_date=20230910T004514, start_date=20230910T004652, end_date=20230910T004653
[2023-09-10T00:46:53.963+0000] {local_task_job_runner.py:228} INFO - Task exited with return code 0
[2023-09-10T00:46:54.017+0000] {taskinstance.py:2784} INFO - 0 downstream tasks scheduled from follow-on schedule check
