[2023-09-09T12:26:36.506+0000] {logging_mixin.py:151} INFO - Changing /opt/***/logs/dag_id=Autotrader_ETL_DAG/run_id=manual__2023-09-09T12:24:56.315160+00:00/task_id=insert_raw_data_into_listings_raw permission to 509
[2023-09-09T12:26:36.507+0000] {logging_mixin.py:151} INFO - Failed to change /opt/***/logs/dag_id=Autotrader_ETL_DAG/run_id=manual__2023-09-09T12:24:56.315160+00:00/task_id=insert_raw_data_into_listings_raw permission to 509: [Errno 1] Operation not permitted: '/opt/***/logs/dag_id=Autotrader_ETL_DAG/run_id=manual__2023-09-09T12:24:56.315160+00:00/task_id=insert_raw_data_into_listings_raw'
[2023-09-09T12:26:36.539+0000] {logging_mixin.py:151} INFO - Changing /opt/***/logs/dag_id=Autotrader_ETL_DAG/run_id=manual__2023-09-09T12:24:56.315160+00:00/task_id=insert_raw_data_into_listings_raw permission to 509
[2023-09-09T12:26:36.540+0000] {logging_mixin.py:151} INFO - Failed to change /opt/***/logs/dag_id=Autotrader_ETL_DAG/run_id=manual__2023-09-09T12:24:56.315160+00:00/task_id=insert_raw_data_into_listings_raw permission to 509: [Errno 1] Operation not permitted: '/opt/***/logs/dag_id=Autotrader_ETL_DAG/run_id=manual__2023-09-09T12:24:56.315160+00:00/task_id=insert_raw_data_into_listings_raw'
[2023-09-09T12:26:36.567+0000] {taskinstance.py:1159} INFO - Dependencies all met for dep_context=non-requeueable deps ti=<TaskInstance: Autotrader_ETL_DAG.insert_raw_data_into_listings_raw manual__2023-09-09T12:24:56.315160+00:00 [queued]>
[2023-09-09T12:26:36.576+0000] {taskinstance.py:1159} INFO - Dependencies all met for dep_context=requeueable deps ti=<TaskInstance: Autotrader_ETL_DAG.insert_raw_data_into_listings_raw manual__2023-09-09T12:24:56.315160+00:00 [queued]>
[2023-09-09T12:26:36.577+0000] {taskinstance.py:1361} INFO - Starting attempt 1 of 2
[2023-09-09T12:26:36.591+0000] {taskinstance.py:1382} INFO - Executing <Task(GCSToBigQueryOperator): insert_raw_data_into_listings_raw> on 2023-09-09 12:24:56.315160+00:00
[2023-09-09T12:26:36.598+0000] {standard_task_runner.py:57} INFO - Started process 5009 to run task
[2023-09-09T12:26:36.601+0000] {standard_task_runner.py:84} INFO - Running: ['***', 'tasks', 'run', 'Autotrader_ETL_DAG', 'insert_raw_data_into_listings_raw', 'manual__2023-09-09T12:24:56.315160+00:00', '--job-id', '550', '--raw', '--subdir', 'DAGS_FOLDER/autotrader_etl.py', '--cfg-path', '/tmp/tmp08lae4gi']
[2023-09-09T12:26:36.603+0000] {standard_task_runner.py:85} INFO - Job 550: Subtask insert_raw_data_into_listings_raw
[2023-09-09T12:26:36.646+0000] {logging_mixin.py:151} INFO - Changing /opt/***/logs/dag_id=Autotrader_ETL_DAG/run_id=manual__2023-09-09T12:24:56.315160+00:00/task_id=insert_raw_data_into_listings_raw permission to 509
[2023-09-09T12:26:36.647+0000] {logging_mixin.py:151} INFO - Failed to change /opt/***/logs/dag_id=Autotrader_ETL_DAG/run_id=manual__2023-09-09T12:24:56.315160+00:00/task_id=insert_raw_data_into_listings_raw permission to 509: [Errno 1] Operation not permitted: '/opt/***/logs/dag_id=Autotrader_ETL_DAG/run_id=manual__2023-09-09T12:24:56.315160+00:00/task_id=insert_raw_data_into_listings_raw'
[2023-09-09T12:26:36.650+0000] {task_command.py:415} INFO - Running <TaskInstance: Autotrader_ETL_DAG.insert_raw_data_into_listings_raw manual__2023-09-09T12:24:56.315160+00:00 [running]> on host 412bb32711f9
[2023-09-09T12:26:36.732+0000] {taskinstance.py:1660} INFO - Exporting env vars: AIRFLOW_CTX_DAG_OWNER='***' AIRFLOW_CTX_DAG_ID='Autotrader_ETL_DAG' AIRFLOW_CTX_TASK_ID='insert_raw_data_into_listings_raw' AIRFLOW_CTX_EXECUTION_DATE='2023-09-09T12:24:56.315160+00:00' AIRFLOW_CTX_TRY_NUMBER='1' AIRFLOW_CTX_DAG_RUN_ID='manual__2023-09-09T12:24:56.315160+00:00'
[2023-09-09T12:26:36.744+0000] {connection.py:232} WARNING - Connection schemes (type: google_cloud_platform) shall not contain '_' according to RFC3986.
[2023-09-09T12:26:36.748+0000] {base.py:73} INFO - Using connection ID 'google_cloud' for task execution.
[2023-09-09T12:26:36.749+0000] {gcs_to_bigquery.py:375} INFO - Using existing BigQuery table for storing data...
[2023-09-09T12:26:36.806+0000] {gcs_to_bigquery.py:379} INFO - Executing: {'load': {'autodetect': True, 'createDisposition': 'CREATE_IF_NEEDED', 'destinationTable': {'projectId': 'autotrader-toyota-dashboard', 'datasetId': 'autotrader_staging', 'tableId': 'listings_raw'}, 'sourceFormat': 'NEWLINE_DELIMITED_JSON', 'sourceUris': ['gs://autotrader-raw/autotrader-raw-2023-09-09.json'], 'writeDisposition': 'WRITE_TRUNCATE', 'ignoreUnknownValues': False, 'schema': {'fields': [{'name': 'price', 'type': 'STRING'}, {'name': 'odometer', 'type': 'STRING'}, {'name': 'year', 'type': 'STRING'}, {'name': 'car_model', 'type': 'STRING'}, {'name': 'type', 'type': 'STRING'}, {'name': 'suburb', 'type': 'STRING'}, {'name': 'state', 'type': 'STRING'}]}}}
[2023-09-09T12:26:36.808+0000] {bigquery.py:1596} INFO - Inserting job ***_Autotrader_ETL_DAG_insert_raw_data_into_listings_raw_2023_09_09T12_24_56_315160_00_00_b9044f8a9123deb1df838bee9faeceec
[2023-09-09T12:26:41.620+0000] {taskinstance.py:1400} INFO - Marking task as SUCCESS. dag_id=Autotrader_ETL_DAG, task_id=insert_raw_data_into_listings_raw, execution_date=20230909T122456, start_date=20230909T122636, end_date=20230909T122641
[2023-09-09T12:26:41.643+0000] {local_task_job_runner.py:228} INFO - Task exited with return code 0
[2023-09-09T12:26:41.673+0000] {taskinstance.py:2784} INFO - 1 downstream tasks scheduled from follow-on schedule check
