[2023-09-09T12:20:07.623+0000] {logging_mixin.py:151} INFO - Changing /opt/***/logs/dag_id=Autotrader_ETL_DAG/run_id=manual__2023-09-09T12:17:10.840542+00:00/task_id=insert_into_location_dim permission to 509
[2023-09-09T12:20:07.624+0000] {logging_mixin.py:151} INFO - Failed to change /opt/***/logs/dag_id=Autotrader_ETL_DAG/run_id=manual__2023-09-09T12:17:10.840542+00:00/task_id=insert_into_location_dim permission to 509: [Errno 1] Operation not permitted: '/opt/***/logs/dag_id=Autotrader_ETL_DAG/run_id=manual__2023-09-09T12:17:10.840542+00:00/task_id=insert_into_location_dim'
[2023-09-09T12:20:07.664+0000] {logging_mixin.py:151} INFO - Changing /opt/***/logs/dag_id=Autotrader_ETL_DAG/run_id=manual__2023-09-09T12:17:10.840542+00:00/task_id=insert_into_location_dim permission to 509
[2023-09-09T12:20:07.665+0000] {logging_mixin.py:151} INFO - Failed to change /opt/***/logs/dag_id=Autotrader_ETL_DAG/run_id=manual__2023-09-09T12:17:10.840542+00:00/task_id=insert_into_location_dim permission to 509: [Errno 1] Operation not permitted: '/opt/***/logs/dag_id=Autotrader_ETL_DAG/run_id=manual__2023-09-09T12:17:10.840542+00:00/task_id=insert_into_location_dim'
[2023-09-09T12:20:07.692+0000] {taskinstance.py:1159} INFO - Dependencies all met for dep_context=non-requeueable deps ti=<TaskInstance: Autotrader_ETL_DAG.insert_into_location_dim manual__2023-09-09T12:17:10.840542+00:00 [queued]>
[2023-09-09T12:20:07.702+0000] {taskinstance.py:1159} INFO - Dependencies all met for dep_context=requeueable deps ti=<TaskInstance: Autotrader_ETL_DAG.insert_into_location_dim manual__2023-09-09T12:17:10.840542+00:00 [queued]>
[2023-09-09T12:20:07.702+0000] {taskinstance.py:1361} INFO - Starting attempt 2 of 2
[2023-09-09T12:20:07.715+0000] {taskinstance.py:1382} INFO - Executing <Task(BigQueryExecuteQueryOperator): insert_into_location_dim> on 2023-09-09 12:17:10.840542+00:00
[2023-09-09T12:20:07.724+0000] {standard_task_runner.py:57} INFO - Started process 4929 to run task
[2023-09-09T12:20:07.726+0000] {standard_task_runner.py:84} INFO - Running: ['***', 'tasks', 'run', 'Autotrader_ETL_DAG', 'insert_into_location_dim', 'manual__2023-09-09T12:17:10.840542+00:00', '--job-id', '545', '--raw', '--subdir', 'DAGS_FOLDER/autotrader_etl.py', '--cfg-path', '/tmp/tmp52zhhoz8']
[2023-09-09T12:20:07.729+0000] {standard_task_runner.py:85} INFO - Job 545: Subtask insert_into_location_dim
[2023-09-09T12:20:07.799+0000] {logging_mixin.py:151} INFO - Changing /opt/***/logs/dag_id=Autotrader_ETL_DAG/run_id=manual__2023-09-09T12:17:10.840542+00:00/task_id=insert_into_location_dim permission to 509
[2023-09-09T12:20:07.802+0000] {logging_mixin.py:151} INFO - Failed to change /opt/***/logs/dag_id=Autotrader_ETL_DAG/run_id=manual__2023-09-09T12:17:10.840542+00:00/task_id=insert_into_location_dim permission to 509: [Errno 1] Operation not permitted: '/opt/***/logs/dag_id=Autotrader_ETL_DAG/run_id=manual__2023-09-09T12:17:10.840542+00:00/task_id=insert_into_location_dim'
[2023-09-09T12:20:07.816+0000] {task_command.py:415} INFO - Running <TaskInstance: Autotrader_ETL_DAG.insert_into_location_dim manual__2023-09-09T12:17:10.840542+00:00 [running]> on host 412bb32711f9
[2023-09-09T12:20:07.946+0000] {taskinstance.py:1660} INFO - Exporting env vars: AIRFLOW_CTX_DAG_OWNER='***' AIRFLOW_CTX_DAG_ID='Autotrader_ETL_DAG' AIRFLOW_CTX_TASK_ID='insert_into_location_dim' AIRFLOW_CTX_EXECUTION_DATE='2023-09-09T12:17:10.840542+00:00' AIRFLOW_CTX_TRY_NUMBER='2' AIRFLOW_CTX_DAG_RUN_ID='manual__2023-09-09T12:17:10.840542+00:00'
[2023-09-09T12:20:07.948+0000] {bigquery.py:1234} INFO - Executing: INSERT INTO autotrader-toyota-dashboard.autotrader_transformed.location_dim (location_key, suburb, state, geolocation)
        SELECT
        ROW_NUMBER() OVER () as location_key,
        suburb,
        state,
        geolocation
        FROM (
        SELECT 
        DISTINCT
        listings_raw.suburb,
        listings_raw.state,
        ST_GEOGPOINT(longitude, latitude) as geolocation
        FROM
        autotrader-toyota-dashboard.autotrader_staging.listings_raw AS listings_raw
        JOIN autotrader-toyota-dashboard.autotrader_staging.australian_suburbs AS australian_suburbs
        ON listings_raw.suburb = australian_suburbs.suburb
        AND listings_raw.state = australian_suburbs.state
        );
[2023-09-09T12:20:07.962+0000] {connection.py:232} WARNING - Connection schemes (type: google_cloud_platform) shall not contain '_' according to RFC3986.
[2023-09-09T12:20:07.967+0000] {base.py:73} INFO - Using connection ID 'google_cloud' for task execution.
[2023-09-09T12:20:07.973+0000] {logging_mixin.py:151} WARNING - /home/***/.local/lib/python3.8/site-packages/***/providers/google/cloud/hooks/bigquery.py:2109 AirflowProviderDeprecationWarning: This method is deprecated. Please use `BigQueryHook.insert_job` method.
[2023-09-09T12:20:08.027+0000] {bigquery.py:1596} INFO - Inserting job ***_1694262008026755_979cdcec0dce9e3321459baaaa2c899f
[2023-09-09T12:20:10.889+0000] {taskinstance.py:1943} ERROR - Task failed with exception
Traceback (most recent call last):
  File "/home/airflow/.local/lib/python3.8/site-packages/airflow/providers/google/cloud/operators/bigquery.py", line 1242, in execute
    self.job_id = self.hook.run_query(
  File "/home/airflow/.local/lib/python3.8/site-packages/airflow/providers/google/cloud/hooks/bigquery.py", line 2244, in run_query
    job = self.insert_job(configuration=configuration, project_id=self.project_id, location=location)
  File "/home/airflow/.local/lib/python3.8/site-packages/airflow/providers/google/common/hooks/base_google.py", line 467, in inner_wrapper
    return func(self, *args, **kwargs)
  File "/home/airflow/.local/lib/python3.8/site-packages/airflow/providers/google/cloud/hooks/bigquery.py", line 1602, in insert_job
    job_api_repr.result(timeout=timeout, retry=retry)
  File "/home/airflow/.local/lib/python3.8/site-packages/google/cloud/bigquery/job/query.py", line 1520, in result
    do_get_result()
  File "/home/airflow/.local/lib/python3.8/site-packages/google/cloud/bigquery/job/query.py", line 1510, in do_get_result
    super(QueryJob, self).result(retry=retry, timeout=timeout)
  File "/home/airflow/.local/lib/python3.8/site-packages/google/cloud/bigquery/job/base.py", line 922, in result
    return super(_AsyncJob, self).result(timeout=timeout, **kwargs)
  File "/home/airflow/.local/lib/python3.8/site-packages/google/api_core/future/polling.py", line 261, in result
    raise self._exception
google.api_core.exceptions.BadRequest: 400 Column geolocation of type GEOGRAPHY cannot be used in SELECT DISTINCT at [12:9]

Location: asia-southeast1
Job ID: airflow_1694262008026755_979cdcec0dce9e3321459baaaa2c899f

[2023-09-09T12:20:10.904+0000] {taskinstance.py:1400} INFO - Marking task as FAILED. dag_id=Autotrader_ETL_DAG, task_id=insert_into_location_dim, execution_date=20230909T121710, start_date=20230909T122007, end_date=20230909T122010
[2023-09-09T12:20:10.927+0000] {standard_task_runner.py:104} ERROR - Failed to execute job 545 for task insert_into_location_dim (400 Column geolocation of type GEOGRAPHY cannot be used in SELECT DISTINCT at [12:9]

Location: asia-southeast1
Job ID: airflow_1694262008026755_979cdcec0dce9e3321459baaaa2c899f
; 4929)
[2023-09-09T12:20:10.952+0000] {local_task_job_runner.py:228} INFO - Task exited with return code 1
[2023-09-09T12:20:10.980+0000] {taskinstance.py:2784} INFO - 0 downstream tasks scheduled from follow-on schedule check
