[2023-12-03T02:55:19.636+0000] {logging_mixin.py:151} INFO - Changing /opt/***/logs/dag_id=Autotrader_ETL_DAG/run_id=manual__2023-12-03T02:55:17.807031+00:00/task_id=extract_listings permission to 509
[2023-12-03T02:55:19.638+0000] {logging_mixin.py:151} INFO - Failed to change /opt/***/logs/dag_id=Autotrader_ETL_DAG/run_id=manual__2023-12-03T02:55:17.807031+00:00/task_id=extract_listings permission to 509: [Errno 1] Operation not permitted: '/opt/***/logs/dag_id=Autotrader_ETL_DAG/run_id=manual__2023-12-03T02:55:17.807031+00:00/task_id=extract_listings'
[2023-12-03T02:55:19.670+0000] {logging_mixin.py:151} INFO - Changing /opt/***/logs/dag_id=Autotrader_ETL_DAG/run_id=manual__2023-12-03T02:55:17.807031+00:00/task_id=extract_listings permission to 509
[2023-12-03T02:55:19.671+0000] {logging_mixin.py:151} INFO - Failed to change /opt/***/logs/dag_id=Autotrader_ETL_DAG/run_id=manual__2023-12-03T02:55:17.807031+00:00/task_id=extract_listings permission to 509: [Errno 1] Operation not permitted: '/opt/***/logs/dag_id=Autotrader_ETL_DAG/run_id=manual__2023-12-03T02:55:17.807031+00:00/task_id=extract_listings'
[2023-12-03T02:55:19.698+0000] {taskinstance.py:1159} INFO - Dependencies all met for dep_context=non-requeueable deps ti=<TaskInstance: Autotrader_ETL_DAG.extract_listings manual__2023-12-03T02:55:17.807031+00:00 [queued]>
[2023-12-03T02:55:19.711+0000] {taskinstance.py:1159} INFO - Dependencies all met for dep_context=requeueable deps ti=<TaskInstance: Autotrader_ETL_DAG.extract_listings manual__2023-12-03T02:55:17.807031+00:00 [queued]>
[2023-12-03T02:55:19.712+0000] {taskinstance.py:1361} INFO - Starting attempt 1 of 1
[2023-12-03T02:55:19.728+0000] {taskinstance.py:1382} INFO - Executing <Task(PythonOperator): extract_listings> on 2023-12-03 02:55:17.807031+00:00
[2023-12-03T02:55:19.734+0000] {standard_task_runner.py:57} INFO - Started process 1963 to run task
[2023-12-03T02:55:19.736+0000] {standard_task_runner.py:84} INFO - Running: ['***', 'tasks', 'run', 'Autotrader_ETL_DAG', 'extract_listings', 'manual__2023-12-03T02:55:17.807031+00:00', '--job-id', '1404', '--raw', '--subdir', 'DAGS_FOLDER/autotrader_etl.py', '--cfg-path', '/tmp/tmp0kzcky57']
[2023-12-03T02:55:19.739+0000] {standard_task_runner.py:85} INFO - Job 1404: Subtask extract_listings
[2023-12-03T02:55:19.789+0000] {logging_mixin.py:151} INFO - Changing /opt/***/logs/dag_id=Autotrader_ETL_DAG/run_id=manual__2023-12-03T02:55:17.807031+00:00/task_id=extract_listings permission to 509
[2023-12-03T02:55:19.790+0000] {logging_mixin.py:151} INFO - Failed to change /opt/***/logs/dag_id=Autotrader_ETL_DAG/run_id=manual__2023-12-03T02:55:17.807031+00:00/task_id=extract_listings permission to 509: [Errno 1] Operation not permitted: '/opt/***/logs/dag_id=Autotrader_ETL_DAG/run_id=manual__2023-12-03T02:55:17.807031+00:00/task_id=extract_listings'
[2023-12-03T02:55:19.793+0000] {task_command.py:415} INFO - Running <TaskInstance: Autotrader_ETL_DAG.extract_listings manual__2023-12-03T02:55:17.807031+00:00 [running]> on host 172bfe53c091
[2023-12-03T02:55:19.873+0000] {taskinstance.py:1660} INFO - Exporting env vars: AIRFLOW_CTX_DAG_OWNER='***' AIRFLOW_CTX_DAG_ID='Autotrader_ETL_DAG' AIRFLOW_CTX_TASK_ID='extract_listings' AIRFLOW_CTX_EXECUTION_DATE='2023-12-03T02:55:17.807031+00:00' AIRFLOW_CTX_TRY_NUMBER='1' AIRFLOW_CTX_DAG_RUN_ID='manual__2023-12-03T02:55:17.807031+00:00'
[2023-12-03T02:55:21.884+0000] {logging_mixin.py:151} INFO - 1
[2023-12-03T02:55:25.059+0000] {logging_mixin.py:151} INFO - 2
[2023-12-03T02:55:27.907+0000] {logging_mixin.py:151} INFO - 3
[2023-12-03T02:55:30.547+0000] {logging_mixin.py:151} INFO - 4
[2023-12-03T02:55:33.210+0000] {logging_mixin.py:151} INFO - 5
[2023-12-03T02:55:35.980+0000] {logging_mixin.py:151} INFO - 6
[2023-12-03T02:55:38.616+0000] {logging_mixin.py:151} INFO - 7
[2023-12-03T02:55:41.517+0000] {logging_mixin.py:151} INFO - 8
[2023-12-03T02:55:44.148+0000] {logging_mixin.py:151} INFO - 9
[2023-12-03T02:55:47.064+0000] {logging_mixin.py:151} INFO - 10
[2023-12-03T02:55:49.693+0000] {logging_mixin.py:151} INFO - 11
[2023-12-03T02:55:52.337+0000] {logging_mixin.py:151} INFO - 12
[2023-12-03T02:55:56.691+0000] {logging_mixin.py:151} INFO - 13
[2023-12-03T02:56:07.091+0000] {logging_mixin.py:151} INFO - 14
[2023-12-03T02:56:09.847+0000] {logging_mixin.py:151} INFO - 15
[2023-12-03T02:56:12.468+0000] {logging_mixin.py:151} INFO - 16
[2023-12-03T02:56:15.679+0000] {logging_mixin.py:151} INFO - 17
[2023-12-03T02:56:18.513+0000] {logging_mixin.py:151} INFO - 18
[2023-12-03T02:56:25.580+0000] {logging_mixin.py:151} INFO - 19
[2023-12-03T02:56:28.191+0000] {logging_mixin.py:151} INFO - 20
[2023-12-03T02:56:31.227+0000] {logging_mixin.py:151} INFO - 21
[2023-12-03T02:56:33.837+0000] {logging_mixin.py:151} INFO - 22
[2023-12-03T02:56:36.658+0000] {logging_mixin.py:151} INFO - 23
[2023-12-03T02:56:39.174+0000] {logging_mixin.py:151} INFO - 24
[2023-12-03T02:56:41.909+0000] {logging_mixin.py:151} INFO - 25
[2023-12-03T02:56:44.770+0000] {logging_mixin.py:151} INFO - 26
[2023-12-03T02:56:48.299+0000] {logging_mixin.py:151} INFO - 27
[2023-12-03T02:56:50.916+0000] {logging_mixin.py:151} INFO - 28
[2023-12-03T02:56:57.884+0000] {logging_mixin.py:151} INFO - 29
[2023-12-03T02:57:00.749+0000] {logging_mixin.py:151} INFO - 30
[2023-12-03T02:57:03.707+0000] {logging_mixin.py:151} INFO - 31
[2023-12-03T02:57:06.561+0000] {logging_mixin.py:151} INFO - 32
[2023-12-03T02:57:09.214+0000] {logging_mixin.py:151} INFO - 33
[2023-12-03T02:57:12.024+0000] {logging_mixin.py:151} INFO - 34
[2023-12-03T02:57:14.941+0000] {logging_mixin.py:151} INFO - 35
[2023-12-03T02:57:17.718+0000] {logging_mixin.py:151} INFO - 36
[2023-12-03T02:57:20.444+0000] {logging_mixin.py:151} INFO - 37
[2023-12-03T02:57:23.410+0000] {logging_mixin.py:151} INFO - 38
[2023-12-03T02:57:26.791+0000] {logging_mixin.py:151} INFO - 39
[2023-12-03T02:57:30.030+0000] {logging_mixin.py:151} INFO - 40
[2023-12-03T02:57:33.147+0000] {logging_mixin.py:151} INFO - 41
[2023-12-03T02:57:35.955+0000] {logging_mixin.py:151} INFO - 42
[2023-12-03T02:57:38.844+0000] {logging_mixin.py:151} INFO - 43
[2023-12-03T02:57:41.842+0000] {logging_mixin.py:151} INFO - 44
[2023-12-03T02:57:44.474+0000] {logging_mixin.py:151} INFO - 45
[2023-12-03T02:57:47.193+0000] {logging_mixin.py:151} INFO - 46
[2023-12-03T02:57:49.909+0000] {logging_mixin.py:151} INFO - 47
[2023-12-03T02:57:53.498+0000] {logging_mixin.py:151} INFO - 48
[2023-12-03T02:57:56.178+0000] {logging_mixin.py:151} INFO - 49
[2023-12-03T02:57:59.463+0000] {logging_mixin.py:151} INFO - 50
[2023-12-03T02:58:02.665+0000] {logging_mixin.py:151} INFO - 51
[2023-12-03T02:58:05.459+0000] {logging_mixin.py:151} INFO - 52
[2023-12-03T02:58:08.871+0000] {logging_mixin.py:151} INFO - 53
[2023-12-03T02:58:11.628+0000] {logging_mixin.py:151} INFO - 54
[2023-12-03T02:58:14.358+0000] {logging_mixin.py:151} INFO - 55
[2023-12-03T02:58:17.091+0000] {logging_mixin.py:151} INFO - 56
[2023-12-03T02:58:20.274+0000] {logging_mixin.py:151} INFO - 57
[2023-12-03T02:58:23.309+0000] {logging_mixin.py:151} INFO - 58
[2023-12-03T02:58:26.290+0000] {logging_mixin.py:151} INFO - 59
[2023-12-03T02:58:33.074+0000] {logging_mixin.py:151} INFO - 60
[2023-12-03T02:58:36.297+0000] {logging_mixin.py:151} INFO - 61
[2023-12-03T02:58:38.972+0000] {logging_mixin.py:151} INFO - 62
[2023-12-03T02:58:42.142+0000] {logging_mixin.py:151} INFO - 63
[2023-12-03T02:58:44.960+0000] {logging_mixin.py:151} INFO - 64
[2023-12-03T02:58:52.639+0000] {logging_mixin.py:151} INFO - 65
[2023-12-03T02:58:55.743+0000] {logging_mixin.py:151} INFO - 66
[2023-12-03T02:58:58.633+0000] {logging_mixin.py:151} INFO - 67
[2023-12-03T02:59:01.393+0000] {logging_mixin.py:151} INFO - 68
[2023-12-03T02:59:04.098+0000] {logging_mixin.py:151} INFO - 69
[2023-12-03T02:59:07.171+0000] {logging_mixin.py:151} INFO - 70
[2023-12-03T02:59:09.882+0000] {logging_mixin.py:151} INFO - 71
[2023-12-03T02:59:12.647+0000] {logging_mixin.py:151} INFO - 72
[2023-12-03T02:59:15.479+0000] {logging_mixin.py:151} INFO - 73
[2023-12-03T02:59:18.475+0000] {logging_mixin.py:151} INFO - 74
[2023-12-03T02:59:21.520+0000] {logging_mixin.py:151} INFO - 75
[2023-12-03T02:59:24.350+0000] {logging_mixin.py:151} INFO - 76
[2023-12-03T02:59:27.250+0000] {logging_mixin.py:151} INFO - 77
[2023-12-03T02:59:30.061+0000] {logging_mixin.py:151} INFO - 78
[2023-12-03T02:59:33.082+0000] {logging_mixin.py:151} INFO - 79
[2023-12-03T02:59:36.791+0000] {logging_mixin.py:151} INFO - 80
[2023-12-03T02:59:39.568+0000] {logging_mixin.py:151} INFO - 81
[2023-12-03T02:59:50.806+0000] {logging_mixin.py:151} INFO - 82
[2023-12-03T02:59:53.906+0000] {logging_mixin.py:151} INFO - 83
[2023-12-03T02:59:56.554+0000] {logging_mixin.py:151} INFO - 84
[2023-12-03T02:59:59.204+0000] {logging_mixin.py:151} INFO - 85
[2023-12-03T03:00:01.941+0000] {logging_mixin.py:151} INFO - 86
[2023-12-03T03:00:04.901+0000] {logging_mixin.py:151} INFO - 87
[2023-12-03T03:00:07.836+0000] {logging_mixin.py:151} INFO - 88
[2023-12-03T03:00:10.537+0000] {logging_mixin.py:151} INFO - 89
[2023-12-03T03:00:13.193+0000] {logging_mixin.py:151} INFO - 90
[2023-12-03T03:00:23.875+0000] {logging_mixin.py:151} INFO - 91
[2023-12-03T03:00:27.111+0000] {logging_mixin.py:151} INFO - 92
[2023-12-03T03:00:29.852+0000] {logging_mixin.py:151} INFO - 93
[2023-12-03T03:00:32.690+0000] {logging_mixin.py:151} INFO - 94
[2023-12-03T03:00:44.043+0000] {logging_mixin.py:151} INFO - 95
[2023-12-03T03:00:48.577+0000] {logging_mixin.py:151} INFO - 96
[2023-12-03T03:00:51.413+0000] {logging_mixin.py:151} INFO - 97
[2023-12-03T03:00:54.398+0000] {logging_mixin.py:151} INFO - 98
[2023-12-03T03:00:59.878+0000] {logging_mixin.py:151} INFO - 99
[2023-12-03T03:01:03.091+0000] {logging_mixin.py:151} INFO - 100
[2023-12-03T03:01:05.849+0000] {logging_mixin.py:151} INFO - 101
[2023-12-03T03:01:08.755+0000] {logging_mixin.py:151} INFO - 102
[2023-12-03T03:01:11.482+0000] {logging_mixin.py:151} INFO - 103
[2023-12-03T03:01:14.221+0000] {logging_mixin.py:151} INFO - 104
[2023-12-03T03:01:17.065+0000] {logging_mixin.py:151} INFO - 105
[2023-12-03T03:01:19.936+0000] {logging_mixin.py:151} INFO - 106
[2023-12-03T03:01:22.639+0000] {logging_mixin.py:151} INFO - 107
[2023-12-03T03:01:25.346+0000] {logging_mixin.py:151} INFO - 108
[2023-12-03T03:01:29.659+0000] {logging_mixin.py:151} INFO - 109
[2023-12-03T03:01:32.540+0000] {logging_mixin.py:151} INFO - 110
[2023-12-03T03:01:35.105+0000] {logging_mixin.py:151} INFO - 111
[2023-12-03T03:01:37.803+0000] {logging_mixin.py:151} INFO - 112
[2023-12-03T03:01:40.807+0000] {logging_mixin.py:151} INFO - 113
[2023-12-03T03:01:43.499+0000] {logging_mixin.py:151} INFO - 114
[2023-12-03T03:01:47.625+0000] {logging_mixin.py:151} INFO - 115
[2023-12-03T03:01:50.253+0000] {logging_mixin.py:151} INFO - 116
[2023-12-03T03:01:53.173+0000] {logging_mixin.py:151} INFO - 117
[2023-12-03T03:01:55.864+0000] {logging_mixin.py:151} INFO - 118
[2023-12-03T03:01:58.824+0000] {logging_mixin.py:151} INFO - 119
[2023-12-03T03:02:01.479+0000] {logging_mixin.py:151} INFO - 120
[2023-12-03T03:02:04.960+0000] {logging_mixin.py:151} INFO - 121
[2023-12-03T03:02:07.805+0000] {logging_mixin.py:151} INFO - 122
[2023-12-03T03:02:12.338+0000] {logging_mixin.py:151} INFO - 123
[2023-12-03T03:02:15.124+0000] {logging_mixin.py:151} INFO - 124
[2023-12-03T03:02:17.862+0000] {logging_mixin.py:151} INFO - 125
[2023-12-03T03:02:20.916+0000] {logging_mixin.py:151} INFO - 126
[2023-12-03T03:02:24.232+0000] {logging_mixin.py:151} INFO - 127
[2023-12-03T03:02:27.122+0000] {logging_mixin.py:151} INFO - 128
[2023-12-03T03:02:29.838+0000] {logging_mixin.py:151} INFO - 129
[2023-12-03T03:02:32.740+0000] {logging_mixin.py:151} INFO - 130
[2023-12-03T03:02:36.544+0000] {logging_mixin.py:151} INFO - 131
[2023-12-03T03:02:42.161+0000] {logging_mixin.py:151} INFO - 132
[2023-12-03T03:02:45.377+0000] {logging_mixin.py:151} INFO - 133
[2023-12-03T03:02:48.206+0000] {logging_mixin.py:151} INFO - 134
[2023-12-03T03:02:50.981+0000] {logging_mixin.py:151} INFO - 135
[2023-12-03T03:02:54.642+0000] {logging_mixin.py:151} INFO - 136
[2023-12-03T03:02:57.576+0000] {logging_mixin.py:151} INFO - 137
[2023-12-03T03:03:00.827+0000] {logging_mixin.py:151} INFO - 138
[2023-12-03T03:03:10.807+0000] {logging_mixin.py:151} INFO - 139
[2023-12-03T03:03:13.565+0000] {logging_mixin.py:151} INFO - 140
[2023-12-03T03:03:16.580+0000] {logging_mixin.py:151} INFO - 141
[2023-12-03T03:03:19.277+0000] {logging_mixin.py:151} INFO - 142
[2023-12-03T03:03:22.298+0000] {logging_mixin.py:151} INFO - 143
[2023-12-03T03:03:25.139+0000] {logging_mixin.py:151} INFO - 144
[2023-12-03T03:03:28.213+0000] {logging_mixin.py:151} INFO - 145
[2023-12-03T03:03:31.297+0000] {logging_mixin.py:151} INFO - 146
[2023-12-03T03:03:34.260+0000] {logging_mixin.py:151} INFO - 147
[2023-12-03T03:03:36.912+0000] {logging_mixin.py:151} INFO - 148
[2023-12-03T03:03:41.658+0000] {logging_mixin.py:151} INFO - 149
[2023-12-03T03:03:44.277+0000] {logging_mixin.py:151} INFO - 150
[2023-12-03T03:03:48.877+0000] {logging_mixin.py:151} INFO - 151
[2023-12-03T03:03:53.667+0000] {logging_mixin.py:151} INFO - 152
[2023-12-03T03:03:56.495+0000] {logging_mixin.py:151} INFO - 153
[2023-12-03T03:04:02.548+0000] {logging_mixin.py:151} INFO - 154
[2023-12-03T03:04:07.257+0000] {logging_mixin.py:151} INFO - 155
[2023-12-03T03:04:09.978+0000] {logging_mixin.py:151} INFO - 156
[2023-12-03T03:04:14.889+0000] {logging_mixin.py:151} INFO - 157
[2023-12-03T03:04:17.681+0000] {logging_mixin.py:151} INFO - 158
[2023-12-03T03:04:20.374+0000] {logging_mixin.py:151} INFO - 159
[2023-12-03T03:04:23.492+0000] {logging_mixin.py:151} INFO - 160
[2023-12-03T03:04:26.248+0000] {logging_mixin.py:151} INFO - 161
[2023-12-03T03:04:28.994+0000] {logging_mixin.py:151} INFO - 162
[2023-12-03T03:04:31.653+0000] {logging_mixin.py:151} INFO - 163
[2023-12-03T03:04:34.550+0000] {logging_mixin.py:151} INFO - 164
[2023-12-03T03:04:37.240+0000] {logging_mixin.py:151} INFO - 165
[2023-12-03T03:04:39.988+0000] {logging_mixin.py:151} INFO - 166
[2023-12-03T03:04:49.464+0000] {logging_mixin.py:151} INFO - 167
[2023-12-03T03:04:52.291+0000] {logging_mixin.py:151} INFO - 168
[2023-12-03T03:04:54.942+0000] {logging_mixin.py:151} INFO - 169
[2023-12-03T03:04:57.531+0000] {logging_mixin.py:151} INFO - 170
[2023-12-03T03:05:00.225+0000] {logging_mixin.py:151} INFO - 171
[2023-12-03T03:05:03.159+0000] {logging_mixin.py:151} INFO - 172
[2023-12-03T03:05:09.863+0000] {logging_mixin.py:151} INFO - 173
[2023-12-03T03:05:12.552+0000] {logging_mixin.py:151} INFO - 174
[2023-12-03T03:05:15.369+0000] {logging_mixin.py:151} INFO - 175
[2023-12-03T03:05:21.631+0000] {logging_mixin.py:151} INFO - 176
[2023-12-03T03:05:24.415+0000] {logging_mixin.py:151} INFO - 177
[2023-12-03T03:05:27.230+0000] {logging_mixin.py:151} INFO - 178
[2023-12-03T03:05:30.025+0000] {logging_mixin.py:151} INFO - 179
[2023-12-03T03:05:33.089+0000] {logging_mixin.py:151} INFO - 180
[2023-12-03T03:05:36.025+0000] {logging_mixin.py:151} INFO - 181
[2023-12-03T03:05:38.954+0000] {logging_mixin.py:151} INFO - 182
[2023-12-03T03:05:48.075+0000] {logging_mixin.py:151} INFO - 183
[2023-12-03T03:05:50.754+0000] {logging_mixin.py:151} INFO - 184
[2023-12-03T03:05:53.847+0000] {logging_mixin.py:151} INFO - 185
[2023-12-03T03:06:02.668+0000] {logging_mixin.py:151} INFO - 186
[2023-12-03T03:06:05.653+0000] {logging_mixin.py:151} INFO - 187
[2023-12-03T03:06:08.391+0000] {logging_mixin.py:151} INFO - 188
[2023-12-03T03:06:11.317+0000] {logging_mixin.py:151} INFO - 189
[2023-12-03T03:06:14.163+0000] {logging_mixin.py:151} INFO - 190
[2023-12-03T03:06:17.035+0000] {logging_mixin.py:151} INFO - 191
[2023-12-03T03:06:19.700+0000] {logging_mixin.py:151} INFO - 192
[2023-12-03T03:06:22.708+0000] {logging_mixin.py:151} INFO - 193
[2023-12-03T03:06:25.682+0000] {logging_mixin.py:151} INFO - 194
[2023-12-03T03:06:28.410+0000] {logging_mixin.py:151} INFO - 195
[2023-12-03T03:06:31.173+0000] {logging_mixin.py:151} INFO - 196
[2023-12-03T03:06:34.025+0000] {logging_mixin.py:151} INFO - 197
[2023-12-03T03:06:37.292+0000] {logging_mixin.py:151} INFO - 198
[2023-12-03T03:06:39.849+0000] {logging_mixin.py:151} INFO - 199
[2023-12-03T03:06:42.542+0000] {logging_mixin.py:151} INFO - 200
[2023-12-03T03:06:45.207+0000] {logging_mixin.py:151} INFO - 201
[2023-12-03T03:06:48.197+0000] {logging_mixin.py:151} INFO - 202
[2023-12-03T03:06:51.007+0000] {logging_mixin.py:151} INFO - 203
[2023-12-03T03:06:53.807+0000] {logging_mixin.py:151} INFO - 204
[2023-12-03T03:07:01.815+0000] {logging_mixin.py:151} INFO - 205
[2023-12-03T03:07:05.019+0000] {logging_mixin.py:151} INFO - 206
[2023-12-03T03:07:07.709+0000] {logging_mixin.py:151} INFO - 207
[2023-12-03T03:07:10.676+0000] {logging_mixin.py:151} INFO - 208
[2023-12-03T03:07:13.266+0000] {logging_mixin.py:151} INFO - 209
[2023-12-03T03:07:21.097+0000] {logging_mixin.py:151} INFO - 210
[2023-12-03T03:07:24.046+0000] {logging_mixin.py:151} INFO - 211
[2023-12-03T03:07:27.224+0000] {logging_mixin.py:151} INFO - 212
[2023-12-03T03:07:30.368+0000] {logging_mixin.py:151} INFO - 213
[2023-12-03T03:07:36.655+0000] {logging_mixin.py:151} INFO - 214
[2023-12-03T03:07:39.496+0000] {logging_mixin.py:151} INFO - 215
[2023-12-03T03:07:47.179+0000] {logging_mixin.py:151} INFO - 216
[2023-12-03T03:07:50.027+0000] {logging_mixin.py:151} INFO - 217
[2023-12-03T03:07:53.008+0000] {logging_mixin.py:151} INFO - 218
[2023-12-03T03:07:55.980+0000] {logging_mixin.py:151} INFO - 219
[2023-12-03T03:07:58.636+0000] {logging_mixin.py:151} INFO - 220
[2023-12-03T03:08:04.568+0000] {logging_mixin.py:151} INFO - 221
[2023-12-03T03:08:07.355+0000] {logging_mixin.py:151} INFO - 222
[2023-12-03T03:08:10.100+0000] {logging_mixin.py:151} INFO - 223
[2023-12-03T03:08:13.410+0000] {logging_mixin.py:151} INFO - 224
[2023-12-03T03:08:16.068+0000] {logging_mixin.py:151} INFO - 225
[2023-12-03T03:08:18.759+0000] {logging_mixin.py:151} INFO - 226
[2023-12-03T03:08:21.452+0000] {logging_mixin.py:151} INFO - 227
[2023-12-03T03:08:24.694+0000] {logging_mixin.py:151} INFO - 228
[2023-12-03T03:08:27.446+0000] {logging_mixin.py:151} INFO - 229
[2023-12-03T03:08:30.420+0000] {logging_mixin.py:151} INFO - 230
[2023-12-03T03:08:33.433+0000] {logging_mixin.py:151} INFO - 231
[2023-12-03T03:08:36.394+0000] {logging_mixin.py:151} INFO - 232
[2023-12-03T03:08:39.182+0000] {logging_mixin.py:151} INFO - 233
[2023-12-03T03:08:41.925+0000] {logging_mixin.py:151} INFO - 234
[2023-12-03T03:08:44.864+0000] {logging_mixin.py:151} INFO - 235
[2023-12-03T03:08:47.616+0000] {logging_mixin.py:151} INFO - 236
[2023-12-03T03:08:52.507+0000] {logging_mixin.py:151} INFO - 237
[2023-12-03T03:08:55.236+0000] {logging_mixin.py:151} INFO - 238
[2023-12-03T03:08:58.114+0000] {logging_mixin.py:151} INFO - 239
[2023-12-03T03:09:01.083+0000] {logging_mixin.py:151} INFO - 240
[2023-12-03T03:09:04.145+0000] {logging_mixin.py:151} INFO - 241
[2023-12-03T03:09:07.034+0000] {logging_mixin.py:151} INFO - 242
[2023-12-03T03:09:09.858+0000] {logging_mixin.py:151} INFO - 243
[2023-12-03T03:09:12.697+0000] {logging_mixin.py:151} INFO - 244
[2023-12-03T03:09:15.664+0000] {logging_mixin.py:151} INFO - 245
[2023-12-03T03:09:18.590+0000] {logging_mixin.py:151} INFO - 246
[2023-12-03T03:09:21.244+0000] {logging_mixin.py:151} INFO - 247
[2023-12-03T03:09:26.916+0000] {logging_mixin.py:151} INFO - 248
[2023-12-03T03:09:29.763+0000] {logging_mixin.py:151} INFO - 249
[2023-12-03T03:09:33.413+0000] {logging_mixin.py:151} INFO - 250
[2023-12-03T03:09:36.248+0000] {logging_mixin.py:151} INFO - 251
[2023-12-03T03:09:38.994+0000] {logging_mixin.py:151} INFO - 252
[2023-12-03T03:09:41.680+0000] {logging_mixin.py:151} INFO - 253
[2023-12-03T03:09:44.636+0000] {logging_mixin.py:151} INFO - 254
[2023-12-03T03:09:54.032+0000] {logging_mixin.py:151} INFO - 255
[2023-12-03T03:10:02.477+0000] {logging_mixin.py:151} INFO - 256
[2023-12-03T03:10:05.869+0000] {logging_mixin.py:151} INFO - 257
[2023-12-03T03:10:08.877+0000] {logging_mixin.py:151} INFO - 258
[2023-12-03T03:10:11.629+0000] {logging_mixin.py:151} INFO - 259
[2023-12-03T03:10:20.573+0000] {logging_mixin.py:151} INFO - 260
[2023-12-03T03:10:23.208+0000] {logging_mixin.py:151} INFO - 261
[2023-12-03T03:10:26.079+0000] {logging_mixin.py:151} INFO - 262
[2023-12-03T03:10:32.710+0000] {logging_mixin.py:151} INFO - 263
[2023-12-03T03:10:41.766+0000] {logging_mixin.py:151} INFO - 264
[2023-12-03T03:10:45.986+0000] {logging_mixin.py:151} INFO - 265
[2023-12-03T03:10:48.648+0000] {logging_mixin.py:151} INFO - 266
[2023-12-03T03:10:51.720+0000] {logging_mixin.py:151} INFO - 267
[2023-12-03T03:10:54.740+0000] {logging_mixin.py:151} INFO - 268
[2023-12-03T03:10:57.535+0000] {logging_mixin.py:151} INFO - 269
[2023-12-03T03:11:00.218+0000] {logging_mixin.py:151} INFO - 270
[2023-12-03T03:11:03.150+0000] {logging_mixin.py:151} INFO - 271
[2023-12-03T03:11:06.001+0000] {logging_mixin.py:151} INFO - 272
[2023-12-03T03:11:10.375+0000] {logging_mixin.py:151} INFO - 273
[2023-12-03T03:11:12.991+0000] {logging_mixin.py:151} INFO - 274
[2023-12-03T03:11:16.036+0000] {logging_mixin.py:151} INFO - 275
[2023-12-03T03:11:19.043+0000] {logging_mixin.py:151} INFO - 276
[2023-12-03T03:11:21.865+0000] {logging_mixin.py:151} INFO - 277
[2023-12-03T03:11:31.670+0000] {logging_mixin.py:151} INFO - 278
[2023-12-03T03:11:34.289+0000] {logging_mixin.py:151} INFO - 279
[2023-12-03T03:11:37.284+0000] {logging_mixin.py:151} INFO - 280
[2023-12-03T03:11:40.121+0000] {logging_mixin.py:151} INFO - 281
[2023-12-03T03:11:42.833+0000] {logging_mixin.py:151} INFO - 282
[2023-12-03T03:11:52.643+0000] {logging_mixin.py:151} INFO - 283
[2023-12-03T03:11:55.732+0000] {logging_mixin.py:151} INFO - 284
[2023-12-03T03:11:58.356+0000] {logging_mixin.py:151} INFO - 285
[2023-12-03T03:12:01.189+0000] {logging_mixin.py:151} INFO - 286
[2023-12-03T03:12:04.703+0000] {logging_mixin.py:151} INFO - 287
[2023-12-03T03:12:08.019+0000] {logging_mixin.py:151} INFO - 288
[2023-12-03T03:12:10.725+0000] {logging_mixin.py:151} INFO - 289
[2023-12-03T03:12:13.427+0000] {logging_mixin.py:151} INFO - 290
[2023-12-03T03:12:16.323+0000] {logging_mixin.py:151} INFO - 291
[2023-12-03T03:12:19.220+0000] {logging_mixin.py:151} INFO - 292
[2023-12-03T03:12:21.827+0000] {logging_mixin.py:151} INFO - 293
[2023-12-03T03:12:24.418+0000] {logging_mixin.py:151} INFO - 294
[2023-12-03T03:12:27.164+0000] {logging_mixin.py:151} INFO - 295
[2023-12-03T03:12:30.307+0000] {logging_mixin.py:151} INFO - 296
[2023-12-03T03:12:32.937+0000] {logging_mixin.py:151} INFO - 297
[2023-12-03T03:12:35.594+0000] {logging_mixin.py:151} INFO - 298
[2023-12-03T03:12:38.396+0000] {logging_mixin.py:151} INFO - 299
[2023-12-03T03:12:47.875+0000] {logging_mixin.py:151} INFO - 300
[2023-12-03T03:12:50.889+0000] {logging_mixin.py:151} INFO - 301
[2023-12-03T03:12:53.596+0000] {logging_mixin.py:151} INFO - 302
[2023-12-03T03:12:56.522+0000] {logging_mixin.py:151} INFO - 303
[2023-12-03T03:12:59.354+0000] {logging_mixin.py:151} INFO - 304
[2023-12-03T03:13:03.397+0000] {logging_mixin.py:151} INFO - 305
[2023-12-03T03:13:15.779+0000] {logging_mixin.py:151} INFO - 306
[2023-12-03T03:13:18.832+0000] {logging_mixin.py:151} INFO - 307
[2023-12-03T03:13:21.935+0000] {logging_mixin.py:151} INFO - 308
[2023-12-03T03:13:25.154+0000] {logging_mixin.py:151} INFO - 309
[2023-12-03T03:13:33.798+0000] {logging_mixin.py:151} INFO - 310
[2023-12-03T03:13:36.769+0000] {logging_mixin.py:151} INFO - 311
[2023-12-03T03:13:39.375+0000] {logging_mixin.py:151} INFO - 312
[2023-12-03T03:13:42.199+0000] {logging_mixin.py:151} INFO - 313
[2023-12-03T03:13:45.244+0000] {logging_mixin.py:151} INFO - 314
[2023-12-03T03:13:49.701+0000] {logging_mixin.py:151} INFO - 315
[2023-12-03T03:13:53.459+0000] {logging_mixin.py:151} INFO - 316
[2023-12-03T03:13:56.418+0000] {logging_mixin.py:151} INFO - 317
[2023-12-03T03:14:04.136+0000] {logging_mixin.py:151} INFO - 318
[2023-12-03T03:14:07.683+0000] {logging_mixin.py:151} INFO - 319
[2023-12-03T03:14:10.475+0000] {logging_mixin.py:151} INFO - 320
[2023-12-03T03:14:13.264+0000] {logging_mixin.py:151} INFO - 321
[2023-12-03T03:14:16.356+0000] {logging_mixin.py:151} INFO - 322
[2023-12-03T03:14:19.073+0000] {logging_mixin.py:151} INFO - 323
[2023-12-03T03:14:21.845+0000] {logging_mixin.py:151} INFO - 324
[2023-12-03T03:14:25.666+0000] {logging_mixin.py:151} INFO - 325
[2023-12-03T03:14:28.721+0000] {logging_mixin.py:151} INFO - 326
[2023-12-03T03:14:38.103+0000] {logging_mixin.py:151} INFO - 327
[2023-12-03T03:14:40.855+0000] {logging_mixin.py:151} INFO - 328
[2023-12-03T03:14:43.533+0000] {logging_mixin.py:151} INFO - 329
[2023-12-03T03:14:46.292+0000] {logging_mixin.py:151} INFO - 330
[2023-12-03T03:14:49.312+0000] {logging_mixin.py:151} INFO - 331
[2023-12-03T03:14:53.365+0000] {logging_mixin.py:151} INFO - 332
[2023-12-03T03:15:03.184+0000] {logging_mixin.py:151} INFO - 333
[2023-12-03T03:15:12.200+0000] {logging_mixin.py:151} INFO - 334
[2023-12-03T03:15:15.334+0000] {logging_mixin.py:151} INFO - 335
[2023-12-03T03:15:18.175+0000] {logging_mixin.py:151} INFO - 336
[2023-12-03T03:15:21.302+0000] {logging_mixin.py:151} INFO - 337
[2023-12-03T03:15:24.224+0000] {logging_mixin.py:151} INFO - 338
[2023-12-03T03:15:33.441+0000] {logging_mixin.py:151} INFO - 339
[2023-12-03T03:15:36.102+0000] {logging_mixin.py:151} INFO - 340
[2023-12-03T03:15:38.931+0000] {logging_mixin.py:151} INFO - 341
[2023-12-03T03:15:41.630+0000] {logging_mixin.py:151} INFO - 342
[2023-12-03T03:15:55.975+0000] {logging_mixin.py:151} INFO - 343
[2023-12-03T03:15:58.794+0000] {logging_mixin.py:151} INFO - 344
[2023-12-03T03:16:01.457+0000] {logging_mixin.py:151} INFO - 345
[2023-12-03T03:16:08.918+0000] {logging_mixin.py:151} INFO - 346
[2023-12-03T03:16:14.295+0000] {logging_mixin.py:151} INFO - 347
[2023-12-03T03:16:17.148+0000] {logging_mixin.py:151} INFO - 348
[2023-12-03T03:16:27.160+0000] {logging_mixin.py:151} INFO - 349
[2023-12-03T03:16:29.916+0000] {logging_mixin.py:151} INFO - 350
[2023-12-03T03:16:32.718+0000] {logging_mixin.py:151} INFO - 351
[2023-12-03T03:16:35.647+0000] {logging_mixin.py:151} INFO - 352
[2023-12-03T03:16:48.968+0000] {python.py:194} INFO - Done. Returned value was: Error loading page with status code 500
[2023-12-03T03:16:48.976+0000] {xcom.py:661} ERROR - Object of type Exception is not JSON serializable. If you are using pickle instead of JSON for XCom, then you need to enable pickle support for XCom in your *** config or make sure to decorate your object with attr.
[2023-12-03T03:16:48.978+0000] {taskinstance.py:1943} ERROR - Task failed with exception
Traceback (most recent call last):
  File "/home/airflow/.local/lib/python3.8/site-packages/airflow/utils/json.py", line 91, in default
    return serialize(o)
  File "/home/airflow/.local/lib/python3.8/site-packages/airflow/serialization/serde.py", line 178, in serialize
    raise TypeError(f"cannot serialize object of type {cls}")
TypeError: cannot serialize object of type <class 'Exception'>

During handling of the above exception, another exception occurred:

Traceback (most recent call last):
  File "/home/airflow/.local/lib/python3.8/site-packages/airflow/utils/session.py", line 74, in wrapper
    return func(*args, **kwargs)
  File "/home/airflow/.local/lib/python3.8/site-packages/airflow/models/taskinstance.py", line 2485, in xcom_push
    XCom.set(
  File "/home/airflow/.local/lib/python3.8/site-packages/airflow/utils/session.py", line 74, in wrapper
    return func(*args, **kwargs)
  File "/home/airflow/.local/lib/python3.8/site-packages/airflow/models/xcom.py", line 244, in set
    value = cls.serialize_value(
  File "/home/airflow/.local/lib/python3.8/site-packages/airflow/models/xcom.py", line 659, in serialize_value
    return json.dumps(value, cls=XComEncoder).encode("UTF-8")
  File "/usr/local/lib/python3.8/json/__init__.py", line 234, in dumps
    return cls(
  File "/home/airflow/.local/lib/python3.8/site-packages/airflow/utils/json.py", line 104, in encode
    return super().encode(o)
  File "/usr/local/lib/python3.8/json/encoder.py", line 199, in encode
    chunks = self.iterencode(o, _one_shot=True)
  File "/usr/local/lib/python3.8/json/encoder.py", line 257, in iterencode
    return _iterencode(o, 0)
  File "/home/airflow/.local/lib/python3.8/site-packages/airflow/utils/json.py", line 93, in default
    return super().default(o)
  File "/usr/local/lib/python3.8/json/encoder.py", line 179, in default
    raise TypeError(f'Object of type {o.__class__.__name__} '
TypeError: Object of type Exception is not JSON serializable
[2023-12-03T03:16:48.986+0000] {taskinstance.py:1400} INFO - Marking task as FAILED. dag_id=Autotrader_ETL_DAG, task_id=extract_listings, execution_date=20231203T025517, start_date=20231203T025519, end_date=20231203T031648
[2023-12-03T03:16:48.998+0000] {standard_task_runner.py:104} ERROR - Failed to execute job 1404 for task extract_listings (Object of type Exception is not JSON serializable; 1963)
[2023-12-03T03:16:49.022+0000] {local_task_job_runner.py:228} INFO - Task exited with return code 1
[2023-12-03T03:16:49.047+0000] {taskinstance.py:2784} INFO - 0 downstream tasks scheduled from follow-on schedule check
