[2023-09-06T12:00:42.808+0000] {logging_mixin.py:151} INFO - Changing /opt/***/logs/dag_id=Autotrader_ETL_DAG/run_id=scheduled__2023-09-05T00:00:00+00:00/task_id=insert_raw_data_into_listings_raw permission to 509
[2023-09-06T12:00:42.809+0000] {logging_mixin.py:151} INFO - Failed to change /opt/***/logs/dag_id=Autotrader_ETL_DAG/run_id=scheduled__2023-09-05T00:00:00+00:00/task_id=insert_raw_data_into_listings_raw permission to 509: [Errno 1] Operation not permitted: '/opt/***/logs/dag_id=Autotrader_ETL_DAG/run_id=scheduled__2023-09-05T00:00:00+00:00/task_id=insert_raw_data_into_listings_raw'
[2023-09-06T12:00:42.843+0000] {logging_mixin.py:151} INFO - Changing /opt/***/logs/dag_id=Autotrader_ETL_DAG/run_id=scheduled__2023-09-05T00:00:00+00:00/task_id=insert_raw_data_into_listings_raw permission to 509
[2023-09-06T12:00:42.844+0000] {logging_mixin.py:151} INFO - Failed to change /opt/***/logs/dag_id=Autotrader_ETL_DAG/run_id=scheduled__2023-09-05T00:00:00+00:00/task_id=insert_raw_data_into_listings_raw permission to 509: [Errno 1] Operation not permitted: '/opt/***/logs/dag_id=Autotrader_ETL_DAG/run_id=scheduled__2023-09-05T00:00:00+00:00/task_id=insert_raw_data_into_listings_raw'
[2023-09-06T12:00:42.870+0000] {taskinstance.py:1159} INFO - Dependencies all met for dep_context=non-requeueable deps ti=<TaskInstance: Autotrader_ETL_DAG.insert_raw_data_into_listings_raw scheduled__2023-09-05T00:00:00+00:00 [queued]>
[2023-09-06T12:00:42.881+0000] {taskinstance.py:1159} INFO - Dependencies all met for dep_context=requeueable deps ti=<TaskInstance: Autotrader_ETL_DAG.insert_raw_data_into_listings_raw scheduled__2023-09-05T00:00:00+00:00 [queued]>
[2023-09-06T12:00:42.882+0000] {taskinstance.py:1361} INFO - Starting attempt 1 of 2
[2023-09-06T12:00:42.898+0000] {taskinstance.py:1382} INFO - Executing <Task(GCSToBigQueryOperator): insert_raw_data_into_listings_raw> on 2023-09-05 00:00:00+00:00
[2023-09-06T12:00:42.906+0000] {standard_task_runner.py:57} INFO - Started process 215 to run task
[2023-09-06T12:00:42.910+0000] {standard_task_runner.py:84} INFO - Running: ['***', 'tasks', 'run', 'Autotrader_ETL_DAG', 'insert_raw_data_into_listings_raw', 'scheduled__2023-09-05T00:00:00+00:00', '--job-id', '438', '--raw', '--subdir', 'DAGS_FOLDER/autotrader_etl.py', '--cfg-path', '/tmp/tmp3duloqzk']
[2023-09-06T12:00:42.913+0000] {standard_task_runner.py:85} INFO - Job 438: Subtask insert_raw_data_into_listings_raw
[2023-09-06T12:00:42.968+0000] {logging_mixin.py:151} INFO - Changing /opt/***/logs/dag_id=Autotrader_ETL_DAG/run_id=scheduled__2023-09-05T00:00:00+00:00/task_id=insert_raw_data_into_listings_raw permission to 509
[2023-09-06T12:00:42.968+0000] {logging_mixin.py:151} INFO - Failed to change /opt/***/logs/dag_id=Autotrader_ETL_DAG/run_id=scheduled__2023-09-05T00:00:00+00:00/task_id=insert_raw_data_into_listings_raw permission to 509: [Errno 1] Operation not permitted: '/opt/***/logs/dag_id=Autotrader_ETL_DAG/run_id=scheduled__2023-09-05T00:00:00+00:00/task_id=insert_raw_data_into_listings_raw'
[2023-09-06T12:00:42.971+0000] {task_command.py:415} INFO - Running <TaskInstance: Autotrader_ETL_DAG.insert_raw_data_into_listings_raw scheduled__2023-09-05T00:00:00+00:00 [running]> on host 412bb32711f9
[2023-09-06T12:00:43.065+0000] {taskinstance.py:1660} INFO - Exporting env vars: AIRFLOW_CTX_DAG_OWNER='***' AIRFLOW_CTX_DAG_ID='Autotrader_ETL_DAG' AIRFLOW_CTX_TASK_ID='insert_raw_data_into_listings_raw' AIRFLOW_CTX_EXECUTION_DATE='2023-09-05T00:00:00+00:00' AIRFLOW_CTX_TRY_NUMBER='1' AIRFLOW_CTX_DAG_RUN_ID='scheduled__2023-09-05T00:00:00+00:00'
[2023-09-06T12:00:43.077+0000] {connection.py:232} WARNING - Connection schemes (type: google_cloud_platform) shall not contain '_' according to RFC3986.
[2023-09-06T12:00:43.081+0000] {base.py:73} INFO - Using connection ID 'google_cloud' for task execution.
[2023-09-06T12:00:43.083+0000] {gcs_to_bigquery.py:375} INFO - Using existing BigQuery table for storing data...
[2023-09-06T12:00:43.129+0000] {gcs_to_bigquery.py:379} INFO - Executing: {'load': {'autodetect': True, 'createDisposition': 'CREATE_IF_NEEDED', 'destinationTable': {'projectId': 'autotrader-toyota-dashboard', 'datasetId': 'autotrader_staging', 'tableId': 'listings_raw'}, 'sourceFormat': 'NEWLINE_DELIMITED_JSON', 'sourceUris': ['gs://autotrader-raw/autotrader-raw-2023-09-06.json'], 'writeDisposition': 'WRITE_TRUNCATE', 'ignoreUnknownValues': False, 'schema': {'fields': [{'name': 'price', 'type': 'STRING'}, {'name': 'odometer', 'type': 'STRING'}, {'name': 'year', 'type': 'STRING'}, {'name': 'model', 'type': 'STRING'}, {'name': 'type', 'type': 'STRING'}, {'name': 'suburb', 'type': 'STRING'}, {'name': 'state', 'type': 'STRING'}]}}}
[2023-09-06T12:00:43.131+0000] {bigquery.py:1596} INFO - Inserting job ***_Autotrader_ETL_DAG_insert_raw_data_into_listings_raw_2023_09_05T00_00_00_00_00_63e56754e4fa9f5f25847654a497b504
[2023-09-06T12:00:47.096+0000] {taskinstance.py:1400} INFO - Marking task as SUCCESS. dag_id=Autotrader_ETL_DAG, task_id=insert_raw_data_into_listings_raw, execution_date=20230905T000000, start_date=20230906T120042, end_date=20230906T120047
[2023-09-06T12:00:47.176+0000] {local_task_job_runner.py:228} INFO - Task exited with return code 0
[2023-09-06T12:00:47.224+0000] {taskinstance.py:2784} INFO - 1 downstream tasks scheduled from follow-on schedule check
