[2023-09-03T09:37:59.803+0000] {logging_mixin.py:151} INFO - Changing /opt/***/logs/dag_id=Autotrader_ETL_DAG/run_id=manual__2023-09-03T09:37:12.580315+00:00/task_id=insert_into_car_dim permission to 509
[2023-09-03T09:37:59.805+0000] {logging_mixin.py:151} INFO - Failed to change /opt/***/logs/dag_id=Autotrader_ETL_DAG/run_id=manual__2023-09-03T09:37:12.580315+00:00/task_id=insert_into_car_dim permission to 509: [Errno 1] Operation not permitted: '/opt/***/logs/dag_id=Autotrader_ETL_DAG/run_id=manual__2023-09-03T09:37:12.580315+00:00/task_id=insert_into_car_dim'
[2023-09-03T09:37:59.842+0000] {logging_mixin.py:151} INFO - Changing /opt/***/logs/dag_id=Autotrader_ETL_DAG/run_id=manual__2023-09-03T09:37:12.580315+00:00/task_id=insert_into_car_dim permission to 509
[2023-09-03T09:37:59.843+0000] {logging_mixin.py:151} INFO - Failed to change /opt/***/logs/dag_id=Autotrader_ETL_DAG/run_id=manual__2023-09-03T09:37:12.580315+00:00/task_id=insert_into_car_dim permission to 509: [Errno 1] Operation not permitted: '/opt/***/logs/dag_id=Autotrader_ETL_DAG/run_id=manual__2023-09-03T09:37:12.580315+00:00/task_id=insert_into_car_dim'
[2023-09-03T09:37:59.874+0000] {taskinstance.py:1159} INFO - Dependencies all met for dep_context=non-requeueable deps ti=<TaskInstance: Autotrader_ETL_DAG.insert_into_car_dim manual__2023-09-03T09:37:12.580315+00:00 [queued]>
[2023-09-03T09:37:59.888+0000] {taskinstance.py:1159} INFO - Dependencies all met for dep_context=requeueable deps ti=<TaskInstance: Autotrader_ETL_DAG.insert_into_car_dim manual__2023-09-03T09:37:12.580315+00:00 [queued]>
[2023-09-03T09:37:59.889+0000] {taskinstance.py:1361} INFO - Starting attempt 1 of 2
[2023-09-03T09:37:59.902+0000] {taskinstance.py:1382} INFO - Executing <Task(BigQueryExecuteQueryOperator): insert_into_car_dim> on 2023-09-03 09:37:12.580315+00:00
[2023-09-03T09:37:59.910+0000] {standard_task_runner.py:57} INFO - Started process 4370 to run task
[2023-09-03T09:37:59.912+0000] {standard_task_runner.py:84} INFO - Running: ['***', 'tasks', 'run', 'Autotrader_ETL_DAG', 'insert_into_car_dim', 'manual__2023-09-03T09:37:12.580315+00:00', '--job-id', '289', '--raw', '--subdir', 'DAGS_FOLDER/autotrader_etl.py', '--cfg-path', '/tmp/tmp97upq3tt']
[2023-09-03T09:37:59.914+0000] {standard_task_runner.py:85} INFO - Job 289: Subtask insert_into_car_dim
[2023-09-03T09:37:59.962+0000] {logging_mixin.py:151} INFO - Changing /opt/***/logs/dag_id=Autotrader_ETL_DAG/run_id=manual__2023-09-03T09:37:12.580315+00:00/task_id=insert_into_car_dim permission to 509
[2023-09-03T09:37:59.963+0000] {logging_mixin.py:151} INFO - Failed to change /opt/***/logs/dag_id=Autotrader_ETL_DAG/run_id=manual__2023-09-03T09:37:12.580315+00:00/task_id=insert_into_car_dim permission to 509: [Errno 1] Operation not permitted: '/opt/***/logs/dag_id=Autotrader_ETL_DAG/run_id=manual__2023-09-03T09:37:12.580315+00:00/task_id=insert_into_car_dim'
[2023-09-03T09:37:59.965+0000] {task_command.py:415} INFO - Running <TaskInstance: Autotrader_ETL_DAG.insert_into_car_dim manual__2023-09-03T09:37:12.580315+00:00 [running]> on host 1a0e8b05e04d
[2023-09-03T09:38:00.060+0000] {taskinstance.py:1660} INFO - Exporting env vars: AIRFLOW_CTX_DAG_OWNER='***' AIRFLOW_CTX_DAG_ID='Autotrader_ETL_DAG' AIRFLOW_CTX_TASK_ID='insert_into_car_dim' AIRFLOW_CTX_EXECUTION_DATE='2023-09-03T09:37:12.580315+00:00' AIRFLOW_CTX_TRY_NUMBER='1' AIRFLOW_CTX_DAG_RUN_ID='manual__2023-09-03T09:37:12.580315+00:00'
[2023-09-03T09:38:00.063+0000] {bigquery.py:1234} INFO - Executing: INSERT INTO autotrader-toyota-dashboard.autotrader_transformed.car_dim (car_key, year, model, type)
        SELECT
        ROW_NUMBER() OVER () as car_key,
        year,
        model,
        type
        FROM (
        SELECT 
        DISTINCT
        year,
        model,
        type
        FROM
        autotrader-toyota-dashboard.autotrader_staging.listings_raw
        );
[2023-09-03T09:38:00.073+0000] {connection.py:232} WARNING - Connection schemes (type: google_cloud_platform) shall not contain '_' according to RFC3986.
[2023-09-03T09:38:00.077+0000] {base.py:73} INFO - Using connection ID 'google_cloud' for task execution.
[2023-09-03T09:38:00.084+0000] {logging_mixin.py:151} WARNING - /home/***/.local/lib/python3.8/site-packages/***/providers/google/cloud/hooks/bigquery.py:2109 AirflowProviderDeprecationWarning: This method is deprecated. Please use `BigQueryHook.insert_job` method.
[2023-09-03T09:38:00.131+0000] {bigquery.py:1596} INFO - Inserting job ***_1693733880130845_8c6567ea274b8a72d50d7acd6e8fd2c2
[2023-09-03T09:38:02.903+0000] {taskinstance.py:1400} INFO - Marking task as SUCCESS. dag_id=Autotrader_ETL_DAG, task_id=insert_into_car_dim, execution_date=20230903T093712, start_date=20230903T093759, end_date=20230903T093802
[2023-09-03T09:38:02.938+0000] {local_task_job_runner.py:228} INFO - Task exited with return code 0
[2023-09-03T09:38:02.970+0000] {taskinstance.py:2784} INFO - 1 downstream tasks scheduled from follow-on schedule check
