[2023-09-06T12:27:36.620+0000] {logging_mixin.py:151} INFO - Changing /opt/***/logs/dag_id=Autotrader_ETL_DAG/run_id=manual__2023-09-06T12:24:15.175621+00:00/task_id=uppercase_columns permission to 509
[2023-09-06T12:27:36.621+0000] {logging_mixin.py:151} INFO - Failed to change /opt/***/logs/dag_id=Autotrader_ETL_DAG/run_id=manual__2023-09-06T12:24:15.175621+00:00/task_id=uppercase_columns permission to 509: [Errno 1] Operation not permitted: '/opt/***/logs/dag_id=Autotrader_ETL_DAG/run_id=manual__2023-09-06T12:24:15.175621+00:00/task_id=uppercase_columns'
[2023-09-06T12:27:36.647+0000] {logging_mixin.py:151} INFO - Changing /opt/***/logs/dag_id=Autotrader_ETL_DAG/run_id=manual__2023-09-06T12:24:15.175621+00:00/task_id=uppercase_columns permission to 509
[2023-09-06T12:27:36.648+0000] {logging_mixin.py:151} INFO - Failed to change /opt/***/logs/dag_id=Autotrader_ETL_DAG/run_id=manual__2023-09-06T12:24:15.175621+00:00/task_id=uppercase_columns permission to 509: [Errno 1] Operation not permitted: '/opt/***/logs/dag_id=Autotrader_ETL_DAG/run_id=manual__2023-09-06T12:24:15.175621+00:00/task_id=uppercase_columns'
[2023-09-06T12:27:36.672+0000] {taskinstance.py:1159} INFO - Dependencies all met for dep_context=non-requeueable deps ti=<TaskInstance: Autotrader_ETL_DAG.uppercase_columns manual__2023-09-06T12:24:15.175621+00:00 [queued]>
[2023-09-06T12:27:36.680+0000] {taskinstance.py:1159} INFO - Dependencies all met for dep_context=requeueable deps ti=<TaskInstance: Autotrader_ETL_DAG.uppercase_columns manual__2023-09-06T12:24:15.175621+00:00 [queued]>
[2023-09-06T12:27:36.681+0000] {taskinstance.py:1361} INFO - Starting attempt 1 of 2
[2023-09-06T12:27:36.692+0000] {taskinstance.py:1382} INFO - Executing <Task(BigQueryExecuteQueryOperator): uppercase_columns> on 2023-09-06 12:24:15.175621+00:00
[2023-09-06T12:27:36.699+0000] {standard_task_runner.py:57} INFO - Started process 572 to run task
[2023-09-06T12:27:36.701+0000] {standard_task_runner.py:84} INFO - Running: ['***', 'tasks', 'run', 'Autotrader_ETL_DAG', 'uppercase_columns', 'manual__2023-09-06T12:24:15.175621+00:00', '--job-id', '456', '--raw', '--subdir', 'DAGS_FOLDER/autotrader_etl.py', '--cfg-path', '/tmp/tmp7_nsim_c']
[2023-09-06T12:27:36.703+0000] {standard_task_runner.py:85} INFO - Job 456: Subtask uppercase_columns
[2023-09-06T12:27:36.741+0000] {logging_mixin.py:151} INFO - Changing /opt/***/logs/dag_id=Autotrader_ETL_DAG/run_id=manual__2023-09-06T12:24:15.175621+00:00/task_id=uppercase_columns permission to 509
[2023-09-06T12:27:36.741+0000] {logging_mixin.py:151} INFO - Failed to change /opt/***/logs/dag_id=Autotrader_ETL_DAG/run_id=manual__2023-09-06T12:24:15.175621+00:00/task_id=uppercase_columns permission to 509: [Errno 1] Operation not permitted: '/opt/***/logs/dag_id=Autotrader_ETL_DAG/run_id=manual__2023-09-06T12:24:15.175621+00:00/task_id=uppercase_columns'
[2023-09-06T12:27:36.743+0000] {task_command.py:415} INFO - Running <TaskInstance: Autotrader_ETL_DAG.uppercase_columns manual__2023-09-06T12:24:15.175621+00:00 [running]> on host 412bb32711f9
[2023-09-06T12:27:36.810+0000] {taskinstance.py:1660} INFO - Exporting env vars: AIRFLOW_CTX_DAG_OWNER='***' AIRFLOW_CTX_DAG_ID='Autotrader_ETL_DAG' AIRFLOW_CTX_TASK_ID='uppercase_columns' AIRFLOW_CTX_EXECUTION_DATE='2023-09-06T12:24:15.175621+00:00' AIRFLOW_CTX_TRY_NUMBER='1' AIRFLOW_CTX_DAG_RUN_ID='manual__2023-09-06T12:24:15.175621+00:00'
[2023-09-06T12:27:36.811+0000] {bigquery.py:1234} INFO - Executing: UPDATE autotrader-toyota-dashboard.autotrader_staging.listings_raw
        SET car_model = UPPER(car_model),
        type = UPPER(type),
        suburb = UPPER(suburb)
        WHERE car_model IN (
        SELECT
        car_model
        FROM autotrader-toyota-dashboard.autotrader_staging.listings_raw
        )
        AND type IN (
        SELECT
        type
        FROM autotrader-toyota-dashboard.autotrader_staging.listings_raw
        )
        AND suburb IN (
        SELECT
        suburb
        FROM autotrader-toyota-dashboard.autotrader_staging.listings_raw
        );
[2023-09-06T12:27:36.820+0000] {connection.py:232} WARNING - Connection schemes (type: google_cloud_platform) shall not contain '_' according to RFC3986.
[2023-09-06T12:27:36.824+0000] {base.py:73} INFO - Using connection ID 'google_cloud' for task execution.
[2023-09-06T12:27:36.830+0000] {logging_mixin.py:151} WARNING - /home/***/.local/lib/python3.8/site-packages/***/providers/google/cloud/hooks/bigquery.py:2109 AirflowProviderDeprecationWarning: This method is deprecated. Please use `BigQueryHook.insert_job` method.
[2023-09-06T12:27:36.866+0000] {bigquery.py:1596} INFO - Inserting job ***_1694003256866171_7a26a82bef696f193e5a8e363d59d201
[2023-09-06T12:27:39.888+0000] {taskinstance.py:1400} INFO - Marking task as SUCCESS. dag_id=Autotrader_ETL_DAG, task_id=uppercase_columns, execution_date=20230906T122415, start_date=20230906T122736, end_date=20230906T122739
[2023-09-06T12:27:39.936+0000] {local_task_job_runner.py:228} INFO - Task exited with return code 0
[2023-09-06T12:27:39.964+0000] {taskinstance.py:2784} INFO - 1 downstream tasks scheduled from follow-on schedule check
