[2023-09-12T12:35:05.448+0000] {logging_mixin.py:151} INFO - Changing /opt/***/logs/dag_id=Autotrader_ETL_DAG/run_id=manual__2023-09-12T12:26:33.409550+00:00/task_id=create_australian_suburbs_table permission to 509
[2023-09-12T12:35:05.449+0000] {logging_mixin.py:151} INFO - Failed to change /opt/***/logs/dag_id=Autotrader_ETL_DAG/run_id=manual__2023-09-12T12:26:33.409550+00:00/task_id=create_australian_suburbs_table permission to 509: [Errno 1] Operation not permitted: '/opt/***/logs/dag_id=Autotrader_ETL_DAG/run_id=manual__2023-09-12T12:26:33.409550+00:00/task_id=create_australian_suburbs_table'
[2023-09-12T12:35:05.488+0000] {logging_mixin.py:151} INFO - Changing /opt/***/logs/dag_id=Autotrader_ETL_DAG/run_id=manual__2023-09-12T12:26:33.409550+00:00/task_id=create_australian_suburbs_table permission to 509
[2023-09-12T12:35:05.490+0000] {logging_mixin.py:151} INFO - Failed to change /opt/***/logs/dag_id=Autotrader_ETL_DAG/run_id=manual__2023-09-12T12:26:33.409550+00:00/task_id=create_australian_suburbs_table permission to 509: [Errno 1] Operation not permitted: '/opt/***/logs/dag_id=Autotrader_ETL_DAG/run_id=manual__2023-09-12T12:26:33.409550+00:00/task_id=create_australian_suburbs_table'
[2023-09-12T12:35:05.519+0000] {taskinstance.py:1159} INFO - Dependencies all met for dep_context=non-requeueable deps ti=<TaskInstance: Autotrader_ETL_DAG.create_australian_suburbs_table manual__2023-09-12T12:26:33.409550+00:00 [queued]>
[2023-09-12T12:35:05.529+0000] {taskinstance.py:1159} INFO - Dependencies all met for dep_context=requeueable deps ti=<TaskInstance: Autotrader_ETL_DAG.create_australian_suburbs_table manual__2023-09-12T12:26:33.409550+00:00 [queued]>
[2023-09-12T12:35:05.530+0000] {taskinstance.py:1361} INFO - Starting attempt 1 of 2
[2023-09-12T12:35:05.545+0000] {taskinstance.py:1382} INFO - Executing <Task(BigQueryCreateEmptyTableOperator): create_australian_suburbs_table> on 2023-09-12 12:26:33.409550+00:00
[2023-09-12T12:35:05.553+0000] {standard_task_runner.py:57} INFO - Started process 469 to run task
[2023-09-12T12:35:05.555+0000] {standard_task_runner.py:84} INFO - Running: ['***', 'tasks', 'run', 'Autotrader_ETL_DAG', 'create_australian_suburbs_table', 'manual__2023-09-12T12:26:33.409550+00:00', '--job-id', '655', '--raw', '--subdir', 'DAGS_FOLDER/autotrader_etl.py', '--cfg-path', '/tmp/tmpqjguv19x']
[2023-09-12T12:35:05.559+0000] {standard_task_runner.py:85} INFO - Job 655: Subtask create_australian_suburbs_table
[2023-09-12T12:35:05.606+0000] {logging_mixin.py:151} INFO - Changing /opt/***/logs/dag_id=Autotrader_ETL_DAG/run_id=manual__2023-09-12T12:26:33.409550+00:00/task_id=create_australian_suburbs_table permission to 509
[2023-09-12T12:35:05.607+0000] {logging_mixin.py:151} INFO - Failed to change /opt/***/logs/dag_id=Autotrader_ETL_DAG/run_id=manual__2023-09-12T12:26:33.409550+00:00/task_id=create_australian_suburbs_table permission to 509: [Errno 1] Operation not permitted: '/opt/***/logs/dag_id=Autotrader_ETL_DAG/run_id=manual__2023-09-12T12:26:33.409550+00:00/task_id=create_australian_suburbs_table'
[2023-09-12T12:35:05.609+0000] {task_command.py:415} INFO - Running <TaskInstance: Autotrader_ETL_DAG.create_australian_suburbs_table manual__2023-09-12T12:26:33.409550+00:00 [running]> on host 412bb32711f9
[2023-09-12T12:35:05.728+0000] {taskinstance.py:1660} INFO - Exporting env vars: AIRFLOW_CTX_DAG_OWNER='***' AIRFLOW_CTX_DAG_ID='Autotrader_ETL_DAG' AIRFLOW_CTX_TASK_ID='create_australian_suburbs_table' AIRFLOW_CTX_EXECUTION_DATE='2023-09-12T12:26:33.409550+00:00' AIRFLOW_CTX_TRY_NUMBER='1' AIRFLOW_CTX_DAG_RUN_ID='manual__2023-09-12T12:26:33.409550+00:00'
[2023-09-12T12:35:05.747+0000] {connection.py:232} WARNING - Connection schemes (type: google_cloud_platform) shall not contain '_' according to RFC3986.
[2023-09-12T12:35:05.756+0000] {base.py:73} INFO - Using connection ID 'google_cloud' for task execution.
[2023-09-12T12:35:05.757+0000] {bigquery.py:1507} INFO - Creating table
[2023-09-12T12:35:06.908+0000] {bigquery.py:1535} INFO - Table autotrader_staging.australian_suburbs already exists.
[2023-09-12T12:35:06.954+0000] {taskinstance.py:1400} INFO - Marking task as SUCCESS. dag_id=Autotrader_ETL_DAG, task_id=create_australian_suburbs_table, execution_date=20230912T122633, start_date=20230912T123505, end_date=20230912T123506
[2023-09-12T12:35:07.013+0000] {local_task_job_runner.py:228} INFO - Task exited with return code 0
[2023-09-12T12:35:07.054+0000] {taskinstance.py:2784} INFO - 0 downstream tasks scheduled from follow-on schedule check
