[2023-08-31T00:50:53.860+0000] {logging_mixin.py:151} INFO - Changing /opt/***/logs/dag_id=Autotrader_ETL_DAG/run_id=manual__2023-08-31T00:50:19.689294+00:00/task_id=extract_listings permission to 509
[2023-08-31T00:50:53.861+0000] {logging_mixin.py:151} INFO - Failed to change /opt/***/logs/dag_id=Autotrader_ETL_DAG/run_id=manual__2023-08-31T00:50:19.689294+00:00/task_id=extract_listings permission to 509: [Errno 1] Operation not permitted: '/opt/***/logs/dag_id=Autotrader_ETL_DAG/run_id=manual__2023-08-31T00:50:19.689294+00:00/task_id=extract_listings'
[2023-08-31T00:50:53.902+0000] {logging_mixin.py:151} INFO - Changing /opt/***/logs/dag_id=Autotrader_ETL_DAG/run_id=manual__2023-08-31T00:50:19.689294+00:00/task_id=extract_listings permission to 509
[2023-08-31T00:50:53.903+0000] {logging_mixin.py:151} INFO - Failed to change /opt/***/logs/dag_id=Autotrader_ETL_DAG/run_id=manual__2023-08-31T00:50:19.689294+00:00/task_id=extract_listings permission to 509: [Errno 1] Operation not permitted: '/opt/***/logs/dag_id=Autotrader_ETL_DAG/run_id=manual__2023-08-31T00:50:19.689294+00:00/task_id=extract_listings'
[2023-08-31T00:50:53.943+0000] {taskinstance.py:1159} INFO - Dependencies all met for dep_context=non-requeueable deps ti=<TaskInstance: Autotrader_ETL_DAG.extract_listings manual__2023-08-31T00:50:19.689294+00:00 [queued]>
[2023-08-31T00:50:53.953+0000] {taskinstance.py:1159} INFO - Dependencies all met for dep_context=requeueable deps ti=<TaskInstance: Autotrader_ETL_DAG.extract_listings manual__2023-08-31T00:50:19.689294+00:00 [queued]>
[2023-08-31T00:50:53.953+0000] {taskinstance.py:1361} INFO - Starting attempt 2 of 2
[2023-08-31T00:50:53.971+0000] {taskinstance.py:1382} INFO - Executing <Task(PythonOperator): extract_listings> on 2023-08-31 00:50:19.689294+00:00
[2023-08-31T00:50:53.977+0000] {standard_task_runner.py:57} INFO - Started process 189 to run task
[2023-08-31T00:50:53.979+0000] {standard_task_runner.py:84} INFO - Running: ['***', 'tasks', 'run', 'Autotrader_ETL_DAG', 'extract_listings', 'manual__2023-08-31T00:50:19.689294+00:00', '--job-id', '86', '--raw', '--subdir', 'DAGS_FOLDER/autotrader_etl.py', '--cfg-path', '/tmp/tmppozxa0_9']
[2023-08-31T00:50:53.982+0000] {standard_task_runner.py:85} INFO - Job 86: Subtask extract_listings
[2023-08-31T00:50:54.032+0000] {logging_mixin.py:151} INFO - Changing /opt/***/logs/dag_id=Autotrader_ETL_DAG/run_id=manual__2023-08-31T00:50:19.689294+00:00/task_id=extract_listings permission to 509
[2023-08-31T00:50:54.032+0000] {logging_mixin.py:151} INFO - Failed to change /opt/***/logs/dag_id=Autotrader_ETL_DAG/run_id=manual__2023-08-31T00:50:19.689294+00:00/task_id=extract_listings permission to 509: [Errno 1] Operation not permitted: '/opt/***/logs/dag_id=Autotrader_ETL_DAG/run_id=manual__2023-08-31T00:50:19.689294+00:00/task_id=extract_listings'
[2023-08-31T00:50:54.035+0000] {task_command.py:415} INFO - Running <TaskInstance: Autotrader_ETL_DAG.extract_listings manual__2023-08-31T00:50:19.689294+00:00 [running]> on host 497a22575069
[2023-08-31T00:50:54.122+0000] {taskinstance.py:1660} INFO - Exporting env vars: AIRFLOW_CTX_DAG_OWNER='***' AIRFLOW_CTX_DAG_ID='Autotrader_ETL_DAG' AIRFLOW_CTX_TASK_ID='extract_listings' AIRFLOW_CTX_EXECUTION_DATE='2023-08-31T00:50:19.689294+00:00' AIRFLOW_CTX_TRY_NUMBER='2' AIRFLOW_CTX_DAG_RUN_ID='manual__2023-08-31T00:50:19.689294+00:00'
[2023-08-31T00:50:54.128+0000] {logging_mixin.py:151} INFO - environ({'DUMB_INIT_SETSID': '1', 'HOSTNAME': '497a22575069', 'PYTHON_VERSION': '3.8.17', 'LANGUAGE': 'C.UTF-8', 'AIRFLOW_USER_HOME_DIR': '/home/***', 'ADDITIONAL_RUNTIME_APT_DEPS': '', 'PWD': '/opt/***', 'AIRFLOW_VERSION': '2.7.0', 'AIRFLOW__CORE__LOAD_EXAMPLES': 'false', 'INSTALL_MSSQL_CLIENT': 'true', 'PYTHON_SETUPTOOLS_VERSION': '57.5.0', 'GUNICORN_CMD_ARGS': '--worker-tmp-dir /dev/shm', 'LD_PRELOAD': '/usr/lib/x86_64-linux-gnu/libstdc++.so.6', 'HOME': '/home/***', 'LANG': 'C.UTF-8', 'AIRFLOW_HOME': '/opt/***', 'GPG_KEY': 'E3FF2839C048B25C084DEBE9B26995E310250568', 'AIRFLOW__DATABASE__SQL_ALCHEMY_CONN': 'postgresql+psycopg2://***:***@postgres/***', 'AIRFLOW__CORE__EXECUTOR': 'LocalExecutor', 'COMMIT_SHA': '126b507e825df6302f31024cd9b961b50d18a165', 'AIRFLOW_PIP_VERSION': '23.2.1', 'ADDITIONAL_RUNTIME_APT_COMMAND': '', 'INSTALL_POSTGRES_CLIENT': 'true', 'SHLVL': '0', 'LC_MESSAGES': 'C.UTF-8', 'RUNTIME_APT_DEPS': '', 'PYTHON_PIP_VERSION': '23.0.1', 'RUNTIME_APT_COMMAND': 'echo', 'LD_LIBRARY_PATH': '/usr/local/lib', 'LC_CTYPE': 'C.UTF-8', 'PYTHON_GET_PIP_SHA256': '45a2bb8bf2bb5eff16fdd00faef6f29731831c7c59bd9fc2bf1f3bed511ff1fe', 'AIRFLOW_INSTALLATION_METHOD': '', 'LC_ALL': 'C.UTF-8', 'PYTHON_GET_PIP_URL': 'https://github.com/pypa/get-pip/raw/9af82b715db434abb94a0a6f3569f43e72157346/public/get-pip.py', 'INSTALL_MYSQL_CLIENT': 'true', 'PATH': '/root/bin:/home/***/.local/bin:/usr/local/bin:/usr/local/sbin:/usr/local/bin:/usr/sbin:/usr/bin:/sbin:/bin', 'PYTHON_BASE_IMAGE': 'python:3.8-slim-bullseye', 'AIRFLOW_UID': '50000', 'BUILD_ID': '', 'DEBIAN_FRONTEND': 'noninteractive', '_AIRFLOW_PARSING_CONTEXT_DAG_ID': 'Autotrader_ETL_DAG', '_AIRFLOW_PARSING_CONTEXT_TASK_ID': 'extract_listings', 'AIRFLOW_CTX_DAG_OWNER': '***', 'AIRFLOW_CTX_DAG_ID': 'Autotrader_ETL_DAG', 'AIRFLOW_CTX_TASK_ID': 'extract_listings', 'AIRFLOW_CTX_EXECUTION_DATE': '2023-08-31T00:50:19.689294+00:00', 'AIRFLOW_CTX_TRY_NUMBER': '2', 'AIRFLOW_CTX_DAG_RUN_ID': 'manual__2023-08-31T00:50:19.689294+00:00'})
[2023-08-31T00:50:54.129+0000] {logging_mixin.py:151} INFO - {'type': 'service_account', 'project_id': None, 'private_key_id': None, 'private_key': None, 'client_email': None, 'client_id': None, 'auth_uri': 'https://accounts.google.com/o/oauth2/auth', 'token_uri': 'https://oauth2.googleapis.com/token', 'auth_provider_x509_cert_url': 'https://www.googleapis.com/oauth2/v1/certs', 'client_x509_cert_url': None, 'universe_domain': 'googleapis.com'}
[2023-08-31T00:50:54.129+0000] {taskinstance.py:1943} ERROR - Task failed with exception
Traceback (most recent call last):
  File "/home/airflow/.local/lib/python3.8/site-packages/airflow/operators/python.py", line 192, in execute
    return_value = self.execute_callable()
  File "/home/airflow/.local/lib/python3.8/site-packages/airflow/operators/python.py", line 209, in execute_callable
    return self.python_callable(*self.op_args, **self.op_kwargs)
  File "/opt/airflow/dags/scripts/autotrader_extract.py", line 30, in extract_listings
    credentials = service_account.Credentials.from_service_account_info(credentials_dict)
  File "/home/airflow/.local/lib/python3.8/site-packages/google/oauth2/service_account.py", line 243, in from_service_account_info
    signer = _service_account_info.from_dict(
  File "/home/airflow/.local/lib/python3.8/site-packages/google/auth/_service_account_info.py", line 59, in from_dict
    signer = crypt.RSASigner.from_service_account_info(data)
  File "/home/airflow/.local/lib/python3.8/site-packages/google/auth/crypt/base.py", line 114, in from_service_account_info
    return cls.from_string(
  File "/home/airflow/.local/lib/python3.8/site-packages/google/auth/crypt/_cryptography_rsa.py", line 132, in from_string
    key = _helpers.to_bytes(key)
  File "/home/airflow/.local/lib/python3.8/site-packages/google/auth/_helpers.py", line 111, in to_bytes
    raise exceptions.InvalidValue(
google.auth.exceptions.InvalidValue: None could not be converted to bytes
[2023-08-31T00:50:54.146+0000] {taskinstance.py:1400} INFO - Marking task as FAILED. dag_id=Autotrader_ETL_DAG, task_id=extract_listings, execution_date=20230831T005019, start_date=20230831T005053, end_date=20230831T005054
[2023-08-31T00:50:54.160+0000] {standard_task_runner.py:104} ERROR - Failed to execute job 86 for task extract_listings (None could not be converted to bytes; 189)
[2023-08-31T00:50:54.192+0000] {local_task_job_runner.py:228} INFO - Task exited with return code 1
[2023-08-31T00:50:54.218+0000] {taskinstance.py:2784} INFO - 0 downstream tasks scheduled from follow-on schedule check
