[2023-09-05T01:23:05.811+0000] {logging_mixin.py:151} INFO - Changing /opt/***/logs/dag_id=Autotrader_ETL_DAG/run_id=manual__2023-09-05T01:18:51.175630+00:00/task_id=format_columns permission to 509
[2023-09-05T01:23:05.812+0000] {logging_mixin.py:151} INFO - Failed to change /opt/***/logs/dag_id=Autotrader_ETL_DAG/run_id=manual__2023-09-05T01:18:51.175630+00:00/task_id=format_columns permission to 509: [Errno 1] Operation not permitted: '/opt/***/logs/dag_id=Autotrader_ETL_DAG/run_id=manual__2023-09-05T01:18:51.175630+00:00/task_id=format_columns'
[2023-09-05T01:23:05.863+0000] {logging_mixin.py:151} INFO - Changing /opt/***/logs/dag_id=Autotrader_ETL_DAG/run_id=manual__2023-09-05T01:18:51.175630+00:00/task_id=format_columns permission to 509
[2023-09-05T01:23:05.865+0000] {logging_mixin.py:151} INFO - Failed to change /opt/***/logs/dag_id=Autotrader_ETL_DAG/run_id=manual__2023-09-05T01:18:51.175630+00:00/task_id=format_columns permission to 509: [Errno 1] Operation not permitted: '/opt/***/logs/dag_id=Autotrader_ETL_DAG/run_id=manual__2023-09-05T01:18:51.175630+00:00/task_id=format_columns'
[2023-09-05T01:23:05.908+0000] {taskinstance.py:1159} INFO - Dependencies all met for dep_context=non-requeueable deps ti=<TaskInstance: Autotrader_ETL_DAG.format_columns manual__2023-09-05T01:18:51.175630+00:00 [queued]>
[2023-09-05T01:23:05.924+0000] {taskinstance.py:1159} INFO - Dependencies all met for dep_context=requeueable deps ti=<TaskInstance: Autotrader_ETL_DAG.format_columns manual__2023-09-05T01:18:51.175630+00:00 [queued]>
[2023-09-05T01:23:05.925+0000] {taskinstance.py:1361} INFO - Starting attempt 1 of 2
[2023-09-05T01:23:05.948+0000] {taskinstance.py:1382} INFO - Executing <Task(BigQueryExecuteQueryOperator): format_columns> on 2023-09-05 01:18:51.175630+00:00
[2023-09-05T01:23:05.958+0000] {standard_task_runner.py:57} INFO - Started process 847 to run task
[2023-09-05T01:23:05.962+0000] {standard_task_runner.py:84} INFO - Running: ['***', 'tasks', 'run', 'Autotrader_ETL_DAG', 'format_columns', 'manual__2023-09-05T01:18:51.175630+00:00', '--job-id', '415', '--raw', '--subdir', 'DAGS_FOLDER/autotrader_etl.py', '--cfg-path', '/tmp/tmpval61x2g']
[2023-09-05T01:23:05.966+0000] {standard_task_runner.py:85} INFO - Job 415: Subtask format_columns
[2023-09-05T01:23:06.045+0000] {logging_mixin.py:151} INFO - Changing /opt/***/logs/dag_id=Autotrader_ETL_DAG/run_id=manual__2023-09-05T01:18:51.175630+00:00/task_id=format_columns permission to 509
[2023-09-05T01:23:06.047+0000] {logging_mixin.py:151} INFO - Failed to change /opt/***/logs/dag_id=Autotrader_ETL_DAG/run_id=manual__2023-09-05T01:18:51.175630+00:00/task_id=format_columns permission to 509: [Errno 1] Operation not permitted: '/opt/***/logs/dag_id=Autotrader_ETL_DAG/run_id=manual__2023-09-05T01:18:51.175630+00:00/task_id=format_columns'
[2023-09-05T01:23:06.051+0000] {task_command.py:415} INFO - Running <TaskInstance: Autotrader_ETL_DAG.format_columns manual__2023-09-05T01:18:51.175630+00:00 [running]> on host 412bb32711f9
[2023-09-05T01:23:06.198+0000] {taskinstance.py:1660} INFO - Exporting env vars: AIRFLOW_CTX_DAG_OWNER='***' AIRFLOW_CTX_DAG_ID='Autotrader_ETL_DAG' AIRFLOW_CTX_TASK_ID='format_columns' AIRFLOW_CTX_EXECUTION_DATE='2023-09-05T01:18:51.175630+00:00' AIRFLOW_CTX_TRY_NUMBER='1' AIRFLOW_CTX_DAG_RUN_ID='manual__2023-09-05T01:18:51.175630+00:00'
[2023-09-05T01:23:06.201+0000] {bigquery.py:1234} INFO - Executing: UPDATE autotrader-toyota-dashboard.autotrader_staging.listings_raw
        SET price = REPLACE(REPLACE(price, '$', ''), ',', ''),
        odometer = REPLACE(REPLACE(REPLACE(odometer, 'km', ''), ',', ''), '', '0'),
        model = REPLACE(model, type, ''),
        type = REPLACE(REPLACE(REPLACE(type, '(', ''), ')', ''), '', 'NOT SPECIFIED'),
        suburb = LTRIM(REPLACE(REPLACE(suburb, '(', ''), ')', ''))
        WHERE price in (
        SELECT
        price
        FROM
        autotrader-toyota-dashboard.autotrader_staging.listings_raw
        )
        AND odometer in (
        SELECT
        odometer
        FROM
        autotrader-toyota-dashboard.autotrader_staging.listings_raw
        )
        AND model in (
        SELECT
        model
        FROM
        autotrader-toyota-dashboard.autotrader_staging.listings_raw
        )
        AND type in (
        SELECT
        type
        FROM
        autotrader-toyota-dashboard.autotrader_staging.listings_raw
        )
        AND suburb in (
        SELECT
        suburb
        FROM
        autotrader-toyota-dashboard.autotrader_staging.listings_raw
        );
[2023-09-05T01:23:06.219+0000] {connection.py:232} WARNING - Connection schemes (type: google_cloud_platform) shall not contain '_' according to RFC3986.
[2023-09-05T01:23:06.226+0000] {base.py:73} INFO - Using connection ID 'google_cloud' for task execution.
[2023-09-05T01:23:06.237+0000] {logging_mixin.py:151} WARNING - /home/***/.local/lib/python3.8/site-packages/***/providers/google/cloud/hooks/bigquery.py:2109 AirflowProviderDeprecationWarning: This method is deprecated. Please use `BigQueryHook.insert_job` method.
[2023-09-05T01:23:06.322+0000] {bigquery.py:1596} INFO - Inserting job ***_1693876986321603_82fae1321bfaf2143c45697726137ebb
[2023-09-05T01:23:09.689+0000] {taskinstance.py:1400} INFO - Marking task as SUCCESS. dag_id=Autotrader_ETL_DAG, task_id=format_columns, execution_date=20230905T011851, start_date=20230905T012305, end_date=20230905T012309
[2023-09-05T01:23:09.754+0000] {local_task_job_runner.py:228} INFO - Task exited with return code 0
[2023-09-05T01:23:09.808+0000] {taskinstance.py:2784} INFO - 1 downstream tasks scheduled from follow-on schedule check
