[2023-08-28T23:58:31.956+0000] {logging_mixin.py:151} INFO - Changing /opt/***/logs/dag_id=Autotrader_ETL_DAG/run_id=manual__2023-08-28T23:58:27.580044+00:00/task_id=success permission to 509
[2023-08-28T23:58:31.957+0000] {logging_mixin.py:151} INFO - Failed to change /opt/***/logs/dag_id=Autotrader_ETL_DAG/run_id=manual__2023-08-28T23:58:27.580044+00:00/task_id=success permission to 509: [Errno 1] Operation not permitted: '/opt/***/logs/dag_id=Autotrader_ETL_DAG/run_id=manual__2023-08-28T23:58:27.580044+00:00/task_id=success'
[2023-08-28T23:58:31.990+0000] {logging_mixin.py:151} INFO - Changing /opt/***/logs/dag_id=Autotrader_ETL_DAG/run_id=manual__2023-08-28T23:58:27.580044+00:00/task_id=success permission to 509
[2023-08-28T23:58:31.991+0000] {logging_mixin.py:151} INFO - Failed to change /opt/***/logs/dag_id=Autotrader_ETL_DAG/run_id=manual__2023-08-28T23:58:27.580044+00:00/task_id=success permission to 509: [Errno 1] Operation not permitted: '/opt/***/logs/dag_id=Autotrader_ETL_DAG/run_id=manual__2023-08-28T23:58:27.580044+00:00/task_id=success'
[2023-08-28T23:58:32.038+0000] {taskinstance.py:1159} INFO - Dependencies all met for dep_context=non-requeueable deps ti=<TaskInstance: Autotrader_ETL_DAG.success manual__2023-08-28T23:58:27.580044+00:00 [queued]>
[2023-08-28T23:58:32.047+0000] {taskinstance.py:1159} INFO - Dependencies all met for dep_context=requeueable deps ti=<TaskInstance: Autotrader_ETL_DAG.success manual__2023-08-28T23:58:27.580044+00:00 [queued]>
[2023-08-28T23:58:32.048+0000] {taskinstance.py:1361} INFO - Starting attempt 1 of 2
[2023-08-28T23:58:32.065+0000] {taskinstance.py:1382} INFO - Executing <Task(BashOperator): success> on 2023-08-28 23:58:27.580044+00:00
[2023-08-28T23:58:32.072+0000] {standard_task_runner.py:57} INFO - Started process 739 to run task
[2023-08-28T23:58:32.075+0000] {standard_task_runner.py:84} INFO - Running: ['***', 'tasks', 'run', 'Autotrader_ETL_DAG', 'success', 'manual__2023-08-28T23:58:27.580044+00:00', '--job-id', '21', '--raw', '--subdir', 'DAGS_FOLDER/autotrader_etl.py', '--cfg-path', '/tmp/tmpdx0fcjfp']
[2023-08-28T23:58:32.077+0000] {standard_task_runner.py:85} INFO - Job 21: Subtask success
[2023-08-28T23:58:32.126+0000] {logging_mixin.py:151} INFO - Changing /opt/***/logs/dag_id=Autotrader_ETL_DAG/run_id=manual__2023-08-28T23:58:27.580044+00:00/task_id=success permission to 509
[2023-08-28T23:58:32.127+0000] {logging_mixin.py:151} INFO - Failed to change /opt/***/logs/dag_id=Autotrader_ETL_DAG/run_id=manual__2023-08-28T23:58:27.580044+00:00/task_id=success permission to 509: [Errno 1] Operation not permitted: '/opt/***/logs/dag_id=Autotrader_ETL_DAG/run_id=manual__2023-08-28T23:58:27.580044+00:00/task_id=success'
[2023-08-28T23:58:32.129+0000] {task_command.py:415} INFO - Running <TaskInstance: Autotrader_ETL_DAG.success manual__2023-08-28T23:58:27.580044+00:00 [running]> on host 716b876f3aa6
[2023-08-28T23:58:32.213+0000] {taskinstance.py:1660} INFO - Exporting env vars: AIRFLOW_CTX_DAG_OWNER='***' AIRFLOW_CTX_DAG_ID='Autotrader_ETL_DAG' AIRFLOW_CTX_TASK_ID='success' AIRFLOW_CTX_EXECUTION_DATE='2023-08-28T23:58:27.580044+00:00' AIRFLOW_CTX_TRY_NUMBER='1' AIRFLOW_CTX_DAG_RUN_ID='manual__2023-08-28T23:58:27.580044+00:00'
[2023-08-28T23:58:32.215+0000] {subprocess.py:63} INFO - Tmp dir root location: /tmp
[2023-08-28T23:58:32.217+0000] {subprocess.py:75} INFO - Running command: ['/bin/bash', '-c', 'echo "Test successful"']
[2023-08-28T23:58:32.227+0000] {subprocess.py:86} INFO - Output:
[2023-08-28T23:58:32.229+0000] {subprocess.py:93} INFO - Test successful
[2023-08-28T23:58:32.230+0000] {subprocess.py:97} INFO - Command exited with return code 0
[2023-08-28T23:58:32.257+0000] {taskinstance.py:1400} INFO - Marking task as SUCCESS. dag_id=Autotrader_ETL_DAG, task_id=success, execution_date=20230828T235827, start_date=20230828T235832, end_date=20230828T235832
[2023-08-28T23:58:32.288+0000] {local_task_job_runner.py:228} INFO - Task exited with return code 0
[2023-08-28T23:58:32.305+0000] {taskinstance.py:2784} INFO - 0 downstream tasks scheduled from follow-on schedule check
