[2023-09-09T12:11:42.639+0000] {logging_mixin.py:151} INFO - Changing /opt/***/logs/dag_id=Autotrader_ETL_DAG/run_id=manual__2023-09-09T12:09:12.517624+00:00/task_id=create_car_dim permission to 509
[2023-09-09T12:11:42.640+0000] {logging_mixin.py:151} INFO - Failed to change /opt/***/logs/dag_id=Autotrader_ETL_DAG/run_id=manual__2023-09-09T12:09:12.517624+00:00/task_id=create_car_dim permission to 509: [Errno 1] Operation not permitted: '/opt/***/logs/dag_id=Autotrader_ETL_DAG/run_id=manual__2023-09-09T12:09:12.517624+00:00/task_id=create_car_dim'
[2023-09-09T12:11:42.677+0000] {logging_mixin.py:151} INFO - Changing /opt/***/logs/dag_id=Autotrader_ETL_DAG/run_id=manual__2023-09-09T12:09:12.517624+00:00/task_id=create_car_dim permission to 509
[2023-09-09T12:11:42.678+0000] {logging_mixin.py:151} INFO - Failed to change /opt/***/logs/dag_id=Autotrader_ETL_DAG/run_id=manual__2023-09-09T12:09:12.517624+00:00/task_id=create_car_dim permission to 509: [Errno 1] Operation not permitted: '/opt/***/logs/dag_id=Autotrader_ETL_DAG/run_id=manual__2023-09-09T12:09:12.517624+00:00/task_id=create_car_dim'
[2023-09-09T12:11:42.710+0000] {taskinstance.py:1159} INFO - Dependencies all met for dep_context=non-requeueable deps ti=<TaskInstance: Autotrader_ETL_DAG.create_car_dim manual__2023-09-09T12:09:12.517624+00:00 [queued]>
[2023-09-09T12:11:42.720+0000] {taskinstance.py:1159} INFO - Dependencies all met for dep_context=requeueable deps ti=<TaskInstance: Autotrader_ETL_DAG.create_car_dim manual__2023-09-09T12:09:12.517624+00:00 [queued]>
[2023-09-09T12:11:42.721+0000] {taskinstance.py:1361} INFO - Starting attempt 1 of 2
[2023-09-09T12:11:42.735+0000] {taskinstance.py:1382} INFO - Executing <Task(BigQueryExecuteQueryOperator): create_car_dim> on 2023-09-09 12:09:12.517624+00:00
[2023-09-09T12:11:42.744+0000] {standard_task_runner.py:57} INFO - Started process 4792 to run task
[2023-09-09T12:11:42.746+0000] {standard_task_runner.py:84} INFO - Running: ['***', 'tasks', 'run', 'Autotrader_ETL_DAG', 'create_car_dim', 'manual__2023-09-09T12:09:12.517624+00:00', '--job-id', '527', '--raw', '--subdir', 'DAGS_FOLDER/autotrader_etl.py', '--cfg-path', '/tmp/tmpeqz8c2sn']
[2023-09-09T12:11:42.749+0000] {standard_task_runner.py:85} INFO - Job 527: Subtask create_car_dim
[2023-09-09T12:11:42.799+0000] {logging_mixin.py:151} INFO - Changing /opt/***/logs/dag_id=Autotrader_ETL_DAG/run_id=manual__2023-09-09T12:09:12.517624+00:00/task_id=create_car_dim permission to 509
[2023-09-09T12:11:42.800+0000] {logging_mixin.py:151} INFO - Failed to change /opt/***/logs/dag_id=Autotrader_ETL_DAG/run_id=manual__2023-09-09T12:09:12.517624+00:00/task_id=create_car_dim permission to 509: [Errno 1] Operation not permitted: '/opt/***/logs/dag_id=Autotrader_ETL_DAG/run_id=manual__2023-09-09T12:09:12.517624+00:00/task_id=create_car_dim'
[2023-09-09T12:11:42.802+0000] {task_command.py:415} INFO - Running <TaskInstance: Autotrader_ETL_DAG.create_car_dim manual__2023-09-09T12:09:12.517624+00:00 [running]> on host 412bb32711f9
[2023-09-09T12:11:42.898+0000] {taskinstance.py:1660} INFO - Exporting env vars: AIRFLOW_CTX_DAG_OWNER='***' AIRFLOW_CTX_DAG_ID='Autotrader_ETL_DAG' AIRFLOW_CTX_TASK_ID='create_car_dim' AIRFLOW_CTX_EXECUTION_DATE='2023-09-09T12:09:12.517624+00:00' AIRFLOW_CTX_TRY_NUMBER='1' AIRFLOW_CTX_DAG_RUN_ID='manual__2023-09-09T12:09:12.517624+00:00'
[2023-09-09T12:11:42.900+0000] {bigquery.py:1234} INFO - Executing: CREATE OR REPLACE TABLE
        autotrader-toyota-dashboard.autotrader_transformed.car_dim 
        (
        car_key INT64 NOT NULL,
        year INT64,
        car_model STRING,
        type STRING,
        PRIMARY KEY (car_key) NOT ENFORCED
        );
[2023-09-09T12:11:42.910+0000] {connection.py:232} WARNING - Connection schemes (type: google_cloud_platform) shall not contain '_' according to RFC3986.
[2023-09-09T12:11:42.915+0000] {base.py:73} INFO - Using connection ID 'google_cloud' for task execution.
[2023-09-09T12:11:42.922+0000] {logging_mixin.py:151} WARNING - /home/***/.local/lib/python3.8/site-packages/***/providers/google/cloud/hooks/bigquery.py:2109 AirflowProviderDeprecationWarning: This method is deprecated. Please use `BigQueryHook.insert_job` method.
[2023-09-09T12:11:42.983+0000] {bigquery.py:1596} INFO - Inserting job ***_1694261502982817_5bc877e90e20b122ec316e659ee54002
[2023-09-09T12:11:44.527+0000] {taskinstance.py:1400} INFO - Marking task as SUCCESS. dag_id=Autotrader_ETL_DAG, task_id=create_car_dim, execution_date=20230909T120912, start_date=20230909T121142, end_date=20230909T121144
[2023-09-09T12:11:44.569+0000] {local_task_job_runner.py:228} INFO - Task exited with return code 0
[2023-09-09T12:11:44.596+0000] {taskinstance.py:2784} INFO - 0 downstream tasks scheduled from follow-on schedule check
