[2023-09-03T08:38:52.485+0000] {logging_mixin.py:151} INFO - Changing /opt/***/logs/dag_id=Autotrader_ETL_DAG/run_id=manual__2023-09-03T08:38:29.660994+00:00/task_id=remove_nulls permission to 509
[2023-09-03T08:38:52.486+0000] {logging_mixin.py:151} INFO - Failed to change /opt/***/logs/dag_id=Autotrader_ETL_DAG/run_id=manual__2023-09-03T08:38:29.660994+00:00/task_id=remove_nulls permission to 509: [Errno 1] Operation not permitted: '/opt/***/logs/dag_id=Autotrader_ETL_DAG/run_id=manual__2023-09-03T08:38:29.660994+00:00/task_id=remove_nulls'
[2023-09-03T08:38:52.517+0000] {logging_mixin.py:151} INFO - Changing /opt/***/logs/dag_id=Autotrader_ETL_DAG/run_id=manual__2023-09-03T08:38:29.660994+00:00/task_id=remove_nulls permission to 509
[2023-09-03T08:38:52.519+0000] {logging_mixin.py:151} INFO - Failed to change /opt/***/logs/dag_id=Autotrader_ETL_DAG/run_id=manual__2023-09-03T08:38:29.660994+00:00/task_id=remove_nulls permission to 509: [Errno 1] Operation not permitted: '/opt/***/logs/dag_id=Autotrader_ETL_DAG/run_id=manual__2023-09-03T08:38:29.660994+00:00/task_id=remove_nulls'
[2023-09-03T08:38:52.548+0000] {taskinstance.py:1159} INFO - Dependencies all met for dep_context=non-requeueable deps ti=<TaskInstance: Autotrader_ETL_DAG.remove_nulls manual__2023-09-03T08:38:29.660994+00:00 [queued]>
[2023-09-03T08:38:52.557+0000] {taskinstance.py:1159} INFO - Dependencies all met for dep_context=requeueable deps ti=<TaskInstance: Autotrader_ETL_DAG.remove_nulls manual__2023-09-03T08:38:29.660994+00:00 [queued]>
[2023-09-03T08:38:52.558+0000] {taskinstance.py:1361} INFO - Starting attempt 1 of 2
[2023-09-03T08:38:52.571+0000] {taskinstance.py:1382} INFO - Executing <Task(BigQueryExecuteQueryOperator): remove_nulls> on 2023-09-03 08:38:29.660994+00:00
[2023-09-03T08:38:52.578+0000] {standard_task_runner.py:57} INFO - Started process 3404 to run task
[2023-09-03T08:38:52.580+0000] {standard_task_runner.py:84} INFO - Running: ['***', 'tasks', 'run', 'Autotrader_ETL_DAG', 'remove_nulls', 'manual__2023-09-03T08:38:29.660994+00:00', '--job-id', '181', '--raw', '--subdir', 'DAGS_FOLDER/autotrader_etl.py', '--cfg-path', '/tmp/tmp4l4gkdb7']
[2023-09-03T08:38:52.583+0000] {standard_task_runner.py:85} INFO - Job 181: Subtask remove_nulls
[2023-09-03T08:38:52.634+0000] {logging_mixin.py:151} INFO - Changing /opt/***/logs/dag_id=Autotrader_ETL_DAG/run_id=manual__2023-09-03T08:38:29.660994+00:00/task_id=remove_nulls permission to 509
[2023-09-03T08:38:52.635+0000] {logging_mixin.py:151} INFO - Failed to change /opt/***/logs/dag_id=Autotrader_ETL_DAG/run_id=manual__2023-09-03T08:38:29.660994+00:00/task_id=remove_nulls permission to 509: [Errno 1] Operation not permitted: '/opt/***/logs/dag_id=Autotrader_ETL_DAG/run_id=manual__2023-09-03T08:38:29.660994+00:00/task_id=remove_nulls'
[2023-09-03T08:38:52.637+0000] {task_command.py:415} INFO - Running <TaskInstance: Autotrader_ETL_DAG.remove_nulls manual__2023-09-03T08:38:29.660994+00:00 [running]> on host 1a0e8b05e04d
[2023-09-03T08:38:52.724+0000] {taskinstance.py:1660} INFO - Exporting env vars: AIRFLOW_CTX_DAG_OWNER='***' AIRFLOW_CTX_DAG_ID='Autotrader_ETL_DAG' AIRFLOW_CTX_TASK_ID='remove_nulls' AIRFLOW_CTX_EXECUTION_DATE='2023-09-03T08:38:29.660994+00:00' AIRFLOW_CTX_TRY_NUMBER='1' AIRFLOW_CTX_DAG_RUN_ID='manual__2023-09-03T08:38:29.660994+00:00'
[2023-09-03T08:38:52.725+0000] {bigquery.py:1234} INFO - Executing: DELETE autotrader-toyota-dashboard.autotrader_staging.listings_raw
        WHERE
        NOT EXISTS (
        SELECT
        *
        FROM
        autotrader-toyota-dashboard.autotrader_staging.listings_raw
        WHERE
        NOT ( price IS NULL
        OR odometer IS NULL
        OR year IS NULL
        OR MODEL IS NULL
        OR type IS NULL
        OR suburb IS NULL
        OR state IS NULL 
        ));
[2023-09-03T08:38:52.735+0000] {connection.py:232} WARNING - Connection schemes (type: google_cloud_platform) shall not contain '_' according to RFC3986.
[2023-09-03T08:38:52.740+0000] {base.py:73} INFO - Using connection ID 'google_cloud' for task execution.
[2023-09-03T08:38:52.746+0000] {logging_mixin.py:151} WARNING - /home/***/.local/lib/python3.8/site-packages/***/providers/google/cloud/hooks/bigquery.py:2109 AirflowProviderDeprecationWarning: This method is deprecated. Please use `BigQueryHook.insert_job` method.
[2023-09-03T08:38:52.795+0000] {bigquery.py:1596} INFO - Inserting job ***_1693730332794621_78046212012d4e42d3127076105cbcb5
[2023-09-03T08:38:57.056+0000] {taskinstance.py:1400} INFO - Marking task as SUCCESS. dag_id=Autotrader_ETL_DAG, task_id=remove_nulls, execution_date=20230903T083829, start_date=20230903T083852, end_date=20230903T083857
[2023-09-03T08:38:57.093+0000] {local_task_job_runner.py:228} INFO - Task exited with return code 0
[2023-09-03T08:38:57.124+0000] {taskinstance.py:2784} INFO - 1 downstream tasks scheduled from follow-on schedule check
