[2023-09-05T22:24:39.841+0000] {logging_mixin.py:151} INFO - Changing /opt/***/logs/dag_id=Autotrader_ETL_DAG/run_id=manual__2023-09-05T22:21:14.215159+00:00/task_id=remove_nulls permission to 509
[2023-09-05T22:24:39.842+0000] {logging_mixin.py:151} INFO - Failed to change /opt/***/logs/dag_id=Autotrader_ETL_DAG/run_id=manual__2023-09-05T22:21:14.215159+00:00/task_id=remove_nulls permission to 509: [Errno 1] Operation not permitted: '/opt/***/logs/dag_id=Autotrader_ETL_DAG/run_id=manual__2023-09-05T22:21:14.215159+00:00/task_id=remove_nulls'
[2023-09-05T22:24:39.881+0000] {logging_mixin.py:151} INFO - Changing /opt/***/logs/dag_id=Autotrader_ETL_DAG/run_id=manual__2023-09-05T22:21:14.215159+00:00/task_id=remove_nulls permission to 509
[2023-09-05T22:24:39.883+0000] {logging_mixin.py:151} INFO - Failed to change /opt/***/logs/dag_id=Autotrader_ETL_DAG/run_id=manual__2023-09-05T22:21:14.215159+00:00/task_id=remove_nulls permission to 509: [Errno 1] Operation not permitted: '/opt/***/logs/dag_id=Autotrader_ETL_DAG/run_id=manual__2023-09-05T22:21:14.215159+00:00/task_id=remove_nulls'
[2023-09-05T22:24:39.988+0000] {taskinstance.py:1159} INFO - Dependencies all met for dep_context=non-requeueable deps ti=<TaskInstance: Autotrader_ETL_DAG.remove_nulls manual__2023-09-05T22:21:14.215159+00:00 [queued]>
[2023-09-05T22:24:40.003+0000] {taskinstance.py:1159} INFO - Dependencies all met for dep_context=requeueable deps ti=<TaskInstance: Autotrader_ETL_DAG.remove_nulls manual__2023-09-05T22:21:14.215159+00:00 [queued]>
[2023-09-05T22:24:40.004+0000] {taskinstance.py:1361} INFO - Starting attempt 1 of 2
[2023-09-05T22:24:40.023+0000] {taskinstance.py:1382} INFO - Executing <Task(BigQueryExecuteQueryOperator): remove_nulls> on 2023-09-05 22:21:14.215159+00:00
[2023-09-05T22:24:40.030+0000] {standard_task_runner.py:57} INFO - Started process 2438 to run task
[2023-09-05T22:24:40.032+0000] {standard_task_runner.py:84} INFO - Running: ['***', 'tasks', 'run', 'Autotrader_ETL_DAG', 'remove_nulls', 'manual__2023-09-05T22:21:14.215159+00:00', '--job-id', '430', '--raw', '--subdir', 'DAGS_FOLDER/autotrader_etl.py', '--cfg-path', '/tmp/tmpsh5ih9d8']
[2023-09-05T22:24:40.034+0000] {standard_task_runner.py:85} INFO - Job 430: Subtask remove_nulls
[2023-09-05T22:24:40.079+0000] {logging_mixin.py:151} INFO - Changing /opt/***/logs/dag_id=Autotrader_ETL_DAG/run_id=manual__2023-09-05T22:21:14.215159+00:00/task_id=remove_nulls permission to 509
[2023-09-05T22:24:40.080+0000] {logging_mixin.py:151} INFO - Failed to change /opt/***/logs/dag_id=Autotrader_ETL_DAG/run_id=manual__2023-09-05T22:21:14.215159+00:00/task_id=remove_nulls permission to 509: [Errno 1] Operation not permitted: '/opt/***/logs/dag_id=Autotrader_ETL_DAG/run_id=manual__2023-09-05T22:21:14.215159+00:00/task_id=remove_nulls'
[2023-09-05T22:24:40.082+0000] {task_command.py:415} INFO - Running <TaskInstance: Autotrader_ETL_DAG.remove_nulls manual__2023-09-05T22:21:14.215159+00:00 [running]> on host 412bb32711f9
[2023-09-05T22:24:40.176+0000] {taskinstance.py:1660} INFO - Exporting env vars: AIRFLOW_CTX_DAG_OWNER='***' AIRFLOW_CTX_DAG_ID='Autotrader_ETL_DAG' AIRFLOW_CTX_TASK_ID='remove_nulls' AIRFLOW_CTX_EXECUTION_DATE='2023-09-05T22:21:14.215159+00:00' AIRFLOW_CTX_TRY_NUMBER='1' AIRFLOW_CTX_DAG_RUN_ID='manual__2023-09-05T22:21:14.215159+00:00'
[2023-09-05T22:24:40.178+0000] {bigquery.py:1234} INFO - Executing: DELETE autotrader-toyota-dashboard.autotrader_staging.listings_raw
        WHERE
        NOT EXISTS (
        SELECT
        *
        FROM
        autotrader-toyota-dashboard.autotrader_staging.listings_raw
        WHERE
        NOT ( price IS NULL
        OR odometer IS NULL
        OR odometer = ''
        OR year IS NULL
        OR MODEL IS NULL
        OR type IS NULL
        OR suburb IS NULL
        OR state IS NULL 
        ));
[2023-09-05T22:24:40.187+0000] {connection.py:232} WARNING - Connection schemes (type: google_cloud_platform) shall not contain '_' according to RFC3986.
[2023-09-05T22:24:40.192+0000] {base.py:73} INFO - Using connection ID 'google_cloud' for task execution.
[2023-09-05T22:24:40.199+0000] {logging_mixin.py:151} WARNING - /home/***/.local/lib/python3.8/site-packages/***/providers/google/cloud/hooks/bigquery.py:2109 AirflowProviderDeprecationWarning: This method is deprecated. Please use `BigQueryHook.insert_job` method.
[2023-09-05T22:24:40.245+0000] {bigquery.py:1596} INFO - Inserting job ***_1693952680244587_b4373ca42961fa08731c49fe82fbf3ac
[2023-09-05T22:24:43.352+0000] {taskinstance.py:1400} INFO - Marking task as SUCCESS. dag_id=Autotrader_ETL_DAG, task_id=remove_nulls, execution_date=20230905T222114, start_date=20230905T222439, end_date=20230905T222443
[2023-09-05T22:24:43.383+0000] {local_task_job_runner.py:228} INFO - Task exited with return code 0
[2023-09-05T22:24:43.414+0000] {taskinstance.py:2784} INFO - 1 downstream tasks scheduled from follow-on schedule check
