[2023-09-03T10:06:02.742+0000] {logging_mixin.py:151} INFO - Changing /opt/***/logs/dag_id=Autotrader_ETL_DAG/run_id=manual__2023-09-03T10:05:07.653473+00:00/task_id=create_listing_fact permission to 509
[2023-09-03T10:06:02.743+0000] {logging_mixin.py:151} INFO - Failed to change /opt/***/logs/dag_id=Autotrader_ETL_DAG/run_id=manual__2023-09-03T10:05:07.653473+00:00/task_id=create_listing_fact permission to 509: [Errno 1] Operation not permitted: '/opt/***/logs/dag_id=Autotrader_ETL_DAG/run_id=manual__2023-09-03T10:05:07.653473+00:00/task_id=create_listing_fact'
[2023-09-03T10:06:02.782+0000] {logging_mixin.py:151} INFO - Changing /opt/***/logs/dag_id=Autotrader_ETL_DAG/run_id=manual__2023-09-03T10:05:07.653473+00:00/task_id=create_listing_fact permission to 509
[2023-09-03T10:06:02.783+0000] {logging_mixin.py:151} INFO - Failed to change /opt/***/logs/dag_id=Autotrader_ETL_DAG/run_id=manual__2023-09-03T10:05:07.653473+00:00/task_id=create_listing_fact permission to 509: [Errno 1] Operation not permitted: '/opt/***/logs/dag_id=Autotrader_ETL_DAG/run_id=manual__2023-09-03T10:05:07.653473+00:00/task_id=create_listing_fact'
[2023-09-03T10:06:02.817+0000] {taskinstance.py:1159} INFO - Dependencies all met for dep_context=non-requeueable deps ti=<TaskInstance: Autotrader_ETL_DAG.create_listing_fact manual__2023-09-03T10:05:07.653473+00:00 [queued]>
[2023-09-03T10:06:02.826+0000] {taskinstance.py:1159} INFO - Dependencies all met for dep_context=requeueable deps ti=<TaskInstance: Autotrader_ETL_DAG.create_listing_fact manual__2023-09-03T10:05:07.653473+00:00 [queued]>
[2023-09-03T10:06:02.828+0000] {taskinstance.py:1361} INFO - Starting attempt 1 of 2
[2023-09-03T10:06:02.841+0000] {taskinstance.py:1382} INFO - Executing <Task(BigQueryExecuteQueryOperator): create_listing_fact> on 2023-09-03 10:05:07.653473+00:00
[2023-09-03T10:06:02.849+0000] {standard_task_runner.py:57} INFO - Started process 4840 to run task
[2023-09-03T10:06:02.851+0000] {standard_task_runner.py:84} INFO - Running: ['***', 'tasks', 'run', 'Autotrader_ETL_DAG', 'create_listing_fact', 'manual__2023-09-03T10:05:07.653473+00:00', '--job-id', '343', '--raw', '--subdir', 'DAGS_FOLDER/autotrader_etl.py', '--cfg-path', '/tmp/tmpvwnla8l3']
[2023-09-03T10:06:02.854+0000] {standard_task_runner.py:85} INFO - Job 343: Subtask create_listing_fact
[2023-09-03T10:06:02.902+0000] {logging_mixin.py:151} INFO - Changing /opt/***/logs/dag_id=Autotrader_ETL_DAG/run_id=manual__2023-09-03T10:05:07.653473+00:00/task_id=create_listing_fact permission to 509
[2023-09-03T10:06:02.903+0000] {logging_mixin.py:151} INFO - Failed to change /opt/***/logs/dag_id=Autotrader_ETL_DAG/run_id=manual__2023-09-03T10:05:07.653473+00:00/task_id=create_listing_fact permission to 509: [Errno 1] Operation not permitted: '/opt/***/logs/dag_id=Autotrader_ETL_DAG/run_id=manual__2023-09-03T10:05:07.653473+00:00/task_id=create_listing_fact'
[2023-09-03T10:06:02.905+0000] {task_command.py:415} INFO - Running <TaskInstance: Autotrader_ETL_DAG.create_listing_fact manual__2023-09-03T10:05:07.653473+00:00 [running]> on host 1a0e8b05e04d
[2023-09-03T10:06:02.987+0000] {taskinstance.py:1660} INFO - Exporting env vars: AIRFLOW_CTX_DAG_OWNER='***' AIRFLOW_CTX_DAG_ID='Autotrader_ETL_DAG' AIRFLOW_CTX_TASK_ID='create_listing_fact' AIRFLOW_CTX_EXECUTION_DATE='2023-09-03T10:05:07.653473+00:00' AIRFLOW_CTX_TRY_NUMBER='1' AIRFLOW_CTX_DAG_RUN_ID='manual__2023-09-03T10:05:07.653473+00:00'
[2023-09-03T10:06:02.990+0000] {bigquery.py:1234} INFO - Executing: CREATE OR REPLACE TABLE
        autotrader-toyota-dashboard.autotrader_transformed.listing_fact 
        (
        car_key INT64 NOT NULL,
        location_key INT64 NOT NULL,
        odometer INT64 NOT NULL,
        price INT64 NOT NULL,
        PRIMARY KEY (car_key,location_key) NOT ENFORCED,
        FOREIGN KEY (car_key) REFERENCES autotrader_transformed.car_dim(car_key) NOT ENFORCED,
        FOREIGN KEY (location_key) REFERENCES autotrader_transformed.location_dim(location_key) NOT ENFORCED
        );
[2023-09-03T10:06:03.000+0000] {connection.py:232} WARNING - Connection schemes (type: google_cloud_platform) shall not contain '_' according to RFC3986.
[2023-09-03T10:06:03.005+0000] {base.py:73} INFO - Using connection ID 'google_cloud' for task execution.
[2023-09-03T10:06:03.011+0000] {logging_mixin.py:151} WARNING - /home/***/.local/lib/python3.8/site-packages/***/providers/google/cloud/hooks/bigquery.py:2109 AirflowProviderDeprecationWarning: This method is deprecated. Please use `BigQueryHook.insert_job` method.
[2023-09-03T10:06:03.056+0000] {bigquery.py:1596} INFO - Inserting job ***_1693735563056033_9a9e6920d9f2367cd4240a4627599433
[2023-09-03T10:06:04.899+0000] {taskinstance.py:1400} INFO - Marking task as SUCCESS. dag_id=Autotrader_ETL_DAG, task_id=create_listing_fact, execution_date=20230903T100507, start_date=20230903T100602, end_date=20230903T100604
[2023-09-03T10:06:04.953+0000] {local_task_job_runner.py:228} INFO - Task exited with return code 0
[2023-09-03T10:06:04.979+0000] {taskinstance.py:2784} INFO - 1 downstream tasks scheduled from follow-on schedule check
