[2023-09-03T10:10:24.468+0000] {logging_mixin.py:151} INFO - Changing /opt/***/logs/dag_id=Autotrader_ETL_DAG/run_id=manual__2023-09-03T10:09:39.882545+00:00/task_id=create_car_dim permission to 509
[2023-09-03T10:10:24.468+0000] {logging_mixin.py:151} INFO - Failed to change /opt/***/logs/dag_id=Autotrader_ETL_DAG/run_id=manual__2023-09-03T10:09:39.882545+00:00/task_id=create_car_dim permission to 509: [Errno 1] Operation not permitted: '/opt/***/logs/dag_id=Autotrader_ETL_DAG/run_id=manual__2023-09-03T10:09:39.882545+00:00/task_id=create_car_dim'
[2023-09-03T10:10:24.503+0000] {logging_mixin.py:151} INFO - Changing /opt/***/logs/dag_id=Autotrader_ETL_DAG/run_id=manual__2023-09-03T10:09:39.882545+00:00/task_id=create_car_dim permission to 509
[2023-09-03T10:10:24.504+0000] {logging_mixin.py:151} INFO - Failed to change /opt/***/logs/dag_id=Autotrader_ETL_DAG/run_id=manual__2023-09-03T10:09:39.882545+00:00/task_id=create_car_dim permission to 509: [Errno 1] Operation not permitted: '/opt/***/logs/dag_id=Autotrader_ETL_DAG/run_id=manual__2023-09-03T10:09:39.882545+00:00/task_id=create_car_dim'
[2023-09-03T10:10:24.531+0000] {taskinstance.py:1159} INFO - Dependencies all met for dep_context=non-requeueable deps ti=<TaskInstance: Autotrader_ETL_DAG.create_car_dim manual__2023-09-03T10:09:39.882545+00:00 [queued]>
[2023-09-03T10:10:24.542+0000] {taskinstance.py:1159} INFO - Dependencies all met for dep_context=requeueable deps ti=<TaskInstance: Autotrader_ETL_DAG.create_car_dim manual__2023-09-03T10:09:39.882545+00:00 [queued]>
[2023-09-03T10:10:24.543+0000] {taskinstance.py:1361} INFO - Starting attempt 1 of 2
[2023-09-03T10:10:24.557+0000] {taskinstance.py:1382} INFO - Executing <Task(BigQueryExecuteQueryOperator): create_car_dim> on 2023-09-03 10:09:39.882545+00:00
[2023-09-03T10:10:24.564+0000] {standard_task_runner.py:57} INFO - Started process 4915 to run task
[2023-09-03T10:10:24.568+0000] {standard_task_runner.py:84} INFO - Running: ['***', 'tasks', 'run', 'Autotrader_ETL_DAG', 'create_car_dim', 'manual__2023-09-03T10:09:39.882545+00:00', '--job-id', '353', '--raw', '--subdir', 'DAGS_FOLDER/autotrader_etl.py', '--cfg-path', '/tmp/tmp35u4aocs']
[2023-09-03T10:10:24.571+0000] {standard_task_runner.py:85} INFO - Job 353: Subtask create_car_dim
[2023-09-03T10:10:24.624+0000] {logging_mixin.py:151} INFO - Changing /opt/***/logs/dag_id=Autotrader_ETL_DAG/run_id=manual__2023-09-03T10:09:39.882545+00:00/task_id=create_car_dim permission to 509
[2023-09-03T10:10:24.625+0000] {logging_mixin.py:151} INFO - Failed to change /opt/***/logs/dag_id=Autotrader_ETL_DAG/run_id=manual__2023-09-03T10:09:39.882545+00:00/task_id=create_car_dim permission to 509: [Errno 1] Operation not permitted: '/opt/***/logs/dag_id=Autotrader_ETL_DAG/run_id=manual__2023-09-03T10:09:39.882545+00:00/task_id=create_car_dim'
[2023-09-03T10:10:24.628+0000] {task_command.py:415} INFO - Running <TaskInstance: Autotrader_ETL_DAG.create_car_dim manual__2023-09-03T10:09:39.882545+00:00 [running]> on host 1a0e8b05e04d
[2023-09-03T10:10:24.732+0000] {taskinstance.py:1660} INFO - Exporting env vars: AIRFLOW_CTX_DAG_OWNER='***' AIRFLOW_CTX_DAG_ID='Autotrader_ETL_DAG' AIRFLOW_CTX_TASK_ID='create_car_dim' AIRFLOW_CTX_EXECUTION_DATE='2023-09-03T10:09:39.882545+00:00' AIRFLOW_CTX_TRY_NUMBER='1' AIRFLOW_CTX_DAG_RUN_ID='manual__2023-09-03T10:09:39.882545+00:00'
[2023-09-03T10:10:24.735+0000] {bigquery.py:1234} INFO - Executing: CREATE OR REPLACE TABLE
        autotrader-toyota-dashboard.autotrader_transformed.car_dim 
        (
        car_key INT64 NOT NULL,
        year INT64,
        model STRING,
        type STRING,
        PRIMARY KEY (car_key) NOT ENFORCED
        );
[2023-09-03T10:10:24.744+0000] {connection.py:232} WARNING - Connection schemes (type: google_cloud_platform) shall not contain '_' according to RFC3986.
[2023-09-03T10:10:24.748+0000] {base.py:73} INFO - Using connection ID 'google_cloud' for task execution.
[2023-09-03T10:10:24.754+0000] {logging_mixin.py:151} WARNING - /home/***/.local/lib/python3.8/site-packages/***/providers/google/cloud/hooks/bigquery.py:2109 AirflowProviderDeprecationWarning: This method is deprecated. Please use `BigQueryHook.insert_job` method.
[2023-09-03T10:10:24.807+0000] {bigquery.py:1596} INFO - Inserting job ***_1693735824806744_0253bcb01ac68e8ae2d5d4dd4a28f860
[2023-09-03T10:10:26.328+0000] {taskinstance.py:1400} INFO - Marking task as SUCCESS. dag_id=Autotrader_ETL_DAG, task_id=create_car_dim, execution_date=20230903T100939, start_date=20230903T101024, end_date=20230903T101026
[2023-09-03T10:10:26.388+0000] {local_task_job_runner.py:228} INFO - Task exited with return code 0
[2023-09-03T10:10:26.419+0000] {taskinstance.py:2784} INFO - 0 downstream tasks scheduled from follow-on schedule check
