[2023-09-10T00:54:15.156+0000] {logging_mixin.py:151} INFO - Changing /opt/***/logs/dag_id=Autotrader_ETL_DAG/run_id=manual__2023-09-10T00:52:36.271525+00:00/task_id=remove_nulls permission to 509
[2023-09-10T00:54:15.157+0000] {logging_mixin.py:151} INFO - Failed to change /opt/***/logs/dag_id=Autotrader_ETL_DAG/run_id=manual__2023-09-10T00:52:36.271525+00:00/task_id=remove_nulls permission to 509: [Errno 1] Operation not permitted: '/opt/***/logs/dag_id=Autotrader_ETL_DAG/run_id=manual__2023-09-10T00:52:36.271525+00:00/task_id=remove_nulls'
[2023-09-10T00:54:15.183+0000] {logging_mixin.py:151} INFO - Changing /opt/***/logs/dag_id=Autotrader_ETL_DAG/run_id=manual__2023-09-10T00:52:36.271525+00:00/task_id=remove_nulls permission to 509
[2023-09-10T00:54:15.184+0000] {logging_mixin.py:151} INFO - Failed to change /opt/***/logs/dag_id=Autotrader_ETL_DAG/run_id=manual__2023-09-10T00:52:36.271525+00:00/task_id=remove_nulls permission to 509: [Errno 1] Operation not permitted: '/opt/***/logs/dag_id=Autotrader_ETL_DAG/run_id=manual__2023-09-10T00:52:36.271525+00:00/task_id=remove_nulls'
[2023-09-10T00:54:15.205+0000] {taskinstance.py:1159} INFO - Dependencies all met for dep_context=non-requeueable deps ti=<TaskInstance: Autotrader_ETL_DAG.remove_nulls manual__2023-09-10T00:52:36.271525+00:00 [queued]>
[2023-09-10T00:54:15.213+0000] {taskinstance.py:1159} INFO - Dependencies all met for dep_context=requeueable deps ti=<TaskInstance: Autotrader_ETL_DAG.remove_nulls manual__2023-09-10T00:52:36.271525+00:00 [queued]>
[2023-09-10T00:54:15.214+0000] {taskinstance.py:1361} INFO - Starting attempt 1 of 2
[2023-09-10T00:54:15.225+0000] {taskinstance.py:1382} INFO - Executing <Task(BigQueryExecuteQueryOperator): remove_nulls> on 2023-09-10 00:52:36.271525+00:00
[2023-09-10T00:54:15.232+0000] {standard_task_runner.py:57} INFO - Started process 1519 to run task
[2023-09-10T00:54:15.234+0000] {standard_task_runner.py:84} INFO - Running: ['***', 'tasks', 'run', 'Autotrader_ETL_DAG', 'remove_nulls', 'manual__2023-09-10T00:52:36.271525+00:00', '--job-id', '602', '--raw', '--subdir', 'DAGS_FOLDER/autotrader_etl.py', '--cfg-path', '/tmp/tmp7vsgekhh']
[2023-09-10T00:54:15.236+0000] {standard_task_runner.py:85} INFO - Job 602: Subtask remove_nulls
[2023-09-10T00:54:15.272+0000] {logging_mixin.py:151} INFO - Changing /opt/***/logs/dag_id=Autotrader_ETL_DAG/run_id=manual__2023-09-10T00:52:36.271525+00:00/task_id=remove_nulls permission to 509
[2023-09-10T00:54:15.273+0000] {logging_mixin.py:151} INFO - Failed to change /opt/***/logs/dag_id=Autotrader_ETL_DAG/run_id=manual__2023-09-10T00:52:36.271525+00:00/task_id=remove_nulls permission to 509: [Errno 1] Operation not permitted: '/opt/***/logs/dag_id=Autotrader_ETL_DAG/run_id=manual__2023-09-10T00:52:36.271525+00:00/task_id=remove_nulls'
[2023-09-10T00:54:15.275+0000] {task_command.py:415} INFO - Running <TaskInstance: Autotrader_ETL_DAG.remove_nulls manual__2023-09-10T00:52:36.271525+00:00 [running]> on host 412bb32711f9
[2023-09-10T00:54:15.343+0000] {taskinstance.py:1660} INFO - Exporting env vars: AIRFLOW_CTX_DAG_OWNER='***' AIRFLOW_CTX_DAG_ID='Autotrader_ETL_DAG' AIRFLOW_CTX_TASK_ID='remove_nulls' AIRFLOW_CTX_EXECUTION_DATE='2023-09-10T00:52:36.271525+00:00' AIRFLOW_CTX_TRY_NUMBER='1' AIRFLOW_CTX_DAG_RUN_ID='manual__2023-09-10T00:52:36.271525+00:00'
[2023-09-10T00:54:15.346+0000] {bigquery.py:1234} INFO - Executing: DELETE autotrader-toyota-dashboard.autotrader_staging.listings_raw
        WHERE
        NOT EXISTS (
        SELECT
        *
        FROM
        autotrader-toyota-dashboard.autotrader_staging.listings_raw
        WHERE
        NOT ( price IS NULL
        OR odometer IS NULL
        OR year IS NULL
        OR car_model IS NULL
        OR type IS NULL
        OR suburb IS NULL
        OR state IS NULL 
        ))
        OR odometer = '';
[2023-09-10T00:54:15.354+0000] {connection.py:232} WARNING - Connection schemes (type: google_cloud_platform) shall not contain '_' according to RFC3986.
[2023-09-10T00:54:15.358+0000] {base.py:73} INFO - Using connection ID 'google_cloud' for task execution.
[2023-09-10T00:54:15.363+0000] {logging_mixin.py:151} WARNING - /home/***/.local/lib/python3.8/site-packages/***/providers/google/cloud/hooks/bigquery.py:2109 AirflowProviderDeprecationWarning: This method is deprecated. Please use `BigQueryHook.insert_job` method.
[2023-09-10T00:54:15.399+0000] {bigquery.py:1596} INFO - Inserting job ***_1694307255399107_d6a576bab397a1c1140e8fbda8634bd4
[2023-09-10T00:54:18.263+0000] {taskinstance.py:1400} INFO - Marking task as SUCCESS. dag_id=Autotrader_ETL_DAG, task_id=remove_nulls, execution_date=20230910T005236, start_date=20230910T005415, end_date=20230910T005418
[2023-09-10T00:54:18.311+0000] {local_task_job_runner.py:228} INFO - Task exited with return code 0
[2023-09-10T00:54:18.342+0000] {taskinstance.py:2784} INFO - 1 downstream tasks scheduled from follow-on schedule check
