[2023-09-12T13:03:30.357+0000] {logging_mixin.py:151} INFO - Changing /opt/***/logs/dag_id=Autotrader_ETL_DAG/run_id=manual__2023-09-12T12:44:16.972246+00:00/task_id=insert_into_location_dim permission to 509
[2023-09-12T13:03:30.358+0000] {logging_mixin.py:151} INFO - Failed to change /opt/***/logs/dag_id=Autotrader_ETL_DAG/run_id=manual__2023-09-12T12:44:16.972246+00:00/task_id=insert_into_location_dim permission to 509: [Errno 1] Operation not permitted: '/opt/***/logs/dag_id=Autotrader_ETL_DAG/run_id=manual__2023-09-12T12:44:16.972246+00:00/task_id=insert_into_location_dim'
[2023-09-12T13:03:30.385+0000] {logging_mixin.py:151} INFO - Changing /opt/***/logs/dag_id=Autotrader_ETL_DAG/run_id=manual__2023-09-12T12:44:16.972246+00:00/task_id=insert_into_location_dim permission to 509
[2023-09-12T13:03:30.386+0000] {logging_mixin.py:151} INFO - Failed to change /opt/***/logs/dag_id=Autotrader_ETL_DAG/run_id=manual__2023-09-12T12:44:16.972246+00:00/task_id=insert_into_location_dim permission to 509: [Errno 1] Operation not permitted: '/opt/***/logs/dag_id=Autotrader_ETL_DAG/run_id=manual__2023-09-12T12:44:16.972246+00:00/task_id=insert_into_location_dim'
[2023-09-12T13:03:30.409+0000] {taskinstance.py:1159} INFO - Dependencies all met for dep_context=non-requeueable deps ti=<TaskInstance: Autotrader_ETL_DAG.insert_into_location_dim manual__2023-09-12T12:44:16.972246+00:00 [queued]>
[2023-09-12T13:03:30.417+0000] {taskinstance.py:1159} INFO - Dependencies all met for dep_context=requeueable deps ti=<TaskInstance: Autotrader_ETL_DAG.insert_into_location_dim manual__2023-09-12T12:44:16.972246+00:00 [queued]>
[2023-09-12T13:03:30.418+0000] {taskinstance.py:1361} INFO - Starting attempt 1 of 2
[2023-09-12T13:03:30.430+0000] {taskinstance.py:1382} INFO - Executing <Task(BigQueryExecuteQueryOperator): insert_into_location_dim> on 2023-09-12 12:44:16.972246+00:00
[2023-09-12T13:03:30.437+0000] {standard_task_runner.py:57} INFO - Started process 830 to run task
[2023-09-12T13:03:30.441+0000] {standard_task_runner.py:84} INFO - Running: ['***', 'tasks', 'run', 'Autotrader_ETL_DAG', 'insert_into_location_dim', 'manual__2023-09-12T12:44:16.972246+00:00', '--job-id', '682', '--raw', '--subdir', 'DAGS_FOLDER/autotrader_etl.py', '--cfg-path', '/tmp/tmpgtshric0']
[2023-09-12T13:03:30.443+0000] {standard_task_runner.py:85} INFO - Job 682: Subtask insert_into_location_dim
[2023-09-12T13:03:30.480+0000] {logging_mixin.py:151} INFO - Changing /opt/***/logs/dag_id=Autotrader_ETL_DAG/run_id=manual__2023-09-12T12:44:16.972246+00:00/task_id=insert_into_location_dim permission to 509
[2023-09-12T13:03:30.481+0000] {logging_mixin.py:151} INFO - Failed to change /opt/***/logs/dag_id=Autotrader_ETL_DAG/run_id=manual__2023-09-12T12:44:16.972246+00:00/task_id=insert_into_location_dim permission to 509: [Errno 1] Operation not permitted: '/opt/***/logs/dag_id=Autotrader_ETL_DAG/run_id=manual__2023-09-12T12:44:16.972246+00:00/task_id=insert_into_location_dim'
[2023-09-12T13:03:30.483+0000] {task_command.py:415} INFO - Running <TaskInstance: Autotrader_ETL_DAG.insert_into_location_dim manual__2023-09-12T12:44:16.972246+00:00 [running]> on host 412bb32711f9
[2023-09-12T13:03:30.554+0000] {taskinstance.py:1660} INFO - Exporting env vars: AIRFLOW_CTX_DAG_OWNER='***' AIRFLOW_CTX_DAG_ID='Autotrader_ETL_DAG' AIRFLOW_CTX_TASK_ID='insert_into_location_dim' AIRFLOW_CTX_EXECUTION_DATE='2023-09-12T12:44:16.972246+00:00' AIRFLOW_CTX_TRY_NUMBER='1' AIRFLOW_CTX_DAG_RUN_ID='manual__2023-09-12T12:44:16.972246+00:00'
[2023-09-12T13:03:30.556+0000] {bigquery.py:1234} INFO - Executing: INSERT INTO autotrader-toyota-dashboard.autotrader_transformed.location_dim (location_key, suburb, state, geolocation)
        SELECT
        ROW_NUMBER() OVER () as location_key,
        suburb,
        state,
        ST_GEOGPOINT(longitude, latitude) as geolocation
        FROM (
        SELECT 
        DISTINCT
        listings_raw.suburb,
        listings_raw.state,
        latitude,
        longitude
        FROM
        autotrader-toyota-dashboard.autotrader_staging.listings_raw AS listings_raw
        JOIN autotrader-toyota-dashboard.autotrader_staging.australian_suburbs AS australian_suburbs
        ON listings_raw.suburb = australian_suburbs.suburb
        AND listings_raw.state = australian_suburbs.state
        );
[2023-09-12T13:03:30.563+0000] {connection.py:232} WARNING - Connection schemes (type: google_cloud_platform) shall not contain '_' according to RFC3986.
[2023-09-12T13:03:30.566+0000] {base.py:73} INFO - Using connection ID 'google_cloud' for task execution.
[2023-09-12T13:03:30.571+0000] {logging_mixin.py:151} WARNING - /home/***/.local/lib/python3.8/site-packages/***/providers/google/cloud/hooks/bigquery.py:2109 AirflowProviderDeprecationWarning: This method is deprecated. Please use `BigQueryHook.insert_job` method.
[2023-09-12T13:03:30.607+0000] {bigquery.py:1596} INFO - Inserting job ***_1694523810606803_2406c2f2242bcbcbf7d2d8d619ceb477
[2023-09-12T13:03:33.473+0000] {taskinstance.py:1400} INFO - Marking task as SUCCESS. dag_id=Autotrader_ETL_DAG, task_id=insert_into_location_dim, execution_date=20230912T124416, start_date=20230912T130330, end_date=20230912T130333
[2023-09-12T13:03:33.514+0000] {local_task_job_runner.py:228} INFO - Task exited with return code 0
[2023-09-12T13:03:33.539+0000] {taskinstance.py:2784} INFO - 0 downstream tasks scheduled from follow-on schedule check
