[2023-09-10T00:46:55.909+0000] {logging_mixin.py:151} INFO - Changing /opt/***/logs/dag_id=Autotrader_ETL_DAG/run_id=manual__2023-09-10T00:45:14.768130+00:00/task_id=insert_csv_data_into_australian_suburbs_table permission to 509
[2023-09-10T00:46:55.910+0000] {logging_mixin.py:151} INFO - Failed to change /opt/***/logs/dag_id=Autotrader_ETL_DAG/run_id=manual__2023-09-10T00:45:14.768130+00:00/task_id=insert_csv_data_into_australian_suburbs_table permission to 509: [Errno 1] Operation not permitted: '/opt/***/logs/dag_id=Autotrader_ETL_DAG/run_id=manual__2023-09-10T00:45:14.768130+00:00/task_id=insert_csv_data_into_australian_suburbs_table'
[2023-09-10T00:46:55.937+0000] {logging_mixin.py:151} INFO - Changing /opt/***/logs/dag_id=Autotrader_ETL_DAG/run_id=manual__2023-09-10T00:45:14.768130+00:00/task_id=insert_csv_data_into_australian_suburbs_table permission to 509
[2023-09-10T00:46:55.938+0000] {logging_mixin.py:151} INFO - Failed to change /opt/***/logs/dag_id=Autotrader_ETL_DAG/run_id=manual__2023-09-10T00:45:14.768130+00:00/task_id=insert_csv_data_into_australian_suburbs_table permission to 509: [Errno 1] Operation not permitted: '/opt/***/logs/dag_id=Autotrader_ETL_DAG/run_id=manual__2023-09-10T00:45:14.768130+00:00/task_id=insert_csv_data_into_australian_suburbs_table'
[2023-09-10T00:46:55.960+0000] {taskinstance.py:1159} INFO - Dependencies all met for dep_context=non-requeueable deps ti=<TaskInstance: Autotrader_ETL_DAG.insert_csv_data_into_australian_suburbs_table manual__2023-09-10T00:45:14.768130+00:00 [queued]>
[2023-09-10T00:46:55.968+0000] {taskinstance.py:1159} INFO - Dependencies all met for dep_context=requeueable deps ti=<TaskInstance: Autotrader_ETL_DAG.insert_csv_data_into_australian_suburbs_table manual__2023-09-10T00:45:14.768130+00:00 [queued]>
[2023-09-10T00:46:55.969+0000] {taskinstance.py:1361} INFO - Starting attempt 1 of 2
[2023-09-10T00:46:55.982+0000] {taskinstance.py:1382} INFO - Executing <Task(GCSToBigQueryOperator): insert_csv_data_into_australian_suburbs_table> on 2023-09-10 00:45:14.768130+00:00
[2023-09-10T00:46:55.989+0000] {standard_task_runner.py:57} INFO - Started process 1381 to run task
[2023-09-10T00:46:55.991+0000] {standard_task_runner.py:84} INFO - Running: ['***', 'tasks', 'run', 'Autotrader_ETL_DAG', 'insert_csv_data_into_australian_suburbs_table', 'manual__2023-09-10T00:45:14.768130+00:00', '--job-id', '583', '--raw', '--subdir', 'DAGS_FOLDER/autotrader_etl.py', '--cfg-path', '/tmp/tmpw3cug7t7']
[2023-09-10T00:46:55.993+0000] {standard_task_runner.py:85} INFO - Job 583: Subtask insert_csv_data_into_australian_suburbs_table
[2023-09-10T00:46:56.033+0000] {logging_mixin.py:151} INFO - Changing /opt/***/logs/dag_id=Autotrader_ETL_DAG/run_id=manual__2023-09-10T00:45:14.768130+00:00/task_id=insert_csv_data_into_australian_suburbs_table permission to 509
[2023-09-10T00:46:56.034+0000] {logging_mixin.py:151} INFO - Failed to change /opt/***/logs/dag_id=Autotrader_ETL_DAG/run_id=manual__2023-09-10T00:45:14.768130+00:00/task_id=insert_csv_data_into_australian_suburbs_table permission to 509: [Errno 1] Operation not permitted: '/opt/***/logs/dag_id=Autotrader_ETL_DAG/run_id=manual__2023-09-10T00:45:14.768130+00:00/task_id=insert_csv_data_into_australian_suburbs_table'
[2023-09-10T00:46:56.036+0000] {task_command.py:415} INFO - Running <TaskInstance: Autotrader_ETL_DAG.insert_csv_data_into_australian_suburbs_table manual__2023-09-10T00:45:14.768130+00:00 [running]> on host 412bb32711f9
[2023-09-10T00:46:56.110+0000] {taskinstance.py:1660} INFO - Exporting env vars: AIRFLOW_CTX_DAG_OWNER='***' AIRFLOW_CTX_DAG_ID='Autotrader_ETL_DAG' AIRFLOW_CTX_TASK_ID='insert_csv_data_into_australian_suburbs_table' AIRFLOW_CTX_EXECUTION_DATE='2023-09-10T00:45:14.768130+00:00' AIRFLOW_CTX_TRY_NUMBER='1' AIRFLOW_CTX_DAG_RUN_ID='manual__2023-09-10T00:45:14.768130+00:00'
[2023-09-10T00:46:56.120+0000] {connection.py:232} WARNING - Connection schemes (type: google_cloud_platform) shall not contain '_' according to RFC3986.
[2023-09-10T00:46:56.124+0000] {base.py:73} INFO - Using connection ID 'google_cloud' for task execution.
[2023-09-10T00:46:56.125+0000] {gcs_to_bigquery.py:375} INFO - Using existing BigQuery table for storing data...
[2023-09-10T00:46:56.165+0000] {gcs_to_bigquery.py:379} INFO - Executing: {'load': {'autodetect': True, 'createDisposition': 'CREATE_IF_NEEDED', 'destinationTable': {'projectId': 'autotrader-toyota-dashboard', 'datasetId': 'autotrader_staging', 'tableId': 'australian_suburbs'}, 'sourceFormat': 'CSV', 'sourceUris': ['gs://autotrader-raw/australian_suburbs.csv'], 'writeDisposition': 'WRITE_TRUNCATE', 'ignoreUnknownValues': False, 'schema': {'fields': [{'name': 'id', 'type': 'INT64'}, {'name': 'suburb', 'type': 'STRING'}, {'name': 'state', 'type': 'STRING'}, {'name': 'latitude', 'type': 'FLOAT64'}, {'name': 'longitude', 'type': 'FLOAT64'}]}, 'skipLeadingRows': None, 'fieldDelimiter': ',', 'quote': None, 'allowQuotedNewlines': False, 'encoding': 'UTF-8'}}
[2023-09-10T00:46:56.166+0000] {bigquery.py:1596} INFO - Inserting job ***_Autotrader_ETL_DAG_insert_csv_data_into_australian_suburbs_table_2023_09_10T00_45_14_768130_00_00_59864522900f32e1fe1dedc43cb0799b
[2023-09-10T00:46:59.523+0000] {taskinstance.py:1400} INFO - Marking task as SUCCESS. dag_id=Autotrader_ETL_DAG, task_id=insert_csv_data_into_australian_suburbs_table, execution_date=20230910T004514, start_date=20230910T004655, end_date=20230910T004659
[2023-09-10T00:46:59.545+0000] {local_task_job_runner.py:228} INFO - Task exited with return code 0
[2023-09-10T00:46:59.573+0000] {taskinstance.py:2784} INFO - 1 downstream tasks scheduled from follow-on schedule check
