[2023-09-03T09:47:45.895+0000] {logging_mixin.py:151} INFO - Changing /opt/***/logs/dag_id=Autotrader_ETL_DAG/run_id=manual__2023-09-03T09:46:58.771482+00:00/task_id=create_location_dim permission to 509
[2023-09-03T09:47:45.896+0000] {logging_mixin.py:151} INFO - Failed to change /opt/***/logs/dag_id=Autotrader_ETL_DAG/run_id=manual__2023-09-03T09:46:58.771482+00:00/task_id=create_location_dim permission to 509: [Errno 1] Operation not permitted: '/opt/***/logs/dag_id=Autotrader_ETL_DAG/run_id=manual__2023-09-03T09:46:58.771482+00:00/task_id=create_location_dim'
[2023-09-03T09:47:45.934+0000] {logging_mixin.py:151} INFO - Changing /opt/***/logs/dag_id=Autotrader_ETL_DAG/run_id=manual__2023-09-03T09:46:58.771482+00:00/task_id=create_location_dim permission to 509
[2023-09-03T09:47:45.935+0000] {logging_mixin.py:151} INFO - Failed to change /opt/***/logs/dag_id=Autotrader_ETL_DAG/run_id=manual__2023-09-03T09:46:58.771482+00:00/task_id=create_location_dim permission to 509: [Errno 1] Operation not permitted: '/opt/***/logs/dag_id=Autotrader_ETL_DAG/run_id=manual__2023-09-03T09:46:58.771482+00:00/task_id=create_location_dim'
[2023-09-03T09:47:45.965+0000] {taskinstance.py:1159} INFO - Dependencies all met for dep_context=non-requeueable deps ti=<TaskInstance: Autotrader_ETL_DAG.create_location_dim manual__2023-09-03T09:46:58.771482+00:00 [queued]>
[2023-09-03T09:47:45.974+0000] {taskinstance.py:1159} INFO - Dependencies all met for dep_context=requeueable deps ti=<TaskInstance: Autotrader_ETL_DAG.create_location_dim manual__2023-09-03T09:46:58.771482+00:00 [queued]>
[2023-09-03T09:47:45.975+0000] {taskinstance.py:1361} INFO - Starting attempt 1 of 2
[2023-09-03T09:47:45.989+0000] {taskinstance.py:1382} INFO - Executing <Task(BigQueryExecuteQueryOperator): create_location_dim> on 2023-09-03 09:46:58.771482+00:00
[2023-09-03T09:47:45.996+0000] {standard_task_runner.py:57} INFO - Started process 4503 to run task
[2023-09-03T09:47:45.998+0000] {standard_task_runner.py:84} INFO - Running: ['***', 'tasks', 'run', 'Autotrader_ETL_DAG', 'create_location_dim', 'manual__2023-09-03T09:46:58.771482+00:00', '--job-id', '300', '--raw', '--subdir', 'DAGS_FOLDER/autotrader_etl.py', '--cfg-path', '/tmp/tmpr7j42bv5']
[2023-09-03T09:47:46.001+0000] {standard_task_runner.py:85} INFO - Job 300: Subtask create_location_dim
[2023-09-03T09:47:46.048+0000] {logging_mixin.py:151} INFO - Changing /opt/***/logs/dag_id=Autotrader_ETL_DAG/run_id=manual__2023-09-03T09:46:58.771482+00:00/task_id=create_location_dim permission to 509
[2023-09-03T09:47:46.049+0000] {logging_mixin.py:151} INFO - Failed to change /opt/***/logs/dag_id=Autotrader_ETL_DAG/run_id=manual__2023-09-03T09:46:58.771482+00:00/task_id=create_location_dim permission to 509: [Errno 1] Operation not permitted: '/opt/***/logs/dag_id=Autotrader_ETL_DAG/run_id=manual__2023-09-03T09:46:58.771482+00:00/task_id=create_location_dim'
[2023-09-03T09:47:46.051+0000] {task_command.py:415} INFO - Running <TaskInstance: Autotrader_ETL_DAG.create_location_dim manual__2023-09-03T09:46:58.771482+00:00 [running]> on host 1a0e8b05e04d
[2023-09-03T09:47:46.142+0000] {taskinstance.py:1660} INFO - Exporting env vars: AIRFLOW_CTX_DAG_OWNER='***' AIRFLOW_CTX_DAG_ID='Autotrader_ETL_DAG' AIRFLOW_CTX_TASK_ID='create_location_dim' AIRFLOW_CTX_EXECUTION_DATE='2023-09-03T09:46:58.771482+00:00' AIRFLOW_CTX_TRY_NUMBER='1' AIRFLOW_CTX_DAG_RUN_ID='manual__2023-09-03T09:46:58.771482+00:00'
[2023-09-03T09:47:46.146+0000] {bigquery.py:1234} INFO - Executing: CREATE OR REPLACE TABLE
        autotrader-toyota-dashboard.autotrader_transformed.location_dim 
        (
        location_key INT64 NOT NULL,
        suburb STRING,
        state STRING,
        PRIMARY KEY (location_key) NOT ENFORCED
        );
[2023-09-03T09:47:46.157+0000] {connection.py:232} WARNING - Connection schemes (type: google_cloud_platform) shall not contain '_' according to RFC3986.
[2023-09-03T09:47:46.163+0000] {base.py:73} INFO - Using connection ID 'google_cloud' for task execution.
[2023-09-03T09:47:46.169+0000] {logging_mixin.py:151} WARNING - /home/***/.local/lib/python3.8/site-packages/***/providers/google/cloud/hooks/bigquery.py:2109 AirflowProviderDeprecationWarning: This method is deprecated. Please use `BigQueryHook.insert_job` method.
[2023-09-03T09:47:46.227+0000] {bigquery.py:1596} INFO - Inserting job ***_1693734466227099_9f9678ac1f542b93797ff6e2b6abfb1d
[2023-09-03T09:47:47.648+0000] {taskinstance.py:1400} INFO - Marking task as SUCCESS. dag_id=Autotrader_ETL_DAG, task_id=create_location_dim, execution_date=20230903T094658, start_date=20230903T094745, end_date=20230903T094747
[2023-09-03T09:47:47.701+0000] {local_task_job_runner.py:228} INFO - Task exited with return code 0
[2023-09-03T09:47:47.731+0000] {taskinstance.py:2784} INFO - 0 downstream tasks scheduled from follow-on schedule check
