[2023-09-03T09:47:50.164+0000] {logging_mixin.py:151} INFO - Changing /opt/***/logs/dag_id=Autotrader_ETL_DAG/run_id=manual__2023-09-03T09:46:58.771482+00:00/task_id=insert_into_location_dim permission to 509
[2023-09-03T09:47:50.165+0000] {logging_mixin.py:151} INFO - Failed to change /opt/***/logs/dag_id=Autotrader_ETL_DAG/run_id=manual__2023-09-03T09:46:58.771482+00:00/task_id=insert_into_location_dim permission to 509: [Errno 1] Operation not permitted: '/opt/***/logs/dag_id=Autotrader_ETL_DAG/run_id=manual__2023-09-03T09:46:58.771482+00:00/task_id=insert_into_location_dim'
[2023-09-03T09:47:50.199+0000] {logging_mixin.py:151} INFO - Changing /opt/***/logs/dag_id=Autotrader_ETL_DAG/run_id=manual__2023-09-03T09:46:58.771482+00:00/task_id=insert_into_location_dim permission to 509
[2023-09-03T09:47:50.200+0000] {logging_mixin.py:151} INFO - Failed to change /opt/***/logs/dag_id=Autotrader_ETL_DAG/run_id=manual__2023-09-03T09:46:58.771482+00:00/task_id=insert_into_location_dim permission to 509: [Errno 1] Operation not permitted: '/opt/***/logs/dag_id=Autotrader_ETL_DAG/run_id=manual__2023-09-03T09:46:58.771482+00:00/task_id=insert_into_location_dim'
[2023-09-03T09:47:50.229+0000] {taskinstance.py:1159} INFO - Dependencies all met for dep_context=non-requeueable deps ti=<TaskInstance: Autotrader_ETL_DAG.insert_into_location_dim manual__2023-09-03T09:46:58.771482+00:00 [queued]>
[2023-09-03T09:47:50.240+0000] {taskinstance.py:1159} INFO - Dependencies all met for dep_context=requeueable deps ti=<TaskInstance: Autotrader_ETL_DAG.insert_into_location_dim manual__2023-09-03T09:46:58.771482+00:00 [queued]>
[2023-09-03T09:47:50.241+0000] {taskinstance.py:1361} INFO - Starting attempt 1 of 2
[2023-09-03T09:47:50.254+0000] {taskinstance.py:1382} INFO - Executing <Task(BigQueryExecuteQueryOperator): insert_into_location_dim> on 2023-09-03 09:46:58.771482+00:00
[2023-09-03T09:47:50.261+0000] {standard_task_runner.py:57} INFO - Started process 4509 to run task
[2023-09-03T09:47:50.265+0000] {standard_task_runner.py:84} INFO - Running: ['***', 'tasks', 'run', 'Autotrader_ETL_DAG', 'insert_into_location_dim', 'manual__2023-09-03T09:46:58.771482+00:00', '--job-id', '303', '--raw', '--subdir', 'DAGS_FOLDER/autotrader_etl.py', '--cfg-path', '/tmp/tmpynbbu4sb']
[2023-09-03T09:47:50.268+0000] {standard_task_runner.py:85} INFO - Job 303: Subtask insert_into_location_dim
[2023-09-03T09:47:50.312+0000] {logging_mixin.py:151} INFO - Changing /opt/***/logs/dag_id=Autotrader_ETL_DAG/run_id=manual__2023-09-03T09:46:58.771482+00:00/task_id=insert_into_location_dim permission to 509
[2023-09-03T09:47:50.313+0000] {logging_mixin.py:151} INFO - Failed to change /opt/***/logs/dag_id=Autotrader_ETL_DAG/run_id=manual__2023-09-03T09:46:58.771482+00:00/task_id=insert_into_location_dim permission to 509: [Errno 1] Operation not permitted: '/opt/***/logs/dag_id=Autotrader_ETL_DAG/run_id=manual__2023-09-03T09:46:58.771482+00:00/task_id=insert_into_location_dim'
[2023-09-03T09:47:50.316+0000] {task_command.py:415} INFO - Running <TaskInstance: Autotrader_ETL_DAG.insert_into_location_dim manual__2023-09-03T09:46:58.771482+00:00 [running]> on host 1a0e8b05e04d
[2023-09-03T09:47:50.403+0000] {taskinstance.py:1660} INFO - Exporting env vars: AIRFLOW_CTX_DAG_OWNER='***' AIRFLOW_CTX_DAG_ID='Autotrader_ETL_DAG' AIRFLOW_CTX_TASK_ID='insert_into_location_dim' AIRFLOW_CTX_EXECUTION_DATE='2023-09-03T09:46:58.771482+00:00' AIRFLOW_CTX_TRY_NUMBER='1' AIRFLOW_CTX_DAG_RUN_ID='manual__2023-09-03T09:46:58.771482+00:00'
[2023-09-03T09:47:50.407+0000] {bigquery.py:1234} INFO - Executing: INSERT INTO autotrader-toyota-dashboard.autotrader_transformed.location_dim (location_key, suburb, state)
        SELECT
        ROW_NUMBER() OVER () as location_key,
        suburb,
        state
        FROM (
        SELECT 
        DISTINCT
        suburb,
        state
        FROM
        autotrader-toyota-dashboard.autotrader_staging.listings_raw
        );
[2023-09-03T09:47:50.418+0000] {connection.py:232} WARNING - Connection schemes (type: google_cloud_platform) shall not contain '_' according to RFC3986.
[2023-09-03T09:47:50.423+0000] {base.py:73} INFO - Using connection ID 'google_cloud' for task execution.
[2023-09-03T09:47:50.430+0000] {logging_mixin.py:151} WARNING - /home/***/.local/lib/python3.8/site-packages/***/providers/google/cloud/hooks/bigquery.py:2109 AirflowProviderDeprecationWarning: This method is deprecated. Please use `BigQueryHook.insert_job` method.
[2023-09-03T09:47:50.483+0000] {bigquery.py:1596} INFO - Inserting job ***_1693734470483276_945dcafba0ba8e574853943552db7aa1
[2023-09-03T09:47:53.352+0000] {taskinstance.py:1400} INFO - Marking task as SUCCESS. dag_id=Autotrader_ETL_DAG, task_id=insert_into_location_dim, execution_date=20230903T094658, start_date=20230903T094750, end_date=20230903T094753
[2023-09-03T09:47:53.412+0000] {local_task_job_runner.py:228} INFO - Task exited with return code 0
[2023-09-03T09:47:53.463+0000] {taskinstance.py:2784} INFO - 0 downstream tasks scheduled from follow-on schedule check
