[2023-08-29T00:00:04.501+0000] {logging_mixin.py:151} INFO - Changing /opt/***/logs/dag_id=Autotrader_ETL_DAG/run_id=scheduled__2023-08-28T00:00:00+00:00/task_id=success permission to 509
[2023-08-29T00:00:04.502+0000] {logging_mixin.py:151} INFO - Failed to change /opt/***/logs/dag_id=Autotrader_ETL_DAG/run_id=scheduled__2023-08-28T00:00:00+00:00/task_id=success permission to 509: [Errno 1] Operation not permitted: '/opt/***/logs/dag_id=Autotrader_ETL_DAG/run_id=scheduled__2023-08-28T00:00:00+00:00/task_id=success'
[2023-08-29T00:00:04.539+0000] {logging_mixin.py:151} INFO - Changing /opt/***/logs/dag_id=Autotrader_ETL_DAG/run_id=scheduled__2023-08-28T00:00:00+00:00/task_id=success permission to 509
[2023-08-29T00:00:04.540+0000] {logging_mixin.py:151} INFO - Failed to change /opt/***/logs/dag_id=Autotrader_ETL_DAG/run_id=scheduled__2023-08-28T00:00:00+00:00/task_id=success permission to 509: [Errno 1] Operation not permitted: '/opt/***/logs/dag_id=Autotrader_ETL_DAG/run_id=scheduled__2023-08-28T00:00:00+00:00/task_id=success'
[2023-08-29T00:00:04.578+0000] {taskinstance.py:1159} INFO - Dependencies all met for dep_context=non-requeueable deps ti=<TaskInstance: Autotrader_ETL_DAG.success scheduled__2023-08-28T00:00:00+00:00 [queued]>
[2023-08-29T00:00:04.587+0000] {taskinstance.py:1159} INFO - Dependencies all met for dep_context=requeueable deps ti=<TaskInstance: Autotrader_ETL_DAG.success scheduled__2023-08-28T00:00:00+00:00 [queued]>
[2023-08-29T00:00:04.588+0000] {taskinstance.py:1361} INFO - Starting attempt 1 of 2
[2023-08-29T00:00:04.600+0000] {taskinstance.py:1382} INFO - Executing <Task(BashOperator): success> on 2023-08-28 00:00:00+00:00
[2023-08-29T00:00:04.606+0000] {standard_task_runner.py:57} INFO - Started process 759 to run task
[2023-08-29T00:00:04.608+0000] {standard_task_runner.py:84} INFO - Running: ['***', 'tasks', 'run', 'Autotrader_ETL_DAG', 'success', 'scheduled__2023-08-28T00:00:00+00:00', '--job-id', '23', '--raw', '--subdir', 'DAGS_FOLDER/autotrader_etl.py', '--cfg-path', '/tmp/tmp85dz6whn']
[2023-08-29T00:00:04.609+0000] {standard_task_runner.py:85} INFO - Job 23: Subtask success
[2023-08-29T00:00:04.653+0000] {logging_mixin.py:151} INFO - Changing /opt/***/logs/dag_id=Autotrader_ETL_DAG/run_id=scheduled__2023-08-28T00:00:00+00:00/task_id=success permission to 509
[2023-08-29T00:00:04.654+0000] {logging_mixin.py:151} INFO - Failed to change /opt/***/logs/dag_id=Autotrader_ETL_DAG/run_id=scheduled__2023-08-28T00:00:00+00:00/task_id=success permission to 509: [Errno 1] Operation not permitted: '/opt/***/logs/dag_id=Autotrader_ETL_DAG/run_id=scheduled__2023-08-28T00:00:00+00:00/task_id=success'
[2023-08-29T00:00:04.656+0000] {task_command.py:415} INFO - Running <TaskInstance: Autotrader_ETL_DAG.success scheduled__2023-08-28T00:00:00+00:00 [running]> on host 716b876f3aa6
[2023-08-29T00:00:04.734+0000] {taskinstance.py:1660} INFO - Exporting env vars: AIRFLOW_CTX_DAG_OWNER='***' AIRFLOW_CTX_DAG_ID='Autotrader_ETL_DAG' AIRFLOW_CTX_TASK_ID='success' AIRFLOW_CTX_EXECUTION_DATE='2023-08-28T00:00:00+00:00' AIRFLOW_CTX_TRY_NUMBER='1' AIRFLOW_CTX_DAG_RUN_ID='scheduled__2023-08-28T00:00:00+00:00'
[2023-08-29T00:00:04.736+0000] {subprocess.py:63} INFO - Tmp dir root location: /tmp
[2023-08-29T00:00:04.737+0000] {subprocess.py:75} INFO - Running command: ['/bin/bash', '-c', 'echo "Test successful"']
[2023-08-29T00:00:04.747+0000] {subprocess.py:86} INFO - Output:
[2023-08-29T00:00:04.749+0000] {subprocess.py:93} INFO - Test successful
[2023-08-29T00:00:04.749+0000] {subprocess.py:97} INFO - Command exited with return code 0
[2023-08-29T00:00:04.779+0000] {taskinstance.py:1400} INFO - Marking task as SUCCESS. dag_id=Autotrader_ETL_DAG, task_id=success, execution_date=20230828T000000, start_date=20230829T000004, end_date=20230829T000004
[2023-08-29T00:00:04.820+0000] {local_task_job_runner.py:228} INFO - Task exited with return code 0
[2023-08-29T00:00:04.840+0000] {taskinstance.py:2784} INFO - 0 downstream tasks scheduled from follow-on schedule check
