[2023-09-05T22:16:09.335+0000] {logging_mixin.py:151} INFO - Changing /opt/***/logs/dag_id=Autotrader_ETL_DAG/run_id=manual__2023-09-05T22:12:28.063412+00:00/task_id=remove_nulls permission to 509
[2023-09-05T22:16:09.336+0000] {logging_mixin.py:151} INFO - Failed to change /opt/***/logs/dag_id=Autotrader_ETL_DAG/run_id=manual__2023-09-05T22:12:28.063412+00:00/task_id=remove_nulls permission to 509: [Errno 1] Operation not permitted: '/opt/***/logs/dag_id=Autotrader_ETL_DAG/run_id=manual__2023-09-05T22:12:28.063412+00:00/task_id=remove_nulls'
[2023-09-05T22:16:09.364+0000] {logging_mixin.py:151} INFO - Changing /opt/***/logs/dag_id=Autotrader_ETL_DAG/run_id=manual__2023-09-05T22:12:28.063412+00:00/task_id=remove_nulls permission to 509
[2023-09-05T22:16:09.365+0000] {logging_mixin.py:151} INFO - Failed to change /opt/***/logs/dag_id=Autotrader_ETL_DAG/run_id=manual__2023-09-05T22:12:28.063412+00:00/task_id=remove_nulls permission to 509: [Errno 1] Operation not permitted: '/opt/***/logs/dag_id=Autotrader_ETL_DAG/run_id=manual__2023-09-05T22:12:28.063412+00:00/task_id=remove_nulls'
[2023-09-05T22:16:09.394+0000] {taskinstance.py:1159} INFO - Dependencies all met for dep_context=non-requeueable deps ti=<TaskInstance: Autotrader_ETL_DAG.remove_nulls manual__2023-09-05T22:12:28.063412+00:00 [queued]>
[2023-09-05T22:16:09.404+0000] {taskinstance.py:1159} INFO - Dependencies all met for dep_context=requeueable deps ti=<TaskInstance: Autotrader_ETL_DAG.remove_nulls manual__2023-09-05T22:12:28.063412+00:00 [queued]>
[2023-09-05T22:16:09.406+0000] {taskinstance.py:1361} INFO - Starting attempt 1 of 2
[2023-09-05T22:16:09.420+0000] {taskinstance.py:1382} INFO - Executing <Task(BigQueryExecuteQueryOperator): remove_nulls> on 2023-09-05 22:12:28.063412+00:00
[2023-09-05T22:16:09.428+0000] {standard_task_runner.py:57} INFO - Started process 2319 to run task
[2023-09-05T22:16:09.431+0000] {standard_task_runner.py:84} INFO - Running: ['***', 'tasks', 'run', 'Autotrader_ETL_DAG', 'remove_nulls', 'manual__2023-09-05T22:12:28.063412+00:00', '--job-id', '422', '--raw', '--subdir', 'DAGS_FOLDER/autotrader_etl.py', '--cfg-path', '/tmp/tmpp490ckna']
[2023-09-05T22:16:09.433+0000] {standard_task_runner.py:85} INFO - Job 422: Subtask remove_nulls
[2023-09-05T22:16:09.478+0000] {logging_mixin.py:151} INFO - Changing /opt/***/logs/dag_id=Autotrader_ETL_DAG/run_id=manual__2023-09-05T22:12:28.063412+00:00/task_id=remove_nulls permission to 509
[2023-09-05T22:16:09.478+0000] {logging_mixin.py:151} INFO - Failed to change /opt/***/logs/dag_id=Autotrader_ETL_DAG/run_id=manual__2023-09-05T22:12:28.063412+00:00/task_id=remove_nulls permission to 509: [Errno 1] Operation not permitted: '/opt/***/logs/dag_id=Autotrader_ETL_DAG/run_id=manual__2023-09-05T22:12:28.063412+00:00/task_id=remove_nulls'
[2023-09-05T22:16:09.481+0000] {task_command.py:415} INFO - Running <TaskInstance: Autotrader_ETL_DAG.remove_nulls manual__2023-09-05T22:12:28.063412+00:00 [running]> on host 412bb32711f9
[2023-09-05T22:16:09.555+0000] {taskinstance.py:1660} INFO - Exporting env vars: AIRFLOW_CTX_DAG_OWNER='***' AIRFLOW_CTX_DAG_ID='Autotrader_ETL_DAG' AIRFLOW_CTX_TASK_ID='remove_nulls' AIRFLOW_CTX_EXECUTION_DATE='2023-09-05T22:12:28.063412+00:00' AIRFLOW_CTX_TRY_NUMBER='1' AIRFLOW_CTX_DAG_RUN_ID='manual__2023-09-05T22:12:28.063412+00:00'
[2023-09-05T22:16:09.557+0000] {bigquery.py:1234} INFO - Executing: DELETE autotrader-toyota-dashboard.autotrader_staging.listings_raw
        WHERE
        NOT EXISTS (
        SELECT
        *
        FROM
        autotrader-toyota-dashboard.autotrader_staging.listings_raw
        WHERE
        NOT ( price IS NULL
        OR (odometer IS NULL OR odometer = '')
        OR year IS NULL
        OR MODEL IS NULL
        OR type IS NULL
        OR suburb IS NULL
        OR state IS NULL 
        ));
[2023-09-05T22:16:09.566+0000] {connection.py:232} WARNING - Connection schemes (type: google_cloud_platform) shall not contain '_' according to RFC3986.
[2023-09-05T22:16:09.570+0000] {base.py:73} INFO - Using connection ID 'google_cloud' for task execution.
[2023-09-05T22:16:09.579+0000] {logging_mixin.py:151} WARNING - /home/***/.local/lib/python3.8/site-packages/***/providers/google/cloud/hooks/bigquery.py:2109 AirflowProviderDeprecationWarning: This method is deprecated. Please use `BigQueryHook.insert_job` method.
[2023-09-05T22:16:09.623+0000] {bigquery.py:1596} INFO - Inserting job ***_1693952169623341_243a290b488619e911604b1d4ca17779
[2023-09-05T22:16:13.647+0000] {taskinstance.py:1400} INFO - Marking task as SUCCESS. dag_id=Autotrader_ETL_DAG, task_id=remove_nulls, execution_date=20230905T221228, start_date=20230905T221609, end_date=20230905T221613
[2023-09-05T22:16:13.706+0000] {local_task_job_runner.py:228} INFO - Task exited with return code 0
[2023-09-05T22:16:13.745+0000] {taskinstance.py:2784} INFO - 1 downstream tasks scheduled from follow-on schedule check
