[2023-09-12T12:35:40.159+0000] {logging_mixin.py:151} INFO - Changing /opt/***/logs/dag_id=Autotrader_ETL_DAG/run_id=manual__2023-09-12T12:26:33.409550+00:00/task_id=create_car_dim permission to 509
[2023-09-12T12:35:40.160+0000] {logging_mixin.py:151} INFO - Failed to change /opt/***/logs/dag_id=Autotrader_ETL_DAG/run_id=manual__2023-09-12T12:26:33.409550+00:00/task_id=create_car_dim permission to 509: [Errno 1] Operation not permitted: '/opt/***/logs/dag_id=Autotrader_ETL_DAG/run_id=manual__2023-09-12T12:26:33.409550+00:00/task_id=create_car_dim'
[2023-09-12T12:35:40.196+0000] {logging_mixin.py:151} INFO - Changing /opt/***/logs/dag_id=Autotrader_ETL_DAG/run_id=manual__2023-09-12T12:26:33.409550+00:00/task_id=create_car_dim permission to 509
[2023-09-12T12:35:40.197+0000] {logging_mixin.py:151} INFO - Failed to change /opt/***/logs/dag_id=Autotrader_ETL_DAG/run_id=manual__2023-09-12T12:26:33.409550+00:00/task_id=create_car_dim permission to 509: [Errno 1] Operation not permitted: '/opt/***/logs/dag_id=Autotrader_ETL_DAG/run_id=manual__2023-09-12T12:26:33.409550+00:00/task_id=create_car_dim'
[2023-09-12T12:35:40.225+0000] {taskinstance.py:1159} INFO - Dependencies all met for dep_context=non-requeueable deps ti=<TaskInstance: Autotrader_ETL_DAG.create_car_dim manual__2023-09-12T12:26:33.409550+00:00 [queued]>
[2023-09-12T12:35:40.235+0000] {taskinstance.py:1159} INFO - Dependencies all met for dep_context=requeueable deps ti=<TaskInstance: Autotrader_ETL_DAG.create_car_dim manual__2023-09-12T12:26:33.409550+00:00 [queued]>
[2023-09-12T12:35:40.236+0000] {taskinstance.py:1361} INFO - Starting attempt 1 of 2
[2023-09-12T12:35:40.249+0000] {taskinstance.py:1382} INFO - Executing <Task(BigQueryExecuteQueryOperator): create_car_dim> on 2023-09-12 12:26:33.409550+00:00
[2023-09-12T12:35:40.257+0000] {standard_task_runner.py:57} INFO - Started process 499 to run task
[2023-09-12T12:35:40.260+0000] {standard_task_runner.py:84} INFO - Running: ['***', 'tasks', 'run', 'Autotrader_ETL_DAG', 'create_car_dim', 'manual__2023-09-12T12:26:33.409550+00:00', '--job-id', '664', '--raw', '--subdir', 'DAGS_FOLDER/autotrader_etl.py', '--cfg-path', '/tmp/tmprubx7s_l']
[2023-09-12T12:35:40.262+0000] {standard_task_runner.py:85} INFO - Job 664: Subtask create_car_dim
[2023-09-12T12:35:40.313+0000] {logging_mixin.py:151} INFO - Changing /opt/***/logs/dag_id=Autotrader_ETL_DAG/run_id=manual__2023-09-12T12:26:33.409550+00:00/task_id=create_car_dim permission to 509
[2023-09-12T12:35:40.314+0000] {logging_mixin.py:151} INFO - Failed to change /opt/***/logs/dag_id=Autotrader_ETL_DAG/run_id=manual__2023-09-12T12:26:33.409550+00:00/task_id=create_car_dim permission to 509: [Errno 1] Operation not permitted: '/opt/***/logs/dag_id=Autotrader_ETL_DAG/run_id=manual__2023-09-12T12:26:33.409550+00:00/task_id=create_car_dim'
[2023-09-12T12:35:40.317+0000] {task_command.py:415} INFO - Running <TaskInstance: Autotrader_ETL_DAG.create_car_dim manual__2023-09-12T12:26:33.409550+00:00 [running]> on host 412bb32711f9
[2023-09-12T12:35:40.399+0000] {taskinstance.py:1660} INFO - Exporting env vars: AIRFLOW_CTX_DAG_OWNER='***' AIRFLOW_CTX_DAG_ID='Autotrader_ETL_DAG' AIRFLOW_CTX_TASK_ID='create_car_dim' AIRFLOW_CTX_EXECUTION_DATE='2023-09-12T12:26:33.409550+00:00' AIRFLOW_CTX_TRY_NUMBER='1' AIRFLOW_CTX_DAG_RUN_ID='manual__2023-09-12T12:26:33.409550+00:00'
[2023-09-12T12:35:40.402+0000] {bigquery.py:1234} INFO - Executing: CREATE OR REPLACE TABLE
        autotrader-toyota-dashboard.autotrader_transformed.car_dim 
        (
        car_key INT64 NOT NULL,
        year INT64,
        car_model STRING,
        type STRING,
        PRIMARY KEY (car_key) NOT ENFORCED
        );
[2023-09-12T12:35:40.411+0000] {connection.py:232} WARNING - Connection schemes (type: google_cloud_platform) shall not contain '_' according to RFC3986.
[2023-09-12T12:35:40.415+0000] {base.py:73} INFO - Using connection ID 'google_cloud' for task execution.
[2023-09-12T12:35:40.421+0000] {logging_mixin.py:151} WARNING - /home/***/.local/lib/python3.8/site-packages/***/providers/google/cloud/hooks/bigquery.py:2109 AirflowProviderDeprecationWarning: This method is deprecated. Please use `BigQueryHook.insert_job` method.
[2023-09-12T12:35:40.476+0000] {bigquery.py:1596} INFO - Inserting job ***_1694522140476302_5bc877e90e20b122ec316e659ee54002
[2023-09-12T12:35:43.006+0000] {taskinstance.py:1400} INFO - Marking task as SUCCESS. dag_id=Autotrader_ETL_DAG, task_id=create_car_dim, execution_date=20230912T122633, start_date=20230912T123540, end_date=20230912T123543
[2023-09-12T12:35:43.043+0000] {local_task_job_runner.py:228} INFO - Task exited with return code 0
[2023-09-12T12:35:43.070+0000] {taskinstance.py:2784} INFO - 0 downstream tasks scheduled from follow-on schedule check
