[2023-09-07T06:34:16.816+0000] {logging_mixin.py:151} INFO - Changing /opt/***/logs/dag_id=Autotrader_ETL_DAG/run_id=manual__2023-09-07T06:32:15.448537+00:00/task_id=format_columns permission to 509
[2023-09-07T06:34:16.816+0000] {logging_mixin.py:151} INFO - Failed to change /opt/***/logs/dag_id=Autotrader_ETL_DAG/run_id=manual__2023-09-07T06:32:15.448537+00:00/task_id=format_columns permission to 509: [Errno 1] Operation not permitted: '/opt/***/logs/dag_id=Autotrader_ETL_DAG/run_id=manual__2023-09-07T06:32:15.448537+00:00/task_id=format_columns'
[2023-09-07T06:34:16.842+0000] {logging_mixin.py:151} INFO - Changing /opt/***/logs/dag_id=Autotrader_ETL_DAG/run_id=manual__2023-09-07T06:32:15.448537+00:00/task_id=format_columns permission to 509
[2023-09-07T06:34:16.843+0000] {logging_mixin.py:151} INFO - Failed to change /opt/***/logs/dag_id=Autotrader_ETL_DAG/run_id=manual__2023-09-07T06:32:15.448537+00:00/task_id=format_columns permission to 509: [Errno 1] Operation not permitted: '/opt/***/logs/dag_id=Autotrader_ETL_DAG/run_id=manual__2023-09-07T06:32:15.448537+00:00/task_id=format_columns'
[2023-09-07T06:34:16.866+0000] {taskinstance.py:1159} INFO - Dependencies all met for dep_context=non-requeueable deps ti=<TaskInstance: Autotrader_ETL_DAG.format_columns manual__2023-09-07T06:32:15.448537+00:00 [queued]>
[2023-09-07T06:34:16.873+0000] {taskinstance.py:1159} INFO - Dependencies all met for dep_context=requeueable deps ti=<TaskInstance: Autotrader_ETL_DAG.format_columns manual__2023-09-07T06:32:15.448537+00:00 [queued]>
[2023-09-07T06:34:16.874+0000] {taskinstance.py:1361} INFO - Starting attempt 1 of 2
[2023-09-07T06:34:16.886+0000] {taskinstance.py:1382} INFO - Executing <Task(BigQueryExecuteQueryOperator): format_columns> on 2023-09-07 06:32:15.448537+00:00
[2023-09-07T06:34:16.893+0000] {standard_task_runner.py:57} INFO - Started process 336 to run task
[2023-09-07T06:34:16.895+0000] {standard_task_runner.py:84} INFO - Running: ['***', 'tasks', 'run', 'Autotrader_ETL_DAG', 'format_columns', 'manual__2023-09-07T06:32:15.448537+00:00', '--job-id', '472', '--raw', '--subdir', 'DAGS_FOLDER/autotrader_etl.py', '--cfg-path', '/tmp/tmpqenw62ms']
[2023-09-07T06:34:16.897+0000] {standard_task_runner.py:85} INFO - Job 472: Subtask format_columns
[2023-09-07T06:34:16.936+0000] {logging_mixin.py:151} INFO - Changing /opt/***/logs/dag_id=Autotrader_ETL_DAG/run_id=manual__2023-09-07T06:32:15.448537+00:00/task_id=format_columns permission to 509
[2023-09-07T06:34:16.937+0000] {logging_mixin.py:151} INFO - Failed to change /opt/***/logs/dag_id=Autotrader_ETL_DAG/run_id=manual__2023-09-07T06:32:15.448537+00:00/task_id=format_columns permission to 509: [Errno 1] Operation not permitted: '/opt/***/logs/dag_id=Autotrader_ETL_DAG/run_id=manual__2023-09-07T06:32:15.448537+00:00/task_id=format_columns'
[2023-09-07T06:34:16.939+0000] {task_command.py:415} INFO - Running <TaskInstance: Autotrader_ETL_DAG.format_columns manual__2023-09-07T06:32:15.448537+00:00 [running]> on host 412bb32711f9
[2023-09-07T06:34:17.012+0000] {taskinstance.py:1660} INFO - Exporting env vars: AIRFLOW_CTX_DAG_OWNER='***' AIRFLOW_CTX_DAG_ID='Autotrader_ETL_DAG' AIRFLOW_CTX_TASK_ID='format_columns' AIRFLOW_CTX_EXECUTION_DATE='2023-09-07T06:32:15.448537+00:00' AIRFLOW_CTX_TRY_NUMBER='1' AIRFLOW_CTX_DAG_RUN_ID='manual__2023-09-07T06:32:15.448537+00:00'
[2023-09-07T06:34:17.015+0000] {bigquery.py:1234} INFO - Executing: UPDATE autotrader-toyota-dashboard.autotrader_staging.listings_raw
        SET price = REPLACE(REPLACE(price, '$', ''), ',', ''),
        odometer = REPLACE(REPLACE(odometer, 'km', ''), ',', ''),
        car_model = REPLACE(car_model, type, ''),
        type = IF(REPLACE(REPLACE(type, '(', ''), ')', '') = '', 'NOT SPECIFIED', type),
        suburb = LTRIM(REPLACE(REPLACE(suburb, '(', ''), ')', ''))
        WHERE price in (
        SELECT
        price
        FROM
        autotrader-toyota-dashboard.autotrader_staging.listings_raw
        )
        AND odometer in (
        SELECT
        odometer
        FROM
        autotrader-toyota-dashboard.autotrader_staging.listings_raw
        )
        AND car_model in (
        SELECT
        car_model
        FROM
        autotrader-toyota-dashboard.autotrader_staging.listings_raw
        )
        AND type in (
        SELECT
        type
        FROM
        autotrader-toyota-dashboard.autotrader_staging.listings_raw
        )
        AND suburb in (
        SELECT
        suburb
        FROM
        autotrader-toyota-dashboard.autotrader_staging.listings_raw
        );
[2023-09-07T06:34:17.023+0000] {connection.py:232} WARNING - Connection schemes (type: google_cloud_platform) shall not contain '_' according to RFC3986.
[2023-09-07T06:34:17.027+0000] {base.py:73} INFO - Using connection ID 'google_cloud' for task execution.
[2023-09-07T06:34:17.033+0000] {logging_mixin.py:151} WARNING - /home/***/.local/lib/python3.8/site-packages/***/providers/google/cloud/hooks/bigquery.py:2109 AirflowProviderDeprecationWarning: This method is deprecated. Please use `BigQueryHook.insert_job` method.
[2023-09-07T06:34:17.071+0000] {bigquery.py:1596} INFO - Inserting job ***_1694068457071148_a59e007c0a21d07450715f57ff31b77f
[2023-09-07T06:34:21.104+0000] {taskinstance.py:1400} INFO - Marking task as SUCCESS. dag_id=Autotrader_ETL_DAG, task_id=format_columns, execution_date=20230907T063215, start_date=20230907T063416, end_date=20230907T063421
[2023-09-07T06:34:21.125+0000] {local_task_job_runner.py:228} INFO - Task exited with return code 0
[2023-09-07T06:34:21.152+0000] {taskinstance.py:2784} INFO - 1 downstream tasks scheduled from follow-on schedule check
