[2023-09-10T00:50:59.408+0000] {logging_mixin.py:151} INFO - Changing /opt/***/logs/dag_id=Autotrader_ETL_DAG/run_id=manual__2023-09-10T00:48:35.976001+00:00/task_id=format_columns permission to 509
[2023-09-10T00:50:59.408+0000] {logging_mixin.py:151} INFO - Failed to change /opt/***/logs/dag_id=Autotrader_ETL_DAG/run_id=manual__2023-09-10T00:48:35.976001+00:00/task_id=format_columns permission to 509: [Errno 1] Operation not permitted: '/opt/***/logs/dag_id=Autotrader_ETL_DAG/run_id=manual__2023-09-10T00:48:35.976001+00:00/task_id=format_columns'
[2023-09-10T00:50:59.437+0000] {logging_mixin.py:151} INFO - Changing /opt/***/logs/dag_id=Autotrader_ETL_DAG/run_id=manual__2023-09-10T00:48:35.976001+00:00/task_id=format_columns permission to 509
[2023-09-10T00:50:59.438+0000] {logging_mixin.py:151} INFO - Failed to change /opt/***/logs/dag_id=Autotrader_ETL_DAG/run_id=manual__2023-09-10T00:48:35.976001+00:00/task_id=format_columns permission to 509: [Errno 1] Operation not permitted: '/opt/***/logs/dag_id=Autotrader_ETL_DAG/run_id=manual__2023-09-10T00:48:35.976001+00:00/task_id=format_columns'
[2023-09-10T00:50:59.462+0000] {taskinstance.py:1159} INFO - Dependencies all met for dep_context=non-requeueable deps ti=<TaskInstance: Autotrader_ETL_DAG.format_columns manual__2023-09-10T00:48:35.976001+00:00 [queued]>
[2023-09-10T00:50:59.471+0000] {taskinstance.py:1159} INFO - Dependencies all met for dep_context=requeueable deps ti=<TaskInstance: Autotrader_ETL_DAG.format_columns manual__2023-09-10T00:48:35.976001+00:00 [queued]>
[2023-09-10T00:50:59.472+0000] {taskinstance.py:1361} INFO - Starting attempt 2 of 2
[2023-09-10T00:50:59.486+0000] {taskinstance.py:1382} INFO - Executing <Task(BigQueryExecuteQueryOperator): format_columns> on 2023-09-10 00:48:35.976001+00:00
[2023-09-10T00:50:59.493+0000] {standard_task_runner.py:57} INFO - Started process 1466 to run task
[2023-09-10T00:50:59.495+0000] {standard_task_runner.py:84} INFO - Running: ['***', 'tasks', 'run', 'Autotrader_ETL_DAG', 'format_columns', 'manual__2023-09-10T00:48:35.976001+00:00', '--job-id', '596', '--raw', '--subdir', 'DAGS_FOLDER/autotrader_etl.py', '--cfg-path', '/tmp/tmpo02slt4t']
[2023-09-10T00:50:59.498+0000] {standard_task_runner.py:85} INFO - Job 596: Subtask format_columns
[2023-09-10T00:50:59.540+0000] {logging_mixin.py:151} INFO - Changing /opt/***/logs/dag_id=Autotrader_ETL_DAG/run_id=manual__2023-09-10T00:48:35.976001+00:00/task_id=format_columns permission to 509
[2023-09-10T00:50:59.540+0000] {logging_mixin.py:151} INFO - Failed to change /opt/***/logs/dag_id=Autotrader_ETL_DAG/run_id=manual__2023-09-10T00:48:35.976001+00:00/task_id=format_columns permission to 509: [Errno 1] Operation not permitted: '/opt/***/logs/dag_id=Autotrader_ETL_DAG/run_id=manual__2023-09-10T00:48:35.976001+00:00/task_id=format_columns'
[2023-09-10T00:50:59.542+0000] {task_command.py:415} INFO - Running <TaskInstance: Autotrader_ETL_DAG.format_columns manual__2023-09-10T00:48:35.976001+00:00 [running]> on host 412bb32711f9
[2023-09-10T00:50:59.613+0000] {taskinstance.py:1660} INFO - Exporting env vars: AIRFLOW_CTX_DAG_OWNER='***' AIRFLOW_CTX_DAG_ID='Autotrader_ETL_DAG' AIRFLOW_CTX_TASK_ID='format_columns' AIRFLOW_CTX_EXECUTION_DATE='2023-09-10T00:48:35.976001+00:00' AIRFLOW_CTX_TRY_NUMBER='2' AIRFLOW_CTX_DAG_RUN_ID='manual__2023-09-10T00:48:35.976001+00:00'
[2023-09-10T00:50:59.615+0000] {bigquery.py:1234} INFO - Executing: UPDATE autotrader-toyota-dashboard.autotrader_staging.listings_raw
        SET price = REPLACE(REPLACE(price, '$', ''), ',', ''),
        odometer = REPLACE(REPLACE(odometer, 'km', ''), ',', ''),
        car_model = CASE 
        WHEN car_model LIKE '%LAND CRUISER%' THEN REGEXP_REPLACE(REPLACE(car_model, type, ''), r'(\S+)\s(.+)', '\\')
        ELSE REPLACE(car_model, type, '')
        END,
        type = CASE WHEN type = '' THEN 'NOT SPECIFIED'
        ELSE REPLACE(REPLACE(type, '(', ''), ')', '')
        END,
        suburb = LTRIM(REPLACE(REPLACE(suburb, '(', ''), ')', ''))
        WHERE price in (
        SELECT
        price
        FROM
        autotrader-toyota-dashboard.autotrader_staging.listings_raw
        )
        AND odometer in (
        SELECT
        odometer
        FROM
        autotrader-toyota-dashboard.autotrader_staging.listings_raw
        )
        AND car_model in (
        SELECT
        car_model
        FROM
        autotrader-toyota-dashboard.autotrader_staging.listings_raw
        )
        AND type in (
        SELECT
        type
        FROM
        autotrader-toyota-dashboard.autotrader_staging.listings_raw
        )
        AND suburb in (
        SELECT
        suburb
        FROM
        autotrader-toyota-dashboard.autotrader_staging.listings_raw
        );
[2023-09-10T00:50:59.624+0000] {connection.py:232} WARNING - Connection schemes (type: google_cloud_platform) shall not contain '_' according to RFC3986.
[2023-09-10T00:50:59.628+0000] {base.py:73} INFO - Using connection ID 'google_cloud' for task execution.
[2023-09-10T00:50:59.633+0000] {logging_mixin.py:151} WARNING - /home/***/.local/lib/python3.8/site-packages/***/providers/google/cloud/hooks/bigquery.py:2109 AirflowProviderDeprecationWarning: This method is deprecated. Please use `BigQueryHook.insert_job` method.
[2023-09-10T00:50:59.669+0000] {bigquery.py:1596} INFO - Inserting job ***_1694307059669202_009df0793016746df6fa7e40ccdd1e87
[2023-09-10T00:51:00.475+0000] {taskinstance.py:1943} ERROR - Task failed with exception
Traceback (most recent call last):
  File "/home/airflow/.local/lib/python3.8/site-packages/airflow/providers/google/cloud/operators/bigquery.py", line 1242, in execute
    self.job_id = self.hook.run_query(
  File "/home/airflow/.local/lib/python3.8/site-packages/airflow/providers/google/cloud/hooks/bigquery.py", line 2244, in run_query
    job = self.insert_job(configuration=configuration, project_id=self.project_id, location=location)
  File "/home/airflow/.local/lib/python3.8/site-packages/airflow/providers/google/common/hooks/base_google.py", line 467, in inner_wrapper
    return func(self, *args, **kwargs)
  File "/home/airflow/.local/lib/python3.8/site-packages/airflow/providers/google/cloud/hooks/bigquery.py", line 1602, in insert_job
    job_api_repr.result(timeout=timeout, retry=retry)
  File "/home/airflow/.local/lib/python3.8/site-packages/google/cloud/bigquery/job/query.py", line 1520, in result
    do_get_result()
  File "/home/airflow/.local/lib/python3.8/site-packages/google/cloud/bigquery/job/query.py", line 1510, in do_get_result
    super(QueryJob, self).result(retry=retry, timeout=timeout)
  File "/home/airflow/.local/lib/python3.8/site-packages/google/cloud/bigquery/job/base.py", line 922, in result
    return super(_AsyncJob, self).result(timeout=timeout, **kwargs)
  File "/home/airflow/.local/lib/python3.8/site-packages/google/api_core/future/polling.py", line 261, in result
    raise self._exception
google.api_core.exceptions.BadRequest: 400 Syntax error: Illegal escape sequence: \ at [5:113]

Location: asia-southeast1
Job ID: airflow_1694307059669202_009df0793016746df6fa7e40ccdd1e87

[2023-09-10T00:51:00.486+0000] {taskinstance.py:1400} INFO - Marking task as FAILED. dag_id=Autotrader_ETL_DAG, task_id=format_columns, execution_date=20230910T004835, start_date=20230910T005059, end_date=20230910T005100
[2023-09-10T00:51:00.498+0000] {standard_task_runner.py:104} ERROR - Failed to execute job 596 for task format_columns (400 Syntax error: Illegal escape sequence: \ at [5:113]

Location: asia-southeast1
Job ID: airflow_1694307059669202_009df0793016746df6fa7e40ccdd1e87
; 1466)
[2023-09-10T00:51:00.512+0000] {local_task_job_runner.py:228} INFO - Task exited with return code 1
[2023-09-10T00:51:00.536+0000] {taskinstance.py:2784} INFO - 0 downstream tasks scheduled from follow-on schedule check
