[2023-09-10T00:54:09.273+0000] {logging_mixin.py:151} INFO - Changing /opt/***/logs/dag_id=Autotrader_ETL_DAG/run_id=manual__2023-09-10T00:52:36.271525+00:00/task_id=insert_csv_data_into_australian_suburbs_table permission to 509
[2023-09-10T00:54:09.274+0000] {logging_mixin.py:151} INFO - Failed to change /opt/***/logs/dag_id=Autotrader_ETL_DAG/run_id=manual__2023-09-10T00:52:36.271525+00:00/task_id=insert_csv_data_into_australian_suburbs_table permission to 509: [Errno 1] Operation not permitted: '/opt/***/logs/dag_id=Autotrader_ETL_DAG/run_id=manual__2023-09-10T00:52:36.271525+00:00/task_id=insert_csv_data_into_australian_suburbs_table'
[2023-09-10T00:54:09.303+0000] {logging_mixin.py:151} INFO - Changing /opt/***/logs/dag_id=Autotrader_ETL_DAG/run_id=manual__2023-09-10T00:52:36.271525+00:00/task_id=insert_csv_data_into_australian_suburbs_table permission to 509
[2023-09-10T00:54:09.304+0000] {logging_mixin.py:151} INFO - Failed to change /opt/***/logs/dag_id=Autotrader_ETL_DAG/run_id=manual__2023-09-10T00:52:36.271525+00:00/task_id=insert_csv_data_into_australian_suburbs_table permission to 509: [Errno 1] Operation not permitted: '/opt/***/logs/dag_id=Autotrader_ETL_DAG/run_id=manual__2023-09-10T00:52:36.271525+00:00/task_id=insert_csv_data_into_australian_suburbs_table'
[2023-09-10T00:54:09.327+0000] {taskinstance.py:1159} INFO - Dependencies all met for dep_context=non-requeueable deps ti=<TaskInstance: Autotrader_ETL_DAG.insert_csv_data_into_australian_suburbs_table manual__2023-09-10T00:52:36.271525+00:00 [queued]>
[2023-09-10T00:54:09.335+0000] {taskinstance.py:1159} INFO - Dependencies all met for dep_context=requeueable deps ti=<TaskInstance: Autotrader_ETL_DAG.insert_csv_data_into_australian_suburbs_table manual__2023-09-10T00:52:36.271525+00:00 [queued]>
[2023-09-10T00:54:09.336+0000] {taskinstance.py:1361} INFO - Starting attempt 1 of 2
[2023-09-10T00:54:09.349+0000] {taskinstance.py:1382} INFO - Executing <Task(GCSToBigQueryOperator): insert_csv_data_into_australian_suburbs_table> on 2023-09-10 00:52:36.271525+00:00
[2023-09-10T00:54:09.356+0000] {standard_task_runner.py:57} INFO - Started process 1511 to run task
[2023-09-10T00:54:09.358+0000] {standard_task_runner.py:84} INFO - Running: ['***', 'tasks', 'run', 'Autotrader_ETL_DAG', 'insert_csv_data_into_australian_suburbs_table', 'manual__2023-09-10T00:52:36.271525+00:00', '--job-id', '601', '--raw', '--subdir', 'DAGS_FOLDER/autotrader_etl.py', '--cfg-path', '/tmp/tmpn8wbb5k1']
[2023-09-10T00:54:09.360+0000] {standard_task_runner.py:85} INFO - Job 601: Subtask insert_csv_data_into_australian_suburbs_table
[2023-09-10T00:54:09.399+0000] {logging_mixin.py:151} INFO - Changing /opt/***/logs/dag_id=Autotrader_ETL_DAG/run_id=manual__2023-09-10T00:52:36.271525+00:00/task_id=insert_csv_data_into_australian_suburbs_table permission to 509
[2023-09-10T00:54:09.399+0000] {logging_mixin.py:151} INFO - Failed to change /opt/***/logs/dag_id=Autotrader_ETL_DAG/run_id=manual__2023-09-10T00:52:36.271525+00:00/task_id=insert_csv_data_into_australian_suburbs_table permission to 509: [Errno 1] Operation not permitted: '/opt/***/logs/dag_id=Autotrader_ETL_DAG/run_id=manual__2023-09-10T00:52:36.271525+00:00/task_id=insert_csv_data_into_australian_suburbs_table'
[2023-09-10T00:54:09.402+0000] {task_command.py:415} INFO - Running <TaskInstance: Autotrader_ETL_DAG.insert_csv_data_into_australian_suburbs_table manual__2023-09-10T00:52:36.271525+00:00 [running]> on host 412bb32711f9
[2023-09-10T00:54:09.478+0000] {taskinstance.py:1660} INFO - Exporting env vars: AIRFLOW_CTX_DAG_OWNER='***' AIRFLOW_CTX_DAG_ID='Autotrader_ETL_DAG' AIRFLOW_CTX_TASK_ID='insert_csv_data_into_australian_suburbs_table' AIRFLOW_CTX_EXECUTION_DATE='2023-09-10T00:52:36.271525+00:00' AIRFLOW_CTX_TRY_NUMBER='1' AIRFLOW_CTX_DAG_RUN_ID='manual__2023-09-10T00:52:36.271525+00:00'
[2023-09-10T00:54:09.487+0000] {connection.py:232} WARNING - Connection schemes (type: google_cloud_platform) shall not contain '_' according to RFC3986.
[2023-09-10T00:54:09.491+0000] {base.py:73} INFO - Using connection ID 'google_cloud' for task execution.
[2023-09-10T00:54:09.492+0000] {gcs_to_bigquery.py:375} INFO - Using existing BigQuery table for storing data...
[2023-09-10T00:54:09.530+0000] {gcs_to_bigquery.py:379} INFO - Executing: {'load': {'autodetect': True, 'createDisposition': 'CREATE_IF_NEEDED', 'destinationTable': {'projectId': 'autotrader-toyota-dashboard', 'datasetId': 'autotrader_staging', 'tableId': 'australian_suburbs'}, 'sourceFormat': 'CSV', 'sourceUris': ['gs://autotrader-raw/australian_suburbs.csv'], 'writeDisposition': 'WRITE_TRUNCATE', 'ignoreUnknownValues': False, 'schema': {'fields': [{'name': 'id', 'type': 'INT64'}, {'name': 'suburb', 'type': 'STRING'}, {'name': 'state', 'type': 'STRING'}, {'name': 'latitude', 'type': 'FLOAT64'}, {'name': 'longitude', 'type': 'FLOAT64'}]}, 'skipLeadingRows': None, 'fieldDelimiter': ',', 'quote': None, 'allowQuotedNewlines': False, 'encoding': 'UTF-8'}}
[2023-09-10T00:54:09.531+0000] {bigquery.py:1596} INFO - Inserting job ***_Autotrader_ETL_DAG_insert_csv_data_into_australian_suburbs_table_2023_09_10T00_52_36_271525_00_00_c4123d1a27d04a166e0e91e57ee3913f
[2023-09-10T00:54:13.005+0000] {taskinstance.py:1400} INFO - Marking task as SUCCESS. dag_id=Autotrader_ETL_DAG, task_id=insert_csv_data_into_australian_suburbs_table, execution_date=20230910T005236, start_date=20230910T005409, end_date=20230910T005413
[2023-09-10T00:54:13.037+0000] {local_task_job_runner.py:228} INFO - Task exited with return code 0
[2023-09-10T00:54:13.077+0000] {taskinstance.py:2784} INFO - 0 downstream tasks scheduled from follow-on schedule check
