[2023-09-07T06:34:22.309+0000] {logging_mixin.py:151} INFO - Changing /opt/***/logs/dag_id=Autotrader_ETL_DAG/run_id=manual__2023-09-07T06:32:15.448537+00:00/task_id=string_to_int permission to 509
[2023-09-07T06:34:22.310+0000] {logging_mixin.py:151} INFO - Failed to change /opt/***/logs/dag_id=Autotrader_ETL_DAG/run_id=manual__2023-09-07T06:32:15.448537+00:00/task_id=string_to_int permission to 509: [Errno 1] Operation not permitted: '/opt/***/logs/dag_id=Autotrader_ETL_DAG/run_id=manual__2023-09-07T06:32:15.448537+00:00/task_id=string_to_int'
[2023-09-07T06:34:22.335+0000] {logging_mixin.py:151} INFO - Changing /opt/***/logs/dag_id=Autotrader_ETL_DAG/run_id=manual__2023-09-07T06:32:15.448537+00:00/task_id=string_to_int permission to 509
[2023-09-07T06:34:22.336+0000] {logging_mixin.py:151} INFO - Failed to change /opt/***/logs/dag_id=Autotrader_ETL_DAG/run_id=manual__2023-09-07T06:32:15.448537+00:00/task_id=string_to_int permission to 509: [Errno 1] Operation not permitted: '/opt/***/logs/dag_id=Autotrader_ETL_DAG/run_id=manual__2023-09-07T06:32:15.448537+00:00/task_id=string_to_int'
[2023-09-07T06:34:22.357+0000] {taskinstance.py:1159} INFO - Dependencies all met for dep_context=non-requeueable deps ti=<TaskInstance: Autotrader_ETL_DAG.string_to_int manual__2023-09-07T06:32:15.448537+00:00 [queued]>
[2023-09-07T06:34:22.364+0000] {taskinstance.py:1159} INFO - Dependencies all met for dep_context=requeueable deps ti=<TaskInstance: Autotrader_ETL_DAG.string_to_int manual__2023-09-07T06:32:15.448537+00:00 [queued]>
[2023-09-07T06:34:22.365+0000] {taskinstance.py:1361} INFO - Starting attempt 1 of 2
[2023-09-07T06:34:22.377+0000] {taskinstance.py:1382} INFO - Executing <Task(BigQueryExecuteQueryOperator): string_to_int> on 2023-09-07 06:32:15.448537+00:00
[2023-09-07T06:34:22.384+0000] {standard_task_runner.py:57} INFO - Started process 339 to run task
[2023-09-07T06:34:22.386+0000] {standard_task_runner.py:84} INFO - Running: ['***', 'tasks', 'run', 'Autotrader_ETL_DAG', 'string_to_int', 'manual__2023-09-07T06:32:15.448537+00:00', '--job-id', '473', '--raw', '--subdir', 'DAGS_FOLDER/autotrader_etl.py', '--cfg-path', '/tmp/tmpe3czyj4p']
[2023-09-07T06:34:22.388+0000] {standard_task_runner.py:85} INFO - Job 473: Subtask string_to_int
[2023-09-07T06:34:22.424+0000] {logging_mixin.py:151} INFO - Changing /opt/***/logs/dag_id=Autotrader_ETL_DAG/run_id=manual__2023-09-07T06:32:15.448537+00:00/task_id=string_to_int permission to 509
[2023-09-07T06:34:22.425+0000] {logging_mixin.py:151} INFO - Failed to change /opt/***/logs/dag_id=Autotrader_ETL_DAG/run_id=manual__2023-09-07T06:32:15.448537+00:00/task_id=string_to_int permission to 509: [Errno 1] Operation not permitted: '/opt/***/logs/dag_id=Autotrader_ETL_DAG/run_id=manual__2023-09-07T06:32:15.448537+00:00/task_id=string_to_int'
[2023-09-07T06:34:22.427+0000] {task_command.py:415} INFO - Running <TaskInstance: Autotrader_ETL_DAG.string_to_int manual__2023-09-07T06:32:15.448537+00:00 [running]> on host 412bb32711f9
[2023-09-07T06:34:22.498+0000] {taskinstance.py:1660} INFO - Exporting env vars: AIRFLOW_CTX_DAG_OWNER='***' AIRFLOW_CTX_DAG_ID='Autotrader_ETL_DAG' AIRFLOW_CTX_TASK_ID='string_to_int' AIRFLOW_CTX_EXECUTION_DATE='2023-09-07T06:32:15.448537+00:00' AIRFLOW_CTX_TRY_NUMBER='1' AIRFLOW_CTX_DAG_RUN_ID='manual__2023-09-07T06:32:15.448537+00:00'
[2023-09-07T06:34:22.502+0000] {bigquery.py:1234} INFO - Executing: CREATE OR REPLACE TABLE autotrader-toyota-dashboard.autotrader_staging.listings_raw AS
        SELECT
        CAST(price as INT64) as price,
        CAST(odometer as INT64) as odometer,
        CAST(year as INT64) as year,
        car_model,
        type,
        suburb,
        state
        FROM autotrader-toyota-dashboard.autotrader_staging.listings_raw;
[2023-09-07T06:34:22.510+0000] {connection.py:232} WARNING - Connection schemes (type: google_cloud_platform) shall not contain '_' according to RFC3986.
[2023-09-07T06:34:22.514+0000] {base.py:73} INFO - Using connection ID 'google_cloud' for task execution.
[2023-09-07T06:34:22.519+0000] {logging_mixin.py:151} WARNING - /home/***/.local/lib/python3.8/site-packages/***/providers/google/cloud/hooks/bigquery.py:2109 AirflowProviderDeprecationWarning: This method is deprecated. Please use `BigQueryHook.insert_job` method.
[2023-09-07T06:34:22.554+0000] {bigquery.py:1596} INFO - Inserting job ***_1694068462554246_60a6f59b2c32e445bb28eb6b0372fc77
[2023-09-07T06:34:25.644+0000] {taskinstance.py:1400} INFO - Marking task as SUCCESS. dag_id=Autotrader_ETL_DAG, task_id=string_to_int, execution_date=20230907T063215, start_date=20230907T063422, end_date=20230907T063425
[2023-09-07T06:34:25.694+0000] {local_task_job_runner.py:228} INFO - Task exited with return code 0
[2023-09-07T06:34:25.723+0000] {taskinstance.py:2784} INFO - 2 downstream tasks scheduled from follow-on schedule check
