[2023-09-03T08:42:03.261+0000] {logging_mixin.py:151} INFO - Changing /opt/***/logs/dag_id=Autotrader_ETL_DAG/run_id=manual__2023-09-03T08:41:04.748729+00:00/task_id=insert_into_listing_fact permission to 509
[2023-09-03T08:42:03.262+0000] {logging_mixin.py:151} INFO - Failed to change /opt/***/logs/dag_id=Autotrader_ETL_DAG/run_id=manual__2023-09-03T08:41:04.748729+00:00/task_id=insert_into_listing_fact permission to 509: [Errno 1] Operation not permitted: '/opt/***/logs/dag_id=Autotrader_ETL_DAG/run_id=manual__2023-09-03T08:41:04.748729+00:00/task_id=insert_into_listing_fact'
[2023-09-03T08:42:03.292+0000] {logging_mixin.py:151} INFO - Changing /opt/***/logs/dag_id=Autotrader_ETL_DAG/run_id=manual__2023-09-03T08:41:04.748729+00:00/task_id=insert_into_listing_fact permission to 509
[2023-09-03T08:42:03.293+0000] {logging_mixin.py:151} INFO - Failed to change /opt/***/logs/dag_id=Autotrader_ETL_DAG/run_id=manual__2023-09-03T08:41:04.748729+00:00/task_id=insert_into_listing_fact permission to 509: [Errno 1] Operation not permitted: '/opt/***/logs/dag_id=Autotrader_ETL_DAG/run_id=manual__2023-09-03T08:41:04.748729+00:00/task_id=insert_into_listing_fact'
[2023-09-03T08:42:03.320+0000] {taskinstance.py:1159} INFO - Dependencies all met for dep_context=non-requeueable deps ti=<TaskInstance: Autotrader_ETL_DAG.insert_into_listing_fact manual__2023-09-03T08:41:04.748729+00:00 [queued]>
[2023-09-03T08:42:03.329+0000] {taskinstance.py:1159} INFO - Dependencies all met for dep_context=requeueable deps ti=<TaskInstance: Autotrader_ETL_DAG.insert_into_listing_fact manual__2023-09-03T08:41:04.748729+00:00 [queued]>
[2023-09-03T08:42:03.330+0000] {taskinstance.py:1361} INFO - Starting attempt 1 of 2
[2023-09-03T08:42:03.345+0000] {taskinstance.py:1382} INFO - Executing <Task(BigQueryExecuteQueryOperator): insert_into_listing_fact> on 2023-09-03 08:41:04.748729+00:00
[2023-09-03T08:42:03.353+0000] {standard_task_runner.py:57} INFO - Started process 3505 to run task
[2023-09-03T08:42:03.355+0000] {standard_task_runner.py:84} INFO - Running: ['***', 'tasks', 'run', 'Autotrader_ETL_DAG', 'insert_into_listing_fact', 'manual__2023-09-03T08:41:04.748729+00:00', '--job-id', '203', '--raw', '--subdir', 'DAGS_FOLDER/autotrader_etl.py', '--cfg-path', '/tmp/tmpppha0g2q']
[2023-09-03T08:42:03.358+0000] {standard_task_runner.py:85} INFO - Job 203: Subtask insert_into_listing_fact
[2023-09-03T08:42:03.404+0000] {logging_mixin.py:151} INFO - Changing /opt/***/logs/dag_id=Autotrader_ETL_DAG/run_id=manual__2023-09-03T08:41:04.748729+00:00/task_id=insert_into_listing_fact permission to 509
[2023-09-03T08:42:03.405+0000] {logging_mixin.py:151} INFO - Failed to change /opt/***/logs/dag_id=Autotrader_ETL_DAG/run_id=manual__2023-09-03T08:41:04.748729+00:00/task_id=insert_into_listing_fact permission to 509: [Errno 1] Operation not permitted: '/opt/***/logs/dag_id=Autotrader_ETL_DAG/run_id=manual__2023-09-03T08:41:04.748729+00:00/task_id=insert_into_listing_fact'
[2023-09-03T08:42:03.408+0000] {task_command.py:415} INFO - Running <TaskInstance: Autotrader_ETL_DAG.insert_into_listing_fact manual__2023-09-03T08:41:04.748729+00:00 [running]> on host 1a0e8b05e04d
[2023-09-03T08:42:03.493+0000] {taskinstance.py:1660} INFO - Exporting env vars: AIRFLOW_CTX_DAG_OWNER='***' AIRFLOW_CTX_DAG_ID='Autotrader_ETL_DAG' AIRFLOW_CTX_TASK_ID='insert_into_listing_fact' AIRFLOW_CTX_EXECUTION_DATE='2023-09-03T08:41:04.748729+00:00' AIRFLOW_CTX_TRY_NUMBER='1' AIRFLOW_CTX_DAG_RUN_ID='manual__2023-09-03T08:41:04.748729+00:00'
[2023-09-03T08:42:03.496+0000] {bigquery.py:1234} INFO - Executing: INSERT INTO autotrader-toyota-dashboard.autotrader_transformed.listing_fact (car_key, location_key, odometer, price)
        SELECT
        car_dim.car_key,
        location_dim.location_key,
        odometer,
        price
        FROM autotrader-toyota-dashboard.autotrader_staging.listings_raw listings_raw
        JOIN autotrader-toyota-dashboard.autotrader_transformed.car_dim car_dim
        ON listings_raw.year = car_dim.year
        AND listings_raw.model = car_dim.model
        AND listings_raw.type = car_dim.type
        JOIN autotrader-toyota-dashboard.autotrader_transformed.location_dim location_dim
        ON listings_raw.suburb = location_dim.suburb
        AND listings_raw.state = location_dim.state
[2023-09-03T08:42:03.506+0000] {connection.py:232} WARNING - Connection schemes (type: google_cloud_platform) shall not contain '_' according to RFC3986.
[2023-09-03T08:42:03.510+0000] {base.py:73} INFO - Using connection ID 'google_cloud' for task execution.
[2023-09-03T08:42:03.516+0000] {logging_mixin.py:151} WARNING - /home/***/.local/lib/python3.8/site-packages/***/providers/google/cloud/hooks/bigquery.py:2109 AirflowProviderDeprecationWarning: This method is deprecated. Please use `BigQueryHook.insert_job` method.
[2023-09-03T08:42:03.562+0000] {bigquery.py:1596} INFO - Inserting job ***_1693730523561751_1ddf55c2c1474b2c304ae1963a8dca38
[2023-09-03T08:42:06.684+0000] {taskinstance.py:1400} INFO - Marking task as SUCCESS. dag_id=Autotrader_ETL_DAG, task_id=insert_into_listing_fact, execution_date=20230903T084104, start_date=20230903T084203, end_date=20230903T084206
[2023-09-03T08:42:06.741+0000] {local_task_job_runner.py:228} INFO - Task exited with return code 0
[2023-09-03T08:42:06.762+0000] {taskinstance.py:2784} INFO - 0 downstream tasks scheduled from follow-on schedule check
