[2023-08-29T02:45:07.667+0000] {logging_mixin.py:151} INFO - Changing /opt/***/logs/dag_id=Autotrader_ETL_DAG/run_id=manual__2023-08-29T02:45:05.823833+00:00/task_id=extract_listings permission to 509
[2023-08-29T02:45:07.668+0000] {logging_mixin.py:151} INFO - Failed to change /opt/***/logs/dag_id=Autotrader_ETL_DAG/run_id=manual__2023-08-29T02:45:05.823833+00:00/task_id=extract_listings permission to 509: [Errno 1] Operation not permitted: '/opt/***/logs/dag_id=Autotrader_ETL_DAG/run_id=manual__2023-08-29T02:45:05.823833+00:00/task_id=extract_listings'
[2023-08-29T02:45:07.698+0000] {logging_mixin.py:151} INFO - Changing /opt/***/logs/dag_id=Autotrader_ETL_DAG/run_id=manual__2023-08-29T02:45:05.823833+00:00/task_id=extract_listings permission to 509
[2023-08-29T02:45:07.699+0000] {logging_mixin.py:151} INFO - Failed to change /opt/***/logs/dag_id=Autotrader_ETL_DAG/run_id=manual__2023-08-29T02:45:05.823833+00:00/task_id=extract_listings permission to 509: [Errno 1] Operation not permitted: '/opt/***/logs/dag_id=Autotrader_ETL_DAG/run_id=manual__2023-08-29T02:45:05.823833+00:00/task_id=extract_listings'
[2023-08-29T02:45:07.737+0000] {taskinstance.py:1159} INFO - Dependencies all met for dep_context=non-requeueable deps ti=<TaskInstance: Autotrader_ETL_DAG.extract_listings manual__2023-08-29T02:45:05.823833+00:00 [queued]>
[2023-08-29T02:45:07.745+0000] {taskinstance.py:1159} INFO - Dependencies all met for dep_context=requeueable deps ti=<TaskInstance: Autotrader_ETL_DAG.extract_listings manual__2023-08-29T02:45:05.823833+00:00 [queued]>
[2023-08-29T02:45:07.745+0000] {taskinstance.py:1361} INFO - Starting attempt 1 of 2
[2023-08-29T02:45:07.757+0000] {taskinstance.py:1382} INFO - Executing <Task(PythonOperator): extract_listings> on 2023-08-29 02:45:05.823833+00:00
[2023-08-29T02:45:07.762+0000] {standard_task_runner.py:57} INFO - Started process 247 to run task
[2023-08-29T02:45:07.764+0000] {standard_task_runner.py:84} INFO - Running: ['***', 'tasks', 'run', 'Autotrader_ETL_DAG', 'extract_listings', 'manual__2023-08-29T02:45:05.823833+00:00', '--job-id', '27', '--raw', '--subdir', 'DAGS_FOLDER/autotrader_etl.py', '--cfg-path', '/tmp/tmp011mvbxh']
[2023-08-29T02:45:07.766+0000] {standard_task_runner.py:85} INFO - Job 27: Subtask extract_listings
[2023-08-29T02:45:07.801+0000] {logging_mixin.py:151} INFO - Changing /opt/***/logs/dag_id=Autotrader_ETL_DAG/run_id=manual__2023-08-29T02:45:05.823833+00:00/task_id=extract_listings permission to 509
[2023-08-29T02:45:07.802+0000] {logging_mixin.py:151} INFO - Failed to change /opt/***/logs/dag_id=Autotrader_ETL_DAG/run_id=manual__2023-08-29T02:45:05.823833+00:00/task_id=extract_listings permission to 509: [Errno 1] Operation not permitted: '/opt/***/logs/dag_id=Autotrader_ETL_DAG/run_id=manual__2023-08-29T02:45:05.823833+00:00/task_id=extract_listings'
[2023-08-29T02:45:07.804+0000] {task_command.py:415} INFO - Running <TaskInstance: Autotrader_ETL_DAG.extract_listings manual__2023-08-29T02:45:05.823833+00:00 [running]> on host 716b876f3aa6
[2023-08-29T02:45:07.871+0000] {taskinstance.py:1660} INFO - Exporting env vars: AIRFLOW_CTX_DAG_OWNER='***' AIRFLOW_CTX_DAG_ID='Autotrader_ETL_DAG' AIRFLOW_CTX_TASK_ID='extract_listings' AIRFLOW_CTX_EXECUTION_DATE='2023-08-29T02:45:05.823833+00:00' AIRFLOW_CTX_TRY_NUMBER='1' AIRFLOW_CTX_DAG_RUN_ID='manual__2023-08-29T02:45:05.823833+00:00'
[2023-08-29T02:45:08.966+0000] {logging_mixin.py:151} INFO - page 1 succesfully scraped
[2023-08-29T02:45:09.748+0000] {logging_mixin.py:151} INFO - page 2 succesfully scraped
[2023-08-29T02:45:10.437+0000] {logging_mixin.py:151} INFO - page 3 succesfully scraped
[2023-08-29T02:45:11.613+0000] {logging_mixin.py:151} INFO - page 4 succesfully scraped
[2023-08-29T02:45:12.654+0000] {logging_mixin.py:151} INFO - page 5 succesfully scraped
[2023-08-29T02:45:14.049+0000] {logging_mixin.py:151} INFO - page 6 succesfully scraped
[2023-08-29T02:45:14.680+0000] {logging_mixin.py:151} INFO - page 7 succesfully scraped
[2023-08-29T02:45:15.387+0000] {logging_mixin.py:151} INFO - page 8 succesfully scraped
[2023-08-29T02:45:16.408+0000] {logging_mixin.py:151} INFO - page 9 succesfully scraped
[2023-08-29T02:45:17.202+0000] {logging_mixin.py:151} INFO - page 10 succesfully scraped
[2023-08-29T02:45:18.173+0000] {logging_mixin.py:151} INFO - page 11 succesfully scraped
[2023-08-29T02:45:19.297+0000] {logging_mixin.py:151} INFO - page 12 succesfully scraped
[2023-08-29T02:45:20.225+0000] {logging_mixin.py:151} INFO - page 13 succesfully scraped
[2023-08-29T02:45:20.943+0000] {logging_mixin.py:151} INFO - page 14 succesfully scraped
[2023-08-29T02:45:21.535+0000] {logging_mixin.py:151} INFO - page 15 succesfully scraped
[2023-08-29T02:45:22.296+0000] {logging_mixin.py:151} INFO - page 16 succesfully scraped
[2023-08-29T02:45:22.961+0000] {logging_mixin.py:151} INFO - page 17 succesfully scraped
[2023-08-29T02:45:23.980+0000] {logging_mixin.py:151} INFO - page 18 succesfully scraped
[2023-08-29T02:45:24.726+0000] {logging_mixin.py:151} INFO - page 19 succesfully scraped
[2023-08-29T02:45:26.118+0000] {logging_mixin.py:151} INFO - page 20 succesfully scraped
[2023-08-29T02:45:27.146+0000] {logging_mixin.py:151} INFO - page 21 succesfully scraped
[2023-08-29T02:45:27.906+0000] {logging_mixin.py:151} INFO - page 22 succesfully scraped
[2023-08-29T02:45:29.152+0000] {logging_mixin.py:151} INFO - page 23 succesfully scraped
[2023-08-29T02:45:30.030+0000] {logging_mixin.py:151} INFO - page 24 succesfully scraped
[2023-08-29T02:45:30.873+0000] {logging_mixin.py:151} INFO - page 25 succesfully scraped
[2023-08-29T02:45:32.506+0000] {logging_mixin.py:151} INFO - page 26 succesfully scraped
[2023-08-29T02:45:33.255+0000] {logging_mixin.py:151} INFO - page 27 succesfully scraped
[2023-08-29T02:45:33.929+0000] {logging_mixin.py:151} INFO - page 28 succesfully scraped
[2023-08-29T02:45:34.812+0000] {logging_mixin.py:151} INFO - page 29 succesfully scraped
[2023-08-29T02:45:35.940+0000] {logging_mixin.py:151} INFO - page 30 succesfully scraped
[2023-08-29T02:45:37.238+0000] {logging_mixin.py:151} INFO - page 31 succesfully scraped
[2023-08-29T02:45:38.113+0000] {logging_mixin.py:151} INFO - page 32 succesfully scraped
[2023-08-29T02:45:39.476+0000] {logging_mixin.py:151} INFO - page 33 succesfully scraped
[2023-08-29T02:45:40.302+0000] {logging_mixin.py:151} INFO - page 34 succesfully scraped
[2023-08-29T02:45:41.636+0000] {logging_mixin.py:151} INFO - page 35 succesfully scraped
[2023-08-29T02:45:42.572+0000] {logging_mixin.py:151} INFO - page 36 succesfully scraped
[2023-08-29T02:45:43.430+0000] {logging_mixin.py:151} INFO - page 37 succesfully scraped
[2023-08-29T02:45:45.550+0000] {logging_mixin.py:151} INFO - page 38 succesfully scraped
[2023-08-29T02:45:47.024+0000] {logging_mixin.py:151} INFO - page 39 succesfully scraped
[2023-08-29T02:45:47.612+0000] {logging_mixin.py:151} INFO - page 40 succesfully scraped
[2023-08-29T02:45:48.556+0000] {logging_mixin.py:151} INFO - page 41 succesfully scraped
[2023-08-29T02:45:49.462+0000] {logging_mixin.py:151} INFO - page 42 succesfully scraped
[2023-08-29T02:45:50.933+0000] {logging_mixin.py:151} INFO - page 43 succesfully scraped
[2023-08-29T02:45:51.639+0000] {logging_mixin.py:151} INFO - page 44 succesfully scraped
[2023-08-29T02:45:52.319+0000] {logging_mixin.py:151} INFO - page 45 succesfully scraped
[2023-08-29T02:45:53.253+0000] {logging_mixin.py:151} INFO - page 46 succesfully scraped
[2023-08-29T02:45:54.010+0000] {logging_mixin.py:151} INFO - page 47 succesfully scraped
[2023-08-29T02:45:54.707+0000] {logging_mixin.py:151} INFO - page 48 succesfully scraped
[2023-08-29T02:45:55.970+0000] {logging_mixin.py:151} INFO - page 49 succesfully scraped
[2023-08-29T02:45:57.126+0000] {logging_mixin.py:151} INFO - page 50 succesfully scraped
[2023-08-29T02:45:57.959+0000] {logging_mixin.py:151} INFO - page 51 succesfully scraped
[2023-08-29T02:45:58.757+0000] {logging_mixin.py:151} INFO - page 52 succesfully scraped
[2023-08-29T02:45:59.669+0000] {logging_mixin.py:151} INFO - page 53 succesfully scraped
[2023-08-29T02:46:00.427+0000] {logging_mixin.py:151} INFO - page 54 succesfully scraped
[2023-08-29T02:46:01.163+0000] {logging_mixin.py:151} INFO - page 55 succesfully scraped
[2023-08-29T02:46:02.022+0000] {logging_mixin.py:151} INFO - page 56 succesfully scraped
[2023-08-29T02:46:02.942+0000] {logging_mixin.py:151} INFO - page 57 succesfully scraped
[2023-08-29T02:46:03.824+0000] {logging_mixin.py:151} INFO - page 58 succesfully scraped
[2023-08-29T02:46:04.924+0000] {logging_mixin.py:151} INFO - page 59 succesfully scraped
[2023-08-29T02:46:05.654+0000] {logging_mixin.py:151} INFO - page 60 succesfully scraped
[2023-08-29T02:46:06.975+0000] {logging_mixin.py:151} INFO - page 61 succesfully scraped
[2023-08-29T02:46:07.939+0000] {logging_mixin.py:151} INFO - page 62 succesfully scraped
[2023-08-29T02:46:08.680+0000] {logging_mixin.py:151} INFO - page 63 succesfully scraped
[2023-08-29T02:46:09.805+0000] {logging_mixin.py:151} INFO - page 64 succesfully scraped
[2023-08-29T02:46:11.052+0000] {logging_mixin.py:151} INFO - page 65 succesfully scraped
[2023-08-29T02:46:12.418+0000] {logging_mixin.py:151} INFO - page 66 succesfully scraped
[2023-08-29T02:46:13.217+0000] {logging_mixin.py:151} INFO - page 67 succesfully scraped
[2023-08-29T02:46:14.148+0000] {logging_mixin.py:151} INFO - page 68 succesfully scraped
[2023-08-29T02:46:14.898+0000] {logging_mixin.py:151} INFO - page 69 succesfully scraped
[2023-08-29T02:46:15.729+0000] {logging_mixin.py:151} INFO - page 70 succesfully scraped
[2023-08-29T02:46:16.991+0000] {logging_mixin.py:151} INFO - page 71 succesfully scraped
[2023-08-29T02:46:18.114+0000] {logging_mixin.py:151} INFO - page 72 succesfully scraped
[2023-08-29T02:46:18.816+0000] {logging_mixin.py:151} INFO - page 73 succesfully scraped
[2023-08-29T02:46:19.549+0000] {logging_mixin.py:151} INFO - page 74 succesfully scraped
[2023-08-29T02:46:20.629+0000] {logging_mixin.py:151} INFO - page 75 succesfully scraped
[2023-08-29T02:46:21.570+0000] {logging_mixin.py:151} INFO - page 76 succesfully scraped
[2023-08-29T02:46:22.337+0000] {logging_mixin.py:151} INFO - page 77 succesfully scraped
[2023-08-29T02:46:23.116+0000] {logging_mixin.py:151} INFO - page 78 succesfully scraped
[2023-08-29T02:46:24.184+0000] {logging_mixin.py:151} INFO - page 79 succesfully scraped
[2023-08-29T02:46:25.225+0000] {logging_mixin.py:151} INFO - page 80 succesfully scraped
[2023-08-29T02:46:26.110+0000] {logging_mixin.py:151} INFO - page 81 succesfully scraped
[2023-08-29T02:46:27.148+0000] {logging_mixin.py:151} INFO - page 82 succesfully scraped
[2023-08-29T02:46:27.857+0000] {logging_mixin.py:151} INFO - page 83 succesfully scraped
[2023-08-29T02:46:28.778+0000] {logging_mixin.py:151} INFO - page 84 succesfully scraped
[2023-08-29T02:46:29.420+0000] {logging_mixin.py:151} INFO - page 85 succesfully scraped
[2023-08-29T02:46:30.962+0000] {logging_mixin.py:151} INFO - page 86 succesfully scraped
[2023-08-29T02:46:31.717+0000] {logging_mixin.py:151} INFO - page 87 succesfully scraped
[2023-08-29T02:46:32.475+0000] {logging_mixin.py:151} INFO - page 88 succesfully scraped
[2023-08-29T02:46:33.257+0000] {logging_mixin.py:151} INFO - page 89 succesfully scraped
[2023-08-29T02:46:34.030+0000] {logging_mixin.py:151} INFO - page 90 succesfully scraped
[2023-08-29T02:46:35.021+0000] {logging_mixin.py:151} INFO - page 91 succesfully scraped
[2023-08-29T02:46:36.103+0000] {logging_mixin.py:151} INFO - page 92 succesfully scraped
[2023-08-29T02:46:36.917+0000] {logging_mixin.py:151} INFO - page 93 succesfully scraped
[2023-08-29T02:46:38.353+0000] {logging_mixin.py:151} INFO - page 94 succesfully scraped
[2023-08-29T02:46:39.523+0000] {logging_mixin.py:151} INFO - page 95 succesfully scraped
[2023-08-29T02:46:40.593+0000] {logging_mixin.py:151} INFO - page 96 succesfully scraped
[2023-08-29T02:46:41.391+0000] {logging_mixin.py:151} INFO - page 97 succesfully scraped
[2023-08-29T02:46:42.401+0000] {logging_mixin.py:151} INFO - page 98 succesfully scraped
[2023-08-29T02:46:43.240+0000] {logging_mixin.py:151} INFO - page 99 succesfully scraped
[2023-08-29T02:46:44.489+0000] {logging_mixin.py:151} INFO - page 100 succesfully scraped
[2023-08-29T02:46:45.203+0000] {logging_mixin.py:151} INFO - page 101 succesfully scraped
[2023-08-29T02:46:46.254+0000] {logging_mixin.py:151} INFO - page 102 succesfully scraped
[2023-08-29T02:46:47.315+0000] {logging_mixin.py:151} INFO - page 103 succesfully scraped
[2023-08-29T02:46:48.099+0000] {logging_mixin.py:151} INFO - page 104 succesfully scraped
[2023-08-29T02:46:49.013+0000] {logging_mixin.py:151} INFO - page 105 succesfully scraped
[2023-08-29T02:46:50.029+0000] {logging_mixin.py:151} INFO - page 106 succesfully scraped
[2023-08-29T02:46:50.913+0000] {logging_mixin.py:151} INFO - page 107 succesfully scraped
[2023-08-29T02:46:51.898+0000] {logging_mixin.py:151} INFO - page 108 succesfully scraped
[2023-08-29T02:46:52.682+0000] {logging_mixin.py:151} INFO - page 109 succesfully scraped
[2023-08-29T02:46:53.906+0000] {logging_mixin.py:151} INFO - page 110 succesfully scraped
[2023-08-29T02:46:54.966+0000] {logging_mixin.py:151} INFO - page 111 succesfully scraped
[2023-08-29T02:46:56.258+0000] {logging_mixin.py:151} INFO - page 112 succesfully scraped
[2023-08-29T02:46:57.231+0000] {logging_mixin.py:151} INFO - page 113 succesfully scraped
[2023-08-29T02:46:58.174+0000] {logging_mixin.py:151} INFO - page 114 succesfully scraped
[2023-08-29T02:46:58.955+0000] {logging_mixin.py:151} INFO - page 115 succesfully scraped
[2023-08-29T02:46:59.734+0000] {logging_mixin.py:151} INFO - page 116 succesfully scraped
[2023-08-29T02:47:00.636+0000] {logging_mixin.py:151} INFO - page 117 succesfully scraped
[2023-08-29T02:47:01.516+0000] {logging_mixin.py:151} INFO - page 118 succesfully scraped
[2023-08-29T02:47:02.304+0000] {logging_mixin.py:151} INFO - page 119 succesfully scraped
[2023-08-29T02:47:03.255+0000] {logging_mixin.py:151} INFO - page 120 succesfully scraped
[2023-08-29T02:47:04.265+0000] {logging_mixin.py:151} INFO - page 121 succesfully scraped
[2023-08-29T02:47:05.330+0000] {logging_mixin.py:151} INFO - page 122 succesfully scraped
[2023-08-29T02:47:06.091+0000] {logging_mixin.py:151} INFO - page 123 succesfully scraped
[2023-08-29T02:47:06.804+0000] {logging_mixin.py:151} INFO - page 124 succesfully scraped
[2023-08-29T02:47:07.727+0000] {logging_mixin.py:151} INFO - page 125 succesfully scraped
[2023-08-29T02:47:08.527+0000] {logging_mixin.py:151} INFO - page 126 succesfully scraped
[2023-08-29T02:47:10.115+0000] {logging_mixin.py:151} INFO - page 127 succesfully scraped
[2023-08-29T02:47:11.213+0000] {logging_mixin.py:151} INFO - page 128 succesfully scraped
[2023-08-29T02:47:12.135+0000] {logging_mixin.py:151} INFO - page 129 succesfully scraped
[2023-08-29T02:47:13.203+0000] {logging_mixin.py:151} INFO - page 130 succesfully scraped
[2023-08-29T02:47:13.923+0000] {logging_mixin.py:151} INFO - page 131 succesfully scraped
[2023-08-29T02:47:14.686+0000] {logging_mixin.py:151} INFO - page 132 succesfully scraped
[2023-08-29T02:47:15.444+0000] {logging_mixin.py:151} INFO - page 133 succesfully scraped
[2023-08-29T02:47:16.255+0000] {logging_mixin.py:151} INFO - page 134 succesfully scraped
[2023-08-29T02:47:17.003+0000] {logging_mixin.py:151} INFO - page 135 succesfully scraped
[2023-08-29T02:47:17.703+0000] {logging_mixin.py:151} INFO - page 136 succesfully scraped
[2023-08-29T02:47:19.166+0000] {logging_mixin.py:151} INFO - page 137 succesfully scraped
[2023-08-29T02:47:19.940+0000] {logging_mixin.py:151} INFO - page 138 succesfully scraped
[2023-08-29T02:47:20.765+0000] {logging_mixin.py:151} INFO - page 139 succesfully scraped
[2023-08-29T02:47:21.737+0000] {logging_mixin.py:151} INFO - page 140 succesfully scraped
[2023-08-29T02:47:22.459+0000] {logging_mixin.py:151} INFO - page 141 succesfully scraped
[2023-08-29T02:47:23.075+0000] {logging_mixin.py:151} INFO - page 142 succesfully scraped
[2023-08-29T02:47:23.788+0000] {logging_mixin.py:151} INFO - page 143 succesfully scraped
[2023-08-29T02:47:24.465+0000] {logging_mixin.py:151} INFO - page 144 succesfully scraped
[2023-08-29T02:47:25.663+0000] {logging_mixin.py:151} INFO - page 145 succesfully scraped
[2023-08-29T02:47:26.423+0000] {logging_mixin.py:151} INFO - page 146 succesfully scraped
[2023-08-29T02:47:27.285+0000] {logging_mixin.py:151} INFO - page 147 succesfully scraped
[2023-08-29T02:47:28.149+0000] {logging_mixin.py:151} INFO - page 148 succesfully scraped
[2023-08-29T02:47:29.362+0000] {logging_mixin.py:151} INFO - page 149 succesfully scraped
[2023-08-29T02:47:30.039+0000] {logging_mixin.py:151} INFO - page 150 succesfully scraped
[2023-08-29T02:47:30.915+0000] {logging_mixin.py:151} INFO - page 151 succesfully scraped
[2023-08-29T02:47:32.178+0000] {logging_mixin.py:151} INFO - page 152 succesfully scraped
[2023-08-29T02:47:32.713+0000] {logging_mixin.py:151} INFO - page 153 succesfully scraped
[2023-08-29T02:47:33.469+0000] {logging_mixin.py:151} INFO - page 154 succesfully scraped
[2023-08-29T02:47:34.132+0000] {logging_mixin.py:151} INFO - page 155 succesfully scraped
[2023-08-29T02:47:35.644+0000] {logging_mixin.py:151} INFO - page 156 succesfully scraped
[2023-08-29T02:47:36.763+0000] {logging_mixin.py:151} INFO - page 157 succesfully scraped
[2023-08-29T02:47:37.515+0000] {logging_mixin.py:151} INFO - page 158 succesfully scraped
[2023-08-29T02:47:38.258+0000] {logging_mixin.py:151} INFO - page 159 succesfully scraped
[2023-08-29T02:47:39.286+0000] {logging_mixin.py:151} INFO - page 160 succesfully scraped
[2023-08-29T02:47:39.963+0000] {logging_mixin.py:151} INFO - page 161 succesfully scraped
[2023-08-29T02:47:41.516+0000] {logging_mixin.py:151} INFO - page 162 succesfully scraped
[2023-08-29T02:47:42.477+0000] {logging_mixin.py:151} INFO - page 163 succesfully scraped
[2023-08-29T02:47:43.524+0000] {logging_mixin.py:151} INFO - page 164 succesfully scraped
[2023-08-29T02:47:44.274+0000] {logging_mixin.py:151} INFO - page 165 succesfully scraped
[2023-08-29T02:47:45.139+0000] {logging_mixin.py:151} INFO - page 166 succesfully scraped
[2023-08-29T02:47:46.172+0000] {logging_mixin.py:151} INFO - page 167 succesfully scraped
[2023-08-29T02:47:47.459+0000] {logging_mixin.py:151} INFO - page 168 succesfully scraped
[2023-08-29T02:47:48.156+0000] {logging_mixin.py:151} INFO - page 169 succesfully scraped
[2023-08-29T02:47:50.608+0000] {logging_mixin.py:151} INFO - page 170 succesfully scraped
[2023-08-29T02:47:51.760+0000] {logging_mixin.py:151} INFO - page 171 succesfully scraped
[2023-08-29T02:47:52.519+0000] {logging_mixin.py:151} INFO - page 172 succesfully scraped
[2023-08-29T02:47:53.216+0000] {logging_mixin.py:151} INFO - page 173 succesfully scraped
[2023-08-29T02:47:54.371+0000] {logging_mixin.py:151} INFO - page 174 succesfully scraped
[2023-08-29T02:47:55.503+0000] {logging_mixin.py:151} INFO - page 175 succesfully scraped
[2023-08-29T02:47:56.206+0000] {logging_mixin.py:151} INFO - page 176 succesfully scraped
[2023-08-29T02:47:57.140+0000] {logging_mixin.py:151} INFO - page 177 succesfully scraped
[2023-08-29T02:47:58.293+0000] {logging_mixin.py:151} INFO - page 178 succesfully scraped
[2023-08-29T02:47:59.961+0000] {logging_mixin.py:151} INFO - page 179 succesfully scraped
[2023-08-29T02:48:00.889+0000] {logging_mixin.py:151} INFO - page 180 succesfully scraped
[2023-08-29T02:48:01.605+0000] {logging_mixin.py:151} INFO - page 181 succesfully scraped
[2023-08-29T02:48:03.699+0000] {logging_mixin.py:151} INFO - page 182 succesfully scraped
[2023-08-29T02:48:04.662+0000] {logging_mixin.py:151} INFO - page 183 succesfully scraped
[2023-08-29T02:48:05.480+0000] {logging_mixin.py:151} INFO - page 184 succesfully scraped
[2023-08-29T02:48:06.528+0000] {logging_mixin.py:151} INFO - page 185 succesfully scraped
[2023-08-29T02:48:07.176+0000] {logging_mixin.py:151} INFO - page 186 succesfully scraped
[2023-08-29T02:48:07.807+0000] {logging_mixin.py:151} INFO - page 187 succesfully scraped
[2023-08-29T02:48:08.667+0000] {logging_mixin.py:151} INFO - page 188 succesfully scraped
[2023-08-29T02:48:09.545+0000] {logging_mixin.py:151} INFO - page 189 succesfully scraped
[2023-08-29T02:48:10.251+0000] {logging_mixin.py:151} INFO - page 190 succesfully scraped
[2023-08-29T02:48:11.025+0000] {logging_mixin.py:151} INFO - page 191 succesfully scraped
[2023-08-29T02:48:12.236+0000] {logging_mixin.py:151} INFO - page 192 succesfully scraped
[2023-08-29T02:48:13.564+0000] {logging_mixin.py:151} INFO - page 193 succesfully scraped
[2023-08-29T02:48:14.802+0000] {logging_mixin.py:151} INFO - page 194 succesfully scraped
[2023-08-29T02:48:15.506+0000] {logging_mixin.py:151} INFO - page 195 succesfully scraped
[2023-08-29T02:48:16.388+0000] {logging_mixin.py:151} INFO - page 196 succesfully scraped
[2023-08-29T02:48:17.188+0000] {logging_mixin.py:151} INFO - page 197 succesfully scraped
[2023-08-29T02:48:17.953+0000] {logging_mixin.py:151} INFO - page 198 succesfully scraped
[2023-08-29T02:48:18.612+0000] {logging_mixin.py:151} INFO - page 199 succesfully scraped
[2023-08-29T02:48:19.442+0000] {logging_mixin.py:151} INFO - page 200 succesfully scraped
[2023-08-29T02:48:20.373+0000] {logging_mixin.py:151} INFO - page 201 succesfully scraped
[2023-08-29T02:48:21.434+0000] {logging_mixin.py:151} INFO - page 202 succesfully scraped
[2023-08-29T02:48:22.195+0000] {logging_mixin.py:151} INFO - page 203 succesfully scraped
[2023-08-29T02:48:23.169+0000] {logging_mixin.py:151} INFO - page 204 succesfully scraped
[2023-08-29T02:48:23.942+0000] {logging_mixin.py:151} INFO - page 205 succesfully scraped
[2023-08-29T02:48:24.621+0000] {logging_mixin.py:151} INFO - page 206 succesfully scraped
[2023-08-29T02:48:25.407+0000] {logging_mixin.py:151} INFO - page 207 succesfully scraped
[2023-08-29T02:48:26.017+0000] {logging_mixin.py:151} INFO - page 208 succesfully scraped
[2023-08-29T02:48:27.329+0000] {logging_mixin.py:151} INFO - page 209 succesfully scraped
[2023-08-29T02:48:28.796+0000] {logging_mixin.py:151} INFO - page 210 succesfully scraped
[2023-08-29T02:48:29.797+0000] {logging_mixin.py:151} INFO - page 211 succesfully scraped
[2023-08-29T02:48:30.878+0000] {logging_mixin.py:151} INFO - page 212 succesfully scraped
[2023-08-29T02:48:32.181+0000] {logging_mixin.py:151} INFO - page 213 succesfully scraped
[2023-08-29T02:48:33.310+0000] {logging_mixin.py:151} INFO - page 214 succesfully scraped
[2023-08-29T02:48:34.312+0000] {logging_mixin.py:151} INFO - page 215 succesfully scraped
[2023-08-29T02:48:35.058+0000] {logging_mixin.py:151} INFO - page 216 succesfully scraped
[2023-08-29T02:48:35.682+0000] {logging_mixin.py:151} INFO - page 217 succesfully scraped
[2023-08-29T02:48:36.626+0000] {logging_mixin.py:151} INFO - page 218 succesfully scraped
[2023-08-29T02:48:37.648+0000] {logging_mixin.py:151} INFO - page 219 succesfully scraped
[2023-08-29T02:48:38.445+0000] {logging_mixin.py:151} INFO - page 220 succesfully scraped
[2023-08-29T02:48:39.617+0000] {logging_mixin.py:151} INFO - page 221 succesfully scraped
[2023-08-29T02:48:40.791+0000] {logging_mixin.py:151} INFO - page 222 succesfully scraped
[2023-08-29T02:48:42.124+0000] {logging_mixin.py:151} INFO - page 223 succesfully scraped
[2023-08-29T02:48:43.345+0000] {logging_mixin.py:151} INFO - page 224 succesfully scraped
[2023-08-29T02:48:44.395+0000] {logging_mixin.py:151} INFO - page 225 succesfully scraped
[2023-08-29T02:48:45.288+0000] {logging_mixin.py:151} INFO - page 226 succesfully scraped
[2023-08-29T02:48:46.446+0000] {logging_mixin.py:151} INFO - page 227 succesfully scraped
[2023-08-29T02:48:47.441+0000] {logging_mixin.py:151} INFO - page 228 succesfully scraped
[2023-08-29T02:48:48.622+0000] {logging_mixin.py:151} INFO - page 229 succesfully scraped
[2023-08-29T02:48:49.696+0000] {logging_mixin.py:151} INFO - page 230 succesfully scraped
[2023-08-29T02:48:50.334+0000] {logging_mixin.py:151} INFO - page 231 succesfully scraped
[2023-08-29T02:48:51.326+0000] {logging_mixin.py:151} INFO - page 232 succesfully scraped
[2023-08-29T02:48:52.734+0000] {logging_mixin.py:151} INFO - page 233 succesfully scraped
[2023-08-29T02:48:53.360+0000] {logging_mixin.py:151} INFO - page 234 succesfully scraped
[2023-08-29T02:48:54.017+0000] {logging_mixin.py:151} INFO - page 235 succesfully scraped
[2023-08-29T02:48:55.499+0000] {logging_mixin.py:151} INFO - page 236 succesfully scraped
[2023-08-29T02:48:56.673+0000] {logging_mixin.py:151} INFO - page 237 succesfully scraped
[2023-08-29T02:48:57.457+0000] {logging_mixin.py:151} INFO - page 238 succesfully scraped
[2023-08-29T02:48:58.520+0000] {logging_mixin.py:151} INFO - page 239 succesfully scraped
[2023-08-29T02:48:59.433+0000] {logging_mixin.py:151} INFO - page 240 succesfully scraped
[2023-08-29T02:49:00.204+0000] {logging_mixin.py:151} INFO - page 241 succesfully scraped
[2023-08-29T02:49:00.956+0000] {logging_mixin.py:151} INFO - page 242 succesfully scraped
[2023-08-29T02:49:01.849+0000] {logging_mixin.py:151} INFO - page 243 succesfully scraped
[2023-08-29T02:49:02.914+0000] {logging_mixin.py:151} INFO - page 244 succesfully scraped
[2023-08-29T02:49:03.789+0000] {logging_mixin.py:151} INFO - page 245 succesfully scraped
[2023-08-29T02:49:04.579+0000] {logging_mixin.py:151} INFO - page 246 succesfully scraped
[2023-08-29T02:49:05.909+0000] {logging_mixin.py:151} INFO - page 247 succesfully scraped
[2023-08-29T02:49:07.124+0000] {logging_mixin.py:151} INFO - page 248 succesfully scraped
[2023-08-29T02:49:07.945+0000] {logging_mixin.py:151} INFO - page 249 succesfully scraped
[2023-08-29T02:49:08.597+0000] {logging_mixin.py:151} INFO - page 250 succesfully scraped
[2023-08-29T02:49:10.063+0000] {logging_mixin.py:151} INFO - page 251 succesfully scraped
[2023-08-29T02:49:10.733+0000] {logging_mixin.py:151} INFO - page 252 succesfully scraped
[2023-08-29T02:49:11.625+0000] {logging_mixin.py:151} INFO - page 253 succesfully scraped
[2023-08-29T02:49:12.412+0000] {logging_mixin.py:151} INFO - page 254 succesfully scraped
[2023-08-29T02:49:13.379+0000] {logging_mixin.py:151} INFO - page 255 succesfully scraped
[2023-08-29T02:49:14.199+0000] {logging_mixin.py:151} INFO - page 256 succesfully scraped
[2023-08-29T02:49:14.877+0000] {logging_mixin.py:151} INFO - page 257 succesfully scraped
[2023-08-29T02:49:15.611+0000] {logging_mixin.py:151} INFO - page 258 succesfully scraped
[2023-08-29T02:49:16.600+0000] {logging_mixin.py:151} INFO - page 259 succesfully scraped
[2023-08-29T02:49:17.404+0000] {logging_mixin.py:151} INFO - page 260 succesfully scraped
[2023-08-29T02:49:18.468+0000] {logging_mixin.py:151} INFO - page 261 succesfully scraped
[2023-08-29T02:49:19.719+0000] {logging_mixin.py:151} INFO - page 262 succesfully scraped
[2023-08-29T02:49:20.473+0000] {logging_mixin.py:151} INFO - page 263 succesfully scraped
[2023-08-29T02:49:21.328+0000] {logging_mixin.py:151} INFO - page 264 succesfully scraped
[2023-08-29T02:49:22.531+0000] {logging_mixin.py:151} INFO - page 265 succesfully scraped
[2023-08-29T02:49:23.419+0000] {logging_mixin.py:151} INFO - page 266 succesfully scraped
[2023-08-29T02:49:24.271+0000] {logging_mixin.py:151} INFO - page 267 succesfully scraped
[2023-08-29T02:49:25.710+0000] {logging_mixin.py:151} INFO - page 268 succesfully scraped
[2023-08-29T02:49:26.574+0000] {logging_mixin.py:151} INFO - page 269 succesfully scraped
[2023-08-29T02:49:27.651+0000] {logging_mixin.py:151} INFO - page 270 succesfully scraped
[2023-08-29T02:49:28.679+0000] {logging_mixin.py:151} INFO - page 271 succesfully scraped
[2023-08-29T02:49:29.431+0000] {logging_mixin.py:151} INFO - page 272 succesfully scraped
[2023-08-29T02:49:30.157+0000] {logging_mixin.py:151} INFO - page 273 succesfully scraped
[2023-08-29T02:49:31.047+0000] {logging_mixin.py:151} INFO - page 274 succesfully scraped
[2023-08-29T02:49:31.875+0000] {logging_mixin.py:151} INFO - page 275 succesfully scraped
[2023-08-29T02:49:32.627+0000] {logging_mixin.py:151} INFO - page 276 succesfully scraped
[2023-08-29T02:49:33.211+0000] {logging_mixin.py:151} INFO - page 277 succesfully scraped
[2023-08-29T02:49:34.286+0000] {logging_mixin.py:151} INFO - page 278 succesfully scraped
[2023-08-29T02:49:35.711+0000] {logging_mixin.py:151} INFO - page 279 succesfully scraped
[2023-08-29T02:49:36.410+0000] {logging_mixin.py:151} INFO - page 280 succesfully scraped
[2023-08-29T02:49:37.283+0000] {logging_mixin.py:151} INFO - page 281 succesfully scraped
[2023-08-29T02:49:38.411+0000] {logging_mixin.py:151} INFO - page 282 succesfully scraped
[2023-08-29T02:49:39.563+0000] {logging_mixin.py:151} INFO - page 283 succesfully scraped
[2023-08-29T02:49:41.000+0000] {logging_mixin.py:151} INFO - page 284 succesfully scraped
[2023-08-29T02:49:41.879+0000] {logging_mixin.py:151} INFO - page 285 succesfully scraped
[2023-08-29T02:49:42.911+0000] {logging_mixin.py:151} INFO - page 286 succesfully scraped
[2023-08-29T02:49:44.163+0000] {logging_mixin.py:151} INFO - page 287 succesfully scraped
[2023-08-29T02:49:45.355+0000] {logging_mixin.py:151} INFO - page 288 succesfully scraped
[2023-08-29T02:49:46.364+0000] {logging_mixin.py:151} INFO - page 289 succesfully scraped
[2023-08-29T02:49:47.324+0000] {logging_mixin.py:151} INFO - page 290 succesfully scraped
[2023-08-29T02:49:48.522+0000] {logging_mixin.py:151} INFO - page 291 succesfully scraped
[2023-08-29T02:49:49.412+0000] {logging_mixin.py:151} INFO - page 292 succesfully scraped
[2023-08-29T02:49:50.406+0000] {logging_mixin.py:151} INFO - page 293 succesfully scraped
[2023-08-29T02:49:51.338+0000] {logging_mixin.py:151} INFO - page 294 succesfully scraped
[2023-08-29T02:49:52.385+0000] {logging_mixin.py:151} INFO - page 295 succesfully scraped
[2023-08-29T02:49:53.035+0000] {logging_mixin.py:151} INFO - page 296 succesfully scraped
[2023-08-29T02:49:53.725+0000] {logging_mixin.py:151} INFO - page 297 succesfully scraped
[2023-08-29T02:49:54.664+0000] {logging_mixin.py:151} INFO - page 298 succesfully scraped
[2023-08-29T02:49:56.473+0000] {logging_mixin.py:151} INFO - page 299 succesfully scraped
[2023-08-29T02:49:57.604+0000] {logging_mixin.py:151} INFO - page 300 succesfully scraped
[2023-08-29T02:49:58.425+0000] {logging_mixin.py:151} INFO - page 301 succesfully scraped
[2023-08-29T02:49:59.295+0000] {logging_mixin.py:151} INFO - page 302 succesfully scraped
[2023-08-29T02:50:00.214+0000] {logging_mixin.py:151} INFO - page 303 succesfully scraped
[2023-08-29T02:50:02.513+0000] {logging_mixin.py:151} INFO - page 304 succesfully scraped
[2023-08-29T02:50:04.552+0000] {logging_mixin.py:151} INFO - page 305 succesfully scraped
[2023-08-29T02:50:05.318+0000] {logging_mixin.py:151} INFO - page 306 succesfully scraped
[2023-08-29T02:50:06.051+0000] {logging_mixin.py:151} INFO - page 307 succesfully scraped
[2023-08-29T02:50:06.868+0000] {logging_mixin.py:151} INFO - page 308 succesfully scraped
[2023-08-29T02:50:07.656+0000] {logging_mixin.py:151} INFO - page 309 succesfully scraped
[2023-08-29T02:50:09.019+0000] {logging_mixin.py:151} INFO - page 310 succesfully scraped
[2023-08-29T02:50:10.778+0000] {logging_mixin.py:151} INFO - page 311 succesfully scraped
[2023-08-29T02:50:12.133+0000] {logging_mixin.py:151} INFO - page 312 succesfully scraped
[2023-08-29T02:50:13.015+0000] {logging_mixin.py:151} INFO - page 313 succesfully scraped
[2023-08-29T02:50:14.999+0000] {logging_mixin.py:151} INFO - page 314 succesfully scraped
[2023-08-29T02:50:16.060+0000] {logging_mixin.py:151} INFO - page 315 succesfully scraped
[2023-08-29T02:50:17.067+0000] {logging_mixin.py:151} INFO - page 316 succesfully scraped
[2023-08-29T02:50:17.998+0000] {logging_mixin.py:151} INFO - page 317 succesfully scraped
[2023-08-29T02:50:18.855+0000] {logging_mixin.py:151} INFO - page 318 succesfully scraped
[2023-08-29T02:50:19.617+0000] {logging_mixin.py:151} INFO - page 319 succesfully scraped
[2023-08-29T02:50:20.282+0000] {logging_mixin.py:151} INFO - page 320 succesfully scraped
[2023-08-29T02:50:21.085+0000] {logging_mixin.py:151} INFO - page 321 succesfully scraped
[2023-08-29T02:50:22.623+0000] {logging_mixin.py:151} INFO - page 322 succesfully scraped
[2023-08-29T02:50:23.434+0000] {logging_mixin.py:151} INFO - page 323 succesfully scraped
[2023-08-29T02:50:24.150+0000] {logging_mixin.py:151} INFO - page 324 succesfully scraped
[2023-08-29T02:50:24.969+0000] {logging_mixin.py:151} INFO - page 325 succesfully scraped
[2023-08-29T02:50:25.773+0000] {logging_mixin.py:151} INFO - page 326 succesfully scraped
[2023-08-29T02:50:27.293+0000] {logging_mixin.py:151} INFO - page 327 succesfully scraped
[2023-08-29T02:50:28.231+0000] {logging_mixin.py:151} INFO - page 328 succesfully scraped
[2023-08-29T02:50:29.663+0000] {logging_mixin.py:151} INFO - page 329 succesfully scraped
[2023-08-29T02:50:30.789+0000] {logging_mixin.py:151} INFO - page 330 succesfully scraped
[2023-08-29T02:50:31.634+0000] {logging_mixin.py:151} INFO - page 331 succesfully scraped
[2023-08-29T02:50:32.407+0000] {logging_mixin.py:151} INFO - page 332 succesfully scraped
[2023-08-29T02:50:33.342+0000] {logging_mixin.py:151} INFO - page 333 succesfully scraped
[2023-08-29T02:50:34.253+0000] {logging_mixin.py:151} INFO - page 334 succesfully scraped
[2023-08-29T02:50:35.110+0000] {logging_mixin.py:151} INFO - page 335 succesfully scraped
[2023-08-29T02:50:35.853+0000] {logging_mixin.py:151} INFO - page 336 succesfully scraped
[2023-08-29T02:50:36.836+0000] {logging_mixin.py:151} INFO - page 337 succesfully scraped
[2023-08-29T02:50:37.811+0000] {logging_mixin.py:151} INFO - page 338 succesfully scraped
[2023-08-29T02:50:39.217+0000] {logging_mixin.py:151} INFO - page 339 succesfully scraped
[2023-08-29T02:50:40.421+0000] {logging_mixin.py:151} INFO - page 340 succesfully scraped
[2023-08-29T02:50:41.113+0000] {logging_mixin.py:151} INFO - page 341 succesfully scraped
[2023-08-29T02:50:42.215+0000] {logging_mixin.py:151} INFO - page 342 succesfully scraped
[2023-08-29T02:50:43.285+0000] {logging_mixin.py:151} INFO - page 343 succesfully scraped
[2023-08-29T02:50:44.211+0000] {logging_mixin.py:151} INFO - page 344 succesfully scraped
[2023-08-29T02:50:44.961+0000] {logging_mixin.py:151} INFO - page 345 succesfully scraped
[2023-08-29T02:50:45.793+0000] {logging_mixin.py:151} INFO - page 346 succesfully scraped
[2023-08-29T02:50:46.762+0000] {logging_mixin.py:151} INFO - page 347 succesfully scraped
[2023-08-29T02:50:47.697+0000] {logging_mixin.py:151} INFO - page 348 succesfully scraped
[2023-08-29T02:50:48.513+0000] {logging_mixin.py:151} INFO - page 349 succesfully scraped
[2023-08-29T02:50:49.360+0000] {logging_mixin.py:151} INFO - page 350 succesfully scraped
[2023-08-29T02:50:50.430+0000] {logging_mixin.py:151} INFO - page 351 succesfully scraped
[2023-08-29T02:50:51.279+0000] {logging_mixin.py:151} INFO - page 352 succesfully scraped
[2023-08-29T02:50:52.037+0000] {logging_mixin.py:151} INFO - page 353 succesfully scraped
[2023-08-29T02:50:53.235+0000] {logging_mixin.py:151} INFO - page 354 succesfully scraped
[2023-08-29T02:50:54.715+0000] {logging_mixin.py:151} INFO - page 355 succesfully scraped
[2023-08-29T02:50:55.956+0000] {logging_mixin.py:151} INFO - page 356 succesfully scraped
[2023-08-29T02:50:57.282+0000] {logging_mixin.py:151} INFO - page 357 succesfully scraped
[2023-08-29T02:50:58.528+0000] {logging_mixin.py:151} INFO - page 358 succesfully scraped
[2023-08-29T02:50:59.418+0000] {logging_mixin.py:151} INFO - page 359 succesfully scraped
[2023-08-29T02:51:00.198+0000] {logging_mixin.py:151} INFO - page 360 succesfully scraped
[2023-08-29T02:51:01.071+0000] {logging_mixin.py:151} INFO - page 361 succesfully scraped
[2023-08-29T02:51:02.464+0000] {logging_mixin.py:151} INFO - page 362 succesfully scraped
[2023-08-29T02:51:03.100+0000] {logging_mixin.py:151} INFO - page 363 succesfully scraped
[2023-08-29T02:51:04.136+0000] {logging_mixin.py:151} INFO - page 364 succesfully scraped
[2023-08-29T02:51:05.003+0000] {logging_mixin.py:151} INFO - page 365 succesfully scraped
[2023-08-29T02:51:06.055+0000] {logging_mixin.py:151} INFO - page 366 succesfully scraped
[2023-08-29T02:51:06.826+0000] {logging_mixin.py:151} INFO - page 367 succesfully scraped
[2023-08-29T02:51:07.822+0000] {logging_mixin.py:151} INFO - page 368 succesfully scraped
[2023-08-29T02:51:08.673+0000] {logging_mixin.py:151} INFO - page 369 succesfully scraped
[2023-08-29T02:51:10.090+0000] {logging_mixin.py:151} INFO - page 370 succesfully scraped
[2023-08-29T02:51:11.004+0000] {logging_mixin.py:151} INFO - page 371 succesfully scraped
[2023-08-29T02:51:11.932+0000] {logging_mixin.py:151} INFO - page 372 succesfully scraped
[2023-08-29T02:51:13.168+0000] {logging_mixin.py:151} INFO - page 373 succesfully scraped
[2023-08-29T02:51:13.904+0000] {logging_mixin.py:151} INFO - page 374 succesfully scraped
[2023-08-29T02:51:14.591+0000] {logging_mixin.py:151} INFO - page 375 succesfully scraped
[2023-08-29T02:51:15.161+0000] {logging_mixin.py:151} INFO - page 376 succesfully scraped
[2023-08-29T02:51:16.291+0000] {logging_mixin.py:151} INFO - page 377 succesfully scraped
[2023-08-29T02:51:16.993+0000] {logging_mixin.py:151} INFO - page 378 succesfully scraped
[2023-08-29T02:51:18.056+0000] {logging_mixin.py:151} INFO - page 379 succesfully scraped
[2023-08-29T02:51:19.000+0000] {logging_mixin.py:151} INFO - page 380 succesfully scraped
[2023-08-29T02:51:20.034+0000] {logging_mixin.py:151} INFO - page 381 succesfully scraped
[2023-08-29T02:51:21.181+0000] {logging_mixin.py:151} INFO - page 382 succesfully scraped
[2023-08-29T02:51:22.268+0000] {logging_mixin.py:151} INFO - page 383 succesfully scraped
[2023-08-29T02:51:23.261+0000] {logging_mixin.py:151} INFO - page 384 succesfully scraped
[2023-08-29T02:51:23.959+0000] {logging_mixin.py:151} INFO - page 385 succesfully scraped
[2023-08-29T02:51:24.790+0000] {logging_mixin.py:151} INFO - page 386 succesfully scraped
[2023-08-29T02:51:25.535+0000] {logging_mixin.py:151} INFO - page 387 succesfully scraped
[2023-08-29T02:51:26.597+0000] {logging_mixin.py:151} INFO - page 388 succesfully scraped
[2023-08-29T02:51:27.566+0000] {logging_mixin.py:151} INFO - page 389 succesfully scraped
[2023-08-29T02:51:28.194+0000] {logging_mixin.py:151} INFO - page 390 succesfully scraped
[2023-08-29T02:51:29.240+0000] {logging_mixin.py:151} INFO - page 391 succesfully scraped
[2023-08-29T02:51:30.320+0000] {logging_mixin.py:151} INFO - page 392 succesfully scraped
[2023-08-29T02:51:31.256+0000] {logging_mixin.py:151} INFO - page 393 succesfully scraped
[2023-08-29T02:51:32.123+0000] {logging_mixin.py:151} INFO - page 394 succesfully scraped
[2023-08-29T02:51:33.475+0000] {logging_mixin.py:151} INFO - page 395 succesfully scraped
[2023-08-29T02:51:34.182+0000] {logging_mixin.py:151} INFO - page 396 succesfully scraped
[2023-08-29T02:51:34.943+0000] {logging_mixin.py:151} INFO - page 397 succesfully scraped
[2023-08-29T02:51:35.693+0000] {logging_mixin.py:151} INFO - page 398 succesfully scraped
[2023-08-29T02:51:36.577+0000] {logging_mixin.py:151} INFO - page 399 succesfully scraped
[2023-08-29T02:51:37.761+0000] {logging_mixin.py:151} INFO - page 400 succesfully scraped
[2023-08-29T02:51:38.736+0000] {logging_mixin.py:151} INFO - page 401 succesfully scraped
[2023-08-29T02:51:39.582+0000] {logging_mixin.py:151} INFO - page 402 succesfully scraped
[2023-08-29T02:51:40.293+0000] {logging_mixin.py:151} INFO - page 403 succesfully scraped
[2023-08-29T02:51:41.590+0000] {logging_mixin.py:151} INFO - page 404 succesfully scraped
[2023-08-29T02:51:42.260+0000] {logging_mixin.py:151} INFO - page 405 succesfully scraped
[2023-08-29T02:51:43.501+0000] {logging_mixin.py:151} INFO - page 406 succesfully scraped
[2023-08-29T02:51:44.141+0000] {logging_mixin.py:151} INFO - page 407 succesfully scraped
[2023-08-29T02:51:44.826+0000] {logging_mixin.py:151} INFO - page 408 succesfully scraped
[2023-08-29T02:51:45.417+0000] {logging_mixin.py:151} INFO - page 409 succesfully scraped
[2023-08-29T02:51:46.287+0000] {logging_mixin.py:151} INFO - page 410 succesfully scraped
[2023-08-29T02:51:47.058+0000] {logging_mixin.py:151} INFO - page 411 succesfully scraped
[2023-08-29T02:51:47.839+0000] {logging_mixin.py:151} INFO - page 412 succesfully scraped
[2023-08-29T02:51:48.767+0000] {logging_mixin.py:151} INFO - page 413 succesfully scraped
[2023-08-29T02:51:49.452+0000] {logging_mixin.py:151} INFO - page 414 succesfully scraped
[2023-08-29T02:51:50.260+0000] {logging_mixin.py:151} INFO - page 415 succesfully scraped
[2023-08-29T02:51:51.699+0000] {logging_mixin.py:151} INFO - page 416 succesfully scraped
[2023-08-29T02:51:52.771+0000] {logging_mixin.py:151} INFO - page 417 succesfully scraped
[2023-08-29T02:51:53.624+0000] {logging_mixin.py:151} INFO - page 418 succesfully scraped
[2023-08-29T02:51:54.242+0000] {logging_mixin.py:151} INFO - page 419 succesfully scraped
[2023-08-29T02:51:55.011+0000] {logging_mixin.py:151} INFO - page 420 succesfully scraped
[2023-08-29T02:51:56.005+0000] {logging_mixin.py:151} INFO - page 421 succesfully scraped
[2023-08-29T02:51:57.220+0000] {logging_mixin.py:151} INFO - page 422 succesfully scraped
[2023-08-29T02:51:57.984+0000] {logging_mixin.py:151} INFO - page 423 succesfully scraped
[2023-08-29T02:51:58.955+0000] {logging_mixin.py:151} INFO - page 424 succesfully scraped
[2023-08-29T02:51:59.837+0000] {logging_mixin.py:151} INFO - page 425 succesfully scraped
[2023-08-29T02:52:01.074+0000] {logging_mixin.py:151} INFO - page 426 succesfully scraped
[2023-08-29T02:52:02.202+0000] {logging_mixin.py:151} INFO - page 427 succesfully scraped
[2023-08-29T02:52:03.084+0000] {logging_mixin.py:151} INFO - page 428 succesfully scraped
[2023-08-29T02:52:03.945+0000] {logging_mixin.py:151} INFO - page 429 succesfully scraped
[2023-08-29T02:52:04.842+0000] {logging_mixin.py:151} INFO - page 430 succesfully scraped
[2023-08-29T02:52:05.767+0000] {logging_mixin.py:151} INFO - page 431 succesfully scraped
[2023-08-29T02:52:06.602+0000] {logging_mixin.py:151} INFO - page 432 succesfully scraped
[2023-08-29T02:52:07.220+0000] {logging_mixin.py:151} INFO - page 433 succesfully scraped
[2023-08-29T02:52:08.186+0000] {logging_mixin.py:151} INFO - page 434 succesfully scraped
[2023-08-29T02:52:09.973+0000] {logging_mixin.py:151} INFO - page 435 succesfully scraped
[2023-08-29T02:52:10.619+0000] {logging_mixin.py:151} INFO - page 436 succesfully scraped
[2023-08-29T02:52:11.364+0000] {logging_mixin.py:151} INFO - page 437 succesfully scraped
[2023-08-29T02:52:12.108+0000] {logging_mixin.py:151} INFO - page 438 succesfully scraped
[2023-08-29T02:52:13.485+0000] {logging_mixin.py:151} INFO - page 439 succesfully scraped
[2023-08-29T02:52:14.114+0000] {logging_mixin.py:151} INFO - page 440 succesfully scraped
[2023-08-29T02:52:14.742+0000] {logging_mixin.py:151} INFO - page 441 succesfully scraped
[2023-08-29T02:52:15.501+0000] {logging_mixin.py:151} INFO - page 442 succesfully scraped
[2023-08-29T02:52:16.421+0000] {logging_mixin.py:151} INFO - page 443 succesfully scraped
[2023-08-29T02:52:17.221+0000] {logging_mixin.py:151} INFO - page 444 succesfully scraped
[2023-08-29T02:52:18.470+0000] {logging_mixin.py:151} INFO - page 445 succesfully scraped
[2023-08-29T02:52:19.659+0000] {logging_mixin.py:151} INFO - page 446 succesfully scraped
[2023-08-29T02:52:20.547+0000] {logging_mixin.py:151} INFO - page 447 succesfully scraped
[2023-08-29T02:52:21.434+0000] {logging_mixin.py:151} INFO - page 448 succesfully scraped
[2023-08-29T02:52:22.279+0000] {logging_mixin.py:151} INFO - page 449 succesfully scraped
[2023-08-29T02:52:22.921+0000] {logging_mixin.py:151} INFO - page 450 succesfully scraped
[2023-08-29T02:52:23.665+0000] {logging_mixin.py:151} INFO - page 451 succesfully scraped
[2023-08-29T02:52:24.363+0000] {logging_mixin.py:151} INFO - page 452 succesfully scraped
[2023-08-29T02:52:26.100+0000] {logging_mixin.py:151} INFO - page 453 succesfully scraped
[2023-08-29T02:52:27.629+0000] {logging_mixin.py:151} INFO - page 454 succesfully scraped
[2023-08-29T02:52:28.536+0000] {logging_mixin.py:151} INFO - page 455 succesfully scraped
[2023-08-29T02:52:29.476+0000] {logging_mixin.py:151} INFO - page 456 succesfully scraped
[2023-08-29T02:52:30.322+0000] {logging_mixin.py:151} INFO - page 457 succesfully scraped
[2023-08-29T02:52:31.388+0000] {logging_mixin.py:151} INFO - page 458 succesfully scraped
[2023-08-29T02:52:32.724+0000] {logging_mixin.py:151} INFO - page 459 succesfully scraped
[2023-08-29T02:52:33.546+0000] {logging_mixin.py:151} INFO - page 460 succesfully scraped
[2023-08-29T02:52:34.410+0000] {logging_mixin.py:151} INFO - page 461 succesfully scraped
[2023-08-29T02:52:35.229+0000] {logging_mixin.py:151} INFO - page 462 succesfully scraped
[2023-08-29T02:52:36.156+0000] {logging_mixin.py:151} INFO - page 463 succesfully scraped
[2023-08-29T02:52:37.042+0000] {logging_mixin.py:151} INFO - page 464 succesfully scraped
[2023-08-29T02:52:37.759+0000] {logging_mixin.py:151} INFO - page 465 succesfully scraped
[2023-08-29T02:52:38.624+0000] {logging_mixin.py:151} INFO - page 466 succesfully scraped
[2023-08-29T02:52:39.414+0000] {logging_mixin.py:151} INFO - page 467 succesfully scraped
[2023-08-29T02:52:41.002+0000] {logging_mixin.py:151} INFO - page 468 succesfully scraped
[2023-08-29T02:52:41.724+0000] {logging_mixin.py:151} INFO - page 469 succesfully scraped
[2023-08-29T02:52:43.114+0000] {logging_mixin.py:151} INFO - page 470 succesfully scraped
[2023-08-29T02:52:44.057+0000] {logging_mixin.py:151} INFO - page 471 succesfully scraped
[2023-08-29T02:52:44.884+0000] {logging_mixin.py:151} INFO - page 472 succesfully scraped
[2023-08-29T02:52:45.551+0000] {logging_mixin.py:151} INFO - page 473 succesfully scraped
[2023-08-29T02:52:46.699+0000] {logging_mixin.py:151} INFO - page 474 succesfully scraped
[2023-08-29T02:52:47.667+0000] {logging_mixin.py:151} INFO - page 475 succesfully scraped
[2023-08-29T02:52:48.497+0000] {logging_mixin.py:151} INFO - page 476 succesfully scraped
[2023-08-29T02:52:49.235+0000] {logging_mixin.py:151} INFO - page 477 succesfully scraped
[2023-08-29T02:52:49.918+0000] {logging_mixin.py:151} INFO - page 478 succesfully scraped
[2023-08-29T02:52:50.763+0000] {logging_mixin.py:151} INFO - page 479 succesfully scraped
[2023-08-29T02:52:51.422+0000] {logging_mixin.py:151} INFO - page 480 succesfully scraped
[2023-08-29T02:52:52.210+0000] {logging_mixin.py:151} INFO - page 481 succesfully scraped
[2023-08-29T02:52:52.996+0000] {logging_mixin.py:151} INFO - page 482 succesfully scraped
[2023-08-29T02:52:54.212+0000] {logging_mixin.py:151} INFO - page 483 succesfully scraped
[2023-08-29T02:52:54.992+0000] {logging_mixin.py:151} INFO - page 484 succesfully scraped
[2023-08-29T02:52:55.833+0000] {logging_mixin.py:151} INFO - page 485 succesfully scraped
[2023-08-29T02:52:57.088+0000] {logging_mixin.py:151} INFO - page 486 succesfully scraped
[2023-08-29T02:52:57.977+0000] {logging_mixin.py:151} INFO - page 487 succesfully scraped
[2023-08-29T02:52:58.568+0000] {logging_mixin.py:151} INFO - page 488 succesfully scraped
[2023-08-29T02:52:59.457+0000] {logging_mixin.py:151} INFO - page 489 succesfully scraped
[2023-08-29T02:53:00.201+0000] {logging_mixin.py:151} INFO - page 490 succesfully scraped
[2023-08-29T02:53:01.596+0000] {logging_mixin.py:151} INFO - page 491 succesfully scraped
[2023-08-29T02:53:03.003+0000] {logging_mixin.py:151} INFO - page 492 succesfully scraped
[2023-08-29T02:53:04.019+0000] {logging_mixin.py:151} INFO - page 493 succesfully scraped
[2023-08-29T02:53:04.797+0000] {logging_mixin.py:151} INFO - page 494 succesfully scraped
[2023-08-29T02:53:05.878+0000] {logging_mixin.py:151} INFO - page 495 succesfully scraped
[2023-08-29T02:53:06.878+0000] {logging_mixin.py:151} INFO - page 496 succesfully scraped
[2023-08-29T02:53:07.825+0000] {logging_mixin.py:151} INFO - page 497 succesfully scraped
[2023-08-29T02:53:08.619+0000] {logging_mixin.py:151} INFO - page 498 succesfully scraped
[2023-08-29T02:53:09.906+0000] {logging_mixin.py:151} INFO - page 499 succesfully scraped
[2023-08-29T02:53:10.681+0000] {logging_mixin.py:151} INFO - page 500 succesfully scraped
[2023-08-29T02:53:11.823+0000] {logging_mixin.py:151} INFO - page 501 succesfully scraped
[2023-08-29T02:53:13.268+0000] {logging_mixin.py:151} INFO - page 502 succesfully scraped
[2023-08-29T02:53:14.086+0000] {logging_mixin.py:151} INFO - page 503 succesfully scraped
[2023-08-29T02:53:15.041+0000] {logging_mixin.py:151} INFO - page 504 succesfully scraped
[2023-08-29T02:53:16.488+0000] {logging_mixin.py:151} INFO - page 505 succesfully scraped
[2023-08-29T02:53:17.623+0000] {logging_mixin.py:151} INFO - page 506 succesfully scraped
[2023-08-29T02:53:18.518+0000] {logging_mixin.py:151} INFO - page 507 succesfully scraped
[2023-08-29T02:53:19.606+0000] {logging_mixin.py:151} INFO - page 508 succesfully scraped
[2023-08-29T02:53:20.424+0000] {logging_mixin.py:151} INFO - page 509 succesfully scraped
[2023-08-29T02:53:21.132+0000] {logging_mixin.py:151} INFO - page 510 succesfully scraped
[2023-08-29T02:53:22.053+0000] {logging_mixin.py:151} INFO - page 511 succesfully scraped
[2023-08-29T02:53:22.853+0000] {logging_mixin.py:151} INFO - page 512 succesfully scraped
[2023-08-29T02:53:24.323+0000] {logging_mixin.py:151} INFO - page 513 succesfully scraped
[2023-08-29T02:53:24.982+0000] {logging_mixin.py:151} INFO - page 514 succesfully scraped
[2023-08-29T02:53:25.927+0000] {logging_mixin.py:151} INFO - page 515 succesfully scraped
[2023-08-29T02:53:26.542+0000] {logging_mixin.py:151} INFO - page 516 succesfully scraped
[2023-08-29T02:53:27.285+0000] {logging_mixin.py:151} INFO - page 517 succesfully scraped
[2023-08-29T02:53:28.240+0000] {logging_mixin.py:151} INFO - page 518 succesfully scraped
[2023-08-29T02:53:28.916+0000] {logging_mixin.py:151} INFO - page 519 succesfully scraped
[2023-08-29T02:53:29.584+0000] {logging_mixin.py:151} INFO - page 520 succesfully scraped
[2023-08-29T02:53:30.295+0000] {logging_mixin.py:151} INFO - page 521 succesfully scraped
[2023-08-29T02:53:31.272+0000] {logging_mixin.py:151} INFO - page 522 succesfully scraped
[2023-08-29T02:53:32.286+0000] {logging_mixin.py:151} INFO - page 523 succesfully scraped
[2023-08-29T02:53:33.173+0000] {logging_mixin.py:151} INFO - page 524 succesfully scraped
[2023-08-29T02:53:34.152+0000] {logging_mixin.py:151} INFO - page 525 succesfully scraped
[2023-08-29T02:53:35.479+0000] {logging_mixin.py:151} INFO - page 526 succesfully scraped
[2023-08-29T02:53:36.352+0000] {logging_mixin.py:151} INFO - page 527 succesfully scraped
[2023-08-29T02:53:37.089+0000] {logging_mixin.py:151} INFO - page 528 succesfully scraped
[2023-08-29T02:53:38.123+0000] {logging_mixin.py:151} INFO - page 529 succesfully scraped
[2023-08-29T02:53:39.164+0000] {logging_mixin.py:151} INFO - page 530 succesfully scraped
[2023-08-29T02:53:40.009+0000] {logging_mixin.py:151} INFO - page 531 succesfully scraped
[2023-08-29T02:53:40.618+0000] {logging_mixin.py:151} INFO - page 532 succesfully scraped
[2023-08-29T02:53:41.475+0000] {logging_mixin.py:151} INFO - page 533 succesfully scraped
[2023-08-29T02:53:42.133+0000] {logging_mixin.py:151} INFO - page 534 succesfully scraped
[2023-08-29T02:53:43.134+0000] {logging_mixin.py:151} INFO - page 535 succesfully scraped
[2023-08-29T02:53:44.442+0000] {logging_mixin.py:151} INFO - page 536 succesfully scraped
[2023-08-29T02:53:45.429+0000] {logging_mixin.py:151} INFO - page 537 succesfully scraped
[2023-08-29T02:53:46.128+0000] {logging_mixin.py:151} INFO - page 538 succesfully scraped
[2023-08-29T02:53:47.117+0000] {logging_mixin.py:151} INFO - page 539 succesfully scraped
[2023-08-29T02:53:47.965+0000] {logging_mixin.py:151} INFO - page 540 succesfully scraped
[2023-08-29T02:53:49.626+0000] {logging_mixin.py:151} INFO - page 541 succesfully scraped
[2023-08-29T02:53:50.456+0000] {logging_mixin.py:151} INFO - page 542 succesfully scraped
[2023-08-29T02:53:51.129+0000] {logging_mixin.py:151} INFO - page 543 succesfully scraped
[2023-08-29T02:53:51.986+0000] {logging_mixin.py:151} INFO - page 544 succesfully scraped
[2023-08-29T02:53:52.804+0000] {logging_mixin.py:151} INFO - page 545 succesfully scraped
[2023-08-29T02:53:53.598+0000] {logging_mixin.py:151} INFO - page 546 succesfully scraped
[2023-08-29T02:53:54.594+0000] {logging_mixin.py:151} INFO - page 547 succesfully scraped
[2023-08-29T02:53:56.183+0000] {logging_mixin.py:151} INFO - page 548 succesfully scraped
[2023-08-29T02:53:56.821+0000] {logging_mixin.py:151} INFO - page 549 succesfully scraped
[2023-08-29T02:53:57.617+0000] {logging_mixin.py:151} INFO - page 550 succesfully scraped
[2023-08-29T02:53:58.512+0000] {logging_mixin.py:151} INFO - page 551 succesfully scraped
[2023-08-29T02:54:00.267+0000] {logging_mixin.py:151} INFO - page 552 succesfully scraped
[2023-08-29T02:54:00.917+0000] {logging_mixin.py:151} INFO - page 553 succesfully scraped
[2023-08-29T02:54:01.537+0000] {logging_mixin.py:151} INFO - page 554 succesfully scraped
[2023-08-29T02:54:02.534+0000] {logging_mixin.py:151} INFO - page 555 succesfully scraped
[2023-08-29T02:54:03.911+0000] {logging_mixin.py:151} INFO - page 556 succesfully scraped
[2023-08-29T02:54:04.912+0000] {logging_mixin.py:151} INFO - page 557 succesfully scraped
[2023-08-29T02:54:05.598+0000] {logging_mixin.py:151} INFO - page 558 succesfully scraped
[2023-08-29T02:54:06.548+0000] {logging_mixin.py:151} INFO - page 559 succesfully scraped
[2023-08-29T02:54:07.230+0000] {logging_mixin.py:151} INFO - page 560 succesfully scraped
[2023-08-29T02:54:07.863+0000] {logging_mixin.py:151} INFO - page 561 succesfully scraped
[2023-08-29T02:54:08.678+0000] {logging_mixin.py:151} INFO - page 562 succesfully scraped
[2023-08-29T02:54:09.618+0000] {logging_mixin.py:151} INFO - page 563 succesfully scraped
[2023-08-29T02:54:10.891+0000] {logging_mixin.py:151} INFO - page 564 succesfully scraped
[2023-08-29T02:54:11.720+0000] {logging_mixin.py:151} INFO - page 565 succesfully scraped
[2023-08-29T02:54:12.569+0000] {logging_mixin.py:151} INFO - page 566 succesfully scraped
[2023-08-29T02:54:13.240+0000] {logging_mixin.py:151} INFO - page 567 succesfully scraped
[2023-08-29T02:54:14.202+0000] {logging_mixin.py:151} INFO - page 568 succesfully scraped
[2023-08-29T02:54:14.946+0000] {logging_mixin.py:151} INFO - page 569 succesfully scraped
[2023-08-29T02:54:15.907+0000] {logging_mixin.py:151} INFO - page 570 succesfully scraped
[2023-08-29T02:54:17.235+0000] {logging_mixin.py:151} INFO - page 571 succesfully scraped
[2023-08-29T02:54:18.388+0000] {logging_mixin.py:151} INFO - page 572 succesfully scraped
[2023-08-29T02:54:19.276+0000] {logging_mixin.py:151} INFO - page 573 succesfully scraped
[2023-08-29T02:54:19.938+0000] {logging_mixin.py:151} INFO - page 574 succesfully scraped
[2023-08-29T02:54:21.316+0000] {logging_mixin.py:151} INFO - page 575 succesfully scraped
[2023-08-29T02:54:22.048+0000] {logging_mixin.py:151} INFO - page 576 succesfully scraped
[2023-08-29T02:54:23.074+0000] {logging_mixin.py:151} INFO - page 577 succesfully scraped
[2023-08-29T02:54:23.915+0000] {logging_mixin.py:151} INFO - page 578 succesfully scraped
[2023-08-29T02:54:24.805+0000] {logging_mixin.py:151} INFO - page 579 succesfully scraped
[2023-08-29T02:54:25.489+0000] {logging_mixin.py:151} INFO - page 580 succesfully scraped
[2023-08-29T02:54:26.346+0000] {logging_mixin.py:151} INFO - page 581 succesfully scraped
[2023-08-29T02:54:27.061+0000] {logging_mixin.py:151} INFO - page 582 succesfully scraped
[2023-08-29T02:54:27.937+0000] {logging_mixin.py:151} INFO - page 583 succesfully scraped
[2023-08-29T02:54:29.446+0000] {logging_mixin.py:151} INFO - page 584 succesfully scraped
[2023-08-29T02:54:30.127+0000] {logging_mixin.py:151} INFO - page 585 succesfully scraped
[2023-08-29T02:54:31.848+0000] {logging_mixin.py:151} INFO - page 586 succesfully scraped
[2023-08-29T02:54:33.025+0000] {logging_mixin.py:151} INFO - page 587 succesfully scraped
[2023-08-29T02:54:34.359+0000] {logging_mixin.py:151} INFO - page 588 succesfully scraped
[2023-08-29T02:54:35.378+0000] {logging_mixin.py:151} INFO - page 589 succesfully scraped
[2023-08-29T02:54:36.177+0000] {logging_mixin.py:151} INFO - page 590 succesfully scraped
[2023-08-29T02:54:37.262+0000] {logging_mixin.py:151} INFO - page 591 succesfully scraped
[2023-08-29T02:54:38.178+0000] {logging_mixin.py:151} INFO - page 592 succesfully scraped
[2023-08-29T02:54:38.818+0000] {logging_mixin.py:151} INFO - page 593 succesfully scraped
[2023-08-29T02:54:39.765+0000] {logging_mixin.py:151} INFO - page 594 succesfully scraped
[2023-08-29T02:54:40.520+0000] {logging_mixin.py:151} INFO - page 595 succesfully scraped
[2023-08-29T02:54:41.227+0000] {logging_mixin.py:151} INFO - page 596 succesfully scraped
[2023-08-29T02:54:42.238+0000] {logging_mixin.py:151} INFO - page 597 succesfully scraped
[2023-08-29T02:54:43.415+0000] {logging_mixin.py:151} INFO - page 598 succesfully scraped
[2023-08-29T02:54:44.668+0000] {logging_mixin.py:151} INFO - page 599 succesfully scraped
[2023-08-29T02:54:45.326+0000] {logging_mixin.py:151} INFO - page 600 succesfully scraped
[2023-08-29T02:54:46.619+0000] {logging_mixin.py:151} INFO - page 601 succesfully scraped
[2023-08-29T02:54:47.643+0000] {logging_mixin.py:151} INFO - page 602 succesfully scraped
[2023-08-29T02:54:48.412+0000] {logging_mixin.py:151} INFO - page 603 succesfully scraped
[2023-08-29T02:54:50.071+0000] {logging_mixin.py:151} INFO - page 604 succesfully scraped
[2023-08-29T02:54:50.817+0000] {logging_mixin.py:151} INFO - page 605 succesfully scraped
[2023-08-29T02:54:52.130+0000] {logging_mixin.py:151} INFO - page 606 succesfully scraped
[2023-08-29T02:54:52.917+0000] {logging_mixin.py:151} INFO - page 607 succesfully scraped
[2023-08-29T02:54:53.643+0000] {logging_mixin.py:151} INFO - page 608 succesfully scraped
[2023-08-29T02:54:54.409+0000] {logging_mixin.py:151} INFO - page 609 succesfully scraped
[2023-08-29T02:54:55.166+0000] {logging_mixin.py:151} INFO - page 610 succesfully scraped
[2023-08-29T02:54:56.111+0000] {logging_mixin.py:151} INFO - page 611 succesfully scraped
[2023-08-29T02:54:56.928+0000] {logging_mixin.py:151} INFO - page 612 succesfully scraped
[2023-08-29T02:54:57.988+0000] {logging_mixin.py:151} INFO - page 613 succesfully scraped
[2023-08-29T02:54:59.089+0000] {logging_mixin.py:151} INFO - page 614 succesfully scraped
[2023-08-29T02:55:00.145+0000] {logging_mixin.py:151} INFO - page 615 succesfully scraped
[2023-08-29T02:55:00.936+0000] {logging_mixin.py:151} INFO - page 616 succesfully scraped
[2023-08-29T02:55:01.884+0000] {logging_mixin.py:151} INFO - page 617 succesfully scraped
[2023-08-29T02:55:02.712+0000] {logging_mixin.py:151} INFO - page 618 succesfully scraped
[2023-08-29T02:55:03.620+0000] {logging_mixin.py:151} INFO - page 619 succesfully scraped
[2023-08-29T02:55:04.248+0000] {logging_mixin.py:151} INFO - page 620 succesfully scraped
[2023-08-29T02:55:05.278+0000] {logging_mixin.py:151} INFO - page 621 succesfully scraped
[2023-08-29T02:55:06.809+0000] {logging_mixin.py:151} INFO - page 622 succesfully scraped
[2023-08-29T02:55:07.483+0000] {logging_mixin.py:151} INFO - page 623 succesfully scraped
[2023-08-29T02:55:08.323+0000] {logging_mixin.py:151} INFO - page 624 succesfully scraped
[2023-08-29T02:55:09.118+0000] {logging_mixin.py:151} INFO - page 625 succesfully scraped
[2023-08-29T02:55:10.116+0000] {logging_mixin.py:151} INFO - page 626 succesfully scraped
[2023-08-29T02:55:11.369+0000] {logging_mixin.py:151} INFO - page 627 succesfully scraped
[2023-08-29T02:55:12.603+0000] {logging_mixin.py:151} INFO - page 628 succesfully scraped
[2023-08-29T02:55:13.511+0000] {logging_mixin.py:151} INFO - page 629 succesfully scraped
[2023-08-29T02:55:14.255+0000] {logging_mixin.py:151} INFO - page 630 succesfully scraped
[2023-08-29T02:55:15.091+0000] {logging_mixin.py:151} INFO - page 631 succesfully scraped
[2023-08-29T02:55:16.375+0000] {logging_mixin.py:151} INFO - page 632 succesfully scraped
[2023-08-29T02:55:17.211+0000] {logging_mixin.py:151} INFO - page 633 succesfully scraped
[2023-08-29T02:55:19.519+0000] {logging_mixin.py:151} INFO - page 634 succesfully scraped
[2023-08-29T02:55:20.359+0000] {logging_mixin.py:151} INFO - page 635 succesfully scraped
[2023-08-29T02:55:21.263+0000] {logging_mixin.py:151} INFO - page 636 succesfully scraped
[2023-08-29T02:55:22.306+0000] {logging_mixin.py:151} INFO - page 637 succesfully scraped
[2023-08-29T02:55:23.125+0000] {logging_mixin.py:151} INFO - page 638 succesfully scraped
[2023-08-29T02:55:24.033+0000] {logging_mixin.py:151} INFO - page 639 succesfully scraped
[2023-08-29T02:55:26.082+0000] {logging_mixin.py:151} INFO - page 640 succesfully scraped
[2023-08-29T02:55:27.117+0000] {logging_mixin.py:151} INFO - page 641 succesfully scraped
[2023-08-29T02:55:27.797+0000] {logging_mixin.py:151} INFO - page 642 succesfully scraped
[2023-08-29T02:55:28.680+0000] {logging_mixin.py:151} INFO - page 643 succesfully scraped
[2023-08-29T02:55:29.327+0000] {logging_mixin.py:151} INFO - page 644 succesfully scraped
[2023-08-29T02:55:30.002+0000] {logging_mixin.py:151} INFO - page 645 succesfully scraped
[2023-08-29T02:55:30.785+0000] {logging_mixin.py:151} INFO - page 646 succesfully scraped
[2023-08-29T02:55:31.746+0000] {logging_mixin.py:151} INFO - page 647 succesfully scraped
[2023-08-29T02:55:32.595+0000] {logging_mixin.py:151} INFO - page 648 succesfully scraped
[2023-08-29T02:55:33.255+0000] {logging_mixin.py:151} INFO - page 649 succesfully scraped
[2023-08-29T02:55:34.121+0000] {logging_mixin.py:151} INFO - page 650 succesfully scraped
[2023-08-29T02:55:35.045+0000] {logging_mixin.py:151} INFO - page 651 succesfully scraped
[2023-08-29T02:55:35.942+0000] {logging_mixin.py:151} INFO - page 652 succesfully scraped
[2023-08-29T02:55:36.926+0000] {logging_mixin.py:151} INFO - page 653 succesfully scraped
[2023-08-29T02:55:37.891+0000] {logging_mixin.py:151} INFO - page 654 succesfully scraped
[2023-08-29T02:55:38.620+0000] {logging_mixin.py:151} INFO - page 655 succesfully scraped
[2023-08-29T02:55:39.477+0000] {logging_mixin.py:151} INFO - page 656 succesfully scraped
[2023-08-29T02:55:40.134+0000] {logging_mixin.py:151} INFO - page 657 succesfully scraped
[2023-08-29T02:55:40.926+0000] {logging_mixin.py:151} INFO - page 658 succesfully scraped
[2023-08-29T02:55:41.888+0000] {logging_mixin.py:151} INFO - page 659 succesfully scraped
[2023-08-29T02:55:42.907+0000] {logging_mixin.py:151} INFO - page 660 succesfully scraped
[2023-08-29T02:55:43.633+0000] {logging_mixin.py:151} INFO - page 661 succesfully scraped
[2023-08-29T02:55:44.599+0000] {logging_mixin.py:151} INFO - page 662 succesfully scraped
[2023-08-29T02:55:45.492+0000] {logging_mixin.py:151} INFO - page 663 succesfully scraped
[2023-08-29T02:55:46.235+0000] {logging_mixin.py:151} INFO - page 664 succesfully scraped
[2023-08-29T02:55:47.863+0000] {logging_mixin.py:151} INFO - page 665 succesfully scraped
[2023-08-29T02:55:48.691+0000] {logging_mixin.py:151} INFO - page 666 succesfully scraped
[2023-08-29T02:55:49.832+0000] {logging_mixin.py:151} INFO - page 667 succesfully scraped
[2023-08-29T02:55:50.501+0000] {logging_mixin.py:151} INFO - page 668 succesfully scraped
[2023-08-29T02:55:51.207+0000] {logging_mixin.py:151} INFO - page 669 succesfully scraped
[2023-08-29T02:55:52.193+0000] {logging_mixin.py:151} INFO - page 670 succesfully scraped
[2023-08-29T02:55:52.842+0000] {logging_mixin.py:151} INFO - page 671 succesfully scraped
[2023-08-29T02:55:53.444+0000] {logging_mixin.py:151} INFO - page 672 succesfully scraped
[2023-08-29T02:55:54.358+0000] {logging_mixin.py:151} INFO - page 673 succesfully scraped
[2023-08-29T02:55:55.299+0000] {python.py:194} INFO - Done. Returned value was: 'NoneType' object has no attribute 'text'
[2023-08-29T02:55:55.308+0000] {xcom.py:661} ERROR - Object of type AttributeError is not JSON serializable. If you are using pickle instead of JSON for XCom, then you need to enable pickle support for XCom in your *** config or make sure to decorate your object with attr.
[2023-08-29T02:55:55.309+0000] {taskinstance.py:1943} ERROR - Task failed with exception
Traceback (most recent call last):
  File "/home/airflow/.local/lib/python3.8/site-packages/airflow/utils/json.py", line 91, in default
    return serialize(o)
  File "/home/airflow/.local/lib/python3.8/site-packages/airflow/serialization/serde.py", line 178, in serialize
    raise TypeError(f"cannot serialize object of type {cls}")
TypeError: cannot serialize object of type <class 'AttributeError'>

During handling of the above exception, another exception occurred:

Traceback (most recent call last):
  File "/home/airflow/.local/lib/python3.8/site-packages/airflow/utils/session.py", line 74, in wrapper
    return func(*args, **kwargs)
  File "/home/airflow/.local/lib/python3.8/site-packages/airflow/models/taskinstance.py", line 2485, in xcom_push
    XCom.set(
  File "/home/airflow/.local/lib/python3.8/site-packages/airflow/utils/session.py", line 74, in wrapper
    return func(*args, **kwargs)
  File "/home/airflow/.local/lib/python3.8/site-packages/airflow/models/xcom.py", line 244, in set
    value = cls.serialize_value(
  File "/home/airflow/.local/lib/python3.8/site-packages/airflow/models/xcom.py", line 659, in serialize_value
    return json.dumps(value, cls=XComEncoder).encode("UTF-8")
  File "/usr/local/lib/python3.8/json/__init__.py", line 234, in dumps
    return cls(
  File "/home/airflow/.local/lib/python3.8/site-packages/airflow/utils/json.py", line 104, in encode
    return super().encode(o)
  File "/usr/local/lib/python3.8/json/encoder.py", line 199, in encode
    chunks = self.iterencode(o, _one_shot=True)
  File "/usr/local/lib/python3.8/json/encoder.py", line 257, in iterencode
    return _iterencode(o, 0)
  File "/home/airflow/.local/lib/python3.8/site-packages/airflow/utils/json.py", line 93, in default
    return super().default(o)
  File "/usr/local/lib/python3.8/json/encoder.py", line 179, in default
    raise TypeError(f'Object of type {o.__class__.__name__} '
TypeError: Object of type AttributeError is not JSON serializable
[2023-08-29T02:55:55.328+0000] {taskinstance.py:1400} INFO - Marking task as UP_FOR_RETRY. dag_id=Autotrader_ETL_DAG, task_id=extract_listings, execution_date=20230829T024505, start_date=20230829T024507, end_date=20230829T025555
[2023-08-29T02:55:55.343+0000] {standard_task_runner.py:104} ERROR - Failed to execute job 27 for task extract_listings (Object of type AttributeError is not JSON serializable; 247)
[2023-08-29T02:55:55.377+0000] {local_task_job_runner.py:228} INFO - Task exited with return code 1
[2023-08-29T02:55:55.401+0000] {taskinstance.py:2784} INFO - 0 downstream tasks scheduled from follow-on schedule check
