[2023-08-29T02:56:26.864+0000] {logging_mixin.py:151} INFO - Changing /opt/***/logs/dag_id=Autotrader_ETL_DAG/run_id=manual__2023-08-29T02:45:05.823833+00:00/task_id=extract_listings permission to 509
[2023-08-29T02:56:26.865+0000] {logging_mixin.py:151} INFO - Failed to change /opt/***/logs/dag_id=Autotrader_ETL_DAG/run_id=manual__2023-08-29T02:45:05.823833+00:00/task_id=extract_listings permission to 509: [Errno 1] Operation not permitted: '/opt/***/logs/dag_id=Autotrader_ETL_DAG/run_id=manual__2023-08-29T02:45:05.823833+00:00/task_id=extract_listings'
[2023-08-29T02:56:26.891+0000] {logging_mixin.py:151} INFO - Changing /opt/***/logs/dag_id=Autotrader_ETL_DAG/run_id=manual__2023-08-29T02:45:05.823833+00:00/task_id=extract_listings permission to 509
[2023-08-29T02:56:26.892+0000] {logging_mixin.py:151} INFO - Failed to change /opt/***/logs/dag_id=Autotrader_ETL_DAG/run_id=manual__2023-08-29T02:45:05.823833+00:00/task_id=extract_listings permission to 509: [Errno 1] Operation not permitted: '/opt/***/logs/dag_id=Autotrader_ETL_DAG/run_id=manual__2023-08-29T02:45:05.823833+00:00/task_id=extract_listings'
[2023-08-29T02:56:26.921+0000] {taskinstance.py:1159} INFO - Dependencies all met for dep_context=non-requeueable deps ti=<TaskInstance: Autotrader_ETL_DAG.extract_listings manual__2023-08-29T02:45:05.823833+00:00 [queued]>
[2023-08-29T02:56:26.927+0000] {taskinstance.py:1159} INFO - Dependencies all met for dep_context=requeueable deps ti=<TaskInstance: Autotrader_ETL_DAG.extract_listings manual__2023-08-29T02:45:05.823833+00:00 [queued]>
[2023-08-29T02:56:26.927+0000] {taskinstance.py:1361} INFO - Starting attempt 2 of 2
[2023-08-29T02:56:26.940+0000] {taskinstance.py:1382} INFO - Executing <Task(PythonOperator): extract_listings> on 2023-08-29 02:45:05.823833+00:00
[2023-08-29T02:56:26.946+0000] {standard_task_runner.py:57} INFO - Started process 364 to run task
[2023-08-29T02:56:26.948+0000] {standard_task_runner.py:84} INFO - Running: ['***', 'tasks', 'run', 'Autotrader_ETL_DAG', 'extract_listings', 'manual__2023-08-29T02:45:05.823833+00:00', '--job-id', '28', '--raw', '--subdir', 'DAGS_FOLDER/autotrader_etl.py', '--cfg-path', '/tmp/tmpndoxdez5']
[2023-08-29T02:56:26.950+0000] {standard_task_runner.py:85} INFO - Job 28: Subtask extract_listings
[2023-08-29T02:56:26.988+0000] {logging_mixin.py:151} INFO - Changing /opt/***/logs/dag_id=Autotrader_ETL_DAG/run_id=manual__2023-08-29T02:45:05.823833+00:00/task_id=extract_listings permission to 509
[2023-08-29T02:56:26.989+0000] {logging_mixin.py:151} INFO - Failed to change /opt/***/logs/dag_id=Autotrader_ETL_DAG/run_id=manual__2023-08-29T02:45:05.823833+00:00/task_id=extract_listings permission to 509: [Errno 1] Operation not permitted: '/opt/***/logs/dag_id=Autotrader_ETL_DAG/run_id=manual__2023-08-29T02:45:05.823833+00:00/task_id=extract_listings'
[2023-08-29T02:56:26.991+0000] {task_command.py:415} INFO - Running <TaskInstance: Autotrader_ETL_DAG.extract_listings manual__2023-08-29T02:45:05.823833+00:00 [running]> on host 716b876f3aa6
[2023-08-29T02:56:27.059+0000] {taskinstance.py:1660} INFO - Exporting env vars: AIRFLOW_CTX_DAG_OWNER='***' AIRFLOW_CTX_DAG_ID='Autotrader_ETL_DAG' AIRFLOW_CTX_TASK_ID='extract_listings' AIRFLOW_CTX_EXECUTION_DATE='2023-08-29T02:45:05.823833+00:00' AIRFLOW_CTX_TRY_NUMBER='2' AIRFLOW_CTX_DAG_RUN_ID='manual__2023-08-29T02:45:05.823833+00:00'
[2023-08-29T02:56:27.682+0000] {logging_mixin.py:151} INFO - page 1 succesfully scraped
[2023-08-29T02:56:28.491+0000] {logging_mixin.py:151} INFO - page 2 succesfully scraped
[2023-08-29T02:56:29.827+0000] {logging_mixin.py:151} INFO - page 3 succesfully scraped
[2023-08-29T02:56:30.416+0000] {logging_mixin.py:151} INFO - page 4 succesfully scraped
[2023-08-29T02:56:31.630+0000] {logging_mixin.py:151} INFO - page 5 succesfully scraped
[2023-08-29T02:56:32.405+0000] {logging_mixin.py:151} INFO - page 6 succesfully scraped
[2023-08-29T02:56:33.300+0000] {logging_mixin.py:151} INFO - page 7 succesfully scraped
[2023-08-29T02:56:33.932+0000] {logging_mixin.py:151} INFO - page 8 succesfully scraped
[2023-08-29T02:56:35.022+0000] {logging_mixin.py:151} INFO - page 9 succesfully scraped
[2023-08-29T02:56:35.725+0000] {logging_mixin.py:151} INFO - page 10 succesfully scraped
[2023-08-29T02:56:36.358+0000] {logging_mixin.py:151} INFO - page 11 succesfully scraped
[2023-08-29T02:56:37.053+0000] {logging_mixin.py:151} INFO - page 12 succesfully scraped
[2023-08-29T02:56:37.923+0000] {logging_mixin.py:151} INFO - page 13 succesfully scraped
[2023-08-29T02:56:38.465+0000] {logging_mixin.py:151} INFO - page 14 succesfully scraped
[2023-08-29T02:56:39.196+0000] {logging_mixin.py:151} INFO - page 15 succesfully scraped
[2023-08-29T02:56:39.868+0000] {logging_mixin.py:151} INFO - page 16 succesfully scraped
[2023-08-29T02:56:40.583+0000] {logging_mixin.py:151} INFO - page 17 succesfully scraped
[2023-08-29T02:56:41.562+0000] {logging_mixin.py:151} INFO - page 18 succesfully scraped
[2023-08-29T02:56:42.398+0000] {logging_mixin.py:151} INFO - page 19 succesfully scraped
[2023-08-29T02:56:43.176+0000] {logging_mixin.py:151} INFO - page 20 succesfully scraped
[2023-08-29T02:56:44.078+0000] {logging_mixin.py:151} INFO - page 21 succesfully scraped
[2023-08-29T02:56:44.651+0000] {logging_mixin.py:151} INFO - page 22 succesfully scraped
[2023-08-29T02:56:45.319+0000] {logging_mixin.py:151} INFO - page 23 succesfully scraped
[2023-08-29T02:56:46.000+0000] {logging_mixin.py:151} INFO - page 24 succesfully scraped
[2023-08-29T02:56:46.927+0000] {logging_mixin.py:151} INFO - page 25 succesfully scraped
[2023-08-29T02:56:47.531+0000] {logging_mixin.py:151} INFO - page 26 succesfully scraped
[2023-08-29T02:56:49.016+0000] {logging_mixin.py:151} INFO - page 27 succesfully scraped
[2023-08-29T02:56:49.679+0000] {logging_mixin.py:151} INFO - page 28 succesfully scraped
[2023-08-29T02:56:50.402+0000] {logging_mixin.py:151} INFO - page 29 succesfully scraped
[2023-08-29T02:56:51.209+0000] {logging_mixin.py:151} INFO - page 30 succesfully scraped
[2023-08-29T02:56:51.924+0000] {logging_mixin.py:151} INFO - page 31 succesfully scraped
[2023-08-29T02:56:52.569+0000] {logging_mixin.py:151} INFO - page 32 succesfully scraped
[2023-08-29T02:56:53.432+0000] {logging_mixin.py:151} INFO - page 33 succesfully scraped
[2023-08-29T02:56:54.457+0000] {logging_mixin.py:151} INFO - page 34 succesfully scraped
[2023-08-29T02:56:55.215+0000] {logging_mixin.py:151} INFO - page 35 succesfully scraped
[2023-08-29T02:56:55.912+0000] {logging_mixin.py:151} INFO - page 36 succesfully scraped
[2023-08-29T02:56:57.093+0000] {logging_mixin.py:151} INFO - page 37 succesfully scraped
[2023-08-29T02:56:57.998+0000] {logging_mixin.py:151} INFO - page 38 succesfully scraped
[2023-08-29T02:56:58.874+0000] {logging_mixin.py:151} INFO - page 39 succesfully scraped
[2023-08-29T02:57:00.037+0000] {logging_mixin.py:151} INFO - page 40 succesfully scraped
[2023-08-29T02:57:00.803+0000] {logging_mixin.py:151} INFO - page 41 succesfully scraped
[2023-08-29T02:57:01.602+0000] {logging_mixin.py:151} INFO - page 42 succesfully scraped
[2023-08-29T02:57:02.423+0000] {logging_mixin.py:151} INFO - page 43 succesfully scraped
[2023-08-29T02:57:03.129+0000] {logging_mixin.py:151} INFO - page 44 succesfully scraped
[2023-08-29T02:57:03.928+0000] {logging_mixin.py:151} INFO - page 45 succesfully scraped
[2023-08-29T02:57:04.771+0000] {logging_mixin.py:151} INFO - page 46 succesfully scraped
[2023-08-29T02:57:05.739+0000] {logging_mixin.py:151} INFO - page 47 succesfully scraped
[2023-08-29T02:57:06.702+0000] {logging_mixin.py:151} INFO - page 48 succesfully scraped
[2023-08-29T02:57:07.864+0000] {logging_mixin.py:151} INFO - page 49 succesfully scraped
[2023-08-29T02:57:08.558+0000] {logging_mixin.py:151} INFO - page 50 succesfully scraped
[2023-08-29T02:57:09.342+0000] {logging_mixin.py:151} INFO - page 51 succesfully scraped
[2023-08-29T02:57:10.202+0000] {logging_mixin.py:151} INFO - page 52 succesfully scraped
[2023-08-29T02:57:10.936+0000] {logging_mixin.py:151} INFO - page 53 succesfully scraped
[2023-08-29T02:57:11.595+0000] {logging_mixin.py:151} INFO - page 54 succesfully scraped
[2023-08-29T02:57:12.227+0000] {logging_mixin.py:151} INFO - page 55 succesfully scraped
[2023-08-29T02:57:12.982+0000] {logging_mixin.py:151} INFO - page 56 succesfully scraped
[2023-08-29T02:57:13.721+0000] {logging_mixin.py:151} INFO - page 57 succesfully scraped
[2023-08-29T02:57:14.238+0000] {logging_mixin.py:151} INFO - page 58 succesfully scraped
[2023-08-29T02:57:15.021+0000] {logging_mixin.py:151} INFO - page 59 succesfully scraped
[2023-08-29T02:57:15.848+0000] {logging_mixin.py:151} INFO - page 60 succesfully scraped
[2023-08-29T02:57:16.464+0000] {logging_mixin.py:151} INFO - page 61 succesfully scraped
[2023-08-29T02:57:17.059+0000] {logging_mixin.py:151} INFO - page 62 succesfully scraped
[2023-08-29T02:57:17.874+0000] {logging_mixin.py:151} INFO - page 63 succesfully scraped
[2023-08-29T02:57:18.579+0000] {logging_mixin.py:151} INFO - page 64 succesfully scraped
[2023-08-29T02:57:19.340+0000] {logging_mixin.py:151} INFO - page 65 succesfully scraped
[2023-08-29T02:57:19.922+0000] {logging_mixin.py:151} INFO - page 66 succesfully scraped
[2023-08-29T02:57:20.446+0000] {logging_mixin.py:151} INFO - page 67 succesfully scraped
[2023-08-29T02:57:21.198+0000] {logging_mixin.py:151} INFO - page 68 succesfully scraped
[2023-08-29T02:57:21.724+0000] {logging_mixin.py:151} INFO - page 69 succesfully scraped
[2023-08-29T02:57:22.520+0000] {logging_mixin.py:151} INFO - page 70 succesfully scraped
[2023-08-29T02:57:23.329+0000] {logging_mixin.py:151} INFO - page 71 succesfully scraped
[2023-08-29T02:57:23.920+0000] {logging_mixin.py:151} INFO - page 72 succesfully scraped
[2023-08-29T02:57:24.524+0000] {logging_mixin.py:151} INFO - page 73 succesfully scraped
[2023-08-29T02:57:25.698+0000] {logging_mixin.py:151} INFO - page 74 succesfully scraped
[2023-08-29T02:57:26.676+0000] {logging_mixin.py:151} INFO - page 75 succesfully scraped
[2023-08-29T02:57:27.455+0000] {logging_mixin.py:151} INFO - page 76 succesfully scraped
[2023-08-29T02:57:28.056+0000] {logging_mixin.py:151} INFO - page 77 succesfully scraped
[2023-08-29T02:57:28.846+0000] {logging_mixin.py:151} INFO - page 78 succesfully scraped
[2023-08-29T02:57:30.181+0000] {logging_mixin.py:151} INFO - page 79 succesfully scraped
[2023-08-29T02:57:31.003+0000] {logging_mixin.py:151} INFO - page 80 succesfully scraped
[2023-08-29T02:57:31.801+0000] {logging_mixin.py:151} INFO - page 81 succesfully scraped
[2023-08-29T02:57:32.850+0000] {logging_mixin.py:151} INFO - page 82 succesfully scraped
[2023-08-29T02:57:33.656+0000] {logging_mixin.py:151} INFO - page 83 succesfully scraped
[2023-08-29T02:57:34.260+0000] {logging_mixin.py:151} INFO - page 84 succesfully scraped
[2023-08-29T02:57:34.864+0000] {logging_mixin.py:151} INFO - page 85 succesfully scraped
[2023-08-29T02:57:35.633+0000] {logging_mixin.py:151} INFO - page 86 succesfully scraped
[2023-08-29T02:57:36.582+0000] {logging_mixin.py:151} INFO - page 87 succesfully scraped
[2023-08-29T02:57:37.411+0000] {logging_mixin.py:151} INFO - page 88 succesfully scraped
[2023-08-29T02:57:38.158+0000] {logging_mixin.py:151} INFO - page 89 succesfully scraped
[2023-08-29T02:57:39.042+0000] {logging_mixin.py:151} INFO - page 90 succesfully scraped
[2023-08-29T02:57:39.765+0000] {logging_mixin.py:151} INFO - page 91 succesfully scraped
[2023-08-29T02:57:40.394+0000] {logging_mixin.py:151} INFO - page 92 succesfully scraped
[2023-08-29T02:57:41.118+0000] {logging_mixin.py:151} INFO - page 93 succesfully scraped
[2023-08-29T02:57:42.665+0000] {logging_mixin.py:151} INFO - page 94 succesfully scraped
[2023-08-29T02:57:43.228+0000] {logging_mixin.py:151} INFO - page 95 succesfully scraped
[2023-08-29T02:57:43.789+0000] {logging_mixin.py:151} INFO - page 96 succesfully scraped
[2023-08-29T02:57:45.035+0000] {logging_mixin.py:151} INFO - page 97 succesfully scraped
[2023-08-29T02:57:46.144+0000] {logging_mixin.py:151} INFO - page 98 succesfully scraped
[2023-08-29T02:57:46.765+0000] {logging_mixin.py:151} INFO - page 99 succesfully scraped
[2023-08-29T02:57:47.557+0000] {logging_mixin.py:151} INFO - page 100 succesfully scraped
[2023-08-29T02:57:48.355+0000] {logging_mixin.py:151} INFO - page 101 succesfully scraped
[2023-08-29T02:57:49.569+0000] {logging_mixin.py:151} INFO - page 102 succesfully scraped
[2023-08-29T02:57:50.174+0000] {logging_mixin.py:151} INFO - page 103 succesfully scraped
[2023-08-29T02:57:50.964+0000] {logging_mixin.py:151} INFO - page 104 succesfully scraped
[2023-08-29T02:57:51.706+0000] {logging_mixin.py:151} INFO - page 105 succesfully scraped
[2023-08-29T02:57:53.090+0000] {logging_mixin.py:151} INFO - page 106 succesfully scraped
[2023-08-29T02:57:54.467+0000] {logging_mixin.py:151} INFO - page 107 succesfully scraped
[2023-08-29T02:57:55.120+0000] {logging_mixin.py:151} INFO - page 108 succesfully scraped
[2023-08-29T02:57:55.996+0000] {logging_mixin.py:151} INFO - page 109 succesfully scraped
[2023-08-29T02:57:57.101+0000] {logging_mixin.py:151} INFO - page 110 succesfully scraped
[2023-08-29T02:57:58.029+0000] {logging_mixin.py:151} INFO - page 111 succesfully scraped
[2023-08-29T02:57:59.100+0000] {logging_mixin.py:151} INFO - page 112 succesfully scraped
[2023-08-29T02:58:00.307+0000] {logging_mixin.py:151} INFO - page 113 succesfully scraped
[2023-08-29T02:58:01.987+0000] {logging_mixin.py:151} INFO - page 114 succesfully scraped
[2023-08-29T02:58:02.923+0000] {logging_mixin.py:151} INFO - page 115 succesfully scraped
[2023-08-29T02:58:03.957+0000] {logging_mixin.py:151} INFO - page 116 succesfully scraped
[2023-08-29T02:58:04.742+0000] {logging_mixin.py:151} INFO - page 117 succesfully scraped
[2023-08-29T02:58:05.699+0000] {logging_mixin.py:151} INFO - page 118 succesfully scraped
[2023-08-29T02:58:06.438+0000] {logging_mixin.py:151} INFO - page 119 succesfully scraped
[2023-08-29T02:58:07.319+0000] {logging_mixin.py:151} INFO - page 120 succesfully scraped
[2023-08-29T02:58:08.107+0000] {logging_mixin.py:151} INFO - page 121 succesfully scraped
[2023-08-29T02:58:08.999+0000] {logging_mixin.py:151} INFO - page 122 succesfully scraped
[2023-08-29T02:58:09.651+0000] {logging_mixin.py:151} INFO - page 123 succesfully scraped
[2023-08-29T02:58:10.157+0000] {logging_mixin.py:151} INFO - page 124 succesfully scraped
[2023-08-29T02:58:11.121+0000] {logging_mixin.py:151} INFO - page 125 succesfully scraped
[2023-08-29T02:58:12.166+0000] {logging_mixin.py:151} INFO - page 126 succesfully scraped
[2023-08-29T02:58:12.792+0000] {logging_mixin.py:151} INFO - page 127 succesfully scraped
[2023-08-29T02:58:14.168+0000] {logging_mixin.py:151} INFO - page 128 succesfully scraped
[2023-08-29T02:58:14.876+0000] {logging_mixin.py:151} INFO - page 129 succesfully scraped
[2023-08-29T02:58:16.259+0000] {logging_mixin.py:151} INFO - page 130 succesfully scraped
[2023-08-29T02:58:17.482+0000] {logging_mixin.py:151} INFO - page 131 succesfully scraped
[2023-08-29T02:58:18.051+0000] {logging_mixin.py:151} INFO - page 132 succesfully scraped
[2023-08-29T02:58:18.726+0000] {logging_mixin.py:151} INFO - page 133 succesfully scraped
[2023-08-29T02:58:19.825+0000] {logging_mixin.py:151} INFO - page 134 succesfully scraped
[2023-08-29T02:58:20.422+0000] {logging_mixin.py:151} INFO - page 135 succesfully scraped
[2023-08-29T02:58:21.209+0000] {logging_mixin.py:151} INFO - page 136 succesfully scraped
[2023-08-29T02:58:21.899+0000] {logging_mixin.py:151} INFO - page 137 succesfully scraped
[2023-08-29T02:58:23.398+0000] {logging_mixin.py:151} INFO - page 138 succesfully scraped
[2023-08-29T02:58:24.260+0000] {logging_mixin.py:151} INFO - page 139 succesfully scraped
[2023-08-29T02:58:24.998+0000] {logging_mixin.py:151} INFO - page 140 succesfully scraped
[2023-08-29T02:58:25.628+0000] {logging_mixin.py:151} INFO - page 141 succesfully scraped
[2023-08-29T02:58:26.395+0000] {logging_mixin.py:151} INFO - page 142 succesfully scraped
[2023-08-29T02:58:27.432+0000] {logging_mixin.py:151} INFO - page 143 succesfully scraped
[2023-08-29T02:58:28.387+0000] {logging_mixin.py:151} INFO - page 144 succesfully scraped
[2023-08-29T02:58:29.472+0000] {logging_mixin.py:151} INFO - page 145 succesfully scraped
[2023-08-29T02:58:30.240+0000] {logging_mixin.py:151} INFO - page 146 succesfully scraped
[2023-08-29T02:58:31.027+0000] {logging_mixin.py:151} INFO - page 147 succesfully scraped
[2023-08-29T02:58:32.002+0000] {logging_mixin.py:151} INFO - page 148 succesfully scraped
[2023-08-29T02:58:33.039+0000] {logging_mixin.py:151} INFO - page 149 succesfully scraped
[2023-08-29T02:58:33.819+0000] {logging_mixin.py:151} INFO - page 150 succesfully scraped
[2023-08-29T02:58:34.488+0000] {logging_mixin.py:151} INFO - page 151 succesfully scraped
[2023-08-29T02:58:35.032+0000] {logging_mixin.py:151} INFO - page 152 succesfully scraped
[2023-08-29T02:58:35.768+0000] {logging_mixin.py:151} INFO - page 153 succesfully scraped
[2023-08-29T02:58:36.522+0000] {logging_mixin.py:151} INFO - page 154 succesfully scraped
[2023-08-29T02:58:37.828+0000] {logging_mixin.py:151} INFO - page 155 succesfully scraped
[2023-08-29T02:58:38.540+0000] {logging_mixin.py:151} INFO - page 156 succesfully scraped
[2023-08-29T02:58:39.448+0000] {logging_mixin.py:151} INFO - page 157 succesfully scraped
[2023-08-29T02:58:40.018+0000] {logging_mixin.py:151} INFO - page 158 succesfully scraped
[2023-08-29T02:58:40.858+0000] {logging_mixin.py:151} INFO - page 159 succesfully scraped
[2023-08-29T02:58:41.641+0000] {logging_mixin.py:151} INFO - page 160 succesfully scraped
[2023-08-29T02:58:42.346+0000] {logging_mixin.py:151} INFO - page 161 succesfully scraped
[2023-08-29T02:58:42.934+0000] {logging_mixin.py:151} INFO - page 162 succesfully scraped
[2023-08-29T02:58:43.807+0000] {logging_mixin.py:151} INFO - page 163 succesfully scraped
[2023-08-29T02:58:45.020+0000] {logging_mixin.py:151} INFO - page 164 succesfully scraped
[2023-08-29T02:58:45.903+0000] {logging_mixin.py:151} INFO - page 165 succesfully scraped
[2023-08-29T02:58:46.513+0000] {logging_mixin.py:151} INFO - page 166 succesfully scraped
[2023-08-29T02:58:47.467+0000] {logging_mixin.py:151} INFO - page 167 succesfully scraped
[2023-08-29T02:58:48.128+0000] {logging_mixin.py:151} INFO - page 168 succesfully scraped
[2023-08-29T02:58:48.841+0000] {logging_mixin.py:151} INFO - page 169 succesfully scraped
[2023-08-29T02:58:49.894+0000] {logging_mixin.py:151} INFO - page 170 succesfully scraped
[2023-08-29T02:58:51.107+0000] {logging_mixin.py:151} INFO - page 171 succesfully scraped
[2023-08-29T02:58:51.901+0000] {logging_mixin.py:151} INFO - page 172 succesfully scraped
[2023-08-29T02:58:52.620+0000] {logging_mixin.py:151} INFO - page 173 succesfully scraped
[2023-08-29T02:58:53.219+0000] {logging_mixin.py:151} INFO - page 174 succesfully scraped
[2023-08-29T02:58:54.275+0000] {logging_mixin.py:151} INFO - page 175 succesfully scraped
[2023-08-29T02:58:54.907+0000] {logging_mixin.py:151} INFO - page 176 succesfully scraped
[2023-08-29T02:58:55.524+0000] {logging_mixin.py:151} INFO - page 177 succesfully scraped
[2023-08-29T02:58:56.290+0000] {logging_mixin.py:151} INFO - page 178 succesfully scraped
[2023-08-29T02:58:57.128+0000] {logging_mixin.py:151} INFO - page 179 succesfully scraped
[2023-08-29T02:58:57.932+0000] {logging_mixin.py:151} INFO - page 180 succesfully scraped
[2023-08-29T02:58:58.525+0000] {logging_mixin.py:151} INFO - page 181 succesfully scraped
[2023-08-29T02:58:59.666+0000] {logging_mixin.py:151} INFO - page 182 succesfully scraped
[2023-08-29T02:59:00.288+0000] {logging_mixin.py:151} INFO - page 183 succesfully scraped
[2023-08-29T02:59:01.065+0000] {logging_mixin.py:151} INFO - page 184 succesfully scraped
[2023-08-29T02:59:01.880+0000] {logging_mixin.py:151} INFO - page 185 succesfully scraped
[2023-08-29T02:59:02.732+0000] {logging_mixin.py:151} INFO - page 186 succesfully scraped
[2023-08-29T02:59:03.247+0000] {logging_mixin.py:151} INFO - page 187 succesfully scraped
[2023-08-29T02:59:03.931+0000] {logging_mixin.py:151} INFO - page 188 succesfully scraped
[2023-08-29T02:59:04.579+0000] {logging_mixin.py:151} INFO - page 189 succesfully scraped
[2023-08-29T02:59:06.231+0000] {logging_mixin.py:151} INFO - page 190 succesfully scraped
[2023-08-29T02:59:07.193+0000] {logging_mixin.py:151} INFO - page 191 succesfully scraped
[2023-08-29T02:59:07.809+0000] {logging_mixin.py:151} INFO - page 192 succesfully scraped
[2023-08-29T02:59:08.561+0000] {logging_mixin.py:151} INFO - page 193 succesfully scraped
[2023-08-29T02:59:09.270+0000] {logging_mixin.py:151} INFO - page 194 succesfully scraped
[2023-08-29T02:59:10.002+0000] {logging_mixin.py:151} INFO - page 195 succesfully scraped
[2023-08-29T02:59:10.675+0000] {logging_mixin.py:151} INFO - page 196 succesfully scraped
[2023-08-29T02:59:11.547+0000] {logging_mixin.py:151} INFO - page 197 succesfully scraped
[2023-08-29T02:59:12.614+0000] {logging_mixin.py:151} INFO - page 198 succesfully scraped
[2023-08-29T02:59:13.289+0000] {logging_mixin.py:151} INFO - page 199 succesfully scraped
[2023-08-29T02:59:14.191+0000] {logging_mixin.py:151} INFO - page 200 succesfully scraped
[2023-08-29T02:59:15.187+0000] {logging_mixin.py:151} INFO - page 201 succesfully scraped
[2023-08-29T02:59:15.921+0000] {logging_mixin.py:151} INFO - page 202 succesfully scraped
[2023-08-29T02:59:16.472+0000] {logging_mixin.py:151} INFO - page 203 succesfully scraped
[2023-08-29T02:59:17.174+0000] {logging_mixin.py:151} INFO - page 204 succesfully scraped
[2023-08-29T02:59:17.941+0000] {logging_mixin.py:151} INFO - page 205 succesfully scraped
[2023-08-29T02:59:18.748+0000] {logging_mixin.py:151} INFO - page 206 succesfully scraped
[2023-08-29T02:59:19.336+0000] {logging_mixin.py:151} INFO - page 207 succesfully scraped
[2023-08-29T02:59:21.066+0000] {logging_mixin.py:151} INFO - page 208 succesfully scraped
[2023-08-29T02:59:21.713+0000] {logging_mixin.py:151} INFO - page 209 succesfully scraped
[2023-08-29T02:59:22.336+0000] {logging_mixin.py:151} INFO - page 210 succesfully scraped
[2023-08-29T02:59:23.280+0000] {logging_mixin.py:151} INFO - page 211 succesfully scraped
[2023-08-29T02:59:23.945+0000] {logging_mixin.py:151} INFO - page 212 succesfully scraped
[2023-08-29T02:59:25.109+0000] {logging_mixin.py:151} INFO - page 213 succesfully scraped
[2023-08-29T02:59:26.343+0000] {logging_mixin.py:151} INFO - page 214 succesfully scraped
[2023-08-29T02:59:27.210+0000] {logging_mixin.py:151} INFO - page 215 succesfully scraped
[2023-08-29T02:59:28.496+0000] {logging_mixin.py:151} INFO - page 216 succesfully scraped
[2023-08-29T02:59:29.251+0000] {logging_mixin.py:151} INFO - page 217 succesfully scraped
[2023-08-29T02:59:30.001+0000] {logging_mixin.py:151} INFO - page 218 succesfully scraped
[2023-08-29T02:59:30.674+0000] {logging_mixin.py:151} INFO - page 219 succesfully scraped
[2023-08-29T02:59:31.323+0000] {logging_mixin.py:151} INFO - page 220 succesfully scraped
[2023-08-29T02:59:31.961+0000] {logging_mixin.py:151} INFO - page 221 succesfully scraped
[2023-08-29T02:59:33.053+0000] {logging_mixin.py:151} INFO - page 222 succesfully scraped
[2023-08-29T02:59:33.711+0000] {logging_mixin.py:151} INFO - page 223 succesfully scraped
[2023-08-29T02:59:34.317+0000] {logging_mixin.py:151} INFO - page 224 succesfully scraped
[2023-08-29T02:59:34.904+0000] {logging_mixin.py:151} INFO - page 225 succesfully scraped
[2023-08-29T02:59:35.939+0000] {logging_mixin.py:151} INFO - page 226 succesfully scraped
[2023-08-29T02:59:37.159+0000] {logging_mixin.py:151} INFO - page 227 succesfully scraped
[2023-08-29T02:59:37.815+0000] {logging_mixin.py:151} INFO - page 228 succesfully scraped
[2023-08-29T02:59:38.592+0000] {logging_mixin.py:151} INFO - page 229 succesfully scraped
[2023-08-29T02:59:39.969+0000] {logging_mixin.py:151} INFO - page 230 succesfully scraped
[2023-08-29T02:59:40.602+0000] {logging_mixin.py:151} INFO - page 231 succesfully scraped
[2023-08-29T02:59:41.238+0000] {logging_mixin.py:151} INFO - page 232 succesfully scraped
[2023-08-29T02:59:42.077+0000] {logging_mixin.py:151} INFO - page 233 succesfully scraped
[2023-08-29T02:59:43.115+0000] {logging_mixin.py:151} INFO - page 234 succesfully scraped
[2023-08-29T02:59:43.843+0000] {logging_mixin.py:151} INFO - page 235 succesfully scraped
[2023-08-29T02:59:44.453+0000] {logging_mixin.py:151} INFO - page 236 succesfully scraped
[2023-08-29T02:59:45.377+0000] {logging_mixin.py:151} INFO - page 237 succesfully scraped
[2023-08-29T02:59:45.940+0000] {logging_mixin.py:151} INFO - page 238 succesfully scraped
[2023-08-29T02:59:46.515+0000] {logging_mixin.py:151} INFO - page 239 succesfully scraped
[2023-08-29T02:59:47.209+0000] {logging_mixin.py:151} INFO - page 240 succesfully scraped
[2023-08-29T02:59:47.984+0000] {logging_mixin.py:151} INFO - page 241 succesfully scraped
[2023-08-29T02:59:49.144+0000] {logging_mixin.py:151} INFO - page 242 succesfully scraped
[2023-08-29T02:59:49.811+0000] {logging_mixin.py:151} INFO - page 243 succesfully scraped
[2023-08-29T02:59:50.487+0000] {logging_mixin.py:151} INFO - page 244 succesfully scraped
[2023-08-29T02:59:51.503+0000] {logging_mixin.py:151} INFO - page 245 succesfully scraped
[2023-08-29T02:59:52.334+0000] {logging_mixin.py:151} INFO - page 246 succesfully scraped
[2023-08-29T02:59:53.006+0000] {logging_mixin.py:151} INFO - page 247 succesfully scraped
[2023-08-29T02:59:53.780+0000] {logging_mixin.py:151} INFO - page 248 succesfully scraped
[2023-08-29T02:59:55.162+0000] {logging_mixin.py:151} INFO - page 249 succesfully scraped
[2023-08-29T02:59:55.949+0000] {logging_mixin.py:151} INFO - page 250 succesfully scraped
[2023-08-29T02:59:56.419+0000] {logging_mixin.py:151} INFO - page 251 succesfully scraped
[2023-08-29T02:59:57.425+0000] {logging_mixin.py:151} INFO - page 252 succesfully scraped
[2023-08-29T02:59:58.302+0000] {logging_mixin.py:151} INFO - page 253 succesfully scraped
[2023-08-29T02:59:59.256+0000] {logging_mixin.py:151} INFO - page 254 succesfully scraped
[2023-08-29T03:00:00.018+0000] {logging_mixin.py:151} INFO - page 255 succesfully scraped
[2023-08-29T03:00:00.690+0000] {logging_mixin.py:151} INFO - page 256 succesfully scraped
[2023-08-29T03:00:01.397+0000] {logging_mixin.py:151} INFO - page 257 succesfully scraped
[2023-08-29T03:00:02.093+0000] {logging_mixin.py:151} INFO - page 258 succesfully scraped
[2023-08-29T03:00:03.783+0000] {logging_mixin.py:151} INFO - page 259 succesfully scraped
[2023-08-29T03:00:04.812+0000] {logging_mixin.py:151} INFO - page 260 succesfully scraped
[2023-08-29T03:00:05.664+0000] {logging_mixin.py:151} INFO - page 261 succesfully scraped
[2023-08-29T03:00:06.486+0000] {logging_mixin.py:151} INFO - page 262 succesfully scraped
[2023-08-29T03:00:07.365+0000] {logging_mixin.py:151} INFO - page 263 succesfully scraped
[2023-08-29T03:00:08.160+0000] {logging_mixin.py:151} INFO - page 264 succesfully scraped
[2023-08-29T03:00:08.833+0000] {logging_mixin.py:151} INFO - page 265 succesfully scraped
[2023-08-29T03:00:09.443+0000] {logging_mixin.py:151} INFO - page 266 succesfully scraped
[2023-08-29T03:00:10.317+0000] {logging_mixin.py:151} INFO - page 267 succesfully scraped
[2023-08-29T03:00:11.027+0000] {logging_mixin.py:151} INFO - page 268 succesfully scraped
[2023-08-29T03:00:11.692+0000] {logging_mixin.py:151} INFO - page 269 succesfully scraped
[2023-08-29T03:00:12.682+0000] {logging_mixin.py:151} INFO - page 270 succesfully scraped
[2023-08-29T03:00:13.567+0000] {logging_mixin.py:151} INFO - page 271 succesfully scraped
[2023-08-29T03:00:14.133+0000] {logging_mixin.py:151} INFO - page 272 succesfully scraped
[2023-08-29T03:00:15.018+0000] {logging_mixin.py:151} INFO - page 273 succesfully scraped
[2023-08-29T03:00:15.978+0000] {logging_mixin.py:151} INFO - page 274 succesfully scraped
[2023-08-29T03:00:17.000+0000] {logging_mixin.py:151} INFO - page 275 succesfully scraped
[2023-08-29T03:00:17.868+0000] {logging_mixin.py:151} INFO - page 276 succesfully scraped
[2023-08-29T03:00:18.540+0000] {logging_mixin.py:151} INFO - page 277 succesfully scraped
[2023-08-29T03:00:19.450+0000] {logging_mixin.py:151} INFO - page 278 succesfully scraped
[2023-08-29T03:00:20.303+0000] {logging_mixin.py:151} INFO - page 279 succesfully scraped
[2023-08-29T03:00:20.992+0000] {logging_mixin.py:151} INFO - page 280 succesfully scraped
[2023-08-29T03:00:21.883+0000] {logging_mixin.py:151} INFO - page 281 succesfully scraped
[2023-08-29T03:00:22.692+0000] {logging_mixin.py:151} INFO - page 282 succesfully scraped
[2023-08-29T03:00:23.657+0000] {logging_mixin.py:151} INFO - page 283 succesfully scraped
[2023-08-29T03:00:24.367+0000] {logging_mixin.py:151} INFO - page 284 succesfully scraped
[2023-08-29T03:00:25.343+0000] {logging_mixin.py:151} INFO - page 285 succesfully scraped
[2023-08-29T03:00:25.895+0000] {logging_mixin.py:151} INFO - page 286 succesfully scraped
[2023-08-29T03:00:26.866+0000] {logging_mixin.py:151} INFO - page 287 succesfully scraped
[2023-08-29T03:00:27.638+0000] {logging_mixin.py:151} INFO - page 288 succesfully scraped
[2023-08-29T03:00:28.429+0000] {logging_mixin.py:151} INFO - page 289 succesfully scraped
[2023-08-29T03:00:29.199+0000] {logging_mixin.py:151} INFO - page 290 succesfully scraped
[2023-08-29T03:00:30.112+0000] {logging_mixin.py:151} INFO - page 291 succesfully scraped
[2023-08-29T03:00:30.649+0000] {logging_mixin.py:151} INFO - page 292 succesfully scraped
[2023-08-29T03:00:31.440+0000] {logging_mixin.py:151} INFO - page 293 succesfully scraped
[2023-08-29T03:00:32.319+0000] {logging_mixin.py:151} INFO - page 294 succesfully scraped
[2023-08-29T03:00:33.079+0000] {logging_mixin.py:151} INFO - page 295 succesfully scraped
[2023-08-29T03:00:34.019+0000] {logging_mixin.py:151} INFO - page 296 succesfully scraped
[2023-08-29T03:00:34.727+0000] {logging_mixin.py:151} INFO - page 297 succesfully scraped
[2023-08-29T03:00:35.579+0000] {logging_mixin.py:151} INFO - page 298 succesfully scraped
[2023-08-29T03:00:36.466+0000] {logging_mixin.py:151} INFO - page 299 succesfully scraped
[2023-08-29T03:00:37.649+0000] {logging_mixin.py:151} INFO - page 300 succesfully scraped
[2023-08-29T03:00:38.477+0000] {logging_mixin.py:151} INFO - page 301 succesfully scraped
[2023-08-29T03:00:39.107+0000] {logging_mixin.py:151} INFO - page 302 succesfully scraped
[2023-08-29T03:00:40.168+0000] {logging_mixin.py:151} INFO - page 303 succesfully scraped
[2023-08-29T03:00:41.211+0000] {logging_mixin.py:151} INFO - page 304 succesfully scraped
[2023-08-29T03:00:42.123+0000] {logging_mixin.py:151} INFO - page 305 succesfully scraped
[2023-08-29T03:00:42.817+0000] {logging_mixin.py:151} INFO - page 306 succesfully scraped
[2023-08-29T03:00:43.598+0000] {logging_mixin.py:151} INFO - page 307 succesfully scraped
[2023-08-29T03:00:44.399+0000] {logging_mixin.py:151} INFO - page 308 succesfully scraped
[2023-08-29T03:00:45.030+0000] {logging_mixin.py:151} INFO - page 309 succesfully scraped
[2023-08-29T03:00:45.555+0000] {logging_mixin.py:151} INFO - page 310 succesfully scraped
[2023-08-29T03:00:46.789+0000] {logging_mixin.py:151} INFO - page 311 succesfully scraped
[2023-08-29T03:00:47.535+0000] {logging_mixin.py:151} INFO - page 312 succesfully scraped
[2023-08-29T03:00:48.887+0000] {logging_mixin.py:151} INFO - page 313 succesfully scraped
[2023-08-29T03:00:49.621+0000] {logging_mixin.py:151} INFO - page 314 succesfully scraped
[2023-08-29T03:00:50.429+0000] {logging_mixin.py:151} INFO - page 315 succesfully scraped
[2023-08-29T03:00:51.044+0000] {logging_mixin.py:151} INFO - page 316 succesfully scraped
[2023-08-29T03:00:51.637+0000] {logging_mixin.py:151} INFO - page 317 succesfully scraped
[2023-08-29T03:00:52.415+0000] {logging_mixin.py:151} INFO - page 318 succesfully scraped
[2023-08-29T03:00:53.097+0000] {logging_mixin.py:151} INFO - page 319 succesfully scraped
[2023-08-29T03:00:53.848+0000] {logging_mixin.py:151} INFO - page 320 succesfully scraped
[2023-08-29T03:00:54.823+0000] {logging_mixin.py:151} INFO - page 321 succesfully scraped
[2023-08-29T03:00:56.073+0000] {logging_mixin.py:151} INFO - page 322 succesfully scraped
[2023-08-29T03:00:56.814+0000] {logging_mixin.py:151} INFO - page 323 succesfully scraped
[2023-08-29T03:00:57.428+0000] {logging_mixin.py:151} INFO - page 324 succesfully scraped
[2023-08-29T03:00:58.201+0000] {logging_mixin.py:151} INFO - page 325 succesfully scraped
[2023-08-29T03:00:59.215+0000] {logging_mixin.py:151} INFO - page 326 succesfully scraped
[2023-08-29T03:00:59.882+0000] {logging_mixin.py:151} INFO - page 327 succesfully scraped
[2023-08-29T03:01:00.438+0000] {logging_mixin.py:151} INFO - page 328 succesfully scraped
[2023-08-29T03:01:01.209+0000] {logging_mixin.py:151} INFO - page 329 succesfully scraped
[2023-08-29T03:01:02.195+0000] {logging_mixin.py:151} INFO - page 330 succesfully scraped
[2023-08-29T03:01:03.008+0000] {logging_mixin.py:151} INFO - page 331 succesfully scraped
[2023-08-29T03:01:03.986+0000] {logging_mixin.py:151} INFO - page 332 succesfully scraped
[2023-08-29T03:01:04.763+0000] {logging_mixin.py:151} INFO - page 333 succesfully scraped
[2023-08-29T03:01:05.803+0000] {logging_mixin.py:151} INFO - page 334 succesfully scraped
[2023-08-29T03:01:06.781+0000] {logging_mixin.py:151} INFO - page 335 succesfully scraped
[2023-08-29T03:01:07.476+0000] {logging_mixin.py:151} INFO - page 336 succesfully scraped
[2023-08-29T03:01:08.232+0000] {logging_mixin.py:151} INFO - page 337 succesfully scraped
[2023-08-29T03:01:09.166+0000] {logging_mixin.py:151} INFO - page 338 succesfully scraped
[2023-08-29T03:01:09.947+0000] {logging_mixin.py:151} INFO - page 339 succesfully scraped
[2023-08-29T03:01:10.721+0000] {logging_mixin.py:151} INFO - page 340 succesfully scraped
[2023-08-29T03:01:11.312+0000] {logging_mixin.py:151} INFO - page 341 succesfully scraped
[2023-08-29T03:01:12.091+0000] {logging_mixin.py:151} INFO - page 342 succesfully scraped
[2023-08-29T03:01:13.155+0000] {logging_mixin.py:151} INFO - page 343 succesfully scraped
[2023-08-29T03:01:13.902+0000] {logging_mixin.py:151} INFO - page 344 succesfully scraped
[2023-08-29T03:01:14.506+0000] {logging_mixin.py:151} INFO - page 345 succesfully scraped
[2023-08-29T03:01:15.203+0000] {logging_mixin.py:151} INFO - page 346 succesfully scraped
[2023-08-29T03:01:15.801+0000] {logging_mixin.py:151} INFO - page 347 succesfully scraped
[2023-08-29T03:01:16.566+0000] {logging_mixin.py:151} INFO - page 348 succesfully scraped
[2023-08-29T03:01:17.187+0000] {logging_mixin.py:151} INFO - page 349 succesfully scraped
[2023-08-29T03:01:18.182+0000] {logging_mixin.py:151} INFO - page 350 succesfully scraped
[2023-08-29T03:01:19.316+0000] {logging_mixin.py:151} INFO - page 351 succesfully scraped
[2023-08-29T03:01:20.004+0000] {logging_mixin.py:151} INFO - page 352 succesfully scraped
[2023-08-29T03:01:21.439+0000] {logging_mixin.py:151} INFO - page 353 succesfully scraped
[2023-08-29T03:01:22.222+0000] {logging_mixin.py:151} INFO - page 354 succesfully scraped
[2023-08-29T03:01:23.055+0000] {logging_mixin.py:151} INFO - page 355 succesfully scraped
[2023-08-29T03:01:24.109+0000] {logging_mixin.py:151} INFO - page 356 succesfully scraped
[2023-08-29T03:01:24.722+0000] {logging_mixin.py:151} INFO - page 357 succesfully scraped
[2023-08-29T03:01:25.468+0000] {logging_mixin.py:151} INFO - page 358 succesfully scraped
[2023-08-29T03:01:26.460+0000] {logging_mixin.py:151} INFO - page 359 succesfully scraped
[2023-08-29T03:01:27.190+0000] {logging_mixin.py:151} INFO - page 360 succesfully scraped
[2023-08-29T03:01:27.818+0000] {logging_mixin.py:151} INFO - page 361 succesfully scraped
[2023-08-29T03:01:28.693+0000] {logging_mixin.py:151} INFO - page 362 succesfully scraped
[2023-08-29T03:01:29.374+0000] {logging_mixin.py:151} INFO - page 363 succesfully scraped
[2023-08-29T03:01:29.996+0000] {logging_mixin.py:151} INFO - page 364 succesfully scraped
[2023-08-29T03:01:30.745+0000] {logging_mixin.py:151} INFO - page 365 succesfully scraped
[2023-08-29T03:01:31.719+0000] {logging_mixin.py:151} INFO - page 366 succesfully scraped
[2023-08-29T03:01:32.341+0000] {logging_mixin.py:151} INFO - page 367 succesfully scraped
[2023-08-29T03:01:33.099+0000] {logging_mixin.py:151} INFO - page 368 succesfully scraped
[2023-08-29T03:01:34.198+0000] {logging_mixin.py:151} INFO - page 369 succesfully scraped
[2023-08-29T03:01:35.099+0000] {logging_mixin.py:151} INFO - page 370 succesfully scraped
[2023-08-29T03:01:35.926+0000] {logging_mixin.py:151} INFO - page 371 succesfully scraped
[2023-08-29T03:01:36.855+0000] {logging_mixin.py:151} INFO - page 372 succesfully scraped
[2023-08-29T03:01:37.777+0000] {logging_mixin.py:151} INFO - page 373 succesfully scraped
[2023-08-29T03:01:38.647+0000] {logging_mixin.py:151} INFO - page 374 succesfully scraped
[2023-08-29T03:01:39.244+0000] {logging_mixin.py:151} INFO - page 375 succesfully scraped
[2023-08-29T03:01:40.237+0000] {logging_mixin.py:151} INFO - page 376 succesfully scraped
[2023-08-29T03:01:40.966+0000] {logging_mixin.py:151} INFO - page 377 succesfully scraped
[2023-08-29T03:01:41.617+0000] {logging_mixin.py:151} INFO - page 378 succesfully scraped
[2023-08-29T03:01:42.225+0000] {logging_mixin.py:151} INFO - page 379 succesfully scraped
[2023-08-29T03:01:43.053+0000] {logging_mixin.py:151} INFO - page 380 succesfully scraped
[2023-08-29T03:01:43.814+0000] {logging_mixin.py:151} INFO - page 381 succesfully scraped
[2023-08-29T03:01:44.656+0000] {logging_mixin.py:151} INFO - page 382 succesfully scraped
[2023-08-29T03:01:45.394+0000] {logging_mixin.py:151} INFO - page 383 succesfully scraped
[2023-08-29T03:01:46.172+0000] {logging_mixin.py:151} INFO - page 384 succesfully scraped
[2023-08-29T03:01:46.949+0000] {logging_mixin.py:151} INFO - page 385 succesfully scraped
[2023-08-29T03:01:47.849+0000] {logging_mixin.py:151} INFO - page 386 succesfully scraped
[2023-08-29T03:01:48.751+0000] {logging_mixin.py:151} INFO - page 387 succesfully scraped
[2023-08-29T03:01:49.588+0000] {logging_mixin.py:151} INFO - page 388 succesfully scraped
[2023-08-29T03:01:50.529+0000] {logging_mixin.py:151} INFO - page 389 succesfully scraped
[2023-08-29T03:01:51.148+0000] {logging_mixin.py:151} INFO - page 390 succesfully scraped
[2023-08-29T03:01:51.914+0000] {logging_mixin.py:151} INFO - page 391 succesfully scraped
[2023-08-29T03:01:52.824+0000] {logging_mixin.py:151} INFO - page 392 succesfully scraped
[2023-08-29T03:01:53.408+0000] {logging_mixin.py:151} INFO - page 393 succesfully scraped
[2023-08-29T03:01:54.033+0000] {logging_mixin.py:151} INFO - page 394 succesfully scraped
[2023-08-29T03:01:54.971+0000] {logging_mixin.py:151} INFO - page 395 succesfully scraped
[2023-08-29T03:01:55.769+0000] {logging_mixin.py:151} INFO - page 396 succesfully scraped
[2023-08-29T03:01:56.540+0000] {logging_mixin.py:151} INFO - page 397 succesfully scraped
[2023-08-29T03:01:57.300+0000] {logging_mixin.py:151} INFO - page 398 succesfully scraped
[2023-08-29T03:01:58.450+0000] {logging_mixin.py:151} INFO - page 399 succesfully scraped
[2023-08-29T03:01:59.109+0000] {logging_mixin.py:151} INFO - page 400 succesfully scraped
[2023-08-29T03:01:59.911+0000] {logging_mixin.py:151} INFO - page 401 succesfully scraped
[2023-08-29T03:02:00.680+0000] {logging_mixin.py:151} INFO - page 402 succesfully scraped
[2023-08-29T03:02:02.077+0000] {logging_mixin.py:151} INFO - page 403 succesfully scraped
[2023-08-29T03:02:03.590+0000] {logging_mixin.py:151} INFO - page 404 succesfully scraped
[2023-08-29T03:02:04.655+0000] {logging_mixin.py:151} INFO - page 405 succesfully scraped
[2023-08-29T03:02:05.633+0000] {logging_mixin.py:151} INFO - page 406 succesfully scraped
[2023-08-29T03:02:06.137+0000] {logging_mixin.py:151} INFO - page 407 succesfully scraped
[2023-08-29T03:02:06.876+0000] {logging_mixin.py:151} INFO - page 408 succesfully scraped
[2023-08-29T03:02:07.631+0000] {logging_mixin.py:151} INFO - page 409 succesfully scraped
[2023-08-29T03:02:08.418+0000] {logging_mixin.py:151} INFO - page 410 succesfully scraped
[2023-08-29T03:02:09.269+0000] {logging_mixin.py:151} INFO - page 411 succesfully scraped
[2023-08-29T03:02:10.144+0000] {logging_mixin.py:151} INFO - page 412 succesfully scraped
[2023-08-29T03:02:10.905+0000] {logging_mixin.py:151} INFO - page 413 succesfully scraped
[2023-08-29T03:02:11.615+0000] {logging_mixin.py:151} INFO - page 414 succesfully scraped
[2023-08-29T03:02:12.242+0000] {logging_mixin.py:151} INFO - page 415 succesfully scraped
[2023-08-29T03:02:13.052+0000] {logging_mixin.py:151} INFO - page 416 succesfully scraped
[2023-08-29T03:02:13.861+0000] {logging_mixin.py:151} INFO - page 417 succesfully scraped
[2023-08-29T03:02:14.615+0000] {logging_mixin.py:151} INFO - page 418 succesfully scraped
[2023-08-29T03:02:15.331+0000] {logging_mixin.py:151} INFO - page 419 succesfully scraped
[2023-08-29T03:02:16.516+0000] {logging_mixin.py:151} INFO - page 420 succesfully scraped
[2023-08-29T03:02:17.439+0000] {logging_mixin.py:151} INFO - page 421 succesfully scraped
[2023-08-29T03:02:18.043+0000] {logging_mixin.py:151} INFO - page 422 succesfully scraped
[2023-08-29T03:02:18.818+0000] {logging_mixin.py:151} INFO - page 423 succesfully scraped
[2023-08-29T03:02:19.545+0000] {logging_mixin.py:151} INFO - page 424 succesfully scraped
[2023-08-29T03:02:20.282+0000] {logging_mixin.py:151} INFO - page 425 succesfully scraped
[2023-08-29T03:02:21.297+0000] {logging_mixin.py:151} INFO - page 426 succesfully scraped
[2023-08-29T03:02:21.970+0000] {logging_mixin.py:151} INFO - page 427 succesfully scraped
[2023-08-29T03:02:22.858+0000] {logging_mixin.py:151} INFO - page 428 succesfully scraped
[2023-08-29T03:02:24.127+0000] {logging_mixin.py:151} INFO - page 429 succesfully scraped
[2023-08-29T03:02:24.732+0000] {logging_mixin.py:151} INFO - page 430 succesfully scraped
[2023-08-29T03:02:25.326+0000] {logging_mixin.py:151} INFO - page 431 succesfully scraped
[2023-08-29T03:02:26.250+0000] {logging_mixin.py:151} INFO - page 432 succesfully scraped
[2023-08-29T03:02:26.938+0000] {logging_mixin.py:151} INFO - page 433 succesfully scraped
[2023-08-29T03:02:27.700+0000] {logging_mixin.py:151} INFO - page 434 succesfully scraped
[2023-08-29T03:02:28.525+0000] {logging_mixin.py:151} INFO - page 435 succesfully scraped
[2023-08-29T03:02:29.336+0000] {logging_mixin.py:151} INFO - page 436 succesfully scraped
[2023-08-29T03:02:30.416+0000] {logging_mixin.py:151} INFO - page 437 succesfully scraped
[2023-08-29T03:02:31.618+0000] {logging_mixin.py:151} INFO - page 438 succesfully scraped
[2023-08-29T03:02:32.661+0000] {logging_mixin.py:151} INFO - page 439 succesfully scraped
[2023-08-29T03:02:33.778+0000] {logging_mixin.py:151} INFO - page 440 succesfully scraped
[2023-08-29T03:02:34.314+0000] {logging_mixin.py:151} INFO - page 441 succesfully scraped
[2023-08-29T03:02:35.023+0000] {logging_mixin.py:151} INFO - page 442 succesfully scraped
[2023-08-29T03:02:35.766+0000] {logging_mixin.py:151} INFO - page 443 succesfully scraped
[2023-08-29T03:02:36.376+0000] {logging_mixin.py:151} INFO - page 444 succesfully scraped
[2023-08-29T03:02:37.179+0000] {logging_mixin.py:151} INFO - page 445 succesfully scraped
[2023-08-29T03:02:37.839+0000] {logging_mixin.py:151} INFO - page 446 succesfully scraped
[2023-08-29T03:02:38.725+0000] {logging_mixin.py:151} INFO - page 447 succesfully scraped
[2023-08-29T03:02:39.241+0000] {logging_mixin.py:151} INFO - page 448 succesfully scraped
[2023-08-29T03:02:40.259+0000] {logging_mixin.py:151} INFO - page 449 succesfully scraped
[2023-08-29T03:02:40.775+0000] {logging_mixin.py:151} INFO - page 450 succesfully scraped
[2023-08-29T03:02:41.666+0000] {logging_mixin.py:151} INFO - page 451 succesfully scraped
[2023-08-29T03:02:42.244+0000] {logging_mixin.py:151} INFO - page 452 succesfully scraped
[2023-08-29T03:02:43.290+0000] {logging_mixin.py:151} INFO - page 453 succesfully scraped
[2023-08-29T03:02:44.278+0000] {logging_mixin.py:151} INFO - page 454 succesfully scraped
[2023-08-29T03:02:45.275+0000] {logging_mixin.py:151} INFO - page 455 succesfully scraped
[2023-08-29T03:02:46.157+0000] {logging_mixin.py:151} INFO - page 456 succesfully scraped
[2023-08-29T03:02:47.408+0000] {logging_mixin.py:151} INFO - page 457 succesfully scraped
[2023-08-29T03:02:48.438+0000] {logging_mixin.py:151} INFO - page 458 succesfully scraped
[2023-08-29T03:02:49.356+0000] {logging_mixin.py:151} INFO - page 459 succesfully scraped
[2023-08-29T03:02:50.014+0000] {logging_mixin.py:151} INFO - page 460 succesfully scraped
[2023-08-29T03:02:50.642+0000] {logging_mixin.py:151} INFO - page 461 succesfully scraped
[2023-08-29T03:02:51.209+0000] {logging_mixin.py:151} INFO - page 462 succesfully scraped
[2023-08-29T03:02:52.184+0000] {logging_mixin.py:151} INFO - page 463 succesfully scraped
[2023-08-29T03:02:53.488+0000] {logging_mixin.py:151} INFO - page 464 succesfully scraped
[2023-08-29T03:02:54.118+0000] {logging_mixin.py:151} INFO - page 465 succesfully scraped
[2023-08-29T03:02:54.847+0000] {logging_mixin.py:151} INFO - page 466 succesfully scraped
[2023-08-29T03:02:56.260+0000] {logging_mixin.py:151} INFO - page 467 succesfully scraped
[2023-08-29T03:02:57.211+0000] {logging_mixin.py:151} INFO - page 468 succesfully scraped
[2023-08-29T03:02:58.091+0000] {logging_mixin.py:151} INFO - page 469 succesfully scraped
[2023-08-29T03:02:59.444+0000] {logging_mixin.py:151} INFO - page 470 succesfully scraped
[2023-08-29T03:03:00.367+0000] {logging_mixin.py:151} INFO - page 471 succesfully scraped
[2023-08-29T03:03:01.065+0000] {logging_mixin.py:151} INFO - page 472 succesfully scraped
[2023-08-29T03:03:01.753+0000] {logging_mixin.py:151} INFO - page 473 succesfully scraped
[2023-08-29T03:03:02.816+0000] {logging_mixin.py:151} INFO - page 474 succesfully scraped
[2023-08-29T03:03:03.612+0000] {logging_mixin.py:151} INFO - page 475 succesfully scraped
[2023-08-29T03:03:04.472+0000] {logging_mixin.py:151} INFO - page 476 succesfully scraped
[2023-08-29T03:03:05.065+0000] {logging_mixin.py:151} INFO - page 477 succesfully scraped
[2023-08-29T03:03:05.621+0000] {logging_mixin.py:151} INFO - page 478 succesfully scraped
[2023-08-29T03:03:06.447+0000] {logging_mixin.py:151} INFO - page 479 succesfully scraped
[2023-08-29T03:03:07.030+0000] {logging_mixin.py:151} INFO - page 480 succesfully scraped
[2023-08-29T03:03:07.604+0000] {logging_mixin.py:151} INFO - page 481 succesfully scraped
[2023-08-29T03:03:08.283+0000] {logging_mixin.py:151} INFO - page 482 succesfully scraped
[2023-08-29T03:03:09.187+0000] {logging_mixin.py:151} INFO - page 483 succesfully scraped
[2023-08-29T03:03:09.965+0000] {logging_mixin.py:151} INFO - page 484 succesfully scraped
[2023-08-29T03:03:11.046+0000] {logging_mixin.py:151} INFO - page 485 succesfully scraped
[2023-08-29T03:03:11.794+0000] {logging_mixin.py:151} INFO - page 486 succesfully scraped
[2023-08-29T03:03:12.506+0000] {logging_mixin.py:151} INFO - page 487 succesfully scraped
[2023-08-29T03:03:13.337+0000] {logging_mixin.py:151} INFO - page 488 succesfully scraped
[2023-08-29T03:03:14.227+0000] {logging_mixin.py:151} INFO - page 489 succesfully scraped
[2023-08-29T03:03:15.011+0000] {logging_mixin.py:151} INFO - page 490 succesfully scraped
[2023-08-29T03:03:15.982+0000] {logging_mixin.py:151} INFO - page 491 succesfully scraped
[2023-08-29T03:03:16.655+0000] {logging_mixin.py:151} INFO - page 492 succesfully scraped
[2023-08-29T03:03:17.731+0000] {logging_mixin.py:151} INFO - page 493 succesfully scraped
[2023-08-29T03:03:18.721+0000] {logging_mixin.py:151} INFO - page 494 succesfully scraped
[2023-08-29T03:03:19.575+0000] {logging_mixin.py:151} INFO - page 495 succesfully scraped
[2023-08-29T03:03:20.198+0000] {logging_mixin.py:151} INFO - page 496 succesfully scraped
[2023-08-29T03:03:21.213+0000] {logging_mixin.py:151} INFO - page 497 succesfully scraped
[2023-08-29T03:03:21.806+0000] {logging_mixin.py:151} INFO - page 498 succesfully scraped
[2023-08-29T03:03:22.683+0000] {logging_mixin.py:151} INFO - page 499 succesfully scraped
[2023-08-29T03:03:23.377+0000] {logging_mixin.py:151} INFO - page 500 succesfully scraped
[2023-08-29T03:03:24.127+0000] {logging_mixin.py:151} INFO - page 501 succesfully scraped
[2023-08-29T03:03:24.644+0000] {logging_mixin.py:151} INFO - page 502 succesfully scraped
[2023-08-29T03:03:25.395+0000] {logging_mixin.py:151} INFO - page 503 succesfully scraped
[2023-08-29T03:03:26.265+0000] {logging_mixin.py:151} INFO - page 504 succesfully scraped
[2023-08-29T03:03:27.015+0000] {logging_mixin.py:151} INFO - page 505 succesfully scraped
[2023-08-29T03:03:27.757+0000] {logging_mixin.py:151} INFO - page 506 succesfully scraped
[2023-08-29T03:03:28.781+0000] {logging_mixin.py:151} INFO - page 507 succesfully scraped
[2023-08-29T03:03:29.634+0000] {logging_mixin.py:151} INFO - page 508 succesfully scraped
[2023-08-29T03:03:30.394+0000] {logging_mixin.py:151} INFO - page 509 succesfully scraped
[2023-08-29T03:03:31.156+0000] {logging_mixin.py:151} INFO - page 510 succesfully scraped
[2023-08-29T03:03:31.968+0000] {logging_mixin.py:151} INFO - page 511 succesfully scraped
[2023-08-29T03:03:32.887+0000] {logging_mixin.py:151} INFO - page 512 succesfully scraped
[2023-08-29T03:03:33.484+0000] {logging_mixin.py:151} INFO - page 513 succesfully scraped
[2023-08-29T03:03:34.280+0000] {logging_mixin.py:151} INFO - page 514 succesfully scraped
[2023-08-29T03:03:35.115+0000] {logging_mixin.py:151} INFO - page 515 succesfully scraped
[2023-08-29T03:03:35.733+0000] {logging_mixin.py:151} INFO - page 516 succesfully scraped
[2023-08-29T03:03:36.319+0000] {logging_mixin.py:151} INFO - page 517 succesfully scraped
[2023-08-29T03:03:37.179+0000] {logging_mixin.py:151} INFO - page 518 succesfully scraped
[2023-08-29T03:03:38.015+0000] {logging_mixin.py:151} INFO - page 519 succesfully scraped
[2023-08-29T03:03:38.672+0000] {logging_mixin.py:151} INFO - page 520 succesfully scraped
[2023-08-29T03:03:39.816+0000] {logging_mixin.py:151} INFO - page 521 succesfully scraped
[2023-08-29T03:03:40.773+0000] {logging_mixin.py:151} INFO - page 522 succesfully scraped
[2023-08-29T03:03:41.603+0000] {logging_mixin.py:151} INFO - page 523 succesfully scraped
[2023-08-29T03:03:43.577+0000] {logging_mixin.py:151} INFO - page 524 succesfully scraped
[2023-08-29T03:03:44.220+0000] {logging_mixin.py:151} INFO - page 525 succesfully scraped
[2023-08-29T03:03:44.901+0000] {logging_mixin.py:151} INFO - page 526 succesfully scraped
[2023-08-29T03:03:45.702+0000] {logging_mixin.py:151} INFO - page 527 succesfully scraped
[2023-08-29T03:03:46.973+0000] {logging_mixin.py:151} INFO - page 528 succesfully scraped
[2023-08-29T03:03:47.577+0000] {logging_mixin.py:151} INFO - page 529 succesfully scraped
[2023-08-29T03:03:48.410+0000] {logging_mixin.py:151} INFO - page 530 succesfully scraped
[2023-08-29T03:03:49.154+0000] {logging_mixin.py:151} INFO - page 531 succesfully scraped
[2023-08-29T03:03:49.893+0000] {logging_mixin.py:151} INFO - page 532 succesfully scraped
[2023-08-29T03:03:50.564+0000] {logging_mixin.py:151} INFO - page 533 succesfully scraped
[2023-08-29T03:03:51.135+0000] {logging_mixin.py:151} INFO - page 534 succesfully scraped
[2023-08-29T03:03:52.183+0000] {logging_mixin.py:151} INFO - page 535 succesfully scraped
[2023-08-29T03:03:53.469+0000] {logging_mixin.py:151} INFO - page 536 succesfully scraped
[2023-08-29T03:03:54.755+0000] {logging_mixin.py:151} INFO - page 537 succesfully scraped
[2023-08-29T03:03:55.719+0000] {logging_mixin.py:151} INFO - page 538 succesfully scraped
[2023-08-29T03:03:56.598+0000] {logging_mixin.py:151} INFO - page 539 succesfully scraped
[2023-08-29T03:03:57.318+0000] {logging_mixin.py:151} INFO - page 540 succesfully scraped
[2023-08-29T03:03:58.257+0000] {logging_mixin.py:151} INFO - page 541 succesfully scraped
[2023-08-29T03:03:59.232+0000] {logging_mixin.py:151} INFO - page 542 succesfully scraped
[2023-08-29T03:04:00.131+0000] {logging_mixin.py:151} INFO - page 543 succesfully scraped
[2023-08-29T03:04:01.168+0000] {logging_mixin.py:151} INFO - page 544 succesfully scraped
[2023-08-29T03:04:02.603+0000] {logging_mixin.py:151} INFO - page 545 succesfully scraped
[2023-08-29T03:04:03.443+0000] {logging_mixin.py:151} INFO - page 546 succesfully scraped
[2023-08-29T03:04:04.480+0000] {logging_mixin.py:151} INFO - page 547 succesfully scraped
[2023-08-29T03:04:05.137+0000] {logging_mixin.py:151} INFO - page 548 succesfully scraped
[2023-08-29T03:04:05.916+0000] {logging_mixin.py:151} INFO - page 549 succesfully scraped
[2023-08-29T03:04:06.708+0000] {logging_mixin.py:151} INFO - page 550 succesfully scraped
[2023-08-29T03:04:07.760+0000] {logging_mixin.py:151} INFO - page 551 succesfully scraped
[2023-08-29T03:04:08.410+0000] {logging_mixin.py:151} INFO - page 552 succesfully scraped
[2023-08-29T03:04:09.386+0000] {logging_mixin.py:151} INFO - page 553 succesfully scraped
[2023-08-29T03:04:11.077+0000] {logging_mixin.py:151} INFO - page 554 succesfully scraped
[2023-08-29T03:04:11.776+0000] {logging_mixin.py:151} INFO - page 555 succesfully scraped
[2023-08-29T03:04:12.354+0000] {logging_mixin.py:151} INFO - page 556 succesfully scraped
[2023-08-29T03:04:12.953+0000] {logging_mixin.py:151} INFO - page 557 succesfully scraped
[2023-08-29T03:04:13.912+0000] {logging_mixin.py:151} INFO - page 558 succesfully scraped
[2023-08-29T03:04:14.508+0000] {logging_mixin.py:151} INFO - page 559 succesfully scraped
[2023-08-29T03:04:15.256+0000] {logging_mixin.py:151} INFO - page 560 succesfully scraped
[2023-08-29T03:04:16.267+0000] {logging_mixin.py:151} INFO - page 561 succesfully scraped
[2023-08-29T03:04:17.067+0000] {logging_mixin.py:151} INFO - page 562 succesfully scraped
[2023-08-29T03:04:17.875+0000] {logging_mixin.py:151} INFO - page 563 succesfully scraped
[2023-08-29T03:04:18.415+0000] {logging_mixin.py:151} INFO - page 564 succesfully scraped
[2023-08-29T03:04:19.264+0000] {logging_mixin.py:151} INFO - page 565 succesfully scraped
[2023-08-29T03:04:20.036+0000] {logging_mixin.py:151} INFO - page 566 succesfully scraped
[2023-08-29T03:04:20.622+0000] {logging_mixin.py:151} INFO - page 567 succesfully scraped
[2023-08-29T03:04:21.311+0000] {logging_mixin.py:151} INFO - page 568 succesfully scraped
[2023-08-29T03:04:22.141+0000] {logging_mixin.py:151} INFO - page 569 succesfully scraped
[2023-08-29T03:04:23.320+0000] {logging_mixin.py:151} INFO - page 570 succesfully scraped
[2023-08-29T03:04:23.949+0000] {logging_mixin.py:151} INFO - page 571 succesfully scraped
[2023-08-29T03:04:24.942+0000] {logging_mixin.py:151} INFO - page 572 succesfully scraped
[2023-08-29T03:04:25.697+0000] {logging_mixin.py:151} INFO - page 573 succesfully scraped
[2023-08-29T03:04:26.473+0000] {logging_mixin.py:151} INFO - page 574 succesfully scraped
[2023-08-29T03:04:27.626+0000] {logging_mixin.py:151} INFO - page 575 succesfully scraped
[2023-08-29T03:04:28.583+0000] {logging_mixin.py:151} INFO - page 576 succesfully scraped
[2023-08-29T03:04:29.225+0000] {logging_mixin.py:151} INFO - page 577 succesfully scraped
[2023-08-29T03:04:29.896+0000] {logging_mixin.py:151} INFO - page 578 succesfully scraped
[2023-08-29T03:04:30.519+0000] {logging_mixin.py:151} INFO - page 579 succesfully scraped
[2023-08-29T03:04:31.583+0000] {logging_mixin.py:151} INFO - page 580 succesfully scraped
[2023-08-29T03:04:32.139+0000] {logging_mixin.py:151} INFO - page 581 succesfully scraped
[2023-08-29T03:04:32.839+0000] {logging_mixin.py:151} INFO - page 582 succesfully scraped
[2023-08-29T03:04:33.652+0000] {logging_mixin.py:151} INFO - page 583 succesfully scraped
[2023-08-29T03:04:34.450+0000] {logging_mixin.py:151} INFO - page 584 succesfully scraped
[2023-08-29T03:04:35.389+0000] {logging_mixin.py:151} INFO - page 585 succesfully scraped
[2023-08-29T03:04:36.203+0000] {logging_mixin.py:151} INFO - page 586 succesfully scraped
[2023-08-29T03:04:37.261+0000] {logging_mixin.py:151} INFO - page 587 succesfully scraped
[2023-08-29T03:04:38.271+0000] {logging_mixin.py:151} INFO - page 588 succesfully scraped
[2023-08-29T03:04:39.081+0000] {logging_mixin.py:151} INFO - page 589 succesfully scraped
[2023-08-29T03:04:39.735+0000] {logging_mixin.py:151} INFO - page 590 succesfully scraped
[2023-08-29T03:04:40.571+0000] {logging_mixin.py:151} INFO - page 591 succesfully scraped
[2023-08-29T03:04:41.329+0000] {logging_mixin.py:151} INFO - page 592 succesfully scraped
[2023-08-29T03:04:42.003+0000] {logging_mixin.py:151} INFO - page 593 succesfully scraped
[2023-08-29T03:04:42.708+0000] {logging_mixin.py:151} INFO - page 594 succesfully scraped
[2023-08-29T03:04:43.321+0000] {logging_mixin.py:151} INFO - page 595 succesfully scraped
[2023-08-29T03:04:43.809+0000] {logging_mixin.py:151} INFO - page 596 succesfully scraped
[2023-08-29T03:04:44.453+0000] {logging_mixin.py:151} INFO - page 597 succesfully scraped
[2023-08-29T03:04:45.165+0000] {logging_mixin.py:151} INFO - page 598 succesfully scraped
[2023-08-29T03:04:46.120+0000] {logging_mixin.py:151} INFO - page 599 succesfully scraped
[2023-08-29T03:04:47.279+0000] {logging_mixin.py:151} INFO - page 600 succesfully scraped
[2023-08-29T03:04:47.904+0000] {logging_mixin.py:151} INFO - page 601 succesfully scraped
[2023-08-29T03:04:48.571+0000] {logging_mixin.py:151} INFO - page 602 succesfully scraped
[2023-08-29T03:04:49.229+0000] {logging_mixin.py:151} INFO - page 603 succesfully scraped
[2023-08-29T03:04:49.814+0000] {logging_mixin.py:151} INFO - page 604 succesfully scraped
[2023-08-29T03:04:50.565+0000] {logging_mixin.py:151} INFO - page 605 succesfully scraped
[2023-08-29T03:04:51.164+0000] {logging_mixin.py:151} INFO - page 606 succesfully scraped
[2023-08-29T03:04:51.950+0000] {logging_mixin.py:151} INFO - page 607 succesfully scraped
[2023-08-29T03:04:52.684+0000] {logging_mixin.py:151} INFO - page 608 succesfully scraped
[2023-08-29T03:04:53.687+0000] {logging_mixin.py:151} INFO - page 609 succesfully scraped
[2023-08-29T03:04:54.495+0000] {logging_mixin.py:151} INFO - page 610 succesfully scraped
[2023-08-29T03:04:55.720+0000] {logging_mixin.py:151} INFO - page 611 succesfully scraped
[2023-08-29T03:04:56.353+0000] {logging_mixin.py:151} INFO - page 612 succesfully scraped
[2023-08-29T03:04:57.577+0000] {logging_mixin.py:151} INFO - page 613 succesfully scraped
[2023-08-29T03:04:58.939+0000] {logging_mixin.py:151} INFO - page 614 succesfully scraped
[2023-08-29T03:04:59.927+0000] {logging_mixin.py:151} INFO - page 615 succesfully scraped
[2023-08-29T03:05:00.587+0000] {logging_mixin.py:151} INFO - page 616 succesfully scraped
[2023-08-29T03:05:01.527+0000] {logging_mixin.py:151} INFO - page 617 succesfully scraped
[2023-08-29T03:05:02.435+0000] {logging_mixin.py:151} INFO - page 618 succesfully scraped
[2023-08-29T03:05:03.253+0000] {logging_mixin.py:151} INFO - page 619 succesfully scraped
[2023-08-29T03:05:04.002+0000] {logging_mixin.py:151} INFO - page 620 succesfully scraped
[2023-08-29T03:05:04.702+0000] {logging_mixin.py:151} INFO - page 621 succesfully scraped
[2023-08-29T03:05:05.507+0000] {logging_mixin.py:151} INFO - page 622 succesfully scraped
[2023-08-29T03:05:06.340+0000] {logging_mixin.py:151} INFO - page 623 succesfully scraped
[2023-08-29T03:05:07.078+0000] {logging_mixin.py:151} INFO - page 624 succesfully scraped
[2023-08-29T03:05:07.758+0000] {logging_mixin.py:151} INFO - page 625 succesfully scraped
[2023-08-29T03:05:08.351+0000] {logging_mixin.py:151} INFO - page 626 succesfully scraped
[2023-08-29T03:05:09.174+0000] {logging_mixin.py:151} INFO - page 627 succesfully scraped
[2023-08-29T03:05:10.315+0000] {logging_mixin.py:151} INFO - page 628 succesfully scraped
[2023-08-29T03:05:11.180+0000] {logging_mixin.py:151} INFO - page 629 succesfully scraped
[2023-08-29T03:05:12.667+0000] {logging_mixin.py:151} INFO - page 630 succesfully scraped
[2023-08-29T03:05:13.596+0000] {logging_mixin.py:151} INFO - page 631 succesfully scraped
[2023-08-29T03:05:14.614+0000] {logging_mixin.py:151} INFO - page 632 succesfully scraped
[2023-08-29T03:05:15.575+0000] {logging_mixin.py:151} INFO - page 633 succesfully scraped
[2023-08-29T03:05:16.362+0000] {logging_mixin.py:151} INFO - page 634 succesfully scraped
[2023-08-29T03:05:17.147+0000] {logging_mixin.py:151} INFO - page 635 succesfully scraped
[2023-08-29T03:05:18.310+0000] {logging_mixin.py:151} INFO - page 636 succesfully scraped
[2023-08-29T03:05:18.805+0000] {logging_mixin.py:151} INFO - page 637 succesfully scraped
[2023-08-29T03:05:19.679+0000] {logging_mixin.py:151} INFO - page 638 succesfully scraped
[2023-08-29T03:05:21.148+0000] {logging_mixin.py:151} INFO - page 639 succesfully scraped
[2023-08-29T03:05:21.707+0000] {logging_mixin.py:151} INFO - page 640 succesfully scraped
[2023-08-29T03:05:22.708+0000] {logging_mixin.py:151} INFO - page 641 succesfully scraped
[2023-08-29T03:05:24.521+0000] {logging_mixin.py:151} INFO - page 642 succesfully scraped
[2023-08-29T03:05:25.221+0000] {logging_mixin.py:151} INFO - page 643 succesfully scraped
[2023-08-29T03:05:25.980+0000] {logging_mixin.py:151} INFO - page 644 succesfully scraped
[2023-08-29T03:05:26.850+0000] {logging_mixin.py:151} INFO - page 645 succesfully scraped
[2023-08-29T03:05:27.597+0000] {logging_mixin.py:151} INFO - page 646 succesfully scraped
[2023-08-29T03:05:28.334+0000] {logging_mixin.py:151} INFO - page 647 succesfully scraped
[2023-08-29T03:05:28.856+0000] {logging_mixin.py:151} INFO - page 648 succesfully scraped
[2023-08-29T03:05:29.569+0000] {logging_mixin.py:151} INFO - page 649 succesfully scraped
[2023-08-29T03:05:30.125+0000] {logging_mixin.py:151} INFO - page 650 succesfully scraped
[2023-08-29T03:05:30.672+0000] {logging_mixin.py:151} INFO - page 651 succesfully scraped
[2023-08-29T03:05:31.346+0000] {logging_mixin.py:151} INFO - page 652 succesfully scraped
[2023-08-29T03:05:32.528+0000] {logging_mixin.py:151} INFO - page 653 succesfully scraped
[2023-08-29T03:05:33.116+0000] {logging_mixin.py:151} INFO - page 654 succesfully scraped
[2023-08-29T03:05:33.827+0000] {logging_mixin.py:151} INFO - page 655 succesfully scraped
[2023-08-29T03:05:34.538+0000] {logging_mixin.py:151} INFO - page 656 succesfully scraped
[2023-08-29T03:05:35.277+0000] {logging_mixin.py:151} INFO - page 657 succesfully scraped
[2023-08-29T03:05:35.834+0000] {logging_mixin.py:151} INFO - page 658 succesfully scraped
[2023-08-29T03:05:37.274+0000] {logging_mixin.py:151} INFO - page 659 succesfully scraped
[2023-08-29T03:05:38.086+0000] {logging_mixin.py:151} INFO - page 660 succesfully scraped
[2023-08-29T03:05:38.701+0000] {logging_mixin.py:151} INFO - page 661 succesfully scraped
[2023-08-29T03:05:39.249+0000] {logging_mixin.py:151} INFO - page 662 succesfully scraped
[2023-08-29T03:05:40.576+0000] {logging_mixin.py:151} INFO - page 663 succesfully scraped
[2023-08-29T03:05:41.564+0000] {logging_mixin.py:151} INFO - page 664 succesfully scraped
[2023-08-29T03:05:42.369+0000] {logging_mixin.py:151} INFO - page 665 succesfully scraped
[2023-08-29T03:05:43.045+0000] {logging_mixin.py:151} INFO - page 666 succesfully scraped
[2023-08-29T03:05:43.643+0000] {logging_mixin.py:151} INFO - page 667 succesfully scraped
[2023-08-29T03:05:44.399+0000] {logging_mixin.py:151} INFO - page 668 succesfully scraped
[2023-08-29T03:05:45.370+0000] {logging_mixin.py:151} INFO - page 669 succesfully scraped
[2023-08-29T03:05:46.209+0000] {logging_mixin.py:151} INFO - page 670 succesfully scraped
[2023-08-29T03:05:47.167+0000] {logging_mixin.py:151} INFO - page 671 succesfully scraped
[2023-08-29T03:05:48.376+0000] {logging_mixin.py:151} INFO - page 672 succesfully scraped
[2023-08-29T03:05:48.953+0000] {logging_mixin.py:151} INFO - page 673 succesfully scraped
[2023-08-29T03:05:50.397+0000] {python.py:194} INFO - Done. Returned value was: 'NoneType' object has no attribute 'text'
[2023-08-29T03:05:50.405+0000] {xcom.py:661} ERROR - Object of type AttributeError is not JSON serializable. If you are using pickle instead of JSON for XCom, then you need to enable pickle support for XCom in your *** config or make sure to decorate your object with attr.
[2023-08-29T03:05:50.406+0000] {taskinstance.py:1943} ERROR - Task failed with exception
Traceback (most recent call last):
  File "/home/airflow/.local/lib/python3.8/site-packages/airflow/utils/json.py", line 91, in default
    return serialize(o)
  File "/home/airflow/.local/lib/python3.8/site-packages/airflow/serialization/serde.py", line 178, in serialize
    raise TypeError(f"cannot serialize object of type {cls}")
TypeError: cannot serialize object of type <class 'AttributeError'>

During handling of the above exception, another exception occurred:

Traceback (most recent call last):
  File "/home/airflow/.local/lib/python3.8/site-packages/airflow/utils/session.py", line 74, in wrapper
    return func(*args, **kwargs)
  File "/home/airflow/.local/lib/python3.8/site-packages/airflow/models/taskinstance.py", line 2485, in xcom_push
    XCom.set(
  File "/home/airflow/.local/lib/python3.8/site-packages/airflow/utils/session.py", line 74, in wrapper
    return func(*args, **kwargs)
  File "/home/airflow/.local/lib/python3.8/site-packages/airflow/models/xcom.py", line 244, in set
    value = cls.serialize_value(
  File "/home/airflow/.local/lib/python3.8/site-packages/airflow/models/xcom.py", line 659, in serialize_value
    return json.dumps(value, cls=XComEncoder).encode("UTF-8")
  File "/usr/local/lib/python3.8/json/__init__.py", line 234, in dumps
    return cls(
  File "/home/airflow/.local/lib/python3.8/site-packages/airflow/utils/json.py", line 104, in encode
    return super().encode(o)
  File "/usr/local/lib/python3.8/json/encoder.py", line 199, in encode
    chunks = self.iterencode(o, _one_shot=True)
  File "/usr/local/lib/python3.8/json/encoder.py", line 257, in iterencode
    return _iterencode(o, 0)
  File "/home/airflow/.local/lib/python3.8/site-packages/airflow/utils/json.py", line 93, in default
    return super().default(o)
  File "/usr/local/lib/python3.8/json/encoder.py", line 179, in default
    raise TypeError(f'Object of type {o.__class__.__name__} '
TypeError: Object of type AttributeError is not JSON serializable
[2023-08-29T03:05:50.414+0000] {taskinstance.py:1400} INFO - Marking task as FAILED. dag_id=Autotrader_ETL_DAG, task_id=extract_listings, execution_date=20230829T024505, start_date=20230829T025626, end_date=20230829T030550
[2023-08-29T03:05:50.425+0000] {standard_task_runner.py:104} ERROR - Failed to execute job 28 for task extract_listings (Object of type AttributeError is not JSON serializable; 364)
[2023-08-29T03:05:50.452+0000] {local_task_job_runner.py:228} INFO - Task exited with return code 1
[2023-08-29T03:05:50.471+0000] {taskinstance.py:2784} INFO - 0 downstream tasks scheduled from follow-on schedule check
