[2023-09-06T12:27:54.865+0000] {logging_mixin.py:151} INFO - Changing /opt/***/logs/dag_id=Autotrader_ETL_DAG/run_id=manual__2023-09-06T12:24:15.175621+00:00/task_id=insert_into_car_dim permission to 509
[2023-09-06T12:27:54.866+0000] {logging_mixin.py:151} INFO - Failed to change /opt/***/logs/dag_id=Autotrader_ETL_DAG/run_id=manual__2023-09-06T12:24:15.175621+00:00/task_id=insert_into_car_dim permission to 509: [Errno 1] Operation not permitted: '/opt/***/logs/dag_id=Autotrader_ETL_DAG/run_id=manual__2023-09-06T12:24:15.175621+00:00/task_id=insert_into_car_dim'
[2023-09-06T12:27:54.890+0000] {logging_mixin.py:151} INFO - Changing /opt/***/logs/dag_id=Autotrader_ETL_DAG/run_id=manual__2023-09-06T12:24:15.175621+00:00/task_id=insert_into_car_dim permission to 509
[2023-09-06T12:27:54.891+0000] {logging_mixin.py:151} INFO - Failed to change /opt/***/logs/dag_id=Autotrader_ETL_DAG/run_id=manual__2023-09-06T12:24:15.175621+00:00/task_id=insert_into_car_dim permission to 509: [Errno 1] Operation not permitted: '/opt/***/logs/dag_id=Autotrader_ETL_DAG/run_id=manual__2023-09-06T12:24:15.175621+00:00/task_id=insert_into_car_dim'
[2023-09-06T12:27:54.914+0000] {taskinstance.py:1159} INFO - Dependencies all met for dep_context=non-requeueable deps ti=<TaskInstance: Autotrader_ETL_DAG.insert_into_car_dim manual__2023-09-06T12:24:15.175621+00:00 [queued]>
[2023-09-06T12:27:54.923+0000] {taskinstance.py:1159} INFO - Dependencies all met for dep_context=requeueable deps ti=<TaskInstance: Autotrader_ETL_DAG.insert_into_car_dim manual__2023-09-06T12:24:15.175621+00:00 [queued]>
[2023-09-06T12:27:54.924+0000] {taskinstance.py:1361} INFO - Starting attempt 1 of 2
[2023-09-06T12:27:54.935+0000] {taskinstance.py:1382} INFO - Executing <Task(BigQueryExecuteQueryOperator): insert_into_car_dim> on 2023-09-06 12:24:15.175621+00:00
[2023-09-06T12:27:54.942+0000] {standard_task_runner.py:57} INFO - Started process 592 to run task
[2023-09-06T12:27:54.945+0000] {standard_task_runner.py:84} INFO - Running: ['***', 'tasks', 'run', 'Autotrader_ETL_DAG', 'insert_into_car_dim', 'manual__2023-09-06T12:24:15.175621+00:00', '--job-id', '461', '--raw', '--subdir', 'DAGS_FOLDER/autotrader_etl.py', '--cfg-path', '/tmp/tmpezgvbq0f']
[2023-09-06T12:27:54.947+0000] {standard_task_runner.py:85} INFO - Job 461: Subtask insert_into_car_dim
[2023-09-06T12:27:54.985+0000] {logging_mixin.py:151} INFO - Changing /opt/***/logs/dag_id=Autotrader_ETL_DAG/run_id=manual__2023-09-06T12:24:15.175621+00:00/task_id=insert_into_car_dim permission to 509
[2023-09-06T12:27:54.986+0000] {logging_mixin.py:151} INFO - Failed to change /opt/***/logs/dag_id=Autotrader_ETL_DAG/run_id=manual__2023-09-06T12:24:15.175621+00:00/task_id=insert_into_car_dim permission to 509: [Errno 1] Operation not permitted: '/opt/***/logs/dag_id=Autotrader_ETL_DAG/run_id=manual__2023-09-06T12:24:15.175621+00:00/task_id=insert_into_car_dim'
[2023-09-06T12:27:54.988+0000] {task_command.py:415} INFO - Running <TaskInstance: Autotrader_ETL_DAG.insert_into_car_dim manual__2023-09-06T12:24:15.175621+00:00 [running]> on host 412bb32711f9
[2023-09-06T12:27:55.053+0000] {taskinstance.py:1660} INFO - Exporting env vars: AIRFLOW_CTX_DAG_OWNER='***' AIRFLOW_CTX_DAG_ID='Autotrader_ETL_DAG' AIRFLOW_CTX_TASK_ID='insert_into_car_dim' AIRFLOW_CTX_EXECUTION_DATE='2023-09-06T12:24:15.175621+00:00' AIRFLOW_CTX_TRY_NUMBER='1' AIRFLOW_CTX_DAG_RUN_ID='manual__2023-09-06T12:24:15.175621+00:00'
[2023-09-06T12:27:55.054+0000] {bigquery.py:1234} INFO - Executing: INSERT INTO autotrader-toyota-dashboard.autotrader_transformed.car_dim (car_key, year, car_model, type)
        SELECT
        ROW_NUMBER() OVER () as car_key,
        year,
        car_model,
        type
        FROM (
        SELECT 
        DISTINCT
        year,
        car_model,
        type
        FROM
        autotrader-toyota-dashboard.autotrader_staging.listings_raw
        );
[2023-09-06T12:27:55.063+0000] {connection.py:232} WARNING - Connection schemes (type: google_cloud_platform) shall not contain '_' according to RFC3986.
[2023-09-06T12:27:55.067+0000] {base.py:73} INFO - Using connection ID 'google_cloud' for task execution.
[2023-09-06T12:27:55.074+0000] {logging_mixin.py:151} WARNING - /home/***/.local/lib/python3.8/site-packages/***/providers/google/cloud/hooks/bigquery.py:2109 AirflowProviderDeprecationWarning: This method is deprecated. Please use `BigQueryHook.insert_job` method.
[2023-09-06T12:27:55.110+0000] {bigquery.py:1596} INFO - Inserting job ***_1694003275110241_de58b3882b793b75c0aa31050777915d
[2023-09-06T12:27:58.173+0000] {taskinstance.py:1400} INFO - Marking task as SUCCESS. dag_id=Autotrader_ETL_DAG, task_id=insert_into_car_dim, execution_date=20230906T122415, start_date=20230906T122754, end_date=20230906T122758
[2023-09-06T12:27:58.215+0000] {local_task_job_runner.py:228} INFO - Task exited with return code 0
[2023-09-06T12:27:58.238+0000] {taskinstance.py:2784} INFO - 0 downstream tasks scheduled from follow-on schedule check
