[2023-09-05T00:20:03.832+0000] {logging_mixin.py:151} INFO - Changing /opt/***/logs/dag_id=Autotrader_ETL_DAG/run_id=manual__2023-09-05T00:16:38.772475+00:00/task_id=format_columns permission to 509
[2023-09-05T00:20:03.834+0000] {logging_mixin.py:151} INFO - Failed to change /opt/***/logs/dag_id=Autotrader_ETL_DAG/run_id=manual__2023-09-05T00:16:38.772475+00:00/task_id=format_columns permission to 509: [Errno 1] Operation not permitted: '/opt/***/logs/dag_id=Autotrader_ETL_DAG/run_id=manual__2023-09-05T00:16:38.772475+00:00/task_id=format_columns'
[2023-09-05T00:20:03.869+0000] {logging_mixin.py:151} INFO - Changing /opt/***/logs/dag_id=Autotrader_ETL_DAG/run_id=manual__2023-09-05T00:16:38.772475+00:00/task_id=format_columns permission to 509
[2023-09-05T00:20:03.870+0000] {logging_mixin.py:151} INFO - Failed to change /opt/***/logs/dag_id=Autotrader_ETL_DAG/run_id=manual__2023-09-05T00:16:38.772475+00:00/task_id=format_columns permission to 509: [Errno 1] Operation not permitted: '/opt/***/logs/dag_id=Autotrader_ETL_DAG/run_id=manual__2023-09-05T00:16:38.772475+00:00/task_id=format_columns'
[2023-09-05T00:20:03.899+0000] {taskinstance.py:1159} INFO - Dependencies all met for dep_context=non-requeueable deps ti=<TaskInstance: Autotrader_ETL_DAG.format_columns manual__2023-09-05T00:16:38.772475+00:00 [queued]>
[2023-09-05T00:20:03.910+0000] {taskinstance.py:1159} INFO - Dependencies all met for dep_context=requeueable deps ti=<TaskInstance: Autotrader_ETL_DAG.format_columns manual__2023-09-05T00:16:38.772475+00:00 [queued]>
[2023-09-05T00:20:03.912+0000] {taskinstance.py:1361} INFO - Starting attempt 1 of 2
[2023-09-05T00:20:03.927+0000] {taskinstance.py:1382} INFO - Executing <Task(BigQueryExecuteQueryOperator): format_columns> on 2023-09-05 00:16:38.772475+00:00
[2023-09-05T00:20:03.937+0000] {standard_task_runner.py:57} INFO - Started process 1841 to run task
[2023-09-05T00:20:03.940+0000] {standard_task_runner.py:84} INFO - Running: ['***', 'tasks', 'run', 'Autotrader_ETL_DAG', 'format_columns', 'manual__2023-09-05T00:16:38.772475+00:00', '--job-id', '373', '--raw', '--subdir', 'DAGS_FOLDER/autotrader_etl.py', '--cfg-path', '/tmp/tmpyxq52heq']
[2023-09-05T00:20:03.943+0000] {standard_task_runner.py:85} INFO - Job 373: Subtask format_columns
[2023-09-05T00:20:03.994+0000] {logging_mixin.py:151} INFO - Changing /opt/***/logs/dag_id=Autotrader_ETL_DAG/run_id=manual__2023-09-05T00:16:38.772475+00:00/task_id=format_columns permission to 509
[2023-09-05T00:20:03.995+0000] {logging_mixin.py:151} INFO - Failed to change /opt/***/logs/dag_id=Autotrader_ETL_DAG/run_id=manual__2023-09-05T00:16:38.772475+00:00/task_id=format_columns permission to 509: [Errno 1] Operation not permitted: '/opt/***/logs/dag_id=Autotrader_ETL_DAG/run_id=manual__2023-09-05T00:16:38.772475+00:00/task_id=format_columns'
[2023-09-05T00:20:03.998+0000] {task_command.py:415} INFO - Running <TaskInstance: Autotrader_ETL_DAG.format_columns manual__2023-09-05T00:16:38.772475+00:00 [running]> on host 1a0e8b05e04d
[2023-09-05T00:20:04.099+0000] {taskinstance.py:1660} INFO - Exporting env vars: AIRFLOW_CTX_DAG_OWNER='***' AIRFLOW_CTX_DAG_ID='Autotrader_ETL_DAG' AIRFLOW_CTX_TASK_ID='format_columns' AIRFLOW_CTX_EXECUTION_DATE='2023-09-05T00:16:38.772475+00:00' AIRFLOW_CTX_TRY_NUMBER='1' AIRFLOW_CTX_DAG_RUN_ID='manual__2023-09-05T00:16:38.772475+00:00'
[2023-09-05T00:20:04.101+0000] {bigquery.py:1234} INFO - Executing: UPDATE autotrader-toyota-dashboard.autotrader_staging.listings_raw
        SET price = REPLACE(REPLACE(price, '$', ''), ',', ''),
        odometer = REPLACE(REPLACE(REPLACE(odometer, 'km', ''), ',', ''), '', 0),
        model = REPLACE(model, type, ''),
        type = REPLACE(REPLACE(REPLACE(type, '(', ''), ')', ''), '', 'NOT SPECIFIED'),
        suburb = LTRIM(REPLACE(REPLACE(suburb, '(', ''), ')', ''))
        WHERE price in (
        SELECT
        price
        FROM
        autotrader-toyota-dashboard.autotrader_staging.listings_raw
        )
        AND odometer in (
        SELECT
        odometer
        FROM
        autotrader-toyota-dashboard.autotrader_staging.listings_raw
        )
        AND model in (
        SELECT
        model
        FROM
        autotrader-toyota-dashboard.autotrader_staging.listings_raw
        )
        AND type in (
        SELECT
        type
        FROM
        autotrader-toyota-dashboard.autotrader_staging.listings_raw
        )
        AND suburb in (
        SELECT
        suburb
        FROM
        autotrader-toyota-dashboard.autotrader_staging.listings_raw
        );
[2023-09-05T00:20:04.111+0000] {connection.py:232} WARNING - Connection schemes (type: google_cloud_platform) shall not contain '_' according to RFC3986.
[2023-09-05T00:20:04.116+0000] {base.py:73} INFO - Using connection ID 'google_cloud' for task execution.
[2023-09-05T00:20:04.122+0000] {logging_mixin.py:151} WARNING - /home/***/.local/lib/python3.8/site-packages/***/providers/google/cloud/hooks/bigquery.py:2109 AirflowProviderDeprecationWarning: This method is deprecated. Please use `BigQueryHook.insert_job` method.
[2023-09-05T00:20:04.179+0000] {bigquery.py:1596} INFO - Inserting job ***_1693873204178984_18cb8937e5617502e35935bcdc7d94b9
[2023-09-05T00:20:05.576+0000] {taskinstance.py:1943} ERROR - Task failed with exception
Traceback (most recent call last):
  File "/home/airflow/.local/lib/python3.8/site-packages/airflow/providers/google/cloud/operators/bigquery.py", line 1242, in execute
    self.job_id = self.hook.run_query(
  File "/home/airflow/.local/lib/python3.8/site-packages/airflow/providers/google/cloud/hooks/bigquery.py", line 2244, in run_query
    job = self.insert_job(configuration=configuration, project_id=self.project_id, location=location)
  File "/home/airflow/.local/lib/python3.8/site-packages/airflow/providers/google/common/hooks/base_google.py", line 467, in inner_wrapper
    return func(self, *args, **kwargs)
  File "/home/airflow/.local/lib/python3.8/site-packages/airflow/providers/google/cloud/hooks/bigquery.py", line 1602, in insert_job
    job_api_repr.result(timeout=timeout, retry=retry)
  File "/home/airflow/.local/lib/python3.8/site-packages/google/cloud/bigquery/job/query.py", line 1520, in result
    do_get_result()
  File "/home/airflow/.local/lib/python3.8/site-packages/google/cloud/bigquery/job/query.py", line 1510, in do_get_result
    super(QueryJob, self).result(retry=retry, timeout=timeout)
  File "/home/airflow/.local/lib/python3.8/site-packages/google/cloud/bigquery/job/base.py", line 922, in result
    return super(_AsyncJob, self).result(timeout=timeout, **kwargs)
  File "/home/airflow/.local/lib/python3.8/site-packages/google/api_core/future/polling.py", line 261, in result
    raise self._exception
google.api_core.exceptions.BadRequest: 400 No matching signature for function REPLACE for argument types: STRING, STRING, INT64. Supported signatures: REPLACE(STRING, STRING, STRING); REPLACE(BYTES, BYTES, BYTES) at [3:20]

Location: asia-southeast1
Job ID: airflow_1693873204178984_18cb8937e5617502e35935bcdc7d94b9

[2023-09-05T00:20:05.591+0000] {taskinstance.py:1400} INFO - Marking task as UP_FOR_RETRY. dag_id=Autotrader_ETL_DAG, task_id=format_columns, execution_date=20230905T001638, start_date=20230905T002003, end_date=20230905T002005
[2023-09-05T00:20:05.612+0000] {standard_task_runner.py:104} ERROR - Failed to execute job 373 for task format_columns (400 No matching signature for function REPLACE for argument types: STRING, STRING, INT64. Supported signatures: REPLACE(STRING, STRING, STRING); REPLACE(BYTES, BYTES, BYTES) at [3:20]

Location: asia-southeast1
Job ID: airflow_1693873204178984_18cb8937e5617502e35935bcdc7d94b9
; 1841)
[2023-09-05T00:20:05.639+0000] {local_task_job_runner.py:228} INFO - Task exited with return code 1
[2023-09-05T00:20:05.668+0000] {taskinstance.py:2784} INFO - 0 downstream tasks scheduled from follow-on schedule check
