[2023-09-03T09:13:36.230+0000] {logging_mixin.py:151} INFO - Changing /opt/***/logs/dag_id=Autotrader_ETL_DAG/run_id=manual__2023-09-03T09:12:51.027966+00:00/task_id=create_location_dim permission to 509
[2023-09-03T09:13:36.231+0000] {logging_mixin.py:151} INFO - Failed to change /opt/***/logs/dag_id=Autotrader_ETL_DAG/run_id=manual__2023-09-03T09:12:51.027966+00:00/task_id=create_location_dim permission to 509: [Errno 1] Operation not permitted: '/opt/***/logs/dag_id=Autotrader_ETL_DAG/run_id=manual__2023-09-03T09:12:51.027966+00:00/task_id=create_location_dim'
[2023-09-03T09:13:36.271+0000] {logging_mixin.py:151} INFO - Changing /opt/***/logs/dag_id=Autotrader_ETL_DAG/run_id=manual__2023-09-03T09:12:51.027966+00:00/task_id=create_location_dim permission to 509
[2023-09-03T09:13:36.272+0000] {logging_mixin.py:151} INFO - Failed to change /opt/***/logs/dag_id=Autotrader_ETL_DAG/run_id=manual__2023-09-03T09:12:51.027966+00:00/task_id=create_location_dim permission to 509: [Errno 1] Operation not permitted: '/opt/***/logs/dag_id=Autotrader_ETL_DAG/run_id=manual__2023-09-03T09:12:51.027966+00:00/task_id=create_location_dim'
[2023-09-03T09:13:36.299+0000] {taskinstance.py:1159} INFO - Dependencies all met for dep_context=non-requeueable deps ti=<TaskInstance: Autotrader_ETL_DAG.create_location_dim manual__2023-09-03T09:12:51.027966+00:00 [queued]>
[2023-09-03T09:13:36.311+0000] {taskinstance.py:1159} INFO - Dependencies all met for dep_context=requeueable deps ti=<TaskInstance: Autotrader_ETL_DAG.create_location_dim manual__2023-09-03T09:12:51.027966+00:00 [queued]>
[2023-09-03T09:13:36.312+0000] {taskinstance.py:1361} INFO - Starting attempt 1 of 2
[2023-09-03T09:13:36.326+0000] {taskinstance.py:1382} INFO - Executing <Task(BigQueryExecuteQueryOperator): create_location_dim> on 2023-09-03 09:12:51.027966+00:00
[2023-09-03T09:13:36.332+0000] {standard_task_runner.py:57} INFO - Started process 3924 to run task
[2023-09-03T09:13:36.335+0000] {standard_task_runner.py:84} INFO - Running: ['***', 'tasks', 'run', 'Autotrader_ETL_DAG', 'create_location_dim', 'manual__2023-09-03T09:12:51.027966+00:00', '--job-id', '238', '--raw', '--subdir', 'DAGS_FOLDER/autotrader_etl.py', '--cfg-path', '/tmp/tmpmo5mwh96']
[2023-09-03T09:13:36.338+0000] {standard_task_runner.py:85} INFO - Job 238: Subtask create_location_dim
[2023-09-03T09:13:36.385+0000] {logging_mixin.py:151} INFO - Changing /opt/***/logs/dag_id=Autotrader_ETL_DAG/run_id=manual__2023-09-03T09:12:51.027966+00:00/task_id=create_location_dim permission to 509
[2023-09-03T09:13:36.386+0000] {logging_mixin.py:151} INFO - Failed to change /opt/***/logs/dag_id=Autotrader_ETL_DAG/run_id=manual__2023-09-03T09:12:51.027966+00:00/task_id=create_location_dim permission to 509: [Errno 1] Operation not permitted: '/opt/***/logs/dag_id=Autotrader_ETL_DAG/run_id=manual__2023-09-03T09:12:51.027966+00:00/task_id=create_location_dim'
[2023-09-03T09:13:36.389+0000] {task_command.py:415} INFO - Running <TaskInstance: Autotrader_ETL_DAG.create_location_dim manual__2023-09-03T09:12:51.027966+00:00 [running]> on host 1a0e8b05e04d
[2023-09-03T09:13:36.472+0000] {taskinstance.py:1660} INFO - Exporting env vars: AIRFLOW_CTX_DAG_OWNER='***' AIRFLOW_CTX_DAG_ID='Autotrader_ETL_DAG' AIRFLOW_CTX_TASK_ID='create_location_dim' AIRFLOW_CTX_EXECUTION_DATE='2023-09-03T09:12:51.027966+00:00' AIRFLOW_CTX_TRY_NUMBER='1' AIRFLOW_CTX_DAG_RUN_ID='manual__2023-09-03T09:12:51.027966+00:00'
[2023-09-03T09:13:36.475+0000] {bigquery.py:1234} INFO - Executing: CREATE TABLE IF NOT EXISTS
        autotrader-toyota-dashboard.autotrader_transformed.location_dim 
        (
        location_key INT64 NOT NULL,
        suburb STRING,
        state STRING,
        PRIMARY KEY (location_key) NOT ENFORCED
        );
[2023-09-03T09:13:36.486+0000] {connection.py:232} WARNING - Connection schemes (type: google_cloud_platform) shall not contain '_' according to RFC3986.
[2023-09-03T09:13:36.492+0000] {base.py:73} INFO - Using connection ID 'google_cloud' for task execution.
[2023-09-03T09:13:36.499+0000] {logging_mixin.py:151} WARNING - /home/***/.local/lib/python3.8/site-packages/***/providers/google/cloud/hooks/bigquery.py:2109 AirflowProviderDeprecationWarning: This method is deprecated. Please use `BigQueryHook.insert_job` method.
[2023-09-03T09:13:36.550+0000] {bigquery.py:1596} INFO - Inserting job ***_1693732416549569_a0da89a6aac8982eb3e13ce742367d66
[2023-09-03T09:13:38.010+0000] {taskinstance.py:1400} INFO - Marking task as SUCCESS. dag_id=Autotrader_ETL_DAG, task_id=create_location_dim, execution_date=20230903T091251, start_date=20230903T091336, end_date=20230903T091338
[2023-09-03T09:13:38.035+0000] {local_task_job_runner.py:228} INFO - Task exited with return code 0
[2023-09-03T09:13:38.068+0000] {taskinstance.py:2784} INFO - 0 downstream tasks scheduled from follow-on schedule check
