[2023-09-05T22:16:21.504+0000] {logging_mixin.py:151} INFO - Changing /opt/***/logs/dag_id=Autotrader_ETL_DAG/run_id=manual__2023-09-05T22:12:28.063412+00:00/task_id=format_columns permission to 509
[2023-09-05T22:16:21.504+0000] {logging_mixin.py:151} INFO - Failed to change /opt/***/logs/dag_id=Autotrader_ETL_DAG/run_id=manual__2023-09-05T22:12:28.063412+00:00/task_id=format_columns permission to 509: [Errno 1] Operation not permitted: '/opt/***/logs/dag_id=Autotrader_ETL_DAG/run_id=manual__2023-09-05T22:12:28.063412+00:00/task_id=format_columns'
[2023-09-05T22:16:21.536+0000] {logging_mixin.py:151} INFO - Changing /opt/***/logs/dag_id=Autotrader_ETL_DAG/run_id=manual__2023-09-05T22:12:28.063412+00:00/task_id=format_columns permission to 509
[2023-09-05T22:16:21.537+0000] {logging_mixin.py:151} INFO - Failed to change /opt/***/logs/dag_id=Autotrader_ETL_DAG/run_id=manual__2023-09-05T22:12:28.063412+00:00/task_id=format_columns permission to 509: [Errno 1] Operation not permitted: '/opt/***/logs/dag_id=Autotrader_ETL_DAG/run_id=manual__2023-09-05T22:12:28.063412+00:00/task_id=format_columns'
[2023-09-05T22:16:21.565+0000] {taskinstance.py:1159} INFO - Dependencies all met for dep_context=non-requeueable deps ti=<TaskInstance: Autotrader_ETL_DAG.format_columns manual__2023-09-05T22:12:28.063412+00:00 [queued]>
[2023-09-05T22:16:21.575+0000] {taskinstance.py:1159} INFO - Dependencies all met for dep_context=requeueable deps ti=<TaskInstance: Autotrader_ETL_DAG.format_columns manual__2023-09-05T22:12:28.063412+00:00 [queued]>
[2023-09-05T22:16:21.575+0000] {taskinstance.py:1361} INFO - Starting attempt 1 of 2
[2023-09-05T22:16:21.588+0000] {taskinstance.py:1382} INFO - Executing <Task(BigQueryExecuteQueryOperator): format_columns> on 2023-09-05 22:12:28.063412+00:00
[2023-09-05T22:16:21.597+0000] {standard_task_runner.py:57} INFO - Started process 2330 to run task
[2023-09-05T22:16:21.599+0000] {standard_task_runner.py:84} INFO - Running: ['***', 'tasks', 'run', 'Autotrader_ETL_DAG', 'format_columns', 'manual__2023-09-05T22:12:28.063412+00:00', '--job-id', '424', '--raw', '--subdir', 'DAGS_FOLDER/autotrader_etl.py', '--cfg-path', '/tmp/tmpr1ps6i7d']
[2023-09-05T22:16:21.602+0000] {standard_task_runner.py:85} INFO - Job 424: Subtask format_columns
[2023-09-05T22:16:21.649+0000] {logging_mixin.py:151} INFO - Changing /opt/***/logs/dag_id=Autotrader_ETL_DAG/run_id=manual__2023-09-05T22:12:28.063412+00:00/task_id=format_columns permission to 509
[2023-09-05T22:16:21.649+0000] {logging_mixin.py:151} INFO - Failed to change /opt/***/logs/dag_id=Autotrader_ETL_DAG/run_id=manual__2023-09-05T22:12:28.063412+00:00/task_id=format_columns permission to 509: [Errno 1] Operation not permitted: '/opt/***/logs/dag_id=Autotrader_ETL_DAG/run_id=manual__2023-09-05T22:12:28.063412+00:00/task_id=format_columns'
[2023-09-05T22:16:21.652+0000] {task_command.py:415} INFO - Running <TaskInstance: Autotrader_ETL_DAG.format_columns manual__2023-09-05T22:12:28.063412+00:00 [running]> on host 412bb32711f9
[2023-09-05T22:16:21.727+0000] {taskinstance.py:1660} INFO - Exporting env vars: AIRFLOW_CTX_DAG_OWNER='***' AIRFLOW_CTX_DAG_ID='Autotrader_ETL_DAG' AIRFLOW_CTX_TASK_ID='format_columns' AIRFLOW_CTX_EXECUTION_DATE='2023-09-05T22:12:28.063412+00:00' AIRFLOW_CTX_TRY_NUMBER='1' AIRFLOW_CTX_DAG_RUN_ID='manual__2023-09-05T22:12:28.063412+00:00'
[2023-09-05T22:16:21.729+0000] {bigquery.py:1234} INFO - Executing: UPDATE autotrader-toyota-dashboard.autotrader_staging.listings_raw
        SET price = REPLACE(REPLACE(price, '$', ''), ',', ''),
        odometer = REPLACE(REPLACE(odometer, 'km', ''), ',', ''),
        model = REPLACE(model, type, ''),
        type = REPLACE(REPLACE(REPLACE(type, '(', ''), ')', ''), '', 'NOT SPECIFIED'),
        suburb = LTRIM(REPLACE(REPLACE(suburb, '(', ''), ')', ''))
        WHERE price in (
        SELECT
        price
        FROM
        autotrader-toyota-dashboard.autotrader_staging.listings_raw
        )
        AND odometer in (
        SELECT
        odometer
        FROM
        autotrader-toyota-dashboard.autotrader_staging.listings_raw
        )
        AND model in (
        SELECT
        model
        FROM
        autotrader-toyota-dashboard.autotrader_staging.listings_raw
        )
        AND type in (
        SELECT
        type
        FROM
        autotrader-toyota-dashboard.autotrader_staging.listings_raw
        )
        AND suburb in (
        SELECT
        suburb
        FROM
        autotrader-toyota-dashboard.autotrader_staging.listings_raw
        );
[2023-09-05T22:16:21.738+0000] {connection.py:232} WARNING - Connection schemes (type: google_cloud_platform) shall not contain '_' according to RFC3986.
[2023-09-05T22:16:21.743+0000] {base.py:73} INFO - Using connection ID 'google_cloud' for task execution.
[2023-09-05T22:16:21.750+0000] {logging_mixin.py:151} WARNING - /home/***/.local/lib/python3.8/site-packages/***/providers/google/cloud/hooks/bigquery.py:2109 AirflowProviderDeprecationWarning: This method is deprecated. Please use `BigQueryHook.insert_job` method.
[2023-09-05T22:16:21.794+0000] {bigquery.py:1596} INFO - Inserting job ***_1693952181794215_641c444499373c242e783b3e512b5ef9
[2023-09-05T22:16:25.482+0000] {taskinstance.py:1400} INFO - Marking task as SUCCESS. dag_id=Autotrader_ETL_DAG, task_id=format_columns, execution_date=20230905T221228, start_date=20230905T221621, end_date=20230905T221625
[2023-09-05T22:16:25.512+0000] {local_task_job_runner.py:228} INFO - Task exited with return code 0
[2023-09-05T22:16:25.543+0000] {taskinstance.py:2784} INFO - 0 downstream tasks scheduled from follow-on schedule check
