[2023-09-09T05:31:51.146+0000] {logging_mixin.py:151} INFO - Changing /opt/***/logs/dag_id=Autotrader_ETL_DAG/run_id=manual__2023-09-09T05:29:51.546808+00:00/task_id=insert_csv_data_into_australian_suburbs_table permission to 509
[2023-09-09T05:31:51.148+0000] {logging_mixin.py:151} INFO - Failed to change /opt/***/logs/dag_id=Autotrader_ETL_DAG/run_id=manual__2023-09-09T05:29:51.546808+00:00/task_id=insert_csv_data_into_australian_suburbs_table permission to 509: [Errno 1] Operation not permitted: '/opt/***/logs/dag_id=Autotrader_ETL_DAG/run_id=manual__2023-09-09T05:29:51.546808+00:00/task_id=insert_csv_data_into_australian_suburbs_table'
[2023-09-09T05:31:51.214+0000] {logging_mixin.py:151} INFO - Changing /opt/***/logs/dag_id=Autotrader_ETL_DAG/run_id=manual__2023-09-09T05:29:51.546808+00:00/task_id=insert_csv_data_into_australian_suburbs_table permission to 509
[2023-09-09T05:31:51.216+0000] {logging_mixin.py:151} INFO - Failed to change /opt/***/logs/dag_id=Autotrader_ETL_DAG/run_id=manual__2023-09-09T05:29:51.546808+00:00/task_id=insert_csv_data_into_australian_suburbs_table permission to 509: [Errno 1] Operation not permitted: '/opt/***/logs/dag_id=Autotrader_ETL_DAG/run_id=manual__2023-09-09T05:29:51.546808+00:00/task_id=insert_csv_data_into_australian_suburbs_table'
[2023-09-09T05:31:51.258+0000] {taskinstance.py:1159} INFO - Dependencies all met for dep_context=non-requeueable deps ti=<TaskInstance: Autotrader_ETL_DAG.insert_csv_data_into_australian_suburbs_table manual__2023-09-09T05:29:51.546808+00:00 [queued]>
[2023-09-09T05:31:51.271+0000] {taskinstance.py:1159} INFO - Dependencies all met for dep_context=requeueable deps ti=<TaskInstance: Autotrader_ETL_DAG.insert_csv_data_into_australian_suburbs_table manual__2023-09-09T05:29:51.546808+00:00 [queued]>
[2023-09-09T05:31:51.272+0000] {taskinstance.py:1361} INFO - Starting attempt 1 of 2
[2023-09-09T05:31:51.299+0000] {taskinstance.py:1382} INFO - Executing <Task(GCSToBigQueryOperator): insert_csv_data_into_australian_suburbs_table> on 2023-09-09 05:29:51.546808+00:00
[2023-09-09T05:31:51.309+0000] {standard_task_runner.py:57} INFO - Started process 3773 to run task
[2023-09-09T05:31:51.313+0000] {standard_task_runner.py:84} INFO - Running: ['***', 'tasks', 'run', 'Autotrader_ETL_DAG', 'insert_csv_data_into_australian_suburbs_table', 'manual__2023-09-09T05:29:51.546808+00:00', '--job-id', '506', '--raw', '--subdir', 'DAGS_FOLDER/autotrader_etl.py', '--cfg-path', '/tmp/tmpj6cwkfqj']
[2023-09-09T05:31:51.316+0000] {standard_task_runner.py:85} INFO - Job 506: Subtask insert_csv_data_into_australian_suburbs_table
[2023-09-09T05:31:51.376+0000] {logging_mixin.py:151} INFO - Changing /opt/***/logs/dag_id=Autotrader_ETL_DAG/run_id=manual__2023-09-09T05:29:51.546808+00:00/task_id=insert_csv_data_into_australian_suburbs_table permission to 509
[2023-09-09T05:31:51.377+0000] {logging_mixin.py:151} INFO - Failed to change /opt/***/logs/dag_id=Autotrader_ETL_DAG/run_id=manual__2023-09-09T05:29:51.546808+00:00/task_id=insert_csv_data_into_australian_suburbs_table permission to 509: [Errno 1] Operation not permitted: '/opt/***/logs/dag_id=Autotrader_ETL_DAG/run_id=manual__2023-09-09T05:29:51.546808+00:00/task_id=insert_csv_data_into_australian_suburbs_table'
[2023-09-09T05:31:51.381+0000] {task_command.py:415} INFO - Running <TaskInstance: Autotrader_ETL_DAG.insert_csv_data_into_australian_suburbs_table manual__2023-09-09T05:29:51.546808+00:00 [running]> on host 412bb32711f9
[2023-09-09T05:31:51.495+0000] {taskinstance.py:1660} INFO - Exporting env vars: AIRFLOW_CTX_DAG_OWNER='***' AIRFLOW_CTX_DAG_ID='Autotrader_ETL_DAG' AIRFLOW_CTX_TASK_ID='insert_csv_data_into_australian_suburbs_table' AIRFLOW_CTX_EXECUTION_DATE='2023-09-09T05:29:51.546808+00:00' AIRFLOW_CTX_TRY_NUMBER='1' AIRFLOW_CTX_DAG_RUN_ID='manual__2023-09-09T05:29:51.546808+00:00'
[2023-09-09T05:31:51.510+0000] {connection.py:232} WARNING - Connection schemes (type: google_cloud_platform) shall not contain '_' according to RFC3986.
[2023-09-09T05:31:51.515+0000] {base.py:73} INFO - Using connection ID 'google_cloud' for task execution.
[2023-09-09T05:31:51.517+0000] {gcs_to_bigquery.py:375} INFO - Using existing BigQuery table for storing data...
[2023-09-09T05:31:51.575+0000] {gcs_to_bigquery.py:379} INFO - Executing: {'load': {'autodetect': True, 'createDisposition': 'CREATE_IF_NEEDED', 'destinationTable': {'projectId': 'autotrader-toyota-dashboard', 'datasetId': 'autotrader_staging', 'tableId': 'australian_suburbs'}, 'sourceFormat': 'CSV', 'sourceUris': ['gs://autotrader-raw/australian_suburbs.csv'], 'writeDisposition': 'WRITE_TRUNCATE', 'ignoreUnknownValues': False, 'schema': {'fields': [{'name': 'id', 'type': 'INT64'}, {'name': 'suburb', 'type': 'STRING'}, {'name': 'state', 'type': 'STRING'}, {'name': 'latitude', 'type': 'FLOAT64'}, {'name': 'longitude', 'type': 'FLOAT64'}]}, 'skipLeadingRows': None, 'fieldDelimiter': ',', 'quote': None, 'allowQuotedNewlines': False, 'encoding': 'UTF-8'}}
[2023-09-09T05:31:51.577+0000] {bigquery.py:1596} INFO - Inserting job ***_Autotrader_ETL_DAG_insert_csv_data_into_australian_suburbs_table_2023_09_09T05_29_51_546808_00_00_bbfe1ddfa65b3edd681a47762789fcd6
[2023-09-09T05:31:55.361+0000] {taskinstance.py:1400} INFO - Marking task as SUCCESS. dag_id=Autotrader_ETL_DAG, task_id=insert_csv_data_into_australian_suburbs_table, execution_date=20230909T052951, start_date=20230909T053151, end_date=20230909T053155
[2023-09-09T05:31:55.406+0000] {local_task_job_runner.py:228} INFO - Task exited with return code 0
[2023-09-09T05:31:55.457+0000] {taskinstance.py:2784} INFO - 1 downstream tasks scheduled from follow-on schedule check
