[2023-09-10T00:50:21.011+0000] {logging_mixin.py:151} INFO - Changing /opt/***/logs/dag_id=Autotrader_ETL_DAG/run_id=manual__2023-09-10T00:48:35.976001+00:00/task_id=uppercase_columns permission to 509
[2023-09-10T00:50:21.012+0000] {logging_mixin.py:151} INFO - Failed to change /opt/***/logs/dag_id=Autotrader_ETL_DAG/run_id=manual__2023-09-10T00:48:35.976001+00:00/task_id=uppercase_columns permission to 509: [Errno 1] Operation not permitted: '/opt/***/logs/dag_id=Autotrader_ETL_DAG/run_id=manual__2023-09-10T00:48:35.976001+00:00/task_id=uppercase_columns'
[2023-09-10T00:50:21.039+0000] {logging_mixin.py:151} INFO - Changing /opt/***/logs/dag_id=Autotrader_ETL_DAG/run_id=manual__2023-09-10T00:48:35.976001+00:00/task_id=uppercase_columns permission to 509
[2023-09-10T00:50:21.040+0000] {logging_mixin.py:151} INFO - Failed to change /opt/***/logs/dag_id=Autotrader_ETL_DAG/run_id=manual__2023-09-10T00:48:35.976001+00:00/task_id=uppercase_columns permission to 509: [Errno 1] Operation not permitted: '/opt/***/logs/dag_id=Autotrader_ETL_DAG/run_id=manual__2023-09-10T00:48:35.976001+00:00/task_id=uppercase_columns'
[2023-09-10T00:50:21.062+0000] {taskinstance.py:1159} INFO - Dependencies all met for dep_context=non-requeueable deps ti=<TaskInstance: Autotrader_ETL_DAG.uppercase_columns manual__2023-09-10T00:48:35.976001+00:00 [queued]>
[2023-09-10T00:50:21.070+0000] {taskinstance.py:1159} INFO - Dependencies all met for dep_context=requeueable deps ti=<TaskInstance: Autotrader_ETL_DAG.uppercase_columns manual__2023-09-10T00:48:35.976001+00:00 [queued]>
[2023-09-10T00:50:21.070+0000] {taskinstance.py:1361} INFO - Starting attempt 1 of 2
[2023-09-10T00:50:21.081+0000] {taskinstance.py:1382} INFO - Executing <Task(BigQueryExecuteQueryOperator): uppercase_columns> on 2023-09-10 00:48:35.976001+00:00
[2023-09-10T00:50:21.089+0000] {standard_task_runner.py:57} INFO - Started process 1450 to run task
[2023-09-10T00:50:21.091+0000] {standard_task_runner.py:84} INFO - Running: ['***', 'tasks', 'run', 'Autotrader_ETL_DAG', 'uppercase_columns', 'manual__2023-09-10T00:48:35.976001+00:00', '--job-id', '594', '--raw', '--subdir', 'DAGS_FOLDER/autotrader_etl.py', '--cfg-path', '/tmp/tmp56z21sn6']
[2023-09-10T00:50:21.093+0000] {standard_task_runner.py:85} INFO - Job 594: Subtask uppercase_columns
[2023-09-10T00:50:21.129+0000] {logging_mixin.py:151} INFO - Changing /opt/***/logs/dag_id=Autotrader_ETL_DAG/run_id=manual__2023-09-10T00:48:35.976001+00:00/task_id=uppercase_columns permission to 509
[2023-09-10T00:50:21.129+0000] {logging_mixin.py:151} INFO - Failed to change /opt/***/logs/dag_id=Autotrader_ETL_DAG/run_id=manual__2023-09-10T00:48:35.976001+00:00/task_id=uppercase_columns permission to 509: [Errno 1] Operation not permitted: '/opt/***/logs/dag_id=Autotrader_ETL_DAG/run_id=manual__2023-09-10T00:48:35.976001+00:00/task_id=uppercase_columns'
[2023-09-10T00:50:21.132+0000] {task_command.py:415} INFO - Running <TaskInstance: Autotrader_ETL_DAG.uppercase_columns manual__2023-09-10T00:48:35.976001+00:00 [running]> on host 412bb32711f9
[2023-09-10T00:50:21.202+0000] {taskinstance.py:1660} INFO - Exporting env vars: AIRFLOW_CTX_DAG_OWNER='***' AIRFLOW_CTX_DAG_ID='Autotrader_ETL_DAG' AIRFLOW_CTX_TASK_ID='uppercase_columns' AIRFLOW_CTX_EXECUTION_DATE='2023-09-10T00:48:35.976001+00:00' AIRFLOW_CTX_TRY_NUMBER='1' AIRFLOW_CTX_DAG_RUN_ID='manual__2023-09-10T00:48:35.976001+00:00'
[2023-09-10T00:50:21.204+0000] {bigquery.py:1234} INFO - Executing: UPDATE autotrader-toyota-dashboard.autotrader_staging.listings_raw
        SET car_model = UPPER(car_model),
        type = UPPER(type),
        suburb = UPPER(suburb)
        WHERE car_model IN (
        SELECT
        car_model
        FROM autotrader-toyota-dashboard.autotrader_staging.listings_raw
        )
        AND type IN (
        SELECT
        type
        FROM autotrader-toyota-dashboard.autotrader_staging.listings_raw
        )
        AND suburb IN (
        SELECT
        suburb
        FROM autotrader-toyota-dashboard.autotrader_staging.listings_raw
        );
[2023-09-10T00:50:21.212+0000] {connection.py:232} WARNING - Connection schemes (type: google_cloud_platform) shall not contain '_' according to RFC3986.
[2023-09-10T00:50:21.215+0000] {base.py:73} INFO - Using connection ID 'google_cloud' for task execution.
[2023-09-10T00:50:21.220+0000] {logging_mixin.py:151} WARNING - /home/***/.local/lib/python3.8/site-packages/***/providers/google/cloud/hooks/bigquery.py:2109 AirflowProviderDeprecationWarning: This method is deprecated. Please use `BigQueryHook.insert_job` method.
[2023-09-10T00:50:21.256+0000] {bigquery.py:1596} INFO - Inserting job ***_1694307021255903_7a26a82bef696f193e5a8e363d59d201
[2023-09-10T00:50:24.173+0000] {taskinstance.py:1400} INFO - Marking task as SUCCESS. dag_id=Autotrader_ETL_DAG, task_id=uppercase_columns, execution_date=20230910T004835, start_date=20230910T005021, end_date=20230910T005024
[2023-09-10T00:50:24.208+0000] {local_task_job_runner.py:228} INFO - Task exited with return code 0
[2023-09-10T00:50:24.239+0000] {taskinstance.py:2784} INFO - 1 downstream tasks scheduled from follow-on schedule check
