[2023-12-03T03:32:30.209+0000] {logging_mixin.py:151} INFO - Changing /opt/***/logs/dag_id=Autotrader_ETL_DAG/run_id=manual__2023-12-03T03:25:34.006153+00:00/task_id=insert_csv_data_into_australian_suburbs_table permission to 509
[2023-12-03T03:32:30.210+0000] {logging_mixin.py:151} INFO - Failed to change /opt/***/logs/dag_id=Autotrader_ETL_DAG/run_id=manual__2023-12-03T03:25:34.006153+00:00/task_id=insert_csv_data_into_australian_suburbs_table permission to 509: [Errno 1] Operation not permitted: '/opt/***/logs/dag_id=Autotrader_ETL_DAG/run_id=manual__2023-12-03T03:25:34.006153+00:00/task_id=insert_csv_data_into_australian_suburbs_table'
[2023-12-03T03:32:30.245+0000] {logging_mixin.py:151} INFO - Changing /opt/***/logs/dag_id=Autotrader_ETL_DAG/run_id=manual__2023-12-03T03:25:34.006153+00:00/task_id=insert_csv_data_into_australian_suburbs_table permission to 509
[2023-12-03T03:32:30.246+0000] {logging_mixin.py:151} INFO - Failed to change /opt/***/logs/dag_id=Autotrader_ETL_DAG/run_id=manual__2023-12-03T03:25:34.006153+00:00/task_id=insert_csv_data_into_australian_suburbs_table permission to 509: [Errno 1] Operation not permitted: '/opt/***/logs/dag_id=Autotrader_ETL_DAG/run_id=manual__2023-12-03T03:25:34.006153+00:00/task_id=insert_csv_data_into_australian_suburbs_table'
[2023-12-03T03:32:30.275+0000] {taskinstance.py:1159} INFO - Dependencies all met for dep_context=non-requeueable deps ti=<TaskInstance: Autotrader_ETL_DAG.insert_csv_data_into_australian_suburbs_table manual__2023-12-03T03:25:34.006153+00:00 [queued]>
[2023-12-03T03:32:30.291+0000] {taskinstance.py:1159} INFO - Dependencies all met for dep_context=requeueable deps ti=<TaskInstance: Autotrader_ETL_DAG.insert_csv_data_into_australian_suburbs_table manual__2023-12-03T03:25:34.006153+00:00 [queued]>
[2023-12-03T03:32:30.292+0000] {taskinstance.py:1361} INFO - Starting attempt 1 of 1
[2023-12-03T03:32:30.308+0000] {taskinstance.py:1382} INFO - Executing <Task(GCSToBigQueryOperator): insert_csv_data_into_australian_suburbs_table> on 2023-12-03 03:25:34.006153+00:00
[2023-12-03T03:32:30.316+0000] {standard_task_runner.py:57} INFO - Started process 2345 to run task
[2023-12-03T03:32:30.319+0000] {standard_task_runner.py:84} INFO - Running: ['***', 'tasks', 'run', 'Autotrader_ETL_DAG', 'insert_csv_data_into_australian_suburbs_table', 'manual__2023-12-03T03:25:34.006153+00:00', '--job-id', '1409', '--raw', '--subdir', 'DAGS_FOLDER/autotrader_etl.py', '--cfg-path', '/tmp/tmpzh1hdnqa']
[2023-12-03T03:32:30.321+0000] {standard_task_runner.py:85} INFO - Job 1409: Subtask insert_csv_data_into_australian_suburbs_table
[2023-12-03T03:32:30.371+0000] {logging_mixin.py:151} INFO - Changing /opt/***/logs/dag_id=Autotrader_ETL_DAG/run_id=manual__2023-12-03T03:25:34.006153+00:00/task_id=insert_csv_data_into_australian_suburbs_table permission to 509
[2023-12-03T03:32:30.371+0000] {logging_mixin.py:151} INFO - Failed to change /opt/***/logs/dag_id=Autotrader_ETL_DAG/run_id=manual__2023-12-03T03:25:34.006153+00:00/task_id=insert_csv_data_into_australian_suburbs_table permission to 509: [Errno 1] Operation not permitted: '/opt/***/logs/dag_id=Autotrader_ETL_DAG/run_id=manual__2023-12-03T03:25:34.006153+00:00/task_id=insert_csv_data_into_australian_suburbs_table'
[2023-12-03T03:32:30.373+0000] {task_command.py:415} INFO - Running <TaskInstance: Autotrader_ETL_DAG.insert_csv_data_into_australian_suburbs_table manual__2023-12-03T03:25:34.006153+00:00 [running]> on host 172bfe53c091
[2023-12-03T03:32:30.466+0000] {taskinstance.py:1660} INFO - Exporting env vars: AIRFLOW_CTX_DAG_OWNER='***' AIRFLOW_CTX_DAG_ID='Autotrader_ETL_DAG' AIRFLOW_CTX_TASK_ID='insert_csv_data_into_australian_suburbs_table' AIRFLOW_CTX_EXECUTION_DATE='2023-12-03T03:25:34.006153+00:00' AIRFLOW_CTX_TRY_NUMBER='1' AIRFLOW_CTX_DAG_RUN_ID='manual__2023-12-03T03:25:34.006153+00:00'
[2023-12-03T03:32:30.477+0000] {connection.py:232} WARNING - Connection schemes (type: google_cloud_platform) shall not contain '_' according to RFC3986.
[2023-12-03T03:32:30.481+0000] {base.py:73} INFO - Using connection ID 'google_cloud' for task execution.
[2023-12-03T03:32:30.483+0000] {gcs_to_bigquery.py:375} INFO - Using existing BigQuery table for storing data...
[2023-12-03T03:32:30.523+0000] {gcs_to_bigquery.py:379} INFO - Executing: {'load': {'autodetect': True, 'createDisposition': 'CREATE_IF_NEEDED', 'destinationTable': {'projectId': 'autotrader-toyota-dashboard', 'datasetId': 'autotrader_staging', 'tableId': 'australian_suburbs'}, 'sourceFormat': 'CSV', 'sourceUris': ['gs://autotrader-raw/australian_suburbs.csv'], 'writeDisposition': 'WRITE_TRUNCATE', 'ignoreUnknownValues': False, 'schema': {'fields': [{'name': 'id', 'type': 'INT64'}, {'name': 'suburb', 'type': 'STRING'}, {'name': 'state', 'type': 'STRING'}, {'name': 'latitude', 'type': 'FLOAT64'}, {'name': 'longitude', 'type': 'FLOAT64'}]}, 'skipLeadingRows': None, 'fieldDelimiter': ',', 'quote': None, 'allowQuotedNewlines': False, 'encoding': 'UTF-8'}}
[2023-12-03T03:32:30.524+0000] {bigquery.py:1596} INFO - Inserting job ***_Autotrader_ETL_DAG_insert_csv_data_into_australian_suburbs_table_2023_12_03T03_25_34_006153_00_00_663b3ffde1aff19bb9676d131a458fd7
[2023-12-03T03:32:34.009+0000] {taskinstance.py:1400} INFO - Marking task as SUCCESS. dag_id=Autotrader_ETL_DAG, task_id=insert_csv_data_into_australian_suburbs_table, execution_date=20231203T032534, start_date=20231203T033230, end_date=20231203T033234
[2023-12-03T03:32:34.068+0000] {local_task_job_runner.py:228} INFO - Task exited with return code 0
[2023-12-03T03:32:34.086+0000] {taskinstance.py:2784} INFO - 0 downstream tasks scheduled from follow-on schedule check
