[2023-09-12T12:35:40.111+0000] {logging_mixin.py:151} INFO - Changing /opt/***/logs/dag_id=Autotrader_ETL_DAG/run_id=manual__2023-09-12T12:26:33.409550+00:00/task_id=create_location_dim permission to 509
[2023-09-12T12:35:40.112+0000] {logging_mixin.py:151} INFO - Failed to change /opt/***/logs/dag_id=Autotrader_ETL_DAG/run_id=manual__2023-09-12T12:26:33.409550+00:00/task_id=create_location_dim permission to 509: [Errno 1] Operation not permitted: '/opt/***/logs/dag_id=Autotrader_ETL_DAG/run_id=manual__2023-09-12T12:26:33.409550+00:00/task_id=create_location_dim'
[2023-09-12T12:35:40.145+0000] {logging_mixin.py:151} INFO - Changing /opt/***/logs/dag_id=Autotrader_ETL_DAG/run_id=manual__2023-09-12T12:26:33.409550+00:00/task_id=create_location_dim permission to 509
[2023-09-12T12:35:40.146+0000] {logging_mixin.py:151} INFO - Failed to change /opt/***/logs/dag_id=Autotrader_ETL_DAG/run_id=manual__2023-09-12T12:26:33.409550+00:00/task_id=create_location_dim permission to 509: [Errno 1] Operation not permitted: '/opt/***/logs/dag_id=Autotrader_ETL_DAG/run_id=manual__2023-09-12T12:26:33.409550+00:00/task_id=create_location_dim'
[2023-09-12T12:35:40.176+0000] {taskinstance.py:1159} INFO - Dependencies all met for dep_context=non-requeueable deps ti=<TaskInstance: Autotrader_ETL_DAG.create_location_dim manual__2023-09-12T12:26:33.409550+00:00 [queued]>
[2023-09-12T12:35:40.185+0000] {taskinstance.py:1159} INFO - Dependencies all met for dep_context=requeueable deps ti=<TaskInstance: Autotrader_ETL_DAG.create_location_dim manual__2023-09-12T12:26:33.409550+00:00 [queued]>
[2023-09-12T12:35:40.186+0000] {taskinstance.py:1361} INFO - Starting attempt 1 of 2
[2023-09-12T12:35:40.201+0000] {taskinstance.py:1382} INFO - Executing <Task(BigQueryExecuteQueryOperator): create_location_dim> on 2023-09-12 12:26:33.409550+00:00
[2023-09-12T12:35:40.209+0000] {standard_task_runner.py:57} INFO - Started process 498 to run task
[2023-09-12T12:35:40.212+0000] {standard_task_runner.py:84} INFO - Running: ['***', 'tasks', 'run', 'Autotrader_ETL_DAG', 'create_location_dim', 'manual__2023-09-12T12:26:33.409550+00:00', '--job-id', '663', '--raw', '--subdir', 'DAGS_FOLDER/autotrader_etl.py', '--cfg-path', '/tmp/tmpxpcw90g5']
[2023-09-12T12:35:40.214+0000] {standard_task_runner.py:85} INFO - Job 663: Subtask create_location_dim
[2023-09-12T12:35:40.259+0000] {logging_mixin.py:151} INFO - Changing /opt/***/logs/dag_id=Autotrader_ETL_DAG/run_id=manual__2023-09-12T12:26:33.409550+00:00/task_id=create_location_dim permission to 509
[2023-09-12T12:35:40.260+0000] {logging_mixin.py:151} INFO - Failed to change /opt/***/logs/dag_id=Autotrader_ETL_DAG/run_id=manual__2023-09-12T12:26:33.409550+00:00/task_id=create_location_dim permission to 509: [Errno 1] Operation not permitted: '/opt/***/logs/dag_id=Autotrader_ETL_DAG/run_id=manual__2023-09-12T12:26:33.409550+00:00/task_id=create_location_dim'
[2023-09-12T12:35:40.262+0000] {task_command.py:415} INFO - Running <TaskInstance: Autotrader_ETL_DAG.create_location_dim manual__2023-09-12T12:26:33.409550+00:00 [running]> on host 412bb32711f9
[2023-09-12T12:35:40.352+0000] {taskinstance.py:1660} INFO - Exporting env vars: AIRFLOW_CTX_DAG_OWNER='***' AIRFLOW_CTX_DAG_ID='Autotrader_ETL_DAG' AIRFLOW_CTX_TASK_ID='create_location_dim' AIRFLOW_CTX_EXECUTION_DATE='2023-09-12T12:26:33.409550+00:00' AIRFLOW_CTX_TRY_NUMBER='1' AIRFLOW_CTX_DAG_RUN_ID='manual__2023-09-12T12:26:33.409550+00:00'
[2023-09-12T12:35:40.356+0000] {bigquery.py:1234} INFO - Executing: CREATE OR REPLACE TABLE
        autotrader-toyota-dashboard.autotrader_transformed.location_dim 
        (
        location_key INT64 NOT NULL,
        suburb STRING,
        state STRING,
        geolocation GEOGRAPHY,
        PRIMARY KEY (location_key) NOT ENFORCED
        );
[2023-09-12T12:35:40.365+0000] {connection.py:232} WARNING - Connection schemes (type: google_cloud_platform) shall not contain '_' according to RFC3986.
[2023-09-12T12:35:40.370+0000] {base.py:73} INFO - Using connection ID 'google_cloud' for task execution.
[2023-09-12T12:35:40.376+0000] {logging_mixin.py:151} WARNING - /home/***/.local/lib/python3.8/site-packages/***/providers/google/cloud/hooks/bigquery.py:2109 AirflowProviderDeprecationWarning: This method is deprecated. Please use `BigQueryHook.insert_job` method.
[2023-09-12T12:35:40.421+0000] {bigquery.py:1596} INFO - Inserting job ***_1694522140420584_3489e372b6cd77ed20dc99d7dd8bc179
[2023-09-12T12:35:41.949+0000] {taskinstance.py:1400} INFO - Marking task as SUCCESS. dag_id=Autotrader_ETL_DAG, task_id=create_location_dim, execution_date=20230912T122633, start_date=20230912T123540, end_date=20230912T123541
[2023-09-12T12:35:41.990+0000] {local_task_job_runner.py:228} INFO - Task exited with return code 0
[2023-09-12T12:35:42.023+0000] {taskinstance.py:2784} INFO - 0 downstream tasks scheduled from follow-on schedule check
